<?xml version="1.0" encoding="UTF-8"?>
<testsuite xmlns:xsi="http://www.w3.org/2001/XMLSchema-instance" xsi:noNamespaceSchemaLocation="https://maven.apache.org/surefire/maven-failsafe-plugin/xsd/failsafe-test-report-3.0.xsd" version="3.0" name="starter.TestSuite" time="63.982" tests="2" errors="0" skipped="0" failures="0">
  <properties>
    <property name="java.specification.version" value="18"/>
    <property name="webdriver.chrome.driver" value="/Users/deepapandey/.cache/selenium/chromedriver/mac64/101.0.4951.41/chromedriver"/>
    <property name="sun.jnu.encoding" value="UTF-8"/>
    <property name="java.class.path" value="/Users/deepapandey/eclipse-workspace/web/target/test-classes:/Users/deepapandey/.m2/repository/net/serenity-bdd/serenity-core/3.2.1/serenity-core-3.2.1.jar:/Users/deepapandey/.m2/repository/net/serenity-bdd/serenity-model/3.2.1/serenity-model-3.2.1.jar:/Users/deepapandey/.m2/repository/org/apache/commons/commons-text/1.9/commons-text-1.9.jar:/Users/deepapandey/.m2/repository/commons-net/commons-net/3.8.0/commons-net-3.8.0.jar:/Users/deepapandey/.m2/repository/com/google/guava/guava/31.1-jre/guava-31.1-jre.jar:/Users/deepapandey/.m2/repository/com/google/guava/failureaccess/1.0.1/failureaccess-1.0.1.jar:/Users/deepapandey/.m2/repository/com/google/guava/listenablefuture/9999.0-empty-to-avoid-conflict-with-guava/listenablefuture-9999.0-empty-to-avoid-conflict-with-guava.jar:/Users/deepapandey/.m2/repository/com/google/code/findbugs/jsr305/3.0.2/jsr305-3.0.2.jar:/Users/deepapandey/.m2/repository/org/checkerframework/checker-qual/3.12.0/checker-qual-3.12.0.jar:/Users/deepapandey/.m2/repository/com/google/errorprone/error_prone_annotations/2.11.0/error_prone_annotations-2.11.0.jar:/Users/deepapandey/.m2/repository/com/google/j2objc/j2objc-annotations/1.3/j2objc-annotations-1.3.jar:/Users/deepapandey/.m2/repository/com/google/inject/guice/5.1.0/guice-5.1.0.jar:/Users/deepapandey/.m2/repository/javax/inject/javax.inject/1/javax.inject-1.jar:/Users/deepapandey/.m2/repository/aopalliance/aopalliance/1.0/aopalliance-1.0.jar:/Users/deepapandey/.m2/repository/org/jsoup/jsoup/1.14.3/jsoup-1.14.3.jar:/Users/deepapandey/.m2/repository/com/thoughtworks/xstream/xstream/1.4.19/xstream-1.4.19.jar:/Users/deepapandey/.m2/repository/io/github/x-stream/mxparser/1.2.2/mxparser-1.2.2.jar:/Users/deepapandey/.m2/repository/xmlpull/xmlpull/1.1.3.1/xmlpull-1.1.3.1.jar:/Users/deepapandey/.m2/repository/io/cucumber/cucumber-java/7.2.3/cucumber-java-7.2.3.jar:/Users/deepapandey/.m2/repository/com/typesafe/config/1.4.2/config-1.4.2.jar:/Users/deepapandey/.m2/repository/org/imgscalr/imgscalr-lib/4.2/imgscalr-lib-4.2.jar:/Users/deepapandey/.m2/repository/org/awaitility/awaitility/4.2.0/awaitility-4.2.0.jar:/Users/deepapandey/.m2/repository/org/freemarker/freemarker/2.3.31/freemarker-2.3.31.jar:/Users/deepapandey/.m2/repository/io/github/classgraph/classgraph/4.8.138/classgraph-4.8.138.jar:/Users/deepapandey/.m2/repository/net/sourceforge/jexcelapi/jxl/2.6.12/jxl-2.6.12.jar:/Users/deepapandey/.m2/repository/net/bytebuddy/byte-buddy/1.12.8/byte-buddy-1.12.8.jar:/Users/deepapandey/.m2/repository/net/bytebuddy/byte-buddy-agent/1.12.8/byte-buddy-agent-1.12.8.jar:/Users/deepapandey/.m2/repository/org/objenesis/objenesis/3.1/objenesis-3.1.jar:/Users/deepapandey/.m2/repository/net/serenity-bdd/serenity-reports/3.2.1/serenity-reports-3.2.1.jar:/Users/deepapandey/.m2/repository/net/serenity-bdd/serenity-stats/3.2.1/serenity-stats-3.2.1.jar:/Users/deepapandey/.m2/repository/net/serenity-bdd/serenity-reports-configuration/3.2.1/serenity-reports-configuration-3.2.1.jar:/Users/deepapandey/.m2/repository/com/vladsch/flexmark/flexmark-all/0.34.30/flexmark-all-0.34.30.jar:/Users/deepapandey/.m2/repository/com/vladsch/flexmark/flexmark/0.34.30/flexmark-0.34.30.jar:/Users/deepapandey/.m2/repository/com/vladsch/flexmark/flexmark-ext-abbreviation/0.34.30/flexmark-ext-abbreviation-0.34.30.jar:/Users/deepapandey/.m2/repository/com/vladsch/flexmark/flexmark-ext-admonition/0.34.30/flexmark-ext-admonition-0.34.30.jar:/Users/deepapandey/.m2/repository/com/vladsch/flexmark/flexmark-ext-anchorlink/0.34.30/flexmark-ext-anchorlink-0.34.30.jar:/Users/deepapandey/.m2/repository/com/vladsch/flexmark/flexmark-ext-aside/0.34.30/flexmark-ext-aside-0.34.30.jar:/Users/deepapandey/.m2/repository/com/vladsch/flexmark/flexmark-ext-attributes/0.34.30/flexmark-ext-attributes-0.34.30.jar:/Users/deepapandey/.m2/repository/com/vladsch/flexmark/flexmark-ext-autolink/0.34.30/flexmark-ext-autolink-0.34.30.jar:/Users/deepapandey/.m2/repository/org/nibor/autolink/autolink/0.6.0/autolink-0.6.0.jar:/Users/deepapandey/.m2/repository/com/vladsch/flexmark/flexmark-ext-definition/0.34.30/flexmark-ext-definition-0.34.30.jar:/Users/deepapandey/.m2/repository/com/vladsch/flexmark/flexmark-ext-emoji/0.34.30/flexmark-ext-emoji-0.34.30.jar:/Users/deepapandey/.m2/repository/com/vladsch/flexmark/flexmark-ext-enumerated-reference/0.34.30/flexmark-ext-enumerated-reference-0.34.30.jar:/Users/deepapandey/.m2/repository/com/vladsch/flexmark/flexmark-ext-escaped-character/0.34.30/flexmark-ext-escaped-character-0.34.30.jar:/Users/deepapandey/.m2/repository/com/vladsch/flexmark/flexmark-ext-footnotes/0.34.30/flexmark-ext-footnotes-0.34.30.jar:/Users/deepapandey/.m2/repository/com/vladsch/flexmark/flexmark-ext-gfm-issues/0.34.30/flexmark-ext-gfm-issues-0.34.30.jar:/Users/deepapandey/.m2/repository/com/vladsch/flexmark/flexmark-ext-gfm-strikethrough/0.34.30/flexmark-ext-gfm-strikethrough-0.34.30.jar:/Users/deepapandey/.m2/repository/com/vladsch/flexmark/flexmark-ext-gfm-tables/0.34.30/flexmark-ext-gfm-tables-0.34.30.jar:/Users/deepapandey/.m2/repository/com/vladsch/flexmark/flexmark-ext-gfm-tasklist/0.34.30/flexmark-ext-gfm-tasklist-0.34.30.jar:/Users/deepapandey/.m2/repository/com/vladsch/flexmark/flexmark-ext-gfm-users/0.34.30/flexmark-ext-gfm-users-0.34.30.jar:/Users/deepapandey/.m2/repository/com/vladsch/flexmark/flexmark-ext-gitlab/0.34.30/flexmark-ext-gitlab-0.34.30.jar:/Users/deepapandey/.m2/repository/com/vladsch/flexmark/flexmark-ext-jekyll-front-matter/0.34.30/flexmark-ext-jekyll-front-matter-0.34.30.jar:/Users/deepapandey/.m2/repository/com/vladsch/flexmark/flexmark-ext-jekyll-tag/0.34.30/flexmark-ext-jekyll-tag-0.34.30.jar:/Users/deepapandey/.m2/repository/com/vladsch/flexmark/flexmark-ext-media-tags/0.34.30/flexmark-ext-media-tags-0.34.30.jar:/Users/deepapandey/.m2/repository/com/vladsch/flexmark/flexmark-test-util/0.34.30/flexmark-test-util-0.34.30.jar:/Users/deepapandey/.m2/repository/com/vladsch/flexmark/flexmark-ext-ins/0.34.30/flexmark-ext-ins-0.34.30.jar:/Users/deepapandey/.m2/repository/com/vladsch/flexmark/flexmark-ext-xwiki-macros/0.34.30/flexmark-ext-xwiki-macros-0.34.30.jar:/Users/deepapandey/.m2/repository/com/vladsch/flexmark/flexmark-ext-superscript/0.34.30/flexmark-ext-superscript-0.34.30.jar:/Users/deepapandey/.m2/repository/com/vladsch/flexmark/flexmark-ext-tables/0.34.30/flexmark-ext-tables-0.34.30.jar:/Users/deepapandey/.m2/repository/com/vladsch/flexmark/flexmark-ext-toc/0.34.30/flexmark-ext-toc-0.34.30.jar:/Users/deepapandey/.m2/repository/com/vladsch/flexmark/flexmark-ext-typographic/0.34.30/flexmark-ext-typographic-0.34.30.jar:/Users/deepapandey/.m2/repository/com/vladsch/flexmark/flexmark-ext-wikilink/0.34.30/flexmark-ext-wikilink-0.34.30.jar:/Users/deepapandey/.m2/repository/com/vladsch/flexmark/flexmark-ext-yaml-front-matter/0.34.30/flexmark-ext-yaml-front-matter-0.34.30.jar:/Users/deepapandey/.m2/repository/com/vladsch/flexmark/flexmark-ext-youtube-embedded/0.34.30/flexmark-ext-youtube-embedded-0.34.30.jar:/Users/deepapandey/.m2/repository/com/vladsch/flexmark/flexmark-formatter/0.34.30/flexmark-formatter-0.34.30.jar:/Users/deepapandey/.m2/repository/com/vladsch/flexmark/flexmark-html-parser/0.34.30/flexmark-html-parser-0.34.30.jar:/Users/deepapandey/.m2/repository/com/vladsch/flexmark/flexmark-jira-converter/0.34.30/flexmark-jira-converter-0.34.30.jar:/Users/deepapandey/.m2/repository/com/vladsch/flexmark/flexmark-pdf-converter/0.34.30/flexmark-pdf-converter-0.34.30.jar:/Users/deepapandey/.m2/repository/com/openhtmltopdf/openhtmltopdf-core/0.0.1-RC13/openhtmltopdf-core-0.0.1-RC13.jar:/Users/deepapandey/.m2/repository/com/openhtmltopdf/openhtmltopdf-pdfbox/0.0.1-RC13/openhtmltopdf-pdfbox-0.0.1-RC13.jar:/Users/deepapandey/.m2/repository/org/apache/pdfbox/pdfbox/2.0.8/pdfbox-2.0.8.jar:/Users/deepapandey/.m2/repository/org/apache/pdfbox/fontbox/2.0.8/fontbox-2.0.8.jar:/Users/deepapandey/.m2/repository/commons-logging/commons-logging/1.2/commons-logging-1.2.jar:/Users/deepapandey/.m2/repository/org/apache/pdfbox/xmpbox/2.0.8/xmpbox-2.0.8.jar:/Users/deepapandey/.m2/repository/de/rototor/pdfbox/graphics2d/0.12/graphics2d-0.12.jar:/Users/deepapandey/.m2/repository/com/openhtmltopdf/openhtmltopdf-rtl-support/0.0.1-RC13/openhtmltopdf-rtl-support-0.0.1-RC13.jar:/Users/deepapandey/.m2/repository/com/ibm/icu/icu4j/59.1/icu4j-59.1.jar:/Users/deepapandey/.m2/repository/com/openhtmltopdf/openhtmltopdf-jsoup-dom-converter/0.0.1-RC13/openhtmltopdf-jsoup-dom-converter-0.0.1-RC13.jar:/Users/deepapandey/.m2/repository/com/vladsch/flexmark/flexmark-profile-pegdown/0.34.30/flexmark-profile-pegdown-0.34.30.jar:/Users/deepapandey/.m2/repository/com/vladsch/flexmark/flexmark-util/0.34.30/flexmark-util-0.34.30.jar:/Users/deepapandey/.m2/repository/com/vladsch/flexmark/flexmark-youtrack-converter/0.34.30/flexmark-youtrack-converter-0.34.30.jar:/Users/deepapandey/.m2/repository/es/nitaur/markdown/txtmark/0.16/txtmark-0.16.jar:/Users/deepapandey/.m2/repository/net/serenity-bdd/serenity-report-resources/3.2.1/serenity-report-resources-3.2.1.jar:/Users/deepapandey/.m2/repository/com/google/code/gson/gson/2.9.0/gson-2.9.0.jar:/Users/deepapandey/.m2/repository/com/fasterxml/jackson/core/jackson-core/2.13.2/jackson-core-2.13.2.jar:/Users/deepapandey/.m2/repository/com/fasterxml/jackson/core/jackson-databind/2.13.2/jackson-databind-2.13.2.jar:/Users/deepapandey/.m2/repository/com/fasterxml/jackson/core/jackson-annotations/2.13.2/jackson-annotations-2.13.2.jar:/Users/deepapandey/.m2/repository/commons-codec/commons-codec/1.15/commons-codec-1.15.jar:/Users/deepapandey/.m2/repository/commons-io/commons-io/2.11.0/commons-io-2.11.0.jar:/Users/deepapandey/.m2/repository/org/seleniumhq/selenium/selenium-java/4.1.2/selenium-java-4.1.2.jar:/Users/deepapandey/.m2/repository/org/seleniumhq/selenium/selenium-devtools-v85/4.1.2/selenium-devtools-v85-4.1.2.jar:/Users/deepapandey/.m2/repository/org/seleniumhq/selenium/selenium-devtools-v95/4.1.2/selenium-devtools-v95-4.1.2.jar:/Users/deepapandey/.m2/repository/org/seleniumhq/selenium/selenium-devtools-v96/4.1.2/selenium-devtools-v96-4.1.2.jar:/Users/deepapandey/.m2/repository/org/seleniumhq/selenium/selenium-devtools-v97/4.1.2/selenium-devtools-v97-4.1.2.jar:/Users/deepapandey/.m2/repository/org/seleniumhq/selenium/selenium-firefox-xpi-driver/4.1.2/selenium-firefox-xpi-driver-4.1.2.jar:/Users/deepapandey/.m2/repository/org/seleniumhq/selenium/selenium-opera-driver/4.1.2/selenium-opera-driver-4.1.2.jar:/Users/deepapandey/.m2/repository/org/seleniumhq/selenium/selenium-remote-driver/4.1.2/selenium-remote-driver-4.1.2.jar:/Users/deepapandey/.m2/repository/com/beust/jcommander/1.82/jcommander-1.82.jar:/Users/deepapandey/.m2/repository/io/netty/netty-buffer/4.1.73.Final/netty-buffer-4.1.73.Final.jar:/Users/deepapandey/.m2/repository/io/netty/netty-codec-http/4.1.73.Final/netty-codec-http-4.1.73.Final.jar:/Users/deepapandey/.m2/repository/io/netty/netty-codec/4.1.73.Final/netty-codec-4.1.73.Final.jar:/Users/deepapandey/.m2/repository/io/netty/netty-handler/4.1.73.Final/netty-handler-4.1.73.Final.jar:/Users/deepapandey/.m2/repository/io/netty/netty-tcnative-classes/2.0.46.Final/netty-tcnative-classes-2.0.46.Final.jar:/Users/deepapandey/.m2/repository/io/netty/netty-common/4.1.73.Final/netty-common-4.1.73.Final.jar:/Users/deepapandey/.m2/repository/io/netty/netty-transport-classes-epoll/4.1.73.Final/netty-transport-classes-epoll-4.1.73.Final.jar:/Users/deepapandey/.m2/repository/io/netty/netty-transport-classes-kqueue/4.1.73.Final/netty-transport-classes-kqueue-4.1.73.Final.jar:/Users/deepapandey/.m2/repository/io/netty/netty-transport-native-epoll/4.1.73.Final/netty-transport-native-epoll-4.1.73.Final.jar:/Users/deepapandey/.m2/repository/io/netty/netty-transport-native-kqueue/4.1.73.Final/netty-transport-native-kqueue-4.1.73.Final.jar:/Users/deepapandey/.m2/repository/io/netty/netty-transport-native-unix-common/4.1.73.Final/netty-transport-native-unix-common-4.1.73.Final.jar:/Users/deepapandey/.m2/repository/io/netty/netty-transport/4.1.73.Final/netty-transport-4.1.73.Final.jar:/Users/deepapandey/.m2/repository/io/netty/netty-resolver/4.1.73.Final/netty-resolver-4.1.73.Final.jar:/Users/deepapandey/.m2/repository/io/opentelemetry/opentelemetry-api/1.10.1/opentelemetry-api-1.10.1.jar:/Users/deepapandey/.m2/repository/io/opentelemetry/opentelemetry-context/1.10.1/opentelemetry-context-1.10.1.jar:/Users/deepapandey/.m2/repository/io/opentelemetry/opentelemetry-exporter-logging/1.10.1/opentelemetry-exporter-logging-1.10.1.jar:/Users/deepapandey/.m2/repository/io/opentelemetry/opentelemetry-sdk-metrics/1.10.1-alpha/opentelemetry-sdk-metrics-1.10.1-alpha.jar:/Users/deepapandey/.m2/repository/io/opentelemetry/opentelemetry-sdk-logs/1.10.1-alpha/opentelemetry-sdk-logs-1.10.1-alpha.jar:/Users/deepapandey/.m2/repository/io/opentelemetry/opentelemetry-sdk-common/1.10.1/opentelemetry-sdk-common-1.10.1.jar:/Users/deepapandey/.m2/repository/io/opentelemetry/opentelemetry-sdk-extension-autoconfigure-spi/1.10.1/opentelemetry-sdk-extension-autoconfigure-spi-1.10.1.jar:/Users/deepapandey/.m2/repository/io/opentelemetry/opentelemetry-sdk-extension-autoconfigure/1.10.1-alpha/opentelemetry-sdk-extension-autoconfigure-1.10.1-alpha.jar:/Users/deepapandey/.m2/repository/io/opentelemetry/opentelemetry-sdk-trace/1.10.1/opentelemetry-sdk-trace-1.10.1.jar:/Users/deepapandey/.m2/repository/io/opentelemetry/opentelemetry-sdk/1.10.1/opentelemetry-sdk-1.10.1.jar:/Users/deepapandey/.m2/repository/io/opentelemetry/opentelemetry-semconv/1.10.1-alpha/opentelemetry-semconv-1.10.1-alpha.jar:/Users/deepapandey/.m2/repository/io/ous/jtoml/2.0.0/jtoml-2.0.0.jar:/Users/deepapandey/.m2/repository/org/apache/commons/commons-exec/1.3/commons-exec-1.3.jar:/Users/deepapandey/.m2/repository/org/asynchttpclient/async-http-client/2.12.3/async-http-client-2.12.3.jar:/Users/deepapandey/.m2/repository/org/asynchttpclient/async-http-client-netty-utils/2.12.3/async-http-client-netty-utils-2.12.3.jar:/Users/deepapandey/.m2/repository/io/netty/netty-codec-socks/4.1.60.Final/netty-codec-socks-4.1.60.Final.jar:/Users/deepapandey/.m2/repository/io/netty/netty-handler-proxy/4.1.60.Final/netty-handler-proxy-4.1.60.Final.jar:/Users/deepapandey/.m2/repository/io/netty/netty-transport-native-epoll/4.1.60.Final/netty-transport-native-epoll-4.1.60.Final-linux-x86_64.jar:/Users/deepapandey/.m2/repository/io/netty/netty-transport-native-kqueue/4.1.60.Final/netty-transport-native-kqueue-4.1.60.Final-osx-x86_64.jar:/Users/deepapandey/.m2/repository/org/reactivestreams/reactive-streams/1.0.3/reactive-streams-1.0.3.jar:/Users/deepapandey/.m2/repository/com/typesafe/netty/netty-reactive-streams/2.0.4/netty-reactive-streams-2.0.4.jar:/Users/deepapandey/.m2/repository/org/seleniumhq/selenium/selenium-http/4.1.2/selenium-http-4.1.2.jar:/Users/deepapandey/.m2/repository/net/jodah/failsafe/2.4.4/failsafe-2.4.4.jar:/Users/deepapandey/.m2/repository/org/seleniumhq/selenium/selenium-safari-driver/4.1.2/selenium-safari-driver-4.1.2.jar:/Users/deepapandey/.m2/repository/org/seleniumhq/selenium/selenium-api/4.1.2/selenium-api-4.1.2.jar:/Users/deepapandey/.m2/repository/org/seleniumhq/selenium/selenium-support/4.1.2/selenium-support-4.1.2.jar:/Users/deepapandey/.m2/repository/com/google/auto/service/auto-service-annotations/1.0.1/auto-service-annotations-1.0.1.jar:/Users/deepapandey/.m2/repository/com/google/auto/service/auto-service/1.0.1/auto-service-1.0.1.jar:/Users/deepapandey/.m2/repository/com/google/auto/auto-common/1.2/auto-common-1.2.jar:/Users/deepapandey/.m2/repository/org/seleniumhq/selenium/selenium-json/4.1.2/selenium-json-4.1.2.jar:/Users/deepapandey/.m2/repository/org/seleniumhq/selenium/selenium-chrome-driver/4.1.2/selenium-chrome-driver-4.1.2.jar:/Users/deepapandey/.m2/repository/org/seleniumhq/selenium/selenium-chromium-driver/4.1.2/selenium-chromium-driver-4.1.2.jar:/Users/deepapandey/.m2/repository/org/seleniumhq/selenium/selenium-firefox-driver/4.1.2/selenium-firefox-driver-4.1.2.jar:/Users/deepapandey/.m2/repository/org/seleniumhq/selenium/selenium-edge-driver/4.1.2/selenium-edge-driver-4.1.2.jar:/Users/deepapandey/.m2/repository/org/seleniumhq/selenium/selenium-ie-driver/4.1.2/selenium-ie-driver-4.1.2.jar:/Users/deepapandey/.m2/repository/org/projectlombok/lombok/1.18.20/lombok-1.18.20.jar:/Users/deepapandey/.m2/repository/io/appium/java-client/8.0.0/java-client-8.0.0.jar:/Users/deepapandey/.m2/repository/commons-validator/commons-validator/1.7/commons-validator-1.7.jar:/Users/deepapandey/.m2/repository/commons-digester/commons-digester/2.1/commons-digester-2.1.jar:/Users/deepapandey/.m2/repository/org/aspectj/aspectjweaver/1.9.8/aspectjweaver-1.9.8.jar:/Users/deepapandey/.m2/repository/org/codehaus/groovy/groovy/3.0.10/groovy-3.0.10.jar:/Users/deepapandey/.m2/repository/net/sf/opencsv/opencsv/2.0/opencsv-2.0.jar:/Users/deepapandey/.m2/repository/commons-beanutils/commons-beanutils/1.9.4/commons-beanutils-1.9.4.jar:/Users/deepapandey/.m2/repository/org/apache/commons/commons-lang3/3.12.0/commons-lang3-3.12.0.jar:/Users/deepapandey/.m2/repository/commons-collections/commons-collections/3.2.2/commons-collections-3.2.2.jar:/Users/deepapandey/.m2/repository/org/fluentlenium/fluentlenium-core/0.10.2/fluentlenium-core-0.10.2.jar:/Users/deepapandey/.m2/repository/io/github/bonigarcia/webdrivermanager/5.1.0/webdrivermanager-5.1.0.jar:/Users/deepapandey/.m2/repository/com/github/docker-java/docker-java/3.2.13/docker-java-3.2.13.jar:/Users/deepapandey/.m2/repository/com/github/docker-java/docker-java-core/3.2.13/docker-java-core-3.2.13.jar:/Users/deepapandey/.m2/repository/com/github/docker-java/docker-java-api/3.2.13/docker-java-api-3.2.13.jar:/Users/deepapandey/.m2/repository/org/apache/commons/commons-compress/1.21/commons-compress-1.21.jar:/Users/deepapandey/.m2/repository/org/bouncycastle/bcpkix-jdk15on/1.64/bcpkix-jdk15on-1.64.jar:/Users/deepapandey/.m2/repository/org/bouncycastle/bcprov-jdk15on/1.64/bcprov-jdk15on-1.64.jar:/Users/deepapandey/.m2/repository/org/slf4j/jcl-over-slf4j/1.7.30/jcl-over-slf4j-1.7.30.jar:/Users/deepapandey/.m2/repository/com/github/docker-java/docker-java-transport-httpclient5/3.2.13/docker-java-transport-httpclient5-3.2.13.jar:/Users/deepapandey/.m2/repository/com/github/docker-java/docker-java-transport/3.2.13/docker-java-transport-3.2.13.jar:/Users/deepapandey/.m2/repository/org/apache/httpcomponents/client5/httpclient5/5.0.3/httpclient5-5.0.3.jar:/Users/deepapandey/.m2/repository/org/apache/httpcomponents/core5/httpcore5/5.0.2/httpcore5-5.0.2.jar:/Users/deepapandey/.m2/repository/net/java/dev/jna/jna/5.8.0/jna-5.8.0.jar:/Users/deepapandey/.m2/repository/org/brotli/dec/0.1.2/dec-0.1.2.jar:/Users/deepapandey/.m2/repository/com/jhlabs/filters/2.0.235/filters-2.0.235.jar:/Users/deepapandey/.m2/repository/com/paulhammant/ngwebdriver/1.1.6/ngwebdriver-1.1.6.jar:/Users/deepapandey/.m2/repository/joda-time/joda-time/2.8.2/joda-time-2.8.2.jar:/Users/deepapandey/.m2/repository/org/hamcrest/hamcrest/2.2/hamcrest-2.2.jar:/Users/deepapandey/.m2/repository/com/google/jimfs/jimfs/1.2/jimfs-1.2.jar:/Users/deepapandey/.m2/repository/org/mockito/mockito-core/3.3.3/mockito-core-3.3.3.jar:/Users/deepapandey/.m2/repository/javax/xml/bind/jaxb-api/2.3.1/jaxb-api-2.3.1.jar:/Users/deepapandey/.m2/repository/javax/activation/javax.activation-api/1.2.0/javax.activation-api-1.2.0.jar:/Users/deepapandey/.m2/repository/com/sun/xml/bind/jaxb-core/2.3.0.1/jaxb-core-2.3.0.1.jar:/Users/deepapandey/.m2/repository/com/sun/xml/bind/jaxb-impl/2.3.3/jaxb-impl-2.3.3.jar:/Users/deepapandey/.m2/repository/jakarta/xml/bind/jakarta.xml.bind-api/2.3.3/jakarta.xml.bind-api-2.3.3.jar:/Users/deepapandey/.m2/repository/com/sun/activation/jakarta.activation/1.2.2/jakarta.activation-1.2.2.jar:/Users/deepapandey/.m2/repository/javax/activation/activation/1.1.1/activation-1.1.1.jar:/Users/deepapandey/.m2/repository/net/serenity-bdd/serenity-cucumber/3.2.1/serenity-cucumber-3.2.1.jar:/Users/deepapandey/.m2/repository/io/cucumber/cucumber-core/7.2.3/cucumber-core-7.2.3.jar:/Users/deepapandey/.m2/repository/io/cucumber/cucumber-gherkin/7.2.3/cucumber-gherkin-7.2.3.jar:/Users/deepapandey/.m2/repository/io/cucumber/cucumber-gherkin-messages/7.2.3/cucumber-gherkin-messages-7.2.3.jar:/Users/deepapandey/.m2/repository/io/cucumber/messages/17.1.1/messages-17.1.1.jar:/Users/deepapandey/.m2/repository/io/cucumber/tag-expressions/4.1.0/tag-expressions-4.1.0.jar:/Users/deepapandey/.m2/repository/io/cucumber/cucumber-expressions/15.0.1/cucumber-expressions-15.0.1.jar:/Users/deepapandey/.m2/repository/io/cucumber/datatable/7.2.3/datatable-7.2.3.jar:/Users/deepapandey/.m2/repository/io/cucumber/cucumber-plugin/7.2.3/cucumber-plugin-7.2.3.jar:/Users/deepapandey/.m2/repository/io/cucumber/docstring/7.2.3/docstring-7.2.3.jar:/Users/deepapandey/.m2/repository/io/cucumber/html-formatter/17.0.0/html-formatter-17.0.0.jar:/Users/deepapandey/.m2/repository/io/cucumber/ci-environment/8.1.0/ci-environment-8.1.0.jar:/Users/deepapandey/.m2/repository/io/cucumber/cucumber-junit/7.2.3/cucumber-junit-7.2.3.jar:/Users/deepapandey/.m2/repository/org/apache/commons/commons-csv/1.5/commons-csv-1.5.jar:/Users/deepapandey/.m2/repository/net/serenity-bdd/serenity-screenplay/3.2.1/serenity-screenplay-3.2.1.jar:/Users/deepapandey/.m2/repository/net/serenity-bdd/serenity-screenplay-webdriver/3.2.1/serenity-screenplay-webdriver-3.2.1.jar:/Users/deepapandey/.m2/repository/net/serenity-bdd/serenity-ensure/3.2.1/serenity-ensure-3.2.1.jar:/Users/deepapandey/.m2/repository/net/serenity-bdd/serenity-junit/3.2.1/serenity-junit-3.2.1.jar:/Users/deepapandey/.m2/repository/org/jetbrains/kotlin/kotlin-stdlib/1.6.0/kotlin-stdlib-1.6.0.jar:/Users/deepapandey/.m2/repository/org/jetbrains/annotations/13.0/annotations-13.0.jar:/Users/deepapandey/.m2/repository/org/jetbrains/kotlin/kotlin-stdlib-common/1.6.0/kotlin-stdlib-common-1.6.0.jar:/Users/deepapandey/.m2/repository/org/junit/platform/junit-platform-launcher/1.8.1/junit-platform-launcher-1.8.1.jar:/Users/deepapandey/.m2/repository/org/junit/platform/junit-platform-engine/1.8.1/junit-platform-engine-1.8.1.jar:/Users/deepapandey/.m2/repository/org/opentest4j/opentest4j/1.2.0/opentest4j-1.2.0.jar:/Users/deepapandey/.m2/repository/org/junit/platform/junit-platform-commons/1.8.1/junit-platform-commons-1.8.1.jar:/Users/deepapandey/.m2/repository/org/apiguardian/apiguardian-api/1.1.2/apiguardian-api-1.1.2.jar:/Users/deepapandey/.m2/repository/org/junit/jupiter/junit-jupiter-engine/5.8.2/junit-jupiter-engine-5.8.2.jar:/Users/deepapandey/.m2/repository/org/junit/jupiter/junit-jupiter-api/5.8.2/junit-jupiter-api-5.8.2.jar:/Users/deepapandey/.m2/repository/org/junit/vintage/junit-vintage-engine/5.8.2/junit-vintage-engine-5.8.2.jar:/Users/deepapandey/.m2/repository/junit/junit/4.13.2/junit-4.13.2.jar:/Users/deepapandey/.m2/repository/org/hamcrest/hamcrest-core/1.3/hamcrest-core-1.3.jar:/Users/deepapandey/.m2/repository/ch/qos/logback/logback-classic/1.2.10/logback-classic-1.2.10.jar:/Users/deepapandey/.m2/repository/ch/qos/logback/logback-core/1.2.10/logback-core-1.2.10.jar:/Users/deepapandey/.m2/repository/org/slf4j/slf4j-api/1.7.32/slf4j-api-1.7.32.jar:/Users/deepapandey/.m2/repository/org/assertj/assertj-core/3.6.2/assertj-core-3.6.2.jar:"/>
    <property name="java.vm.vendor" value="Oracle Corporation"/>
    <property name="sun.arch.data.model" value="64"/>
    <property name="java.vendor.url" value="https://java.oracle.com/"/>
    <property name="user.timezone" value="Australia/Sydney"/>
    <property name="log4j2.formatMsgNoLookups" value="true"/>
    <property name="os.name" value="Mac OS X"/>
    <property name="java.vm.specification.version" value="18"/>
    <property name="sun.java.launcher" value="SUN_STANDARD"/>
    <property name="user.country" value="AU"/>
    <property name="sun.boot.library.path" value="/Library/Java/JavaVirtualMachines/jdk-18.0.1.1.jdk/Contents/Home/lib"/>
    <property name="sun.java.command" value="org.apache.maven.surefire.booter.ForkedBooter /Users/deepapandey/eclipse-workspace/web/target/surefire 2022-05-23T00-06-10_518-jvmRun1 surefire10025997550302271853tmp surefire_02414575222895242464tmp"/>
    <property name="http.nonProxyHosts" value="local|*.local|169.254/16|*.169.254/16"/>
    <property name="jdk.debug" value="release"/>
    <property name="surefire.test.class.path" value="/Users/deepapandey/eclipse-workspace/web/target/test-classes:/Users/deepapandey/.m2/repository/net/serenity-bdd/serenity-core/3.2.1/serenity-core-3.2.1.jar:/Users/deepapandey/.m2/repository/net/serenity-bdd/serenity-model/3.2.1/serenity-model-3.2.1.jar:/Users/deepapandey/.m2/repository/org/apache/commons/commons-text/1.9/commons-text-1.9.jar:/Users/deepapandey/.m2/repository/commons-net/commons-net/3.8.0/commons-net-3.8.0.jar:/Users/deepapandey/.m2/repository/com/google/guava/guava/31.1-jre/guava-31.1-jre.jar:/Users/deepapandey/.m2/repository/com/google/guava/failureaccess/1.0.1/failureaccess-1.0.1.jar:/Users/deepapandey/.m2/repository/com/google/guava/listenablefuture/9999.0-empty-to-avoid-conflict-with-guava/listenablefuture-9999.0-empty-to-avoid-conflict-with-guava.jar:/Users/deepapandey/.m2/repository/com/google/code/findbugs/jsr305/3.0.2/jsr305-3.0.2.jar:/Users/deepapandey/.m2/repository/org/checkerframework/checker-qual/3.12.0/checker-qual-3.12.0.jar:/Users/deepapandey/.m2/repository/com/google/errorprone/error_prone_annotations/2.11.0/error_prone_annotations-2.11.0.jar:/Users/deepapandey/.m2/repository/com/google/j2objc/j2objc-annotations/1.3/j2objc-annotations-1.3.jar:/Users/deepapandey/.m2/repository/com/google/inject/guice/5.1.0/guice-5.1.0.jar:/Users/deepapandey/.m2/repository/javax/inject/javax.inject/1/javax.inject-1.jar:/Users/deepapandey/.m2/repository/aopalliance/aopalliance/1.0/aopalliance-1.0.jar:/Users/deepapandey/.m2/repository/org/jsoup/jsoup/1.14.3/jsoup-1.14.3.jar:/Users/deepapandey/.m2/repository/com/thoughtworks/xstream/xstream/1.4.19/xstream-1.4.19.jar:/Users/deepapandey/.m2/repository/io/github/x-stream/mxparser/1.2.2/mxparser-1.2.2.jar:/Users/deepapandey/.m2/repository/xmlpull/xmlpull/1.1.3.1/xmlpull-1.1.3.1.jar:/Users/deepapandey/.m2/repository/io/cucumber/cucumber-java/7.2.3/cucumber-java-7.2.3.jar:/Users/deepapandey/.m2/repository/com/typesafe/config/1.4.2/config-1.4.2.jar:/Users/deepapandey/.m2/repository/org/imgscalr/imgscalr-lib/4.2/imgscalr-lib-4.2.jar:/Users/deepapandey/.m2/repository/org/awaitility/awaitility/4.2.0/awaitility-4.2.0.jar:/Users/deepapandey/.m2/repository/org/freemarker/freemarker/2.3.31/freemarker-2.3.31.jar:/Users/deepapandey/.m2/repository/io/github/classgraph/classgraph/4.8.138/classgraph-4.8.138.jar:/Users/deepapandey/.m2/repository/net/sourceforge/jexcelapi/jxl/2.6.12/jxl-2.6.12.jar:/Users/deepapandey/.m2/repository/net/bytebuddy/byte-buddy/1.12.8/byte-buddy-1.12.8.jar:/Users/deepapandey/.m2/repository/net/bytebuddy/byte-buddy-agent/1.12.8/byte-buddy-agent-1.12.8.jar:/Users/deepapandey/.m2/repository/org/objenesis/objenesis/3.1/objenesis-3.1.jar:/Users/deepapandey/.m2/repository/net/serenity-bdd/serenity-reports/3.2.1/serenity-reports-3.2.1.jar:/Users/deepapandey/.m2/repository/net/serenity-bdd/serenity-stats/3.2.1/serenity-stats-3.2.1.jar:/Users/deepapandey/.m2/repository/net/serenity-bdd/serenity-reports-configuration/3.2.1/serenity-reports-configuration-3.2.1.jar:/Users/deepapandey/.m2/repository/com/vladsch/flexmark/flexmark-all/0.34.30/flexmark-all-0.34.30.jar:/Users/deepapandey/.m2/repository/com/vladsch/flexmark/flexmark/0.34.30/flexmark-0.34.30.jar:/Users/deepapandey/.m2/repository/com/vladsch/flexmark/flexmark-ext-abbreviation/0.34.30/flexmark-ext-abbreviation-0.34.30.jar:/Users/deepapandey/.m2/repository/com/vladsch/flexmark/flexmark-ext-admonition/0.34.30/flexmark-ext-admonition-0.34.30.jar:/Users/deepapandey/.m2/repository/com/vladsch/flexmark/flexmark-ext-anchorlink/0.34.30/flexmark-ext-anchorlink-0.34.30.jar:/Users/deepapandey/.m2/repository/com/vladsch/flexmark/flexmark-ext-aside/0.34.30/flexmark-ext-aside-0.34.30.jar:/Users/deepapandey/.m2/repository/com/vladsch/flexmark/flexmark-ext-attributes/0.34.30/flexmark-ext-attributes-0.34.30.jar:/Users/deepapandey/.m2/repository/com/vladsch/flexmark/flexmark-ext-autolink/0.34.30/flexmark-ext-autolink-0.34.30.jar:/Users/deepapandey/.m2/repository/org/nibor/autolink/autolink/0.6.0/autolink-0.6.0.jar:/Users/deepapandey/.m2/repository/com/vladsch/flexmark/flexmark-ext-definition/0.34.30/flexmark-ext-definition-0.34.30.jar:/Users/deepapandey/.m2/repository/com/vladsch/flexmark/flexmark-ext-emoji/0.34.30/flexmark-ext-emoji-0.34.30.jar:/Users/deepapandey/.m2/repository/com/vladsch/flexmark/flexmark-ext-enumerated-reference/0.34.30/flexmark-ext-enumerated-reference-0.34.30.jar:/Users/deepapandey/.m2/repository/com/vladsch/flexmark/flexmark-ext-escaped-character/0.34.30/flexmark-ext-escaped-character-0.34.30.jar:/Users/deepapandey/.m2/repository/com/vladsch/flexmark/flexmark-ext-footnotes/0.34.30/flexmark-ext-footnotes-0.34.30.jar:/Users/deepapandey/.m2/repository/com/vladsch/flexmark/flexmark-ext-gfm-issues/0.34.30/flexmark-ext-gfm-issues-0.34.30.jar:/Users/deepapandey/.m2/repository/com/vladsch/flexmark/flexmark-ext-gfm-strikethrough/0.34.30/flexmark-ext-gfm-strikethrough-0.34.30.jar:/Users/deepapandey/.m2/repository/com/vladsch/flexmark/flexmark-ext-gfm-tables/0.34.30/flexmark-ext-gfm-tables-0.34.30.jar:/Users/deepapandey/.m2/repository/com/vladsch/flexmark/flexmark-ext-gfm-tasklist/0.34.30/flexmark-ext-gfm-tasklist-0.34.30.jar:/Users/deepapandey/.m2/repository/com/vladsch/flexmark/flexmark-ext-gfm-users/0.34.30/flexmark-ext-gfm-users-0.34.30.jar:/Users/deepapandey/.m2/repository/com/vladsch/flexmark/flexmark-ext-gitlab/0.34.30/flexmark-ext-gitlab-0.34.30.jar:/Users/deepapandey/.m2/repository/com/vladsch/flexmark/flexmark-ext-jekyll-front-matter/0.34.30/flexmark-ext-jekyll-front-matter-0.34.30.jar:/Users/deepapandey/.m2/repository/com/vladsch/flexmark/flexmark-ext-jekyll-tag/0.34.30/flexmark-ext-jekyll-tag-0.34.30.jar:/Users/deepapandey/.m2/repository/com/vladsch/flexmark/flexmark-ext-media-tags/0.34.30/flexmark-ext-media-tags-0.34.30.jar:/Users/deepapandey/.m2/repository/com/vladsch/flexmark/flexmark-test-util/0.34.30/flexmark-test-util-0.34.30.jar:/Users/deepapandey/.m2/repository/com/vladsch/flexmark/flexmark-ext-ins/0.34.30/flexmark-ext-ins-0.34.30.jar:/Users/deepapandey/.m2/repository/com/vladsch/flexmark/flexmark-ext-xwiki-macros/0.34.30/flexmark-ext-xwiki-macros-0.34.30.jar:/Users/deepapandey/.m2/repository/com/vladsch/flexmark/flexmark-ext-superscript/0.34.30/flexmark-ext-superscript-0.34.30.jar:/Users/deepapandey/.m2/repository/com/vladsch/flexmark/flexmark-ext-tables/0.34.30/flexmark-ext-tables-0.34.30.jar:/Users/deepapandey/.m2/repository/com/vladsch/flexmark/flexmark-ext-toc/0.34.30/flexmark-ext-toc-0.34.30.jar:/Users/deepapandey/.m2/repository/com/vladsch/flexmark/flexmark-ext-typographic/0.34.30/flexmark-ext-typographic-0.34.30.jar:/Users/deepapandey/.m2/repository/com/vladsch/flexmark/flexmark-ext-wikilink/0.34.30/flexmark-ext-wikilink-0.34.30.jar:/Users/deepapandey/.m2/repository/com/vladsch/flexmark/flexmark-ext-yaml-front-matter/0.34.30/flexmark-ext-yaml-front-matter-0.34.30.jar:/Users/deepapandey/.m2/repository/com/vladsch/flexmark/flexmark-ext-youtube-embedded/0.34.30/flexmark-ext-youtube-embedded-0.34.30.jar:/Users/deepapandey/.m2/repository/com/vladsch/flexmark/flexmark-formatter/0.34.30/flexmark-formatter-0.34.30.jar:/Users/deepapandey/.m2/repository/com/vladsch/flexmark/flexmark-html-parser/0.34.30/flexmark-html-parser-0.34.30.jar:/Users/deepapandey/.m2/repository/com/vladsch/flexmark/flexmark-jira-converter/0.34.30/flexmark-jira-converter-0.34.30.jar:/Users/deepapandey/.m2/repository/com/vladsch/flexmark/flexmark-pdf-converter/0.34.30/flexmark-pdf-converter-0.34.30.jar:/Users/deepapandey/.m2/repository/com/openhtmltopdf/openhtmltopdf-core/0.0.1-RC13/openhtmltopdf-core-0.0.1-RC13.jar:/Users/deepapandey/.m2/repository/com/openhtmltopdf/openhtmltopdf-pdfbox/0.0.1-RC13/openhtmltopdf-pdfbox-0.0.1-RC13.jar:/Users/deepapandey/.m2/repository/org/apache/pdfbox/pdfbox/2.0.8/pdfbox-2.0.8.jar:/Users/deepapandey/.m2/repository/org/apache/pdfbox/fontbox/2.0.8/fontbox-2.0.8.jar:/Users/deepapandey/.m2/repository/commons-logging/commons-logging/1.2/commons-logging-1.2.jar:/Users/deepapandey/.m2/repository/org/apache/pdfbox/xmpbox/2.0.8/xmpbox-2.0.8.jar:/Users/deepapandey/.m2/repository/de/rototor/pdfbox/graphics2d/0.12/graphics2d-0.12.jar:/Users/deepapandey/.m2/repository/com/openhtmltopdf/openhtmltopdf-rtl-support/0.0.1-RC13/openhtmltopdf-rtl-support-0.0.1-RC13.jar:/Users/deepapandey/.m2/repository/com/ibm/icu/icu4j/59.1/icu4j-59.1.jar:/Users/deepapandey/.m2/repository/com/openhtmltopdf/openhtmltopdf-jsoup-dom-converter/0.0.1-RC13/openhtmltopdf-jsoup-dom-converter-0.0.1-RC13.jar:/Users/deepapandey/.m2/repository/com/vladsch/flexmark/flexmark-profile-pegdown/0.34.30/flexmark-profile-pegdown-0.34.30.jar:/Users/deepapandey/.m2/repository/com/vladsch/flexmark/flexmark-util/0.34.30/flexmark-util-0.34.30.jar:/Users/deepapandey/.m2/repository/com/vladsch/flexmark/flexmark-youtrack-converter/0.34.30/flexmark-youtrack-converter-0.34.30.jar:/Users/deepapandey/.m2/repository/es/nitaur/markdown/txtmark/0.16/txtmark-0.16.jar:/Users/deepapandey/.m2/repository/net/serenity-bdd/serenity-report-resources/3.2.1/serenity-report-resources-3.2.1.jar:/Users/deepapandey/.m2/repository/com/google/code/gson/gson/2.9.0/gson-2.9.0.jar:/Users/deepapandey/.m2/repository/com/fasterxml/jackson/core/jackson-core/2.13.2/jackson-core-2.13.2.jar:/Users/deepapandey/.m2/repository/com/fasterxml/jackson/core/jackson-databind/2.13.2/jackson-databind-2.13.2.jar:/Users/deepapandey/.m2/repository/com/fasterxml/jackson/core/jackson-annotations/2.13.2/jackson-annotations-2.13.2.jar:/Users/deepapandey/.m2/repository/commons-codec/commons-codec/1.15/commons-codec-1.15.jar:/Users/deepapandey/.m2/repository/commons-io/commons-io/2.11.0/commons-io-2.11.0.jar:/Users/deepapandey/.m2/repository/org/seleniumhq/selenium/selenium-java/4.1.2/selenium-java-4.1.2.jar:/Users/deepapandey/.m2/repository/org/seleniumhq/selenium/selenium-devtools-v85/4.1.2/selenium-devtools-v85-4.1.2.jar:/Users/deepapandey/.m2/repository/org/seleniumhq/selenium/selenium-devtools-v95/4.1.2/selenium-devtools-v95-4.1.2.jar:/Users/deepapandey/.m2/repository/org/seleniumhq/selenium/selenium-devtools-v96/4.1.2/selenium-devtools-v96-4.1.2.jar:/Users/deepapandey/.m2/repository/org/seleniumhq/selenium/selenium-devtools-v97/4.1.2/selenium-devtools-v97-4.1.2.jar:/Users/deepapandey/.m2/repository/org/seleniumhq/selenium/selenium-firefox-xpi-driver/4.1.2/selenium-firefox-xpi-driver-4.1.2.jar:/Users/deepapandey/.m2/repository/org/seleniumhq/selenium/selenium-opera-driver/4.1.2/selenium-opera-driver-4.1.2.jar:/Users/deepapandey/.m2/repository/org/seleniumhq/selenium/selenium-remote-driver/4.1.2/selenium-remote-driver-4.1.2.jar:/Users/deepapandey/.m2/repository/com/beust/jcommander/1.82/jcommander-1.82.jar:/Users/deepapandey/.m2/repository/io/netty/netty-buffer/4.1.73.Final/netty-buffer-4.1.73.Final.jar:/Users/deepapandey/.m2/repository/io/netty/netty-codec-http/4.1.73.Final/netty-codec-http-4.1.73.Final.jar:/Users/deepapandey/.m2/repository/io/netty/netty-codec/4.1.73.Final/netty-codec-4.1.73.Final.jar:/Users/deepapandey/.m2/repository/io/netty/netty-handler/4.1.73.Final/netty-handler-4.1.73.Final.jar:/Users/deepapandey/.m2/repository/io/netty/netty-tcnative-classes/2.0.46.Final/netty-tcnative-classes-2.0.46.Final.jar:/Users/deepapandey/.m2/repository/io/netty/netty-common/4.1.73.Final/netty-common-4.1.73.Final.jar:/Users/deepapandey/.m2/repository/io/netty/netty-transport-classes-epoll/4.1.73.Final/netty-transport-classes-epoll-4.1.73.Final.jar:/Users/deepapandey/.m2/repository/io/netty/netty-transport-classes-kqueue/4.1.73.Final/netty-transport-classes-kqueue-4.1.73.Final.jar:/Users/deepapandey/.m2/repository/io/netty/netty-transport-native-epoll/4.1.73.Final/netty-transport-native-epoll-4.1.73.Final.jar:/Users/deepapandey/.m2/repository/io/netty/netty-transport-native-kqueue/4.1.73.Final/netty-transport-native-kqueue-4.1.73.Final.jar:/Users/deepapandey/.m2/repository/io/netty/netty-transport-native-unix-common/4.1.73.Final/netty-transport-native-unix-common-4.1.73.Final.jar:/Users/deepapandey/.m2/repository/io/netty/netty-transport/4.1.73.Final/netty-transport-4.1.73.Final.jar:/Users/deepapandey/.m2/repository/io/netty/netty-resolver/4.1.73.Final/netty-resolver-4.1.73.Final.jar:/Users/deepapandey/.m2/repository/io/opentelemetry/opentelemetry-api/1.10.1/opentelemetry-api-1.10.1.jar:/Users/deepapandey/.m2/repository/io/opentelemetry/opentelemetry-context/1.10.1/opentelemetry-context-1.10.1.jar:/Users/deepapandey/.m2/repository/io/opentelemetry/opentelemetry-exporter-logging/1.10.1/opentelemetry-exporter-logging-1.10.1.jar:/Users/deepapandey/.m2/repository/io/opentelemetry/opentelemetry-sdk-metrics/1.10.1-alpha/opentelemetry-sdk-metrics-1.10.1-alpha.jar:/Users/deepapandey/.m2/repository/io/opentelemetry/opentelemetry-sdk-logs/1.10.1-alpha/opentelemetry-sdk-logs-1.10.1-alpha.jar:/Users/deepapandey/.m2/repository/io/opentelemetry/opentelemetry-sdk-common/1.10.1/opentelemetry-sdk-common-1.10.1.jar:/Users/deepapandey/.m2/repository/io/opentelemetry/opentelemetry-sdk-extension-autoconfigure-spi/1.10.1/opentelemetry-sdk-extension-autoconfigure-spi-1.10.1.jar:/Users/deepapandey/.m2/repository/io/opentelemetry/opentelemetry-sdk-extension-autoconfigure/1.10.1-alpha/opentelemetry-sdk-extension-autoconfigure-1.10.1-alpha.jar:/Users/deepapandey/.m2/repository/io/opentelemetry/opentelemetry-sdk-trace/1.10.1/opentelemetry-sdk-trace-1.10.1.jar:/Users/deepapandey/.m2/repository/io/opentelemetry/opentelemetry-sdk/1.10.1/opentelemetry-sdk-1.10.1.jar:/Users/deepapandey/.m2/repository/io/opentelemetry/opentelemetry-semconv/1.10.1-alpha/opentelemetry-semconv-1.10.1-alpha.jar:/Users/deepapandey/.m2/repository/io/ous/jtoml/2.0.0/jtoml-2.0.0.jar:/Users/deepapandey/.m2/repository/org/apache/commons/commons-exec/1.3/commons-exec-1.3.jar:/Users/deepapandey/.m2/repository/org/asynchttpclient/async-http-client/2.12.3/async-http-client-2.12.3.jar:/Users/deepapandey/.m2/repository/org/asynchttpclient/async-http-client-netty-utils/2.12.3/async-http-client-netty-utils-2.12.3.jar:/Users/deepapandey/.m2/repository/io/netty/netty-codec-socks/4.1.60.Final/netty-codec-socks-4.1.60.Final.jar:/Users/deepapandey/.m2/repository/io/netty/netty-handler-proxy/4.1.60.Final/netty-handler-proxy-4.1.60.Final.jar:/Users/deepapandey/.m2/repository/io/netty/netty-transport-native-epoll/4.1.60.Final/netty-transport-native-epoll-4.1.60.Final-linux-x86_64.jar:/Users/deepapandey/.m2/repository/io/netty/netty-transport-native-kqueue/4.1.60.Final/netty-transport-native-kqueue-4.1.60.Final-osx-x86_64.jar:/Users/deepapandey/.m2/repository/org/reactivestreams/reactive-streams/1.0.3/reactive-streams-1.0.3.jar:/Users/deepapandey/.m2/repository/com/typesafe/netty/netty-reactive-streams/2.0.4/netty-reactive-streams-2.0.4.jar:/Users/deepapandey/.m2/repository/org/seleniumhq/selenium/selenium-http/4.1.2/selenium-http-4.1.2.jar:/Users/deepapandey/.m2/repository/net/jodah/failsafe/2.4.4/failsafe-2.4.4.jar:/Users/deepapandey/.m2/repository/org/seleniumhq/selenium/selenium-safari-driver/4.1.2/selenium-safari-driver-4.1.2.jar:/Users/deepapandey/.m2/repository/org/seleniumhq/selenium/selenium-api/4.1.2/selenium-api-4.1.2.jar:/Users/deepapandey/.m2/repository/org/seleniumhq/selenium/selenium-support/4.1.2/selenium-support-4.1.2.jar:/Users/deepapandey/.m2/repository/com/google/auto/service/auto-service-annotations/1.0.1/auto-service-annotations-1.0.1.jar:/Users/deepapandey/.m2/repository/com/google/auto/service/auto-service/1.0.1/auto-service-1.0.1.jar:/Users/deepapandey/.m2/repository/com/google/auto/auto-common/1.2/auto-common-1.2.jar:/Users/deepapandey/.m2/repository/org/seleniumhq/selenium/selenium-json/4.1.2/selenium-json-4.1.2.jar:/Users/deepapandey/.m2/repository/org/seleniumhq/selenium/selenium-chrome-driver/4.1.2/selenium-chrome-driver-4.1.2.jar:/Users/deepapandey/.m2/repository/org/seleniumhq/selenium/selenium-chromium-driver/4.1.2/selenium-chromium-driver-4.1.2.jar:/Users/deepapandey/.m2/repository/org/seleniumhq/selenium/selenium-firefox-driver/4.1.2/selenium-firefox-driver-4.1.2.jar:/Users/deepapandey/.m2/repository/org/seleniumhq/selenium/selenium-edge-driver/4.1.2/selenium-edge-driver-4.1.2.jar:/Users/deepapandey/.m2/repository/org/seleniumhq/selenium/selenium-ie-driver/4.1.2/selenium-ie-driver-4.1.2.jar:/Users/deepapandey/.m2/repository/org/projectlombok/lombok/1.18.20/lombok-1.18.20.jar:/Users/deepapandey/.m2/repository/io/appium/java-client/8.0.0/java-client-8.0.0.jar:/Users/deepapandey/.m2/repository/commons-validator/commons-validator/1.7/commons-validator-1.7.jar:/Users/deepapandey/.m2/repository/commons-digester/commons-digester/2.1/commons-digester-2.1.jar:/Users/deepapandey/.m2/repository/org/aspectj/aspectjweaver/1.9.8/aspectjweaver-1.9.8.jar:/Users/deepapandey/.m2/repository/org/codehaus/groovy/groovy/3.0.10/groovy-3.0.10.jar:/Users/deepapandey/.m2/repository/net/sf/opencsv/opencsv/2.0/opencsv-2.0.jar:/Users/deepapandey/.m2/repository/commons-beanutils/commons-beanutils/1.9.4/commons-beanutils-1.9.4.jar:/Users/deepapandey/.m2/repository/org/apache/commons/commons-lang3/3.12.0/commons-lang3-3.12.0.jar:/Users/deepapandey/.m2/repository/commons-collections/commons-collections/3.2.2/commons-collections-3.2.2.jar:/Users/deepapandey/.m2/repository/org/fluentlenium/fluentlenium-core/0.10.2/fluentlenium-core-0.10.2.jar:/Users/deepapandey/.m2/repository/io/github/bonigarcia/webdrivermanager/5.1.0/webdrivermanager-5.1.0.jar:/Users/deepapandey/.m2/repository/com/github/docker-java/docker-java/3.2.13/docker-java-3.2.13.jar:/Users/deepapandey/.m2/repository/com/github/docker-java/docker-java-core/3.2.13/docker-java-core-3.2.13.jar:/Users/deepapandey/.m2/repository/com/github/docker-java/docker-java-api/3.2.13/docker-java-api-3.2.13.jar:/Users/deepapandey/.m2/repository/org/apache/commons/commons-compress/1.21/commons-compress-1.21.jar:/Users/deepapandey/.m2/repository/org/bouncycastle/bcpkix-jdk15on/1.64/bcpkix-jdk15on-1.64.jar:/Users/deepapandey/.m2/repository/org/bouncycastle/bcprov-jdk15on/1.64/bcprov-jdk15on-1.64.jar:/Users/deepapandey/.m2/repository/org/slf4j/jcl-over-slf4j/1.7.30/jcl-over-slf4j-1.7.30.jar:/Users/deepapandey/.m2/repository/com/github/docker-java/docker-java-transport-httpclient5/3.2.13/docker-java-transport-httpclient5-3.2.13.jar:/Users/deepapandey/.m2/repository/com/github/docker-java/docker-java-transport/3.2.13/docker-java-transport-3.2.13.jar:/Users/deepapandey/.m2/repository/org/apache/httpcomponents/client5/httpclient5/5.0.3/httpclient5-5.0.3.jar:/Users/deepapandey/.m2/repository/org/apache/httpcomponents/core5/httpcore5/5.0.2/httpcore5-5.0.2.jar:/Users/deepapandey/.m2/repository/net/java/dev/jna/jna/5.8.0/jna-5.8.0.jar:/Users/deepapandey/.m2/repository/org/brotli/dec/0.1.2/dec-0.1.2.jar:/Users/deepapandey/.m2/repository/com/jhlabs/filters/2.0.235/filters-2.0.235.jar:/Users/deepapandey/.m2/repository/com/paulhammant/ngwebdriver/1.1.6/ngwebdriver-1.1.6.jar:/Users/deepapandey/.m2/repository/joda-time/joda-time/2.8.2/joda-time-2.8.2.jar:/Users/deepapandey/.m2/repository/org/hamcrest/hamcrest/2.2/hamcrest-2.2.jar:/Users/deepapandey/.m2/repository/com/google/jimfs/jimfs/1.2/jimfs-1.2.jar:/Users/deepapandey/.m2/repository/org/mockito/mockito-core/3.3.3/mockito-core-3.3.3.jar:/Users/deepapandey/.m2/repository/javax/xml/bind/jaxb-api/2.3.1/jaxb-api-2.3.1.jar:/Users/deepapandey/.m2/repository/javax/activation/javax.activation-api/1.2.0/javax.activation-api-1.2.0.jar:/Users/deepapandey/.m2/repository/com/sun/xml/bind/jaxb-core/2.3.0.1/jaxb-core-2.3.0.1.jar:/Users/deepapandey/.m2/repository/com/sun/xml/bind/jaxb-impl/2.3.3/jaxb-impl-2.3.3.jar:/Users/deepapandey/.m2/repository/jakarta/xml/bind/jakarta.xml.bind-api/2.3.3/jakarta.xml.bind-api-2.3.3.jar:/Users/deepapandey/.m2/repository/com/sun/activation/jakarta.activation/1.2.2/jakarta.activation-1.2.2.jar:/Users/deepapandey/.m2/repository/javax/activation/activation/1.1.1/activation-1.1.1.jar:/Users/deepapandey/.m2/repository/net/serenity-bdd/serenity-cucumber/3.2.1/serenity-cucumber-3.2.1.jar:/Users/deepapandey/.m2/repository/io/cucumber/cucumber-core/7.2.3/cucumber-core-7.2.3.jar:/Users/deepapandey/.m2/repository/io/cucumber/cucumber-gherkin/7.2.3/cucumber-gherkin-7.2.3.jar:/Users/deepapandey/.m2/repository/io/cucumber/cucumber-gherkin-messages/7.2.3/cucumber-gherkin-messages-7.2.3.jar:/Users/deepapandey/.m2/repository/io/cucumber/messages/17.1.1/messages-17.1.1.jar:/Users/deepapandey/.m2/repository/io/cucumber/tag-expressions/4.1.0/tag-expressions-4.1.0.jar:/Users/deepapandey/.m2/repository/io/cucumber/cucumber-expressions/15.0.1/cucumber-expressions-15.0.1.jar:/Users/deepapandey/.m2/repository/io/cucumber/datatable/7.2.3/datatable-7.2.3.jar:/Users/deepapandey/.m2/repository/io/cucumber/cucumber-plugin/7.2.3/cucumber-plugin-7.2.3.jar:/Users/deepapandey/.m2/repository/io/cucumber/docstring/7.2.3/docstring-7.2.3.jar:/Users/deepapandey/.m2/repository/io/cucumber/html-formatter/17.0.0/html-formatter-17.0.0.jar:/Users/deepapandey/.m2/repository/io/cucumber/ci-environment/8.1.0/ci-environment-8.1.0.jar:/Users/deepapandey/.m2/repository/io/cucumber/cucumber-junit/7.2.3/cucumber-junit-7.2.3.jar:/Users/deepapandey/.m2/repository/org/apache/commons/commons-csv/1.5/commons-csv-1.5.jar:/Users/deepapandey/.m2/repository/net/serenity-bdd/serenity-screenplay/3.2.1/serenity-screenplay-3.2.1.jar:/Users/deepapandey/.m2/repository/net/serenity-bdd/serenity-screenplay-webdriver/3.2.1/serenity-screenplay-webdriver-3.2.1.jar:/Users/deepapandey/.m2/repository/net/serenity-bdd/serenity-ensure/3.2.1/serenity-ensure-3.2.1.jar:/Users/deepapandey/.m2/repository/net/serenity-bdd/serenity-junit/3.2.1/serenity-junit-3.2.1.jar:/Users/deepapandey/.m2/repository/org/jetbrains/kotlin/kotlin-stdlib/1.6.0/kotlin-stdlib-1.6.0.jar:/Users/deepapandey/.m2/repository/org/jetbrains/annotations/13.0/annotations-13.0.jar:/Users/deepapandey/.m2/repository/org/jetbrains/kotlin/kotlin-stdlib-common/1.6.0/kotlin-stdlib-common-1.6.0.jar:/Users/deepapandey/.m2/repository/org/junit/platform/junit-platform-launcher/1.8.1/junit-platform-launcher-1.8.1.jar:/Users/deepapandey/.m2/repository/org/junit/platform/junit-platform-engine/1.8.1/junit-platform-engine-1.8.1.jar:/Users/deepapandey/.m2/repository/org/opentest4j/opentest4j/1.2.0/opentest4j-1.2.0.jar:/Users/deepapandey/.m2/repository/org/junit/platform/junit-platform-commons/1.8.1/junit-platform-commons-1.8.1.jar:/Users/deepapandey/.m2/repository/org/apiguardian/apiguardian-api/1.1.2/apiguardian-api-1.1.2.jar:/Users/deepapandey/.m2/repository/org/junit/jupiter/junit-jupiter-engine/5.8.2/junit-jupiter-engine-5.8.2.jar:/Users/deepapandey/.m2/repository/org/junit/jupiter/junit-jupiter-api/5.8.2/junit-jupiter-api-5.8.2.jar:/Users/deepapandey/.m2/repository/org/junit/vintage/junit-vintage-engine/5.8.2/junit-vintage-engine-5.8.2.jar:/Users/deepapandey/.m2/repository/junit/junit/4.13.2/junit-4.13.2.jar:/Users/deepapandey/.m2/repository/org/hamcrest/hamcrest-core/1.3/hamcrest-core-1.3.jar:/Users/deepapandey/.m2/repository/ch/qos/logback/logback-classic/1.2.10/logback-classic-1.2.10.jar:/Users/deepapandey/.m2/repository/ch/qos/logback/logback-core/1.2.10/logback-core-1.2.10.jar:/Users/deepapandey/.m2/repository/org/slf4j/slf4j-api/1.7.32/slf4j-api-1.7.32.jar:/Users/deepapandey/.m2/repository/org/assertj/assertj-core/3.6.2/assertj-core-3.6.2.jar:"/>
    <property name="sun.cpu.endian" value="little"/>
    <property name="user.home" value="/Users/deepapandey"/>
    <property name="user.language" value="en"/>
    <property name="java.specification.vendor" value="Oracle Corporation"/>
    <property name="jdk.module.path" value="/Users/deepapandey/eclipse-workspace/web/target/web-0.0.1-SNAPSHOT.jar"/>
    <property name="java.version.date" value="2022-04-22"/>
    <property name="java.home" value="/Library/Java/JavaVirtualMachines/jdk-18.0.1.1.jdk/Contents/Home"/>
    <property name="file.separator" value="/"/>
    <property name="basedir" value="/Users/deepapandey/eclipse-workspace/web"/>
    <property name="java.vm.compressedOopsMode" value="Zero based"/>
    <property name="line.separator" value="&#10;"/>
    <property name="java.vm.specification.vendor" value="Oracle Corporation"/>
    <property name="java.specification.name" value="Java Platform API Specification"/>
    <property name="apple.awt.application.name" value="ForkedBooter"/>
    <property name="surefire.real.class.path" value="/Users/deepapandey/.m2/repository/org/apache/maven/surefire/surefire-booter/3.0.0-M5/surefire-booter-3.0.0-M5.jar:/Users/deepapandey/.m2/repository/org/apache/maven/surefire/surefire-api/3.0.0-M5/surefire-api-3.0.0-M5.jar:/Users/deepapandey/.m2/repository/org/apache/maven/surefire/surefire-logger-api/3.0.0-M5/surefire-logger-api-3.0.0-M5.jar:/Users/deepapandey/.m2/repository/org/apache/maven/surefire/surefire-shared-utils/3.0.0-M4/surefire-shared-utils-3.0.0-M4.jar:/Users/deepapandey/.m2/repository/org/apache/maven/surefire/surefire-extensions-spi/3.0.0-M5/surefire-extensions-spi-3.0.0-M5.jar:/Users/deepapandey/eclipse-workspace/web/target/test-classes:/Users/deepapandey/.m2/repository/net/serenity-bdd/serenity-core/3.2.1/serenity-core-3.2.1.jar:/Users/deepapandey/.m2/repository/net/serenity-bdd/serenity-model/3.2.1/serenity-model-3.2.1.jar:/Users/deepapandey/.m2/repository/org/apache/commons/commons-text/1.9/commons-text-1.9.jar:/Users/deepapandey/.m2/repository/commons-net/commons-net/3.8.0/commons-net-3.8.0.jar:/Users/deepapandey/.m2/repository/com/google/guava/guava/31.1-jre/guava-31.1-jre.jar:/Users/deepapandey/.m2/repository/com/google/guava/failureaccess/1.0.1/failureaccess-1.0.1.jar:/Users/deepapandey/.m2/repository/com/google/guava/listenablefuture/9999.0-empty-to-avoid-conflict-with-guava/listenablefuture-9999.0-empty-to-avoid-conflict-with-guava.jar:/Users/deepapandey/.m2/repository/com/google/code/findbugs/jsr305/3.0.2/jsr305-3.0.2.jar:/Users/deepapandey/.m2/repository/org/checkerframework/checker-qual/3.12.0/checker-qual-3.12.0.jar:/Users/deepapandey/.m2/repository/com/google/errorprone/error_prone_annotations/2.11.0/error_prone_annotations-2.11.0.jar:/Users/deepapandey/.m2/repository/com/google/j2objc/j2objc-annotations/1.3/j2objc-annotations-1.3.jar:/Users/deepapandey/.m2/repository/com/google/inject/guice/5.1.0/guice-5.1.0.jar:/Users/deepapandey/.m2/repository/javax/inject/javax.inject/1/javax.inject-1.jar:/Users/deepapandey/.m2/repository/aopalliance/aopalliance/1.0/aopalliance-1.0.jar:/Users/deepapandey/.m2/repository/org/jsoup/jsoup/1.14.3/jsoup-1.14.3.jar:/Users/deepapandey/.m2/repository/com/thoughtworks/xstream/xstream/1.4.19/xstream-1.4.19.jar:/Users/deepapandey/.m2/repository/io/github/x-stream/mxparser/1.2.2/mxparser-1.2.2.jar:/Users/deepapandey/.m2/repository/xmlpull/xmlpull/1.1.3.1/xmlpull-1.1.3.1.jar:/Users/deepapandey/.m2/repository/io/cucumber/cucumber-java/7.2.3/cucumber-java-7.2.3.jar:/Users/deepapandey/.m2/repository/com/typesafe/config/1.4.2/config-1.4.2.jar:/Users/deepapandey/.m2/repository/org/imgscalr/imgscalr-lib/4.2/imgscalr-lib-4.2.jar:/Users/deepapandey/.m2/repository/org/awaitility/awaitility/4.2.0/awaitility-4.2.0.jar:/Users/deepapandey/.m2/repository/org/freemarker/freemarker/2.3.31/freemarker-2.3.31.jar:/Users/deepapandey/.m2/repository/io/github/classgraph/classgraph/4.8.138/classgraph-4.8.138.jar:/Users/deepapandey/.m2/repository/net/sourceforge/jexcelapi/jxl/2.6.12/jxl-2.6.12.jar:/Users/deepapandey/.m2/repository/net/bytebuddy/byte-buddy/1.12.8/byte-buddy-1.12.8.jar:/Users/deepapandey/.m2/repository/net/bytebuddy/byte-buddy-agent/1.12.8/byte-buddy-agent-1.12.8.jar:/Users/deepapandey/.m2/repository/org/objenesis/objenesis/3.1/objenesis-3.1.jar:/Users/deepapandey/.m2/repository/net/serenity-bdd/serenity-reports/3.2.1/serenity-reports-3.2.1.jar:/Users/deepapandey/.m2/repository/net/serenity-bdd/serenity-stats/3.2.1/serenity-stats-3.2.1.jar:/Users/deepapandey/.m2/repository/net/serenity-bdd/serenity-reports-configuration/3.2.1/serenity-reports-configuration-3.2.1.jar:/Users/deepapandey/.m2/repository/com/vladsch/flexmark/flexmark-all/0.34.30/flexmark-all-0.34.30.jar:/Users/deepapandey/.m2/repository/com/vladsch/flexmark/flexmark/0.34.30/flexmark-0.34.30.jar:/Users/deepapandey/.m2/repository/com/vladsch/flexmark/flexmark-ext-abbreviation/0.34.30/flexmark-ext-abbreviation-0.34.30.jar:/Users/deepapandey/.m2/repository/com/vladsch/flexmark/flexmark-ext-admonition/0.34.30/flexmark-ext-admonition-0.34.30.jar:/Users/deepapandey/.m2/repository/com/vladsch/flexmark/flexmark-ext-anchorlink/0.34.30/flexmark-ext-anchorlink-0.34.30.jar:/Users/deepapandey/.m2/repository/com/vladsch/flexmark/flexmark-ext-aside/0.34.30/flexmark-ext-aside-0.34.30.jar:/Users/deepapandey/.m2/repository/com/vladsch/flexmark/flexmark-ext-attributes/0.34.30/flexmark-ext-attributes-0.34.30.jar:/Users/deepapandey/.m2/repository/com/vladsch/flexmark/flexmark-ext-autolink/0.34.30/flexmark-ext-autolink-0.34.30.jar:/Users/deepapandey/.m2/repository/org/nibor/autolink/autolink/0.6.0/autolink-0.6.0.jar:/Users/deepapandey/.m2/repository/com/vladsch/flexmark/flexmark-ext-definition/0.34.30/flexmark-ext-definition-0.34.30.jar:/Users/deepapandey/.m2/repository/com/vladsch/flexmark/flexmark-ext-emoji/0.34.30/flexmark-ext-emoji-0.34.30.jar:/Users/deepapandey/.m2/repository/com/vladsch/flexmark/flexmark-ext-enumerated-reference/0.34.30/flexmark-ext-enumerated-reference-0.34.30.jar:/Users/deepapandey/.m2/repository/com/vladsch/flexmark/flexmark-ext-escaped-character/0.34.30/flexmark-ext-escaped-character-0.34.30.jar:/Users/deepapandey/.m2/repository/com/vladsch/flexmark/flexmark-ext-footnotes/0.34.30/flexmark-ext-footnotes-0.34.30.jar:/Users/deepapandey/.m2/repository/com/vladsch/flexmark/flexmark-ext-gfm-issues/0.34.30/flexmark-ext-gfm-issues-0.34.30.jar:/Users/deepapandey/.m2/repository/com/vladsch/flexmark/flexmark-ext-gfm-strikethrough/0.34.30/flexmark-ext-gfm-strikethrough-0.34.30.jar:/Users/deepapandey/.m2/repository/com/vladsch/flexmark/flexmark-ext-gfm-tables/0.34.30/flexmark-ext-gfm-tables-0.34.30.jar:/Users/deepapandey/.m2/repository/com/vladsch/flexmark/flexmark-ext-gfm-tasklist/0.34.30/flexmark-ext-gfm-tasklist-0.34.30.jar:/Users/deepapandey/.m2/repository/com/vladsch/flexmark/flexmark-ext-gfm-users/0.34.30/flexmark-ext-gfm-users-0.34.30.jar:/Users/deepapandey/.m2/repository/com/vladsch/flexmark/flexmark-ext-gitlab/0.34.30/flexmark-ext-gitlab-0.34.30.jar:/Users/deepapandey/.m2/repository/com/vladsch/flexmark/flexmark-ext-jekyll-front-matter/0.34.30/flexmark-ext-jekyll-front-matter-0.34.30.jar:/Users/deepapandey/.m2/repository/com/vladsch/flexmark/flexmark-ext-jekyll-tag/0.34.30/flexmark-ext-jekyll-tag-0.34.30.jar:/Users/deepapandey/.m2/repository/com/vladsch/flexmark/flexmark-ext-media-tags/0.34.30/flexmark-ext-media-tags-0.34.30.jar:/Users/deepapandey/.m2/repository/com/vladsch/flexmark/flexmark-test-util/0.34.30/flexmark-test-util-0.34.30.jar:/Users/deepapandey/.m2/repository/com/vladsch/flexmark/flexmark-ext-ins/0.34.30/flexmark-ext-ins-0.34.30.jar:/Users/deepapandey/.m2/repository/com/vladsch/flexmark/flexmark-ext-xwiki-macros/0.34.30/flexmark-ext-xwiki-macros-0.34.30.jar:/Users/deepapandey/.m2/repository/com/vladsch/flexmark/flexmark-ext-superscript/0.34.30/flexmark-ext-superscript-0.34.30.jar:/Users/deepapandey/.m2/repository/com/vladsch/flexmark/flexmark-ext-tables/0.34.30/flexmark-ext-tables-0.34.30.jar:/Users/deepapandey/.m2/repository/com/vladsch/flexmark/flexmark-ext-toc/0.34.30/flexmark-ext-toc-0.34.30.jar:/Users/deepapandey/.m2/repository/com/vladsch/flexmark/flexmark-ext-typographic/0.34.30/flexmark-ext-typographic-0.34.30.jar:/Users/deepapandey/.m2/repository/com/vladsch/flexmark/flexmark-ext-wikilink/0.34.30/flexmark-ext-wikilink-0.34.30.jar:/Users/deepapandey/.m2/repository/com/vladsch/flexmark/flexmark-ext-yaml-front-matter/0.34.30/flexmark-ext-yaml-front-matter-0.34.30.jar:/Users/deepapandey/.m2/repository/com/vladsch/flexmark/flexmark-ext-youtube-embedded/0.34.30/flexmark-ext-youtube-embedded-0.34.30.jar:/Users/deepapandey/.m2/repository/com/vladsch/flexmark/flexmark-formatter/0.34.30/flexmark-formatter-0.34.30.jar:/Users/deepapandey/.m2/repository/com/vladsch/flexmark/flexmark-html-parser/0.34.30/flexmark-html-parser-0.34.30.jar:/Users/deepapandey/.m2/repository/com/vladsch/flexmark/flexmark-jira-converter/0.34.30/flexmark-jira-converter-0.34.30.jar:/Users/deepapandey/.m2/repository/com/vladsch/flexmark/flexmark-pdf-converter/0.34.30/flexmark-pdf-converter-0.34.30.jar:/Users/deepapandey/.m2/repository/com/openhtmltopdf/openhtmltopdf-core/0.0.1-RC13/openhtmltopdf-core-0.0.1-RC13.jar:/Users/deepapandey/.m2/repository/com/openhtmltopdf/openhtmltopdf-pdfbox/0.0.1-RC13/openhtmltopdf-pdfbox-0.0.1-RC13.jar:/Users/deepapandey/.m2/repository/org/apache/pdfbox/pdfbox/2.0.8/pdfbox-2.0.8.jar:/Users/deepapandey/.m2/repository/org/apache/pdfbox/fontbox/2.0.8/fontbox-2.0.8.jar:/Users/deepapandey/.m2/repository/commons-logging/commons-logging/1.2/commons-logging-1.2.jar:/Users/deepapandey/.m2/repository/org/apache/pdfbox/xmpbox/2.0.8/xmpbox-2.0.8.jar:/Users/deepapandey/.m2/repository/de/rototor/pdfbox/graphics2d/0.12/graphics2d-0.12.jar:/Users/deepapandey/.m2/repository/com/openhtmltopdf/openhtmltopdf-rtl-support/0.0.1-RC13/openhtmltopdf-rtl-support-0.0.1-RC13.jar:/Users/deepapandey/.m2/repository/com/ibm/icu/icu4j/59.1/icu4j-59.1.jar:/Users/deepapandey/.m2/repository/com/openhtmltopdf/openhtmltopdf-jsoup-dom-converter/0.0.1-RC13/openhtmltopdf-jsoup-dom-converter-0.0.1-RC13.jar:/Users/deepapandey/.m2/repository/com/vladsch/flexmark/flexmark-profile-pegdown/0.34.30/flexmark-profile-pegdown-0.34.30.jar:/Users/deepapandey/.m2/repository/com/vladsch/flexmark/flexmark-util/0.34.30/flexmark-util-0.34.30.jar:/Users/deepapandey/.m2/repository/com/vladsch/flexmark/flexmark-youtrack-converter/0.34.30/flexmark-youtrack-converter-0.34.30.jar:/Users/deepapandey/.m2/repository/es/nitaur/markdown/txtmark/0.16/txtmark-0.16.jar:/Users/deepapandey/.m2/repository/net/serenity-bdd/serenity-report-resources/3.2.1/serenity-report-resources-3.2.1.jar:/Users/deepapandey/.m2/repository/com/google/code/gson/gson/2.9.0/gson-2.9.0.jar:/Users/deepapandey/.m2/repository/com/fasterxml/jackson/core/jackson-core/2.13.2/jackson-core-2.13.2.jar:/Users/deepapandey/.m2/repository/com/fasterxml/jackson/core/jackson-databind/2.13.2/jackson-databind-2.13.2.jar:/Users/deepapandey/.m2/repository/com/fasterxml/jackson/core/jackson-annotations/2.13.2/jackson-annotations-2.13.2.jar:/Users/deepapandey/.m2/repository/commons-codec/commons-codec/1.15/commons-codec-1.15.jar:/Users/deepapandey/.m2/repository/commons-io/commons-io/2.11.0/commons-io-2.11.0.jar:/Users/deepapandey/.m2/repository/org/seleniumhq/selenium/selenium-java/4.1.2/selenium-java-4.1.2.jar:/Users/deepapandey/.m2/repository/org/seleniumhq/selenium/selenium-devtools-v85/4.1.2/selenium-devtools-v85-4.1.2.jar:/Users/deepapandey/.m2/repository/org/seleniumhq/selenium/selenium-devtools-v95/4.1.2/selenium-devtools-v95-4.1.2.jar:/Users/deepapandey/.m2/repository/org/seleniumhq/selenium/selenium-devtools-v96/4.1.2/selenium-devtools-v96-4.1.2.jar:/Users/deepapandey/.m2/repository/org/seleniumhq/selenium/selenium-devtools-v97/4.1.2/selenium-devtools-v97-4.1.2.jar:/Users/deepapandey/.m2/repository/org/seleniumhq/selenium/selenium-firefox-xpi-driver/4.1.2/selenium-firefox-xpi-driver-4.1.2.jar:/Users/deepapandey/.m2/repository/org/seleniumhq/selenium/selenium-opera-driver/4.1.2/selenium-opera-driver-4.1.2.jar:/Users/deepapandey/.m2/repository/org/seleniumhq/selenium/selenium-remote-driver/4.1.2/selenium-remote-driver-4.1.2.jar:/Users/deepapandey/.m2/repository/com/beust/jcommander/1.82/jcommander-1.82.jar:/Users/deepapandey/.m2/repository/io/netty/netty-buffer/4.1.73.Final/netty-buffer-4.1.73.Final.jar:/Users/deepapandey/.m2/repository/io/netty/netty-codec-http/4.1.73.Final/netty-codec-http-4.1.73.Final.jar:/Users/deepapandey/.m2/repository/io/netty/netty-codec/4.1.73.Final/netty-codec-4.1.73.Final.jar:/Users/deepapandey/.m2/repository/io/netty/netty-handler/4.1.73.Final/netty-handler-4.1.73.Final.jar:/Users/deepapandey/.m2/repository/io/netty/netty-tcnative-classes/2.0.46.Final/netty-tcnative-classes-2.0.46.Final.jar:/Users/deepapandey/.m2/repository/io/netty/netty-common/4.1.73.Final/netty-common-4.1.73.Final.jar:/Users/deepapandey/.m2/repository/io/netty/netty-transport-classes-epoll/4.1.73.Final/netty-transport-classes-epoll-4.1.73.Final.jar:/Users/deepapandey/.m2/repository/io/netty/netty-transport-classes-kqueue/4.1.73.Final/netty-transport-classes-kqueue-4.1.73.Final.jar:/Users/deepapandey/.m2/repository/io/netty/netty-transport-native-epoll/4.1.73.Final/netty-transport-native-epoll-4.1.73.Final.jar:/Users/deepapandey/.m2/repository/io/netty/netty-transport-native-kqueue/4.1.73.Final/netty-transport-native-kqueue-4.1.73.Final.jar:/Users/deepapandey/.m2/repository/io/netty/netty-transport-native-unix-common/4.1.73.Final/netty-transport-native-unix-common-4.1.73.Final.jar:/Users/deepapandey/.m2/repository/io/netty/netty-transport/4.1.73.Final/netty-transport-4.1.73.Final.jar:/Users/deepapandey/.m2/repository/io/netty/netty-resolver/4.1.73.Final/netty-resolver-4.1.73.Final.jar:/Users/deepapandey/.m2/repository/io/opentelemetry/opentelemetry-api/1.10.1/opentelemetry-api-1.10.1.jar:/Users/deepapandey/.m2/repository/io/opentelemetry/opentelemetry-context/1.10.1/opentelemetry-context-1.10.1.jar:/Users/deepapandey/.m2/repository/io/opentelemetry/opentelemetry-exporter-logging/1.10.1/opentelemetry-exporter-logging-1.10.1.jar:/Users/deepapandey/.m2/repository/io/opentelemetry/opentelemetry-sdk-metrics/1.10.1-alpha/opentelemetry-sdk-metrics-1.10.1-alpha.jar:/Users/deepapandey/.m2/repository/io/opentelemetry/opentelemetry-sdk-logs/1.10.1-alpha/opentelemetry-sdk-logs-1.10.1-alpha.jar:/Users/deepapandey/.m2/repository/io/opentelemetry/opentelemetry-sdk-common/1.10.1/opentelemetry-sdk-common-1.10.1.jar:/Users/deepapandey/.m2/repository/io/opentelemetry/opentelemetry-sdk-extension-autoconfigure-spi/1.10.1/opentelemetry-sdk-extension-autoconfigure-spi-1.10.1.jar:/Users/deepapandey/.m2/repository/io/opentelemetry/opentelemetry-sdk-extension-autoconfigure/1.10.1-alpha/opentelemetry-sdk-extension-autoconfigure-1.10.1-alpha.jar:/Users/deepapandey/.m2/repository/io/opentelemetry/opentelemetry-sdk-trace/1.10.1/opentelemetry-sdk-trace-1.10.1.jar:/Users/deepapandey/.m2/repository/io/opentelemetry/opentelemetry-sdk/1.10.1/opentelemetry-sdk-1.10.1.jar:/Users/deepapandey/.m2/repository/io/opentelemetry/opentelemetry-semconv/1.10.1-alpha/opentelemetry-semconv-1.10.1-alpha.jar:/Users/deepapandey/.m2/repository/io/ous/jtoml/2.0.0/jtoml-2.0.0.jar:/Users/deepapandey/.m2/repository/org/apache/commons/commons-exec/1.3/commons-exec-1.3.jar:/Users/deepapandey/.m2/repository/org/asynchttpclient/async-http-client/2.12.3/async-http-client-2.12.3.jar:/Users/deepapandey/.m2/repository/org/asynchttpclient/async-http-client-netty-utils/2.12.3/async-http-client-netty-utils-2.12.3.jar:/Users/deepapandey/.m2/repository/io/netty/netty-codec-socks/4.1.60.Final/netty-codec-socks-4.1.60.Final.jar:/Users/deepapandey/.m2/repository/io/netty/netty-handler-proxy/4.1.60.Final/netty-handler-proxy-4.1.60.Final.jar:/Users/deepapandey/.m2/repository/io/netty/netty-transport-native-epoll/4.1.60.Final/netty-transport-native-epoll-4.1.60.Final-linux-x86_64.jar:/Users/deepapandey/.m2/repository/io/netty/netty-transport-native-kqueue/4.1.60.Final/netty-transport-native-kqueue-4.1.60.Final-osx-x86_64.jar:/Users/deepapandey/.m2/repository/org/reactivestreams/reactive-streams/1.0.3/reactive-streams-1.0.3.jar:/Users/deepapandey/.m2/repository/com/typesafe/netty/netty-reactive-streams/2.0.4/netty-reactive-streams-2.0.4.jar:/Users/deepapandey/.m2/repository/org/seleniumhq/selenium/selenium-http/4.1.2/selenium-http-4.1.2.jar:/Users/deepapandey/.m2/repository/net/jodah/failsafe/2.4.4/failsafe-2.4.4.jar:/Users/deepapandey/.m2/repository/org/seleniumhq/selenium/selenium-safari-driver/4.1.2/selenium-safari-driver-4.1.2.jar:/Users/deepapandey/.m2/repository/org/seleniumhq/selenium/selenium-api/4.1.2/selenium-api-4.1.2.jar:/Users/deepapandey/.m2/repository/org/seleniumhq/selenium/selenium-support/4.1.2/selenium-support-4.1.2.jar:/Users/deepapandey/.m2/repository/com/google/auto/service/auto-service-annotations/1.0.1/auto-service-annotations-1.0.1.jar:/Users/deepapandey/.m2/repository/com/google/auto/service/auto-service/1.0.1/auto-service-1.0.1.jar:/Users/deepapandey/.m2/repository/com/google/auto/auto-common/1.2/auto-common-1.2.jar:/Users/deepapandey/.m2/repository/org/seleniumhq/selenium/selenium-json/4.1.2/selenium-json-4.1.2.jar:/Users/deepapandey/.m2/repository/org/seleniumhq/selenium/selenium-chrome-driver/4.1.2/selenium-chrome-driver-4.1.2.jar:/Users/deepapandey/.m2/repository/org/seleniumhq/selenium/selenium-chromium-driver/4.1.2/selenium-chromium-driver-4.1.2.jar:/Users/deepapandey/.m2/repository/org/seleniumhq/selenium/selenium-firefox-driver/4.1.2/selenium-firefox-driver-4.1.2.jar:/Users/deepapandey/.m2/repository/org/seleniumhq/selenium/selenium-edge-driver/4.1.2/selenium-edge-driver-4.1.2.jar:/Users/deepapandey/.m2/repository/org/seleniumhq/selenium/selenium-ie-driver/4.1.2/selenium-ie-driver-4.1.2.jar:/Users/deepapandey/.m2/repository/org/projectlombok/lombok/1.18.20/lombok-1.18.20.jar:/Users/deepapandey/.m2/repository/io/appium/java-client/8.0.0/java-client-8.0.0.jar:/Users/deepapandey/.m2/repository/commons-validator/commons-validator/1.7/commons-validator-1.7.jar:/Users/deepapandey/.m2/repository/commons-digester/commons-digester/2.1/commons-digester-2.1.jar:/Users/deepapandey/.m2/repository/org/aspectj/aspectjweaver/1.9.8/aspectjweaver-1.9.8.jar:/Users/deepapandey/.m2/repository/org/codehaus/groovy/groovy/3.0.10/groovy-3.0.10.jar:/Users/deepapandey/.m2/repository/net/sf/opencsv/opencsv/2.0/opencsv-2.0.jar:/Users/deepapandey/.m2/repository/commons-beanutils/commons-beanutils/1.9.4/commons-beanutils-1.9.4.jar:/Users/deepapandey/.m2/repository/org/apache/commons/commons-lang3/3.12.0/commons-lang3-3.12.0.jar:/Users/deepapandey/.m2/repository/commons-collections/commons-collections/3.2.2/commons-collections-3.2.2.jar:/Users/deepapandey/.m2/repository/org/fluentlenium/fluentlenium-core/0.10.2/fluentlenium-core-0.10.2.jar:/Users/deepapandey/.m2/repository/io/github/bonigarcia/webdrivermanager/5.1.0/webdrivermanager-5.1.0.jar:/Users/deepapandey/.m2/repository/com/github/docker-java/docker-java/3.2.13/docker-java-3.2.13.jar:/Users/deepapandey/.m2/repository/com/github/docker-java/docker-java-core/3.2.13/docker-java-core-3.2.13.jar:/Users/deepapandey/.m2/repository/com/github/docker-java/docker-java-api/3.2.13/docker-java-api-3.2.13.jar:/Users/deepapandey/.m2/repository/org/apache/commons/commons-compress/1.21/commons-compress-1.21.jar:/Users/deepapandey/.m2/repository/org/bouncycastle/bcpkix-jdk15on/1.64/bcpkix-jdk15on-1.64.jar:/Users/deepapandey/.m2/repository/org/bouncycastle/bcprov-jdk15on/1.64/bcprov-jdk15on-1.64.jar:/Users/deepapandey/.m2/repository/org/slf4j/jcl-over-slf4j/1.7.30/jcl-over-slf4j-1.7.30.jar:/Users/deepapandey/.m2/repository/com/github/docker-java/docker-java-transport-httpclient5/3.2.13/docker-java-transport-httpclient5-3.2.13.jar:/Users/deepapandey/.m2/repository/com/github/docker-java/docker-java-transport/3.2.13/docker-java-transport-3.2.13.jar:/Users/deepapandey/.m2/repository/org/apache/httpcomponents/client5/httpclient5/5.0.3/httpclient5-5.0.3.jar:/Users/deepapandey/.m2/repository/org/apache/httpcomponents/core5/httpcore5/5.0.2/httpcore5-5.0.2.jar:/Users/deepapandey/.m2/repository/net/java/dev/jna/jna/5.8.0/jna-5.8.0.jar:/Users/deepapandey/.m2/repository/org/brotli/dec/0.1.2/dec-0.1.2.jar:/Users/deepapandey/.m2/repository/com/jhlabs/filters/2.0.235/filters-2.0.235.jar:/Users/deepapandey/.m2/repository/com/paulhammant/ngwebdriver/1.1.6/ngwebdriver-1.1.6.jar:/Users/deepapandey/.m2/repository/joda-time/joda-time/2.8.2/joda-time-2.8.2.jar:/Users/deepapandey/.m2/repository/org/hamcrest/hamcrest/2.2/hamcrest-2.2.jar:/Users/deepapandey/.m2/repository/com/google/jimfs/jimfs/1.2/jimfs-1.2.jar:/Users/deepapandey/.m2/repository/org/mockito/mockito-core/3.3.3/mockito-core-3.3.3.jar:/Users/deepapandey/.m2/repository/javax/xml/bind/jaxb-api/2.3.1/jaxb-api-2.3.1.jar:/Users/deepapandey/.m2/repository/javax/activation/javax.activation-api/1.2.0/javax.activation-api-1.2.0.jar:/Users/deepapandey/.m2/repository/com/sun/xml/bind/jaxb-core/2.3.0.1/jaxb-core-2.3.0.1.jar:/Users/deepapandey/.m2/repository/com/sun/xml/bind/jaxb-impl/2.3.3/jaxb-impl-2.3.3.jar:/Users/deepapandey/.m2/repository/jakarta/xml/bind/jakarta.xml.bind-api/2.3.3/jakarta.xml.bind-api-2.3.3.jar:/Users/deepapandey/.m2/repository/com/sun/activation/jakarta.activation/1.2.2/jakarta.activation-1.2.2.jar:/Users/deepapandey/.m2/repository/javax/activation/activation/1.1.1/activation-1.1.1.jar:/Users/deepapandey/.m2/repository/net/serenity-bdd/serenity-cucumber/3.2.1/serenity-cucumber-3.2.1.jar:/Users/deepapandey/.m2/repository/io/cucumber/cucumber-core/7.2.3/cucumber-core-7.2.3.jar:/Users/deepapandey/.m2/repository/io/cucumber/cucumber-gherkin/7.2.3/cucumber-gherkin-7.2.3.jar:/Users/deepapandey/.m2/repository/io/cucumber/cucumber-gherkin-messages/7.2.3/cucumber-gherkin-messages-7.2.3.jar:/Users/deepapandey/.m2/repository/io/cucumber/messages/17.1.1/messages-17.1.1.jar:/Users/deepapandey/.m2/repository/io/cucumber/tag-expressions/4.1.0/tag-expressions-4.1.0.jar:/Users/deepapandey/.m2/repository/io/cucumber/cucumber-expressions/15.0.1/cucumber-expressions-15.0.1.jar:/Users/deepapandey/.m2/repository/io/cucumber/datatable/7.2.3/datatable-7.2.3.jar:/Users/deepapandey/.m2/repository/io/cucumber/cucumber-plugin/7.2.3/cucumber-plugin-7.2.3.jar:/Users/deepapandey/.m2/repository/io/cucumber/docstring/7.2.3/docstring-7.2.3.jar:/Users/deepapandey/.m2/repository/io/cucumber/html-formatter/17.0.0/html-formatter-17.0.0.jar:/Users/deepapandey/.m2/repository/io/cucumber/ci-environment/8.1.0/ci-environment-8.1.0.jar:/Users/deepapandey/.m2/repository/io/cucumber/cucumber-junit/7.2.3/cucumber-junit-7.2.3.jar:/Users/deepapandey/.m2/repository/org/apache/commons/commons-csv/1.5/commons-csv-1.5.jar:/Users/deepapandey/.m2/repository/net/serenity-bdd/serenity-screenplay/3.2.1/serenity-screenplay-3.2.1.jar:/Users/deepapandey/.m2/repository/net/serenity-bdd/serenity-screenplay-webdriver/3.2.1/serenity-screenplay-webdriver-3.2.1.jar:/Users/deepapandey/.m2/repository/net/serenity-bdd/serenity-ensure/3.2.1/serenity-ensure-3.2.1.jar:/Users/deepapandey/.m2/repository/net/serenity-bdd/serenity-junit/3.2.1/serenity-junit-3.2.1.jar:/Users/deepapandey/.m2/repository/org/jetbrains/kotlin/kotlin-stdlib/1.6.0/kotlin-stdlib-1.6.0.jar:/Users/deepapandey/.m2/repository/org/jetbrains/annotations/13.0/annotations-13.0.jar:/Users/deepapandey/.m2/repository/org/jetbrains/kotlin/kotlin-stdlib-common/1.6.0/kotlin-stdlib-common-1.6.0.jar:/Users/deepapandey/.m2/repository/org/junit/platform/junit-platform-launcher/1.8.1/junit-platform-launcher-1.8.1.jar:/Users/deepapandey/.m2/repository/org/junit/platform/junit-platform-engine/1.8.1/junit-platform-engine-1.8.1.jar:/Users/deepapandey/.m2/repository/org/opentest4j/opentest4j/1.2.0/opentest4j-1.2.0.jar:/Users/deepapandey/.m2/repository/org/junit/platform/junit-platform-commons/1.8.1/junit-platform-commons-1.8.1.jar:/Users/deepapandey/.m2/repository/org/apiguardian/apiguardian-api/1.1.2/apiguardian-api-1.1.2.jar:/Users/deepapandey/.m2/repository/org/junit/jupiter/junit-jupiter-engine/5.8.2/junit-jupiter-engine-5.8.2.jar:/Users/deepapandey/.m2/repository/org/junit/jupiter/junit-jupiter-api/5.8.2/junit-jupiter-api-5.8.2.jar:/Users/deepapandey/.m2/repository/org/junit/vintage/junit-vintage-engine/5.8.2/junit-vintage-engine-5.8.2.jar:/Users/deepapandey/.m2/repository/junit/junit/4.13.2/junit-4.13.2.jar:/Users/deepapandey/.m2/repository/org/hamcrest/hamcrest-core/1.3/hamcrest-core-1.3.jar:/Users/deepapandey/.m2/repository/ch/qos/logback/logback-classic/1.2.10/logback-classic-1.2.10.jar:/Users/deepapandey/.m2/repository/ch/qos/logback/logback-core/1.2.10/logback-core-1.2.10.jar:/Users/deepapandey/.m2/repository/org/slf4j/slf4j-api/1.7.32/slf4j-api-1.7.32.jar:/Users/deepapandey/.m2/repository/org/assertj/assertj-core/3.6.2/assertj-core-3.6.2.jar:/Users/deepapandey/.m2/repository/org/apache/maven/surefire/surefire-junit-platform/3.0.0-M5/surefire-junit-platform-3.0.0-M5.jar:/Users/deepapandey/.m2/repository/org/apache/maven/surefire/common-java5/3.0.0-M5/common-java5-3.0.0-M5.jar"/>
    <property name="java.protocol.handler.pkgs" value="com.google.common"/>
    <property name="sun.management.compiler" value="HotSpot 64-Bit Tiered Compilers"/>
    <property name="ftp.nonProxyHosts" value="local|*.local|169.254/16|*.169.254/16"/>
    <property name="java.runtime.version" value="18.0.1.1+2-6"/>
    <property name="user.name" value="deepapandey"/>
    <property name="path.separator" value=":"/>
    <property name="os.version" value="11.6"/>
    <property name="java.runtime.name" value="Java(TM) SE Runtime Environment"/>
    <property name="file.encoding" value="UTF-8"/>
    <property name="webdriver.base.url" value=""/>
    <property name="java.vm.name" value="Java HotSpot(TM) 64-Bit Server VM"/>
    <property name="localRepository" value="/Users/deepapandey/.m2/repository"/>
    <property name="java.vendor.url.bug" value="https://bugreport.java.com/bugreport/"/>
    <property name="java.io.tmpdir" value="/var/folders/3h/b0byy4bd37q3b71h4ydh7rnw0000gn/T/"/>
    <property name="java.version" value="18.0.1.1"/>
    <property name="user.dir" value="/Users/deepapandey/eclipse-workspace/web"/>
    <property name="os.arch" value="x86_64"/>
    <property name="java.vm.specification.name" value="Java Virtual Machine Specification"/>
    <property name="native.encoding" value="UTF-8"/>
    <property name="java.library.path" value="/Users/deepapandey/Library/Java/Extensions:/Library/Java/Extensions:/Network/Library/Java/Extensions:/System/Library/Java/Extensions:/usr/lib/java:."/>
    <property name="java.vm.info" value="mixed mode"/>
    <property name="java.vendor" value="Oracle Corporation"/>
    <property name="java.vm.version" value="18.0.1.1+2-6"/>
    <property name="sun.io.unicode.encoding" value="UnicodeBig"/>
    <property name="socksNonProxyHosts" value="local|*.local|169.254/16|*.169.254/16"/>
    <property name="java.class.version" value="62.0"/>
  </properties>
  <testcase name="Create a user so that he can login into COVID THE GAME application" classname="User Creation, complete some challenges and check the leaderboard" time="34.426">
    <system-out><![CDATA[00:06:13.771 [main] INFO io.cucumber.core.plugin.SerenityReporter - Running feature from file:///Users/deepapandey/eclipse-workspace/web/src/test/resources/features/covid19.feature
00:06:13.942 [main] INFO  - 

-------------------------------------------------------------------------------------
     _______. _______ .______       _______ .__   __.  __  .___________.____    ____ 
    /       ||   ____||   _  \     |   ____||  \ |  | |  | |           |\   \  /   / 
   |   (----`|  |__   |  |_)  |    |  |__   |   \|  | |  | `---|  |----` \   \/   /  
    \   \    |   __|  |      /     |   __|  |  . `  | |  |     |  |       \_    _/   
.----)   |   |  |____ |  |\  \----.|  |____ |  |\   | |  |     |  |         |  |     
|_______/    |_______|| _| `._____||_______||__| \__| |__|     |__|         |__|    
                                                                                     
 News and tutorials at http://www.serenity-bdd.info                                  
 Documentation at https://wakaleo.gitbooks.io/the-serenity-book/content/             
 Join the Serenity Community on Gitter: https://gitter.im/serenity-bdd/serenity-core 
 Serenity BDD Support and Training at http://serenity-bdd.info/#/trainingandsupport  
-------------------------------------------------------------------------------------

00:06:13.945 [main] DEBUG net.thucydides.core.steps.StepEventBus - Test suite started for story net.thucydides.core.model.Story@21cfa2c6
00:06:13.948 [main] INFO  - Test Suite Started: User Creation, complete some challenges and check the leaderboard
00:06:13.958 [main] INFO io.cucumber.core.plugin.SerenityReporter - Running feature from file:///Users/deepapandey/eclipse-workspace/web/src/test/resources/features/covid19.feature
00:06:13.962 [main] DEBUG net.thucydides.core.steps.StepEventBus - Test suite started for story net.thucydides.core.model.Story@21cfa2c6
00:06:13.963 [main] INFO  - Test Suite Started: User Creation, complete some challenges and check the leaderboard

@RegressionTest
Scenario: Create a user so that he can login into COVID THE GAME application                   &amp#27;[90m# src/test/resources/features/covid19.feature:3&amp#27;[0m
00:06:14.037 [main] INFO io.cucumber.core.plugin.SerenityReporter - Running feature from file:///Users/deepapandey/eclipse-workspace/web/src/test/resources/features/covid19.feature
00:06:14.126 [main] INFO  - 
  _____   ___   ___   _____     ___   _____     _     ___   _____   ___   ___  
 |_   _| | __| / __| |_   _|   / __| |_   _|   /_\   | _ \ |_   _| | __| |   \ 
   | |   | _|  \__ \   | |     \__ \   | |    / _ \  |   /   | |   | _|  | |) |
   |_|   |___| |___/   |_|     |___/   |_|   /_/ \_\ |_|_\   |_|   |___| |___/ 

Create a user so that he can login into COVID THE GAME application(user-creation--complete-some-challenges-and-check-the-leaderboard;create-a-user-so-that-he-can-login-into-covid-the-game-application)
--------------------------------------------------------------------------------
00:06:14.626 [main] DEBUG net.thucydides.core.steps.StepInterceptor - STARTING STEP: UserCreation.user_is_on_home_page_of_covid_application - openApplication
00:06:14.652 [main] INFO net.serenitybdd.core.webdriver.driverproviders.ChromeDriverProvider - Using automatically driver download
00:06:15.560 [main] DEBUG io.github.bonigarcia.wdm.cache.ResolutionCache - Resolution chrome=101 in cache (valid until 01:02:40 23/05/2022 AEST)
00:06:15.575 [main] DEBUG io.github.bonigarcia.wdm.cache.ResolutionCache - Resolution chrome101=101.0.4951.41 in cache (valid until 00:02:40 24/05/2022 AEST)
00:06:15.581 [main] INFO io.github.bonigarcia.wdm.WebDriverManager - Using chromedriver 101.0.4951.41 (resolved driver for Chrome 101)
00:06:15.614 [main] DEBUG io.github.bonigarcia.wdm.WebDriverManager - Driver chromedriver 101.0.4951.41 found in cache
00:06:15.615 [main] INFO io.github.bonigarcia.wdm.WebDriverManager - Exporting webdriver.chrome.driver as /Users/deepapandey/.cache/selenium/chromedriver/mac64/101.0.4951.41/chromedriver
00:06:16.391 [main] DEBUG net.thucydides.core.reflection.ClassFinder - Could not load class .pages.ChallengeHomePage
00:06:16.392 [main] DEBUG net.thucydides.core.reflection.ClassFinder - Could not load class .pages.ChallengePage
00:06:16.392 [main] DEBUG net.thucydides.core.reflection.ClassFinder - Could not load class .pages.CovidHomePage
00:06:16.392 [main] DEBUG net.thucydides.core.reflection.ClassFinder - Could not load class .pages.HomePage
00:06:16.392 [main] DEBUG net.thucydides.core.reflection.ClassFinder - Could not load class .pages.ScoreboardMainPage
00:06:16.392 [main] DEBUG net.thucydides.core.reflection.ClassFinder - Could not load class .pages.ScoreboardPage
00:06:16.392 [main] DEBUG net.thucydides.core.reflection.ClassFinder - Could not load class .starter.TestSuite
00:06:16.392 [main] DEBUG net.thucydides.core.reflection.ClassFinder - Could not load class .starter.stepdefinitions.Challenges
00:06:16.392 [main] DEBUG net.thucydides.core.reflection.ClassFinder - Could not load class .starter.stepdefinitions.UserCreation
00:06:16.402 [main] DEBUG net.thucydides.core.reflection.ClassFinder - Could not load class META-INF.versions.9.com.sun.istack.logging.StackHelper
00:06:16.404 [main] DEBUG net.thucydides.core.reflection.ClassFinder - Could not load class META-INF.versions.9.com.sun.xml.bind.v2.runtime.reflect.opt.AccessorInjector
00:06:16.405 [main] DEBUG net.thucydides.core.reflection.ClassFinder - Could not load class META-INF.versions.9.com.sun.xml.bind.v2.runtime.reflect.opt.Injector
00:06:16.405 [main] DEBUG net.thucydides.core.reflection.ClassFinder - Could not load class META-INF.versions.9.com.sun.xml.bind.v2.runtime.reflect.opt.OptimizedAccessorFactory
00:06:16.406 [main] DEBUG net.thucydides.core.reflection.ClassFinder - Could not load class META-INF.versions.9.com.sun.xml.bind.v2.runtime.reflect.opt.OptimizedTransducedAccessorFactory
00:06:16.406 [main] DEBUG net.thucydides.core.reflection.ClassFinder - Could not load class META-INF.versions.9.io.opentelemetry.sdk.internal.CurrentJavaVersionSpecific
00:06:16.407 [main] DEBUG net.thucydides.core.reflection.ClassFinder - Could not load class META-INF.versions.9.io.opentelemetry.sdk.internal.Java9VersionSpecific
00:06:16.407 [main] DEBUG net.thucydides.core.reflection.ClassFinder - Could not load class META-INF.versions.9.javax.xml.bind.ModuleUtil
00:06:16.407 [main] DEBUG net.thucydides.core.reflection.ClassFinder - Could not load class META-INF.versions.9.module-info
00:06:16.408 [main] DEBUG net.thucydides.core.reflection.ClassFinder - Could not load class META-INF.versions.9.org.junit.platform.commons.util.ModuleUtils
00:06:16.623 [main] DEBUG net.thucydides.core.reflection.ClassFinder - Could not load class com.google.gson.internal.
00:06:16.738 [main] DEBUG net.thucydides.core.reflection.ClassFinder - Could not load class com.sun.xml.bind.v2.runtime.output.FastInfosetStreamWriterOutput
00:06:16.952 [main] DEBUG net.thucydides.core.reflection.ClassFinder - Could not load class module-info
00:06:18.941 [main] DEBUG io.netty.util.internal.logging.InternalLoggerFactory - Using SLF4J as the default logging framework
00:06:18.944 [main] DEBUG io.netty.util.ResourceLeakDetector - -Dio.netty.leakDetection.level: simple
00:06:18.945 [main] DEBUG io.netty.util.ResourceLeakDetector - -Dio.netty.leakDetection.targetRecords: 4
00:06:18.947 [main] DEBUG io.netty.util.ResourceLeakDetectorFactory - Loaded default ResourceLeakDetector: io.netty.util.ResourceLeakDetector@2220780d
00:06:18.957 [main] DEBUG io.netty.util.internal.PlatformDependent0 - -Dio.netty.noUnsafe: false
00:06:18.958 [main] DEBUG io.netty.util.internal.PlatformDependent0 - Java version: 18
00:06:18.958 [main] DEBUG io.netty.util.internal.PlatformDependent0 - sun.misc.Unsafe.theUnsafe: available
00:06:18.960 [main] DEBUG io.netty.util.internal.PlatformDependent0 - sun.misc.Unsafe.copyMemory: available
00:06:18.960 [main] DEBUG io.netty.util.internal.PlatformDependent0 - java.nio.Buffer.address: available
00:06:18.961 [main] DEBUG io.netty.util.internal.PlatformDependent0 - direct buffer constructor: unavailable: Reflective setAccessible(true) disabled
00:06:18.961 [main] DEBUG io.netty.util.internal.PlatformDependent0 - java.nio.Bits.unaligned: available, true
00:06:18.963 [main] DEBUG io.netty.util.internal.PlatformDependent0 - jdk.internal.misc.Unsafe.allocateUninitializedArray(int): unavailable: class io.netty.util.internal.PlatformDependent0$6 cannot access class jdk.internal.misc.Unsafe (in module java.base) because module java.base does not export jdk.internal.misc to unnamed module @38e79ae3
00:06:18.964 [main] DEBUG io.netty.util.internal.PlatformDependent0 - java.nio.DirectByteBuffer.<init>(long, int): unavailable
00:06:18.964 [main] DEBUG io.netty.util.internal.PlatformDependent - sun.misc.Unsafe: available
00:06:18.968 [main] DEBUG io.netty.util.internal.PlatformDependent - maxDirectMemory: 4294967296 bytes (maybe)
00:06:18.969 [main] DEBUG io.netty.util.internal.PlatformDependent - -Dio.netty.tmpdir: /var/folders/3h/b0byy4bd37q3b71h4ydh7rnw0000gn/T (java.io.tmpdir)
00:06:18.969 [main] DEBUG io.netty.util.internal.PlatformDependent - -Dio.netty.bitMode: 64 (sun.arch.data.model)
00:06:18.971 [main] DEBUG io.netty.util.internal.PlatformDependent - Platform: MacOS
00:06:18.971 [main] DEBUG io.netty.util.internal.PlatformDependent - -Dio.netty.maxDirectMemory: -1 bytes
00:06:18.971 [main] DEBUG io.netty.util.internal.PlatformDependent - -Dio.netty.uninitializedArrayAllocationThreshold: -1
00:06:18.972 [main] DEBUG io.netty.util.internal.CleanerJava9 - java.nio.ByteBuffer.cleaner(): available
00:06:18.973 [main] DEBUG io.netty.util.internal.PlatformDependent - -Dio.netty.noPreferDirect: false
00:06:18.978 [main] DEBUG io.netty.util.internal.PlatformDependent - org.jctools-core.MpscChunkedArrayQueue: available
00:06:18.990 [main] DEBUG io.netty.util.internal.InternalThreadLocalMap - -Dio.netty.threadLocalMap.stringBuilder.initialSize: 1024
00:06:18.990 [main] DEBUG io.netty.util.internal.InternalThreadLocalMap - -Dio.netty.threadLocalMap.stringBuilder.maxSize: 4096
00:06:19.052 [main] DEBUG io.netty.handler.ssl.JdkSslContext - Default protocols (JDK): [TLSv1.3, TLSv1.2] 
00:06:19.053 [main] DEBUG io.netty.handler.ssl.JdkSslContext - Default cipher suites (JDK): [TLS_ECDHE_ECDSA_WITH_AES_256_GCM_SHA384, TLS_ECDHE_ECDSA_WITH_AES_128_GCM_SHA256, TLS_ECDHE_RSA_WITH_AES_128_GCM_SHA256, TLS_ECDHE_RSA_WITH_AES_256_GCM_SHA384, TLS_ECDHE_RSA_WITH_AES_128_CBC_SHA, TLS_ECDHE_RSA_WITH_AES_256_CBC_SHA, TLS_RSA_WITH_AES_128_GCM_SHA256, TLS_RSA_WITH_AES_128_CBC_SHA, TLS_RSA_WITH_AES_256_CBC_SHA, TLS_AES_128_GCM_SHA256, TLS_AES_256_GCM_SHA384]
00:06:19.066 [main] DEBUG io.netty.channel.MultithreadEventLoopGroup - -Dio.netty.eventLoopThreads: 16
00:06:19.071 [main] DEBUG io.netty.channel.nio.NioEventLoop - -Dio.netty.noKeySetOptimization: false
00:06:19.072 [main] DEBUG io.netty.channel.nio.NioEventLoop - -Dio.netty.selectorAutoRebuildThreshold: 512
00:06:19.090 [main] DEBUG io.netty.buffer.PooledByteBufAllocator - -Dio.netty.allocator.numHeapArenas: 16
00:06:19.090 [main] DEBUG io.netty.buffer.PooledByteBufAllocator - -Dio.netty.allocator.numDirectArenas: 16
00:06:19.090 [main] DEBUG io.netty.buffer.PooledByteBufAllocator - -Dio.netty.allocator.pageSize: 8192
00:06:19.090 [main] DEBUG io.netty.buffer.PooledByteBufAllocator - -Dio.netty.allocator.maxOrder: 11
00:06:19.090 [main] DEBUG io.netty.buffer.PooledByteBufAllocator - -Dio.netty.allocator.chunkSize: 16777216
00:06:19.090 [main] DEBUG io.netty.buffer.PooledByteBufAllocator - -Dio.netty.allocator.smallCacheSize: 256
00:06:19.090 [main] DEBUG io.netty.buffer.PooledByteBufAllocator - -Dio.netty.allocator.normalCacheSize: 64
00:06:19.090 [main] DEBUG io.netty.buffer.PooledByteBufAllocator - -Dio.netty.allocator.maxCachedBufferCapacity: 32768
00:06:19.090 [main] DEBUG io.netty.buffer.PooledByteBufAllocator - -Dio.netty.allocator.cacheTrimInterval: 8192
00:06:19.090 [main] DEBUG io.netty.buffer.PooledByteBufAllocator - -Dio.netty.allocator.cacheTrimIntervalMillis: 0
00:06:19.090 [main] DEBUG io.netty.buffer.PooledByteBufAllocator - -Dio.netty.allocator.useCacheForAllThreads: true
00:06:19.090 [main] DEBUG io.netty.buffer.PooledByteBufAllocator - -Dio.netty.allocator.maxCachedByteBuffersPerChunk: 1023
00:06:19.096 [main] DEBUG io.netty.buffer.ByteBufUtil - -Dio.netty.allocator.type: pooled
00:06:19.096 [main] DEBUG io.netty.buffer.ByteBufUtil - -Dio.netty.threadLocalDirectBufferSize: 0
00:06:19.096 [main] DEBUG io.netty.buffer.ByteBufUtil - -Dio.netty.maxThreadLocalCharBufferSize: 16384
00:06:19.288 [main] DEBUG net.serenitybdd.core.webdriver.driverproviders.ProvideNewDriver - Instantiating driver
00:06:19.288 [main] DEBUG net.serenitybdd.core.webdriver.driverproviders.ProvideNewDriver - Driver capabilities: Capabilities {acceptInsecureCerts: false, base.url: https://responsivefight.her..., browserName: chrome, goog:chromeOptions: {args: [], extensions: []}}
00:06:20.523 [Forwarding newSession on session null to remote] DEBUG io.netty.channel.DefaultChannelId - -Dio.netty.processId: 96607 (auto-detected)
00:06:20.526 [Forwarding newSession on session null to remote] DEBUG io.netty.util.NetUtil - -Djava.net.preferIPv4Stack: false
00:06:20.527 [Forwarding newSession on session null to remote] DEBUG io.netty.util.NetUtil - -Djava.net.preferIPv6Addresses: false
00:06:20.531 [Forwarding newSession on session null to remote] DEBUG io.netty.util.NetUtilInitializations - Loopback interface: lo0 (lo0, 0:0:0:0:0:0:0:1%lo0)
00:06:20.533 [Forwarding newSession on session null to remote] DEBUG io.netty.util.NetUtil - Failed to get SOMAXCONN from sysctl and file /proc/sys/net/core/somaxconn. Default: 128
00:06:20.535 [Forwarding newSession on session null to remote] DEBUG io.netty.channel.DefaultChannelId - -Dio.netty.machineId: 3c:06:30:ff:fe:24:c2:9f (auto-detected)
00:06:20.565 [AsyncHttpClient-1-2] DEBUG io.netty.buffer.AbstractByteBuf - -Dio.netty.buffer.checkAccessible: true
00:06:20.565 [AsyncHttpClient-1-2] DEBUG io.netty.buffer.AbstractByteBuf - -Dio.netty.buffer.checkBounds: true
00:06:20.565 [AsyncHttpClient-1-2] DEBUG io.netty.util.ResourceLeakDetectorFactory - Loaded default ResourceLeakDetector: io.netty.util.ResourceLeakDetector@4eb8d569
00:06:20.586 [AsyncHttpClient-1-2] DEBUG org.asynchttpclient.netty.channel.NettyConnectListener - Using new Channel '[id: 0x4f18d9eb, L:/127.0.0.1:59646 - R:localhost/127.0.0.1:57548]' for 'POST' to '/session'
00:06:20.597 [AsyncHttpClient-1-2] DEBUG io.netty.util.Recycler - -Dio.netty.recycler.maxCapacityPerThread: 4096
00:06:20.597 [AsyncHttpClient-1-2] DEBUG io.netty.util.Recycler - -Dio.netty.recycler.ratio: 8
00:06:20.597 [AsyncHttpClient-1-2] DEBUG io.netty.util.Recycler - -Dio.netty.recycler.chunkSize: 32
00:06:20.597 [AsyncHttpClient-1-2] DEBUG io.netty.util.Recycler - -Dio.netty.recycler.blocking: false
00:06:23.747 [AsyncHttpClient-1-2] DEBUG io.netty.handler.codec.compression.Brotli - brotli4j not in the classpath; Brotli support will be unavailable.
00:06:23.747 [AsyncHttpClient-1-2] DEBUG org.asynchttpclient.netty.handler.HttpHandler - 

Request DefaultHttpRequest(decodeResult: success, version: HTTP/1.1)
POST /session HTTP/1.1
User-Agent: selenium/4.1.2 (java mac)
Content-Length: 510
Content-Type: application/json; charset=utf-8
host: localhost:57548
accept: */*

Response DefaultHttpResponse(decodeResult: success, version: HTTP/1.1)
HTTP/1.1 200 OK
Content-Type: application/json; charset=utf-8
cache-control: no-cache
content-length: 799

00:06:23.756 [AsyncHttpClient-1-2] DEBUG org.asynchttpclient.netty.channel.ChannelManager - Adding key: http://localhost:57548 for channel [id: 0x4f18d9eb, L:/127.0.0.1:59646 - R:localhost/127.0.0.1:57548]
00:06:23.818 [AsyncHttpClient-1-3] DEBUG org.asynchttpclient.netty.channel.NettyConnectListener - Using new Channel '[id: 0x8e87a4fe, L:/127.0.0.1:59652 - R:localhost/127.0.0.1:59647]' for 'GET' to '/json/version'
00:06:23.825 [AsyncHttpClient-1-3] DEBUG org.asynchttpclient.netty.handler.HttpHandler - 

Request DefaultFullHttpRequest(decodeResult: success, version: HTTP/1.1, content: EmptyByteBufBE)
GET /json/version HTTP/1.1
User-Agent: selenium/4.1.2 (java mac)
host: localhost:59647
accept: */*

Response DefaultHttpResponse(decodeResult: success, version: HTTP/1.1)
HTTP/1.1 200 OK
Content-Type: application/json; charset=UTF-8
content-length: 425

00:06:23.825 [AsyncHttpClient-1-3] DEBUG org.asynchttpclient.netty.channel.ChannelManager - Adding key: http://localhost:59647 for channel [id: 0x8e87a4fe, L:/127.0.0.1:59652 - R:localhost/127.0.0.1:59647]
00:06:23.839 [main] DEBUG io.netty.util.internal.ThreadLocalRandom - -Dio.netty.initialSeedUniquifier: 0x09cc919135d99ce3
00:06:23.854 [AsyncHttpClient-1-4] DEBUG org.asynchttpclient.netty.channel.NettyConnectListener - Using new Channel '[id: 0x7ce418a8, L:/127.0.0.1:59653 - R:localhost/127.0.0.1:59647]' for 'GET' to '/devtools/browser/070096e3-f16c-4a80-983e-e7328378a2cc'
00:06:23.860 [AsyncHttpClient-1-4] DEBUG org.asynchttpclient.netty.handler.WebSocketHandler - 

Request DefaultFullHttpRequest(decodeResult: success, version: HTTP/1.1, content: EmptyByteBufBE)
GET /devtools/browser/070096e3-f16c-4a80-983e-e7328378a2cc HTTP/1.1
upgrade: websocket
connection: upgrade
sec-websocket-key: crz75/3LeaPk8jQ0B+z8iw==
sec-websocket-version: 13
origin: http://localhost:59647
host: localhost:59647
accept: */*
user-agent: AHC/2.1

Response DefaultHttpResponse(decodeResult: success, version: HTTP/1.1)
HTTP/1.1 101 WebSocket Protocol Handshake
Upgrade: WebSocket
Connection: Upgrade
Sec-WebSocket-Accept: GXM/thG7XcPG8Weg4k2GzxpKL+s=

00:06:24.486 [AsyncHttpClient-1-1] DEBUG org.asynchttpclient.netty.channel.DefaultChannelPool - Entry count for : http://localhost:59647 : 1
00:06:24.486 [AsyncHttpClient-1-1] DEBUG org.asynchttpclient.netty.channel.DefaultChannelPool - Entry count for : http://localhost:57548 : 1
00:06:24.588 [main] DEBUG net.thucydides.core.reflection.ClassFinder - Could not load class .pages.ChallengeHomePage
00:06:24.588 [main] DEBUG net.thucydides.core.reflection.ClassFinder - Could not load class .pages.ChallengePage
00:06:24.588 [main] DEBUG net.thucydides.core.reflection.ClassFinder - Could not load class .pages.CovidHomePage
00:06:24.588 [main] DEBUG net.thucydides.core.reflection.ClassFinder - Could not load class .pages.HomePage
00:06:24.588 [main] DEBUG net.thucydides.core.reflection.ClassFinder - Could not load class .pages.ScoreboardMainPage
00:06:24.588 [main] DEBUG net.thucydides.core.reflection.ClassFinder - Could not load class .pages.ScoreboardPage
00:06:24.588 [main] DEBUG net.thucydides.core.reflection.ClassFinder - Could not load class .starter.TestSuite
00:06:24.588 [main] DEBUG net.thucydides.core.reflection.ClassFinder - Could not load class .starter.stepdefinitions.Challenges
00:06:24.588 [main] DEBUG net.thucydides.core.reflection.ClassFinder - Could not load class .starter.stepdefinitions.UserCreation
00:06:24.589 [main] DEBUG net.thucydides.core.reflection.ClassFinder - Could not load class META-INF.versions.9.com.sun.istack.logging.StackHelper
00:06:24.589 [main] DEBUG net.thucydides.core.reflection.ClassFinder - Could not load class META-INF.versions.9.com.sun.xml.bind.v2.runtime.reflect.opt.AccessorInjector
00:06:24.589 [main] DEBUG net.thucydides.core.reflection.ClassFinder - Could not load class META-INF.versions.9.com.sun.xml.bind.v2.runtime.reflect.opt.Injector
00:06:24.590 [main] DEBUG net.thucydides.core.reflection.ClassFinder - Could not load class META-INF.versions.9.com.sun.xml.bind.v2.runtime.reflect.opt.OptimizedAccessorFactory
00:06:24.590 [main] DEBUG net.thucydides.core.reflection.ClassFinder - Could not load class META-INF.versions.9.com.sun.xml.bind.v2.runtime.reflect.opt.OptimizedTransducedAccessorFactory
00:06:24.590 [main] DEBUG net.thucydides.core.reflection.ClassFinder - Could not load class META-INF.versions.9.io.opentelemetry.sdk.internal.CurrentJavaVersionSpecific
00:06:24.590 [main] DEBUG net.thucydides.core.reflection.ClassFinder - Could not load class META-INF.versions.9.io.opentelemetry.sdk.internal.Java9VersionSpecific
00:06:24.590 [main] DEBUG net.thucydides.core.reflection.ClassFinder - Could not load class META-INF.versions.9.javax.xml.bind.ModuleUtil
00:06:24.591 [main] DEBUG net.thucydides.core.reflection.ClassFinder - Could not load class META-INF.versions.9.module-info
00:06:24.591 [main] DEBUG net.thucydides.core.reflection.ClassFinder - Could not load class META-INF.versions.9.org.junit.platform.commons.util.ModuleUtils
00:06:24.593 [main] DEBUG net.thucydides.core.reflection.ClassFinder - Could not load class com.google.gson.internal.
00:06:24.594 [main] DEBUG net.thucydides.core.reflection.ClassFinder - Could not load class com.sun.xml.bind.v2.runtime.output.FastInfosetStreamWriterOutput
00:06:24.597 [main] DEBUG net.thucydides.core.reflection.ClassFinder - Could not load class module-info
00:06:24.623 [Forwarding get on session 471ba427db4b34a32566dd53cdeeae47 to remote] DEBUG org.asynchttpclient.netty.request.NettyRequestSender - Using pooled Channel '[id: 0x4f18d9eb, L:/127.0.0.1:59646 - R:localhost/127.0.0.1:57548]' for 'POST' to 'http://localhost:57548/session/471ba427db4b34a32566dd53cdeeae47/url'
00:06:24.623 [Forwarding get on session 471ba427db4b34a32566dd53cdeeae47 to remote] DEBUG org.asynchttpclient.netty.request.NettyRequestSender - Using open Channel [id: 0x4f18d9eb, L:/127.0.0.1:59646 - R:localhost/127.0.0.1:57548] for POST '/session/471ba427db4b34a32566dd53cdeeae47/url'
00:06:25.586 [AsyncHttpClient-1-1] DEBUG org.asynchttpclient.netty.channel.DefaultChannelPool - Entry count for : http://localhost:59647 : 1
00:06:26.686 [AsyncHttpClient-1-1] DEBUG org.asynchttpclient.netty.channel.DefaultChannelPool - Entry count for : http://localhost:59647 : 1
00:06:27.574 [AsyncHttpClient-1-2] DEBUG org.asynchttpclient.netty.handler.HttpHandler - 

Request DefaultHttpRequest(decodeResult: success, version: HTTP/1.1)
POST /session/471ba427db4b34a32566dd53cdeeae47/url HTTP/1.1
User-Agent: selenium/4.1.2 (java mac)
Content-Length: 68
Content-Type: application/json; charset=utf-8
host: localhost:57548
accept: */*

Response DefaultHttpResponse(decodeResult: success, version: HTTP/1.1)
HTTP/1.1 200 OK
Content-Type: application/json; charset=utf-8
cache-control: no-cache
content-length: 14

00:06:27.574 [AsyncHttpClient-1-2] DEBUG org.asynchttpclient.netty.channel.ChannelManager - Adding key: http://localhost:57548 for channel [id: 0x4f18d9eb, L:/127.0.0.1:59646 - R:localhost/127.0.0.1:57548]
00:06:27.582 [Forwarding setTimeout on session 471ba427db4b34a32566dd53cdeeae47 to remote] DEBUG org.asynchttpclient.netty.request.NettyRequestSender - Using pooled Channel '[id: 0x4f18d9eb, L:/127.0.0.1:59646 - R:localhost/127.0.0.1:57548]' for 'POST' to 'http://localhost:57548/session/471ba427db4b34a32566dd53cdeeae47/timeouts'
00:06:27.583 [Forwarding setTimeout on session 471ba427db4b34a32566dd53cdeeae47 to remote] DEBUG org.asynchttpclient.netty.request.NettyRequestSender - Using open Channel [id: 0x4f18d9eb, L:/127.0.0.1:59646 - R:localhost/127.0.0.1:57548] for POST '/session/471ba427db4b34a32566dd53cdeeae47/timeouts'
00:06:27.585 [AsyncHttpClient-1-2] DEBUG org.asynchttpclient.netty.handler.HttpHandler - 

Request DefaultHttpRequest(decodeResult: success, version: HTTP/1.1)
POST /session/471ba427db4b34a32566dd53cdeeae47/timeouts HTTP/1.1
User-Agent: selenium/4.1.2 (java mac)
Content-Length: 22
Content-Type: application/json; charset=utf-8
host: localhost:57548
accept: */*

Response DefaultHttpResponse(decodeResult: success, version: HTTP/1.1)
HTTP/1.1 200 OK
Content-Type: application/json; charset=utf-8
cache-control: no-cache
content-length: 14

00:06:27.585 [AsyncHttpClient-1-2] DEBUG org.asynchttpclient.netty.channel.ChannelManager - Adding key: http://localhost:57548 for channel [id: 0x4f18d9eb, L:/127.0.0.1:59646 - R:localhost/127.0.0.1:57548]
00:06:27.592 [Forwarding getCurrentUrl on session 471ba427db4b34a32566dd53cdeeae47 to remote] DEBUG org.asynchttpclient.netty.request.NettyRequestSender - Using pooled Channel '[id: 0x4f18d9eb, L:/127.0.0.1:59646 - R:localhost/127.0.0.1:57548]' for 'GET' to 'http://localhost:57548/session/471ba427db4b34a32566dd53cdeeae47/url'
00:06:27.592 [Forwarding getCurrentUrl on session 471ba427db4b34a32566dd53cdeeae47 to remote] DEBUG org.asynchttpclient.netty.request.NettyRequestSender - Using open Channel [id: 0x4f18d9eb, L:/127.0.0.1:59646 - R:localhost/127.0.0.1:57548] for GET '/session/471ba427db4b34a32566dd53cdeeae47/url'
00:06:27.609 [AsyncHttpClient-1-2] DEBUG org.asynchttpclient.netty.handler.HttpHandler - 

Request DefaultFullHttpRequest(decodeResult: success, version: HTTP/1.1, content: EmptyByteBufBE)
GET /session/471ba427db4b34a32566dd53cdeeae47/url HTTP/1.1
User-Agent: selenium/4.1.2 (java mac)
Cache-Control: no-cache
Content-Type: application/json; charset=utf-8
host: localhost:57548
accept: */*

Response DefaultHttpResponse(decodeResult: success, version: HTTP/1.1)
HTTP/1.1 200 OK
Content-Type: application/json; charset=utf-8
cache-control: no-cache
content-length: 50

00:06:27.610 [AsyncHttpClient-1-2] DEBUG org.asynchttpclient.netty.channel.ChannelManager - Adding key: http://localhost:57548 for channel [id: 0x4f18d9eb, L:/127.0.0.1:59646 - R:localhost/127.0.0.1:57548]
00:06:27.614 [Forwarding getCurrentUrl on session 471ba427db4b34a32566dd53cdeeae47 to remote] DEBUG org.asynchttpclient.netty.request.NettyRequestSender - Using pooled Channel '[id: 0x4f18d9eb, L:/127.0.0.1:59646 - R:localhost/127.0.0.1:57548]' for 'GET' to 'http://localhost:57548/session/471ba427db4b34a32566dd53cdeeae47/url'
00:06:27.616 [Forwarding getCurrentUrl on session 471ba427db4b34a32566dd53cdeeae47 to remote] DEBUG org.asynchttpclient.netty.request.NettyRequestSender - Using open Channel [id: 0x4f18d9eb, L:/127.0.0.1:59646 - R:localhost/127.0.0.1:57548] for GET '/session/471ba427db4b34a32566dd53cdeeae47/url'
00:06:27.620 [AsyncHttpClient-1-2] DEBUG org.asynchttpclient.netty.handler.HttpHandler - 

Request DefaultFullHttpRequest(decodeResult: success, version: HTTP/1.1, content: EmptyByteBufBE)
GET /session/471ba427db4b34a32566dd53cdeeae47/url HTTP/1.1
User-Agent: selenium/4.1.2 (java mac)
Cache-Control: no-cache
Content-Type: application/json; charset=utf-8
host: localhost:57548
accept: */*

Response DefaultHttpResponse(decodeResult: success, version: HTTP/1.1)
HTTP/1.1 200 OK
Content-Type: application/json; charset=utf-8
cache-control: no-cache
content-length: 50

00:06:27.620 [AsyncHttpClient-1-2] DEBUG org.asynchttpclient.netty.channel.ChannelManager - Adding key: http://localhost:57548 for channel [id: 0x4f18d9eb, L:/127.0.0.1:59646 - R:localhost/127.0.0.1:57548]
00:06:27.648 [main] DEBUG net.serenitybdd.core.photography.Darkroom - Opening darkroom
00:06:27.648 [Darkroom Processing Line] DEBUG net.serenitybdd.core.photography.DarkroomProcessingLine - Darkroom processing line starting up
00:06:27.649 [Forwarding screenshot on session 471ba427db4b34a32566dd53cdeeae47 to remote] DEBUG org.asynchttpclient.netty.request.NettyRequestSender - Using pooled Channel '[id: 0x4f18d9eb, L:/127.0.0.1:59646 - R:localhost/127.0.0.1:57548]' for 'GET' to 'http://localhost:57548/session/471ba427db4b34a32566dd53cdeeae47/screenshot'
00:06:27.649 [Forwarding screenshot on session 471ba427db4b34a32566dd53cdeeae47 to remote] DEBUG org.asynchttpclient.netty.request.NettyRequestSender - Using open Channel [id: 0x4f18d9eb, L:/127.0.0.1:59646 - R:localhost/127.0.0.1:57548] for GET '/session/471ba427db4b34a32566dd53cdeeae47/screenshot'
00:06:27.786 [AsyncHttpClient-1-1] DEBUG org.asynchttpclient.netty.channel.DefaultChannelPool - Entry count for : http://localhost:59647 : 1
00:06:27.870 [AsyncHttpClient-1-2] DEBUG org.asynchttpclient.netty.handler.HttpHandler - 

Request DefaultFullHttpRequest(decodeResult: success, version: HTTP/1.1, content: EmptyByteBufBE)
GET /session/471ba427db4b34a32566dd53cdeeae47/screenshot HTTP/1.1
User-Agent: selenium/4.1.2 (java mac)
Cache-Control: no-cache
Content-Type: application/json; charset=utf-8
host: localhost:57548
accept: */*

Response DefaultHttpResponse(decodeResult: success, version: HTTP/1.1)
HTTP/1.1 200 OK
Content-Type: application/json; charset=utf-8
cache-control: no-cache
content-length: 213724

00:06:27.872 [AsyncHttpClient-1-2] DEBUG org.asynchttpclient.netty.channel.ChannelManager - Adding key: http://localhost:57548 for channel [id: 0x4f18d9eb, L:/127.0.0.1:59646 - R:localhost/127.0.0.1:57548]
00:06:27.953 [main] DEBUG net.serenitybdd.core.photography.Darkroom - Send negative for processing for target/site/serenity/c0a33fbe1db61e8d98b1a1be5bb749724102428263b197e1768445f352f22568.png
00:06:27.954 [Darkroom Processing Line] DEBUG net.serenitybdd.core.photography.DarkroomProcessingLine - Processing screenshot image in /var/screenshots/screenshot-4757711890375840763
00:06:27.954 [Darkroom Processing Line] DEBUG net.serenitybdd.core.photography.DarkroomProcessingLine - Saving screenshot to target/site/serenity/c0a33fbe1db61e8d98b1a1be5bb749724102428263b197e1768445f352f22568.png
00:06:27.956 [main] DEBUG net.thucydides.core.steps.StepInterceptor - STEP DONE: openApplication
  &amp#27;[32mGiven &amp#27;[0m&amp#27;[32mUser is on home page of COVID application&amp#27;[0m                                              &amp#27;[90m# starter.stepdefinitions.UserCreation.user_is_on_home_page_of_covid_application()&amp#27;[0m
00:06:27.987 [main] DEBUG net.thucydides.core.steps.StepInterceptor - STARTING STEP: UserCreation.he_clicks_on_register_button_sign_up_page_is_displayed - clickRegister
00:06:27.995 [Forwarding findElement on session 471ba427db4b34a32566dd53cdeeae47 to remote] DEBUG org.asynchttpclient.netty.request.NettyRequestSender - Using pooled Channel '[id: 0x4f18d9eb, L:/127.0.0.1:59646 - R:localhost/127.0.0.1:57548]' for 'POST' to 'http://localhost:57548/session/471ba427db4b34a32566dd53cdeeae47/element'
00:06:27.996 [Forwarding findElement on session 471ba427db4b34a32566dd53cdeeae47 to remote] DEBUG org.asynchttpclient.netty.request.NettyRequestSender - Using open Channel [id: 0x4f18d9eb, L:/127.0.0.1:59646 - R:localhost/127.0.0.1:57548] for POST '/session/471ba427db4b34a32566dd53cdeeae47/element'
00:06:28.029 [AsyncHttpClient-1-2] DEBUG org.asynchttpclient.netty.handler.HttpHandler - 

Request DefaultHttpRequest(decodeResult: success, version: HTTP/1.1)
POST /session/471ba427db4b34a32566dd53cdeeae47/element HTTP/1.1
User-Agent: selenium/4.1.2 (java mac)
Content-Length: 49
Content-Type: application/json; charset=utf-8
host: localhost:57548
accept: */*

Response DefaultHttpResponse(decodeResult: success, version: HTTP/1.1)
HTTP/1.1 200 OK
Content-Type: application/json; charset=utf-8
cache-control: no-cache
content-length: 88

00:06:28.030 [AsyncHttpClient-1-2] DEBUG org.asynchttpclient.netty.channel.ChannelManager - Adding key: http://localhost:57548 for channel [id: 0x4f18d9eb, L:/127.0.0.1:59646 - R:localhost/127.0.0.1:57548]
00:06:28.034 [Forwarding getElementTagName on session 471ba427db4b34a32566dd53cdeeae47 to remote] DEBUG org.asynchttpclient.netty.request.NettyRequestSender - Using pooled Channel '[id: 0x4f18d9eb, L:/127.0.0.1:59646 - R:localhost/127.0.0.1:57548]' for 'GET' to 'http://localhost:57548/session/471ba427db4b34a32566dd53cdeeae47/element/b9973225-cb53-459e-b4bf-f806ac3a4c42/name'
00:06:28.034 [Forwarding getElementTagName on session 471ba427db4b34a32566dd53cdeeae47 to remote] DEBUG org.asynchttpclient.netty.request.NettyRequestSender - Using open Channel [id: 0x4f18d9eb, L:/127.0.0.1:59646 - R:localhost/127.0.0.1:57548] for GET '/session/471ba427db4b34a32566dd53cdeeae47/element/b9973225-cb53-459e-b4bf-f806ac3a4c42/name'
00:06:28.037 [AsyncHttpClient-1-2] DEBUG org.asynchttpclient.netty.handler.HttpHandler - 

Request DefaultFullHttpRequest(decodeResult: success, version: HTTP/1.1, content: EmptyByteBufBE)
GET /session/471ba427db4b34a32566dd53cdeeae47/element/b9973225-cb53-459e-b4bf-f806ac3a4c42/name HTTP/1.1
User-Agent: selenium/4.1.2 (java mac)
Cache-Control: no-cache
Content-Type: application/json; charset=utf-8
host: localhost:57548
accept: */*

Response DefaultHttpResponse(decodeResult: success, version: HTTP/1.1)
HTTP/1.1 200 OK
Content-Type: application/json; charset=utf-8
cache-control: no-cache
content-length: 13

00:06:28.038 [AsyncHttpClient-1-2] DEBUG org.asynchttpclient.netty.channel.ChannelManager - Adding key: http://localhost:57548 for channel [id: 0x4f18d9eb, L:/127.0.0.1:59646 - R:localhost/127.0.0.1:57548]
00:06:28.040 [Forwarding getElementTagName on session 471ba427db4b34a32566dd53cdeeae47 to remote] DEBUG org.asynchttpclient.netty.request.NettyRequestSender - Using pooled Channel '[id: 0x4f18d9eb, L:/127.0.0.1:59646 - R:localhost/127.0.0.1:57548]' for 'GET' to 'http://localhost:57548/session/471ba427db4b34a32566dd53cdeeae47/element/b9973225-cb53-459e-b4bf-f806ac3a4c42/name'
00:06:28.040 [Forwarding getElementTagName on session 471ba427db4b34a32566dd53cdeeae47 to remote] DEBUG org.asynchttpclient.netty.request.NettyRequestSender - Using open Channel [id: 0x4f18d9eb, L:/127.0.0.1:59646 - R:localhost/127.0.0.1:57548] for GET '/session/471ba427db4b34a32566dd53cdeeae47/element/b9973225-cb53-459e-b4bf-f806ac3a4c42/name'
00:06:28.074 [AsyncHttpClient-1-2] DEBUG org.asynchttpclient.netty.handler.HttpHandler - 

Request DefaultFullHttpRequest(decodeResult: success, version: HTTP/1.1, content: EmptyByteBufBE)
GET /session/471ba427db4b34a32566dd53cdeeae47/element/b9973225-cb53-459e-b4bf-f806ac3a4c42/name HTTP/1.1
User-Agent: selenium/4.1.2 (java mac)
Cache-Control: no-cache
Content-Type: application/json; charset=utf-8
host: localhost:57548
accept: */*

Response DefaultHttpResponse(decodeResult: success, version: HTTP/1.1)
HTTP/1.1 200 OK
Content-Type: application/json; charset=utf-8
cache-control: no-cache
content-length: 13

00:06:28.074 [AsyncHttpClient-1-2] DEBUG org.asynchttpclient.netty.channel.ChannelManager - Adding key: http://localhost:57548 for channel [id: 0x4f18d9eb, L:/127.0.0.1:59646 - R:localhost/127.0.0.1:57548]
00:06:28.080 [Forwarding findElement on session 471ba427db4b34a32566dd53cdeeae47 to remote] DEBUG org.asynchttpclient.netty.request.NettyRequestSender - Using pooled Channel '[id: 0x4f18d9eb, L:/127.0.0.1:59646 - R:localhost/127.0.0.1:57548]' for 'POST' to 'http://localhost:57548/session/471ba427db4b34a32566dd53cdeeae47/element'
00:06:28.080 [Forwarding findElement on session 471ba427db4b34a32566dd53cdeeae47 to remote] DEBUG org.asynchttpclient.netty.request.NettyRequestSender - Using open Channel [id: 0x4f18d9eb, L:/127.0.0.1:59646 - R:localhost/127.0.0.1:57548] for POST '/session/471ba427db4b34a32566dd53cdeeae47/element'
00:06:28.102 [AsyncHttpClient-1-2] DEBUG org.asynchttpclient.netty.handler.HttpHandler - 

Request DefaultHttpRequest(decodeResult: success, version: HTTP/1.1)
POST /session/471ba427db4b34a32566dd53cdeeae47/element HTTP/1.1
User-Agent: selenium/4.1.2 (java mac)
Content-Length: 49
Content-Type: application/json; charset=utf-8
host: localhost:57548
accept: */*

Response DefaultHttpResponse(decodeResult: success, version: HTTP/1.1)
HTTP/1.1 200 OK
Content-Type: application/json; charset=utf-8
cache-control: no-cache
content-length: 88

00:06:28.102 [AsyncHttpClient-1-2] DEBUG org.asynchttpclient.netty.channel.ChannelManager - Adding key: http://localhost:57548 for channel [id: 0x4f18d9eb, L:/127.0.0.1:59646 - R:localhost/127.0.0.1:57548]
00:06:28.104 [Forwarding clickElement on session 471ba427db4b34a32566dd53cdeeae47 to remote] DEBUG org.asynchttpclient.netty.request.NettyRequestSender - Using pooled Channel '[id: 0x4f18d9eb, L:/127.0.0.1:59646 - R:localhost/127.0.0.1:57548]' for 'POST' to 'http://localhost:57548/session/471ba427db4b34a32566dd53cdeeae47/element/b9973225-cb53-459e-b4bf-f806ac3a4c42/click'
00:06:28.104 [Forwarding clickElement on session 471ba427db4b34a32566dd53cdeeae47 to remote] DEBUG org.asynchttpclient.netty.request.NettyRequestSender - Using open Channel [id: 0x4f18d9eb, L:/127.0.0.1:59646 - R:localhost/127.0.0.1:57548] for POST '/session/471ba427db4b34a32566dd53cdeeae47/element/b9973225-cb53-459e-b4bf-f806ac3a4c42/click'
00:06:28.301 [AsyncHttpClient-1-2] DEBUG org.asynchttpclient.netty.handler.HttpHandler - 

Request DefaultHttpRequest(decodeResult: success, version: HTTP/1.1)
POST /session/471ba427db4b34a32566dd53cdeeae47/element/b9973225-cb53-459e-b4bf-f806ac3a4c42/click HTTP/1.1
User-Agent: selenium/4.1.2 (java mac)
Content-Length: 50
Content-Type: application/json; charset=utf-8
host: localhost:57548
accept: */*

Response DefaultHttpResponse(decodeResult: success, version: HTTP/1.1)
HTTP/1.1 200 OK
Content-Type: application/json; charset=utf-8
cache-control: no-cache
content-length: 14

00:06:28.301 [AsyncHttpClient-1-2] DEBUG org.asynchttpclient.netty.channel.ChannelManager - Adding key: http://localhost:57548 for channel [id: 0x4f18d9eb, L:/127.0.0.1:59646 - R:localhost/127.0.0.1:57548]
00:06:28.311 [Forwarding screenshot on session 471ba427db4b34a32566dd53cdeeae47 to remote] DEBUG org.asynchttpclient.netty.request.NettyRequestSender - Using pooled Channel '[id: 0x4f18d9eb, L:/127.0.0.1:59646 - R:localhost/127.0.0.1:57548]' for 'GET' to 'http://localhost:57548/session/471ba427db4b34a32566dd53cdeeae47/screenshot'
00:06:28.312 [Forwarding screenshot on session 471ba427db4b34a32566dd53cdeeae47 to remote] DEBUG org.asynchttpclient.netty.request.NettyRequestSender - Using open Channel [id: 0x4f18d9eb, L:/127.0.0.1:59646 - R:localhost/127.0.0.1:57548] for GET '/session/471ba427db4b34a32566dd53cdeeae47/screenshot'
00:06:28.485 [AsyncHttpClient-1-2] DEBUG org.asynchttpclient.netty.handler.HttpHandler - 

Request DefaultFullHttpRequest(decodeResult: success, version: HTTP/1.1, content: EmptyByteBufBE)
GET /session/471ba427db4b34a32566dd53cdeeae47/screenshot HTTP/1.1
User-Agent: selenium/4.1.2 (java mac)
Cache-Control: no-cache
Content-Type: application/json; charset=utf-8
host: localhost:57548
accept: */*

Response DefaultHttpResponse(decodeResult: success, version: HTTP/1.1)
HTTP/1.1 200 OK
Content-Type: application/json; charset=utf-8
cache-control: no-cache
content-length: 112580

00:06:28.487 [AsyncHttpClient-1-2] DEBUG org.asynchttpclient.netty.channel.ChannelManager - Adding key: http://localhost:57548 for channel [id: 0x4f18d9eb, L:/127.0.0.1:59646 - R:localhost/127.0.0.1:57548]
00:06:28.492 [main] DEBUG net.serenitybdd.core.photography.Darkroom - Send negative for processing for target/site/serenity/6f1c5dfc2aa742065c1cacaa845b1e4615ae8bb0d32440f138570e80a269887b.png
00:06:28.492 [Darkroom Processing Line] DEBUG net.serenitybdd.core.photography.DarkroomProcessingLine - Processing screenshot image in /var/screenshots/screenshot-405038278613161121
00:06:28.493 [Darkroom Processing Line] DEBUG net.serenitybdd.core.photography.DarkroomProcessingLine - Saving screenshot to target/site/serenity/6f1c5dfc2aa742065c1cacaa845b1e4615ae8bb0d32440f138570e80a269887b.png
00:06:28.493 [main] DEBUG net.thucydides.core.steps.StepInterceptor - STEP DONE: clickRegister
  &amp#27;[32mWhen &amp#27;[0m&amp#27;[32mhe clicks on Register button, Sign Up page is displayed&amp#27;[0m                                 &amp#27;[90m# starter.stepdefinitions.UserCreation.he_clicks_on_register_button_sign_up_page_is_displayed()&amp#27;[0m
00:06:28.515 [main] DEBUG net.thucydides.core.steps.StepInterceptor - STARTING STEP: UserCreation.he_enters_username_as_password_as_and_repeat_password_as_and_clicks_on_sign_up_button - enterUsername
00:06:28.518 [Forwarding findElement on session 471ba427db4b34a32566dd53cdeeae47 to remote] DEBUG org.asynchttpclient.netty.request.NettyRequestSender - Using pooled Channel '[id: 0x4f18d9eb, L:/127.0.0.1:59646 - R:localhost/127.0.0.1:57548]' for 'POST' to 'http://localhost:57548/session/471ba427db4b34a32566dd53cdeeae47/element'
00:06:28.518 [Forwarding findElement on session 471ba427db4b34a32566dd53cdeeae47 to remote] DEBUG org.asynchttpclient.netty.request.NettyRequestSender - Using open Channel [id: 0x4f18d9eb, L:/127.0.0.1:59646 - R:localhost/127.0.0.1:57548] for POST '/session/471ba427db4b34a32566dd53cdeeae47/element'
00:06:28.587 [AsyncHttpClient-1-2] DEBUG org.asynchttpclient.netty.handler.HttpHandler - 

Request DefaultHttpRequest(decodeResult: success, version: HTTP/1.1)
POST /session/471ba427db4b34a32566dd53cdeeae47/element HTTP/1.1
User-Agent: selenium/4.1.2 (java mac)
Content-Length: 50
Content-Type: application/json; charset=utf-8
host: localhost:57548
accept: */*

Response DefaultHttpResponse(decodeResult: success, version: HTTP/1.1)
HTTP/1.1 200 OK
Content-Type: application/json; charset=utf-8
cache-control: no-cache
content-length: 88

00:06:28.588 [AsyncHttpClient-1-2] DEBUG org.asynchttpclient.netty.channel.ChannelManager - Adding key: http://localhost:57548 for channel [id: 0x4f18d9eb, L:/127.0.0.1:59646 - R:localhost/127.0.0.1:57548]
00:06:28.595 [Forwarding clearElement on session 471ba427db4b34a32566dd53cdeeae47 to remote] DEBUG org.asynchttpclient.netty.request.NettyRequestSender - Using pooled Channel '[id: 0x4f18d9eb, L:/127.0.0.1:59646 - R:localhost/127.0.0.1:57548]' for 'POST' to 'http://localhost:57548/session/471ba427db4b34a32566dd53cdeeae47/element/acb753b9-9c27-45ac-b8b1-e187b3ef8dcf/clear'
00:06:28.595 [Forwarding clearElement on session 471ba427db4b34a32566dd53cdeeae47 to remote] DEBUG org.asynchttpclient.netty.request.NettyRequestSender - Using open Channel [id: 0x4f18d9eb, L:/127.0.0.1:59646 - R:localhost/127.0.0.1:57548] for POST '/session/471ba427db4b34a32566dd53cdeeae47/element/acb753b9-9c27-45ac-b8b1-e187b3ef8dcf/clear'
00:06:28.623 [AsyncHttpClient-1-2] DEBUG org.asynchttpclient.netty.handler.HttpHandler - 

Request DefaultHttpRequest(decodeResult: success, version: HTTP/1.1)
POST /session/471ba427db4b34a32566dd53cdeeae47/element/acb753b9-9c27-45ac-b8b1-e187b3ef8dcf/clear HTTP/1.1
User-Agent: selenium/4.1.2 (java mac)
Content-Length: 50
Content-Type: application/json; charset=utf-8
host: localhost:57548
accept: */*

Response DefaultHttpResponse(decodeResult: success, version: HTTP/1.1)
HTTP/1.1 200 OK
Content-Type: application/json; charset=utf-8
cache-control: no-cache
content-length: 14

00:06:28.624 [AsyncHttpClient-1-2] DEBUG org.asynchttpclient.netty.channel.ChannelManager - Adding key: http://localhost:57548 for channel [id: 0x4f18d9eb, L:/127.0.0.1:59646 - R:localhost/127.0.0.1:57548]
00:06:28.631 [Forwarding sendKeysToElement on session 471ba427db4b34a32566dd53cdeeae47 to remote] DEBUG org.asynchttpclient.netty.request.NettyRequestSender - Using pooled Channel '[id: 0x4f18d9eb, L:/127.0.0.1:59646 - R:localhost/127.0.0.1:57548]' for 'POST' to 'http://localhost:57548/session/471ba427db4b34a32566dd53cdeeae47/element/acb753b9-9c27-45ac-b8b1-e187b3ef8dcf/value'
00:06:28.631 [Forwarding sendKeysToElement on session 471ba427db4b34a32566dd53cdeeae47 to remote] DEBUG org.asynchttpclient.netty.request.NettyRequestSender - Using open Channel [id: 0x4f18d9eb, L:/127.0.0.1:59646 - R:localhost/127.0.0.1:57548] for POST '/session/471ba427db4b34a32566dd53cdeeae47/element/acb753b9-9c27-45ac-b8b1-e187b3ef8dcf/value'
00:06:28.814 [AsyncHttpClient-1-2] DEBUG org.asynchttpclient.netty.handler.HttpHandler - 

Request DefaultHttpRequest(decodeResult: success, version: HTTP/1.1)
POST /session/471ba427db4b34a32566dd53cdeeae47/element/acb753b9-9c27-45ac-b8b1-e187b3ef8dcf/value HTTP/1.1
User-Agent: selenium/4.1.2 (java mac)
Content-Length: 161
Content-Type: application/json; charset=utf-8
host: localhost:57548
accept: */*

Response DefaultHttpResponse(decodeResult: success, version: HTTP/1.1)
HTTP/1.1 200 OK
Content-Type: application/json; charset=utf-8
cache-control: no-cache
content-length: 14

00:06:28.814 [AsyncHttpClient-1-2] DEBUG org.asynchttpclient.netty.channel.ChannelManager - Adding key: http://localhost:57548 for channel [id: 0x4f18d9eb, L:/127.0.0.1:59646 - R:localhost/127.0.0.1:57548]
00:06:28.823 [Forwarding screenshot on session 471ba427db4b34a32566dd53cdeeae47 to remote] DEBUG org.asynchttpclient.netty.request.NettyRequestSender - Using pooled Channel '[id: 0x4f18d9eb, L:/127.0.0.1:59646 - R:localhost/127.0.0.1:57548]' for 'GET' to 'http://localhost:57548/session/471ba427db4b34a32566dd53cdeeae47/screenshot'
00:06:28.823 [Forwarding screenshot on session 471ba427db4b34a32566dd53cdeeae47 to remote] DEBUG org.asynchttpclient.netty.request.NettyRequestSender - Using open Channel [id: 0x4f18d9eb, L:/127.0.0.1:59646 - R:localhost/127.0.0.1:57548] for GET '/session/471ba427db4b34a32566dd53cdeeae47/screenshot'
00:06:28.886 [AsyncHttpClient-1-1] DEBUG org.asynchttpclient.netty.channel.DefaultChannelPool - Entry count for : http://localhost:59647 : 1
00:06:28.951 [AsyncHttpClient-1-2] DEBUG org.asynchttpclient.netty.handler.HttpHandler - 

Request DefaultFullHttpRequest(decodeResult: success, version: HTTP/1.1, content: EmptyByteBufBE)
GET /session/471ba427db4b34a32566dd53cdeeae47/screenshot HTTP/1.1
User-Agent: selenium/4.1.2 (java mac)
Cache-Control: no-cache
Content-Type: application/json; charset=utf-8
host: localhost:57548
accept: */*

Response DefaultHttpResponse(decodeResult: success, version: HTTP/1.1)
HTTP/1.1 200 OK
Content-Type: application/json; charset=utf-8
cache-control: no-cache
content-length: 111552

00:06:28.952 [AsyncHttpClient-1-2] DEBUG org.asynchttpclient.netty.channel.ChannelManager - Adding key: http://localhost:57548 for channel [id: 0x4f18d9eb, L:/127.0.0.1:59646 - R:localhost/127.0.0.1:57548]
00:06:28.957 [main] DEBUG net.serenitybdd.core.photography.Darkroom - Send negative for processing for target/site/serenity/bd6b9839c991aae5325a05b916e116e87f4ae38a1523fa565beb30cc5f44cd61.png
00:06:28.957 [Darkroom Processing Line] DEBUG net.serenitybdd.core.photography.DarkroomProcessingLine - Processing screenshot image in /var/screenshots/screenshot-4418696285660545607
00:06:28.957 [Darkroom Processing Line] DEBUG net.serenitybdd.core.photography.DarkroomProcessingLine - Saving screenshot to target/site/serenity/bd6b9839c991aae5325a05b916e116e87f4ae38a1523fa565beb30cc5f44cd61.png
00:06:28.957 [main] DEBUG net.thucydides.core.steps.StepInterceptor - STEP DONE: enterUsername
00:06:28.966 [main] DEBUG net.thucydides.core.steps.StepInterceptor - STARTING STEP: UserCreation.he_enters_username_as_password_as_and_repeat_password_as_and_clicks_on_sign_up_button - enterPassword
00:06:28.969 [Forwarding findElement on session 471ba427db4b34a32566dd53cdeeae47 to remote] DEBUG org.asynchttpclient.netty.request.NettyRequestSender - Using pooled Channel '[id: 0x4f18d9eb, L:/127.0.0.1:59646 - R:localhost/127.0.0.1:57548]' for 'POST' to 'http://localhost:57548/session/471ba427db4b34a32566dd53cdeeae47/element'
00:06:28.969 [Forwarding findElement on session 471ba427db4b34a32566dd53cdeeae47 to remote] DEBUG org.asynchttpclient.netty.request.NettyRequestSender - Using open Channel [id: 0x4f18d9eb, L:/127.0.0.1:59646 - R:localhost/127.0.0.1:57548] for POST '/session/471ba427db4b34a32566dd53cdeeae47/element'
00:06:28.978 [AsyncHttpClient-1-2] DEBUG org.asynchttpclient.netty.handler.HttpHandler - 

Request DefaultHttpRequest(decodeResult: success, version: HTTP/1.1)
POST /session/471ba427db4b34a32566dd53cdeeae47/element HTTP/1.1
User-Agent: selenium/4.1.2 (java mac)
Content-Length: 48
Content-Type: application/json; charset=utf-8
host: localhost:57548
accept: */*

Response DefaultHttpResponse(decodeResult: success, version: HTTP/1.1)
HTTP/1.1 200 OK
Content-Type: application/json; charset=utf-8
cache-control: no-cache
content-length: 88

00:06:28.979 [AsyncHttpClient-1-2] DEBUG org.asynchttpclient.netty.channel.ChannelManager - Adding key: http://localhost:57548 for channel [id: 0x4f18d9eb, L:/127.0.0.1:59646 - R:localhost/127.0.0.1:57548]
00:06:28.982 [Forwarding clearElement on session 471ba427db4b34a32566dd53cdeeae47 to remote] DEBUG org.asynchttpclient.netty.request.NettyRequestSender - Using pooled Channel '[id: 0x4f18d9eb, L:/127.0.0.1:59646 - R:localhost/127.0.0.1:57548]' for 'POST' to 'http://localhost:57548/session/471ba427db4b34a32566dd53cdeeae47/element/0fd0edc3-aa23-4a95-a5a1-03c43c0f0e7e/clear'
00:06:28.982 [Forwarding clearElement on session 471ba427db4b34a32566dd53cdeeae47 to remote] DEBUG org.asynchttpclient.netty.request.NettyRequestSender - Using open Channel [id: 0x4f18d9eb, L:/127.0.0.1:59646 - R:localhost/127.0.0.1:57548] for POST '/session/471ba427db4b34a32566dd53cdeeae47/element/0fd0edc3-aa23-4a95-a5a1-03c43c0f0e7e/clear'
00:06:29.000 [AsyncHttpClient-1-2] DEBUG org.asynchttpclient.netty.handler.HttpHandler - 

Request DefaultHttpRequest(decodeResult: success, version: HTTP/1.1)
POST /session/471ba427db4b34a32566dd53cdeeae47/element/0fd0edc3-aa23-4a95-a5a1-03c43c0f0e7e/clear HTTP/1.1
User-Agent: selenium/4.1.2 (java mac)
Content-Length: 50
Content-Type: application/json; charset=utf-8
host: localhost:57548
accept: */*

Response DefaultHttpResponse(decodeResult: success, version: HTTP/1.1)
HTTP/1.1 200 OK
Content-Type: application/json; charset=utf-8
cache-control: no-cache
content-length: 14

00:06:29.000 [AsyncHttpClient-1-2] DEBUG org.asynchttpclient.netty.channel.ChannelManager - Adding key: http://localhost:57548 for channel [id: 0x4f18d9eb, L:/127.0.0.1:59646 - R:localhost/127.0.0.1:57548]
00:06:29.003 [Forwarding sendKeysToElement on session 471ba427db4b34a32566dd53cdeeae47 to remote] DEBUG org.asynchttpclient.netty.request.NettyRequestSender - Using pooled Channel '[id: 0x4f18d9eb, L:/127.0.0.1:59646 - R:localhost/127.0.0.1:57548]' for 'POST' to 'http://localhost:57548/session/471ba427db4b34a32566dd53cdeeae47/element/0fd0edc3-aa23-4a95-a5a1-03c43c0f0e7e/value'
00:06:29.003 [Forwarding sendKeysToElement on session 471ba427db4b34a32566dd53cdeeae47 to remote] DEBUG org.asynchttpclient.netty.request.NettyRequestSender - Using open Channel [id: 0x4f18d9eb, L:/127.0.0.1:59646 - R:localhost/127.0.0.1:57548] for POST '/session/471ba427db4b34a32566dd53cdeeae47/element/0fd0edc3-aa23-4a95-a5a1-03c43c0f0e7e/value'
00:06:29.049 [AsyncHttpClient-1-2] DEBUG org.asynchttpclient.netty.handler.HttpHandler - 

Request DefaultHttpRequest(decodeResult: success, version: HTTP/1.1)
POST /session/471ba427db4b34a32566dd53cdeeae47/element/0fd0edc3-aa23-4a95-a5a1-03c43c0f0e7e/value HTTP/1.1
User-Agent: selenium/4.1.2 (java mac)
Content-Length: 161
Content-Type: application/json; charset=utf-8
host: localhost:57548
accept: */*

Response DefaultHttpResponse(decodeResult: success, version: HTTP/1.1)
HTTP/1.1 200 OK
Content-Type: application/json; charset=utf-8
cache-control: no-cache
content-length: 14

00:06:29.049 [AsyncHttpClient-1-2] DEBUG org.asynchttpclient.netty.channel.ChannelManager - Adding key: http://localhost:57548 for channel [id: 0x4f18d9eb, L:/127.0.0.1:59646 - R:localhost/127.0.0.1:57548]
00:06:29.055 [Forwarding screenshot on session 471ba427db4b34a32566dd53cdeeae47 to remote] DEBUG org.asynchttpclient.netty.request.NettyRequestSender - Using pooled Channel '[id: 0x4f18d9eb, L:/127.0.0.1:59646 - R:localhost/127.0.0.1:57548]' for 'GET' to 'http://localhost:57548/session/471ba427db4b34a32566dd53cdeeae47/screenshot'
00:06:29.055 [Forwarding screenshot on session 471ba427db4b34a32566dd53cdeeae47 to remote] DEBUG org.asynchttpclient.netty.request.NettyRequestSender - Using open Channel [id: 0x4f18d9eb, L:/127.0.0.1:59646 - R:localhost/127.0.0.1:57548] for GET '/session/471ba427db4b34a32566dd53cdeeae47/screenshot'
00:06:29.181 [AsyncHttpClient-1-2] DEBUG org.asynchttpclient.netty.handler.HttpHandler - 

Request DefaultFullHttpRequest(decodeResult: success, version: HTTP/1.1, content: EmptyByteBufBE)
GET /session/471ba427db4b34a32566dd53cdeeae47/screenshot HTTP/1.1
User-Agent: selenium/4.1.2 (java mac)
Cache-Control: no-cache
Content-Type: application/json; charset=utf-8
host: localhost:57548
accept: */*

Response DefaultHttpResponse(decodeResult: success, version: HTTP/1.1)
HTTP/1.1 200 OK
Content-Type: application/json; charset=utf-8
cache-control: no-cache
content-length: 108564

00:06:29.181 [AsyncHttpClient-1-2] DEBUG org.asynchttpclient.netty.channel.ChannelManager - Adding key: http://localhost:57548 for channel [id: 0x4f18d9eb, L:/127.0.0.1:59646 - R:localhost/127.0.0.1:57548]
00:06:29.186 [main] DEBUG net.serenitybdd.core.photography.Darkroom - Send negative for processing for target/site/serenity/69f11fa13ac06ca05cbd2363dc8308e85f1b574d8643876e4bc2fafab44c2c1d.png
00:06:29.187 [Darkroom Processing Line] DEBUG net.serenitybdd.core.photography.DarkroomProcessingLine - Processing screenshot image in /var/screenshots/screenshot-11040352037811799190
00:06:29.187 [Darkroom Processing Line] DEBUG net.serenitybdd.core.photography.DarkroomProcessingLine - Saving screenshot to target/site/serenity/69f11fa13ac06ca05cbd2363dc8308e85f1b574d8643876e4bc2fafab44c2c1d.png
00:06:29.187 [main] DEBUG net.thucydides.core.steps.StepInterceptor - STEP DONE: enterPassword
00:06:29.192 [main] DEBUG net.thucydides.core.steps.StepInterceptor - STARTING STEP: UserCreation.he_enters_username_as_password_as_and_repeat_password_as_and_clicks_on_sign_up_button - repeatPassword
00:06:29.197 [Forwarding findElement on session 471ba427db4b34a32566dd53cdeeae47 to remote] DEBUG org.asynchttpclient.netty.request.NettyRequestSender - Using pooled Channel '[id: 0x4f18d9eb, L:/127.0.0.1:59646 - R:localhost/127.0.0.1:57548]' for 'POST' to 'http://localhost:57548/session/471ba427db4b34a32566dd53cdeeae47/element'
00:06:29.198 [Forwarding findElement on session 471ba427db4b34a32566dd53cdeeae47 to remote] DEBUG org.asynchttpclient.netty.request.NettyRequestSender - Using open Channel [id: 0x4f18d9eb, L:/127.0.0.1:59646 - R:localhost/127.0.0.1:57548] for POST '/session/471ba427db4b34a32566dd53cdeeae47/element'
00:06:29.206 [AsyncHttpClient-1-2] DEBUG org.asynchttpclient.netty.handler.HttpHandler - 

Request DefaultHttpRequest(decodeResult: success, version: HTTP/1.1)
POST /session/471ba427db4b34a32566dd53cdeeae47/element HTTP/1.1
User-Agent: selenium/4.1.2 (java mac)
Content-Length: 57
Content-Type: application/json; charset=utf-8
host: localhost:57548
accept: */*

Response DefaultHttpResponse(decodeResult: success, version: HTTP/1.1)
HTTP/1.1 200 OK
Content-Type: application/json; charset=utf-8
cache-control: no-cache
content-length: 88

00:06:29.207 [AsyncHttpClient-1-2] DEBUG org.asynchttpclient.netty.channel.ChannelManager - Adding key: http://localhost:57548 for channel [id: 0x4f18d9eb, L:/127.0.0.1:59646 - R:localhost/127.0.0.1:57548]
00:06:29.208 [Forwarding clearElement on session 471ba427db4b34a32566dd53cdeeae47 to remote] DEBUG org.asynchttpclient.netty.request.NettyRequestSender - Using pooled Channel '[id: 0x4f18d9eb, L:/127.0.0.1:59646 - R:localhost/127.0.0.1:57548]' for 'POST' to 'http://localhost:57548/session/471ba427db4b34a32566dd53cdeeae47/element/791a7d11-46ab-48b4-aa45-960e4697618d/clear'
00:06:29.208 [Forwarding clearElement on session 471ba427db4b34a32566dd53cdeeae47 to remote] DEBUG org.asynchttpclient.netty.request.NettyRequestSender - Using open Channel [id: 0x4f18d9eb, L:/127.0.0.1:59646 - R:localhost/127.0.0.1:57548] for POST '/session/471ba427db4b34a32566dd53cdeeae47/element/791a7d11-46ab-48b4-aa45-960e4697618d/clear'
00:06:29.228 [AsyncHttpClient-1-2] DEBUG org.asynchttpclient.netty.handler.HttpHandler - 

Request DefaultHttpRequest(decodeResult: success, version: HTTP/1.1)
POST /session/471ba427db4b34a32566dd53cdeeae47/element/791a7d11-46ab-48b4-aa45-960e4697618d/clear HTTP/1.1
User-Agent: selenium/4.1.2 (java mac)
Content-Length: 50
Content-Type: application/json; charset=utf-8
host: localhost:57548
accept: */*

Response DefaultHttpResponse(decodeResult: success, version: HTTP/1.1)
HTTP/1.1 200 OK
Content-Type: application/json; charset=utf-8
cache-control: no-cache
content-length: 14

00:06:29.228 [AsyncHttpClient-1-2] DEBUG org.asynchttpclient.netty.channel.ChannelManager - Adding key: http://localhost:57548 for channel [id: 0x4f18d9eb, L:/127.0.0.1:59646 - R:localhost/127.0.0.1:57548]
00:06:29.231 [Forwarding sendKeysToElement on session 471ba427db4b34a32566dd53cdeeae47 to remote] DEBUG org.asynchttpclient.netty.request.NettyRequestSender - Using pooled Channel '[id: 0x4f18d9eb, L:/127.0.0.1:59646 - R:localhost/127.0.0.1:57548]' for 'POST' to 'http://localhost:57548/session/471ba427db4b34a32566dd53cdeeae47/element/791a7d11-46ab-48b4-aa45-960e4697618d/value'
00:06:29.231 [Forwarding sendKeysToElement on session 471ba427db4b34a32566dd53cdeeae47 to remote] DEBUG org.asynchttpclient.netty.request.NettyRequestSender - Using open Channel [id: 0x4f18d9eb, L:/127.0.0.1:59646 - R:localhost/127.0.0.1:57548] for POST '/session/471ba427db4b34a32566dd53cdeeae47/element/791a7d11-46ab-48b4-aa45-960e4697618d/value'
00:06:29.260 [AsyncHttpClient-1-2] DEBUG org.asynchttpclient.netty.handler.HttpHandler - 

Request DefaultHttpRequest(decodeResult: success, version: HTTP/1.1)
POST /session/471ba427db4b34a32566dd53cdeeae47/element/791a7d11-46ab-48b4-aa45-960e4697618d/value HTTP/1.1
User-Agent: selenium/4.1.2 (java mac)
Content-Length: 161
Content-Type: application/json; charset=utf-8
host: localhost:57548
accept: */*

Response DefaultHttpResponse(decodeResult: success, version: HTTP/1.1)
HTTP/1.1 200 OK
Content-Type: application/json; charset=utf-8
cache-control: no-cache
content-length: 14

00:06:29.260 [AsyncHttpClient-1-2] DEBUG org.asynchttpclient.netty.channel.ChannelManager - Adding key: http://localhost:57548 for channel [id: 0x4f18d9eb, L:/127.0.0.1:59646 - R:localhost/127.0.0.1:57548]
00:06:29.267 [Forwarding screenshot on session 471ba427db4b34a32566dd53cdeeae47 to remote] DEBUG org.asynchttpclient.netty.request.NettyRequestSender - Using pooled Channel '[id: 0x4f18d9eb, L:/127.0.0.1:59646 - R:localhost/127.0.0.1:57548]' for 'GET' to 'http://localhost:57548/session/471ba427db4b34a32566dd53cdeeae47/screenshot'
00:06:29.267 [Forwarding screenshot on session 471ba427db4b34a32566dd53cdeeae47 to remote] DEBUG org.asynchttpclient.netty.request.NettyRequestSender - Using open Channel [id: 0x4f18d9eb, L:/127.0.0.1:59646 - R:localhost/127.0.0.1:57548] for GET '/session/471ba427db4b34a32566dd53cdeeae47/screenshot'
00:06:29.397 [AsyncHttpClient-1-2] DEBUG org.asynchttpclient.netty.handler.HttpHandler - 

Request DefaultFullHttpRequest(decodeResult: success, version: HTTP/1.1, content: EmptyByteBufBE)
GET /session/471ba427db4b34a32566dd53cdeeae47/screenshot HTTP/1.1
User-Agent: selenium/4.1.2 (java mac)
Cache-Control: no-cache
Content-Type: application/json; charset=utf-8
host: localhost:57548
accept: */*

Response DefaultHttpResponse(decodeResult: success, version: HTTP/1.1)
HTTP/1.1 200 OK
Content-Type: application/json; charset=utf-8
cache-control: no-cache
content-length: 105844

00:06:29.398 [AsyncHttpClient-1-2] DEBUG org.asynchttpclient.netty.channel.ChannelManager - Adding key: http://localhost:57548 for channel [id: 0x4f18d9eb, L:/127.0.0.1:59646 - R:localhost/127.0.0.1:57548]
00:06:29.402 [main] DEBUG net.serenitybdd.core.photography.Darkroom - Send negative for processing for target/site/serenity/15fb9f755fea4fb1f8d4a541f4488c0b878d48270ed7f958b11cf32ea34ce3aa.png
00:06:29.402 [Darkroom Processing Line] DEBUG net.serenitybdd.core.photography.DarkroomProcessingLine - Processing screenshot image in /var/screenshots/screenshot-8052669291489130893
00:06:29.402 [Darkroom Processing Line] DEBUG net.serenitybdd.core.photography.DarkroomProcessingLine - Saving screenshot to target/site/serenity/15fb9f755fea4fb1f8d4a541f4488c0b878d48270ed7f958b11cf32ea34ce3aa.png
00:06:29.402 [main] DEBUG net.thucydides.core.steps.StepInterceptor - STEP DONE: repeatPassword
00:06:29.407 [main] DEBUG net.thucydides.core.steps.StepInterceptor - STARTING STEP: UserCreation.he_enters_username_as_password_as_and_repeat_password_as_and_clicks_on_sign_up_button - signUp
00:06:29.411 [Forwarding findElement on session 471ba427db4b34a32566dd53cdeeae47 to remote] DEBUG org.asynchttpclient.netty.request.NettyRequestSender - Using pooled Channel '[id: 0x4f18d9eb, L:/127.0.0.1:59646 - R:localhost/127.0.0.1:57548]' for 'POST' to 'http://localhost:57548/session/471ba427db4b34a32566dd53cdeeae47/element'
00:06:29.412 [Forwarding findElement on session 471ba427db4b34a32566dd53cdeeae47 to remote] DEBUG org.asynchttpclient.netty.request.NettyRequestSender - Using open Channel [id: 0x4f18d9eb, L:/127.0.0.1:59646 - R:localhost/127.0.0.1:57548] for POST '/session/471ba427db4b34a32566dd53cdeeae47/element'
00:06:29.423 [AsyncHttpClient-1-2] DEBUG org.asynchttpclient.netty.handler.HttpHandler - 

Request DefaultHttpRequest(decodeResult: success, version: HTTP/1.1)
POST /session/471ba427db4b34a32566dd53cdeeae47/element HTTP/1.1
User-Agent: selenium/4.1.2 (java mac)
Content-Length: 54
Content-Type: application/json; charset=utf-8
host: localhost:57548
accept: */*

Response DefaultHttpResponse(decodeResult: success, version: HTTP/1.1)
HTTP/1.1 200 OK
Content-Type: application/json; charset=utf-8
cache-control: no-cache
content-length: 88

00:06:29.424 [AsyncHttpClient-1-2] DEBUG org.asynchttpclient.netty.channel.ChannelManager - Adding key: http://localhost:57548 for channel [id: 0x4f18d9eb, L:/127.0.0.1:59646 - R:localhost/127.0.0.1:57548]
00:06:29.426 [Forwarding getElementTagName on session 471ba427db4b34a32566dd53cdeeae47 to remote] DEBUG org.asynchttpclient.netty.request.NettyRequestSender - Using pooled Channel '[id: 0x4f18d9eb, L:/127.0.0.1:59646 - R:localhost/127.0.0.1:57548]' for 'GET' to 'http://localhost:57548/session/471ba427db4b34a32566dd53cdeeae47/element/1485d916-a82c-408a-8cd1-7e74c85c2e82/name'
00:06:29.426 [Forwarding getElementTagName on session 471ba427db4b34a32566dd53cdeeae47 to remote] DEBUG org.asynchttpclient.netty.request.NettyRequestSender - Using open Channel [id: 0x4f18d9eb, L:/127.0.0.1:59646 - R:localhost/127.0.0.1:57548] for GET '/session/471ba427db4b34a32566dd53cdeeae47/element/1485d916-a82c-408a-8cd1-7e74c85c2e82/name'
00:06:29.430 [AsyncHttpClient-1-2] DEBUG org.asynchttpclient.netty.handler.HttpHandler - 

Request DefaultFullHttpRequest(decodeResult: success, version: HTTP/1.1, content: EmptyByteBufBE)
GET /session/471ba427db4b34a32566dd53cdeeae47/element/1485d916-a82c-408a-8cd1-7e74c85c2e82/name HTTP/1.1
User-Agent: selenium/4.1.2 (java mac)
Cache-Control: no-cache
Content-Type: application/json; charset=utf-8
host: localhost:57548
accept: */*

Response DefaultHttpResponse(decodeResult: success, version: HTTP/1.1)
HTTP/1.1 200 OK
Content-Type: application/json; charset=utf-8
cache-control: no-cache
content-length: 18

00:06:29.430 [AsyncHttpClient-1-2] DEBUG org.asynchttpclient.netty.channel.ChannelManager - Adding key: http://localhost:57548 for channel [id: 0x4f18d9eb, L:/127.0.0.1:59646 - R:localhost/127.0.0.1:57548]
00:06:29.432 [Forwarding getElementTagName on session 471ba427db4b34a32566dd53cdeeae47 to remote] DEBUG org.asynchttpclient.netty.request.NettyRequestSender - Using pooled Channel '[id: 0x4f18d9eb, L:/127.0.0.1:59646 - R:localhost/127.0.0.1:57548]' for 'GET' to 'http://localhost:57548/session/471ba427db4b34a32566dd53cdeeae47/element/1485d916-a82c-408a-8cd1-7e74c85c2e82/name'
00:06:29.432 [Forwarding getElementTagName on session 471ba427db4b34a32566dd53cdeeae47 to remote] DEBUG org.asynchttpclient.netty.request.NettyRequestSender - Using open Channel [id: 0x4f18d9eb, L:/127.0.0.1:59646 - R:localhost/127.0.0.1:57548] for GET '/session/471ba427db4b34a32566dd53cdeeae47/element/1485d916-a82c-408a-8cd1-7e74c85c2e82/name'
00:06:29.435 [AsyncHttpClient-1-2] DEBUG org.asynchttpclient.netty.handler.HttpHandler - 

Request DefaultFullHttpRequest(decodeResult: success, version: HTTP/1.1, content: EmptyByteBufBE)
GET /session/471ba427db4b34a32566dd53cdeeae47/element/1485d916-a82c-408a-8cd1-7e74c85c2e82/name HTTP/1.1
User-Agent: selenium/4.1.2 (java mac)
Cache-Control: no-cache
Content-Type: application/json; charset=utf-8
host: localhost:57548
accept: */*

Response DefaultHttpResponse(decodeResult: success, version: HTTP/1.1)
HTTP/1.1 200 OK
Content-Type: application/json; charset=utf-8
cache-control: no-cache
content-length: 18

00:06:29.436 [AsyncHttpClient-1-2] DEBUG org.asynchttpclient.netty.channel.ChannelManager - Adding key: http://localhost:57548 for channel [id: 0x4f18d9eb, L:/127.0.0.1:59646 - R:localhost/127.0.0.1:57548]
00:06:29.443 [Forwarding isElementEnabled on session 471ba427db4b34a32566dd53cdeeae47 to remote] DEBUG org.asynchttpclient.netty.request.NettyRequestSender - Using pooled Channel '[id: 0x4f18d9eb, L:/127.0.0.1:59646 - R:localhost/127.0.0.1:57548]' for 'GET' to 'http://localhost:57548/session/471ba427db4b34a32566dd53cdeeae47/element/1485d916-a82c-408a-8cd1-7e74c85c2e82/enabled'
00:06:29.444 [Forwarding isElementEnabled on session 471ba427db4b34a32566dd53cdeeae47 to remote] DEBUG org.asynchttpclient.netty.request.NettyRequestSender - Using open Channel [id: 0x4f18d9eb, L:/127.0.0.1:59646 - R:localhost/127.0.0.1:57548] for GET '/session/471ba427db4b34a32566dd53cdeeae47/element/1485d916-a82c-408a-8cd1-7e74c85c2e82/enabled'
00:06:29.450 [AsyncHttpClient-1-2] DEBUG org.asynchttpclient.netty.handler.HttpHandler - 

Request DefaultFullHttpRequest(decodeResult: success, version: HTTP/1.1, content: EmptyByteBufBE)
GET /session/471ba427db4b34a32566dd53cdeeae47/element/1485d916-a82c-408a-8cd1-7e74c85c2e82/enabled HTTP/1.1
User-Agent: selenium/4.1.2 (java mac)
Cache-Control: no-cache
Content-Type: application/json; charset=utf-8
host: localhost:57548
accept: */*

Response DefaultHttpResponse(decodeResult: success, version: HTTP/1.1)
HTTP/1.1 200 OK
Content-Type: application/json; charset=utf-8
cache-control: no-cache
content-length: 14

00:06:29.450 [AsyncHttpClient-1-2] DEBUG org.asynchttpclient.netty.channel.ChannelManager - Adding key: http://localhost:57548 for channel [id: 0x4f18d9eb, L:/127.0.0.1:59646 - R:localhost/127.0.0.1:57548]
00:06:29.452 [Forwarding isElementEnabled on session 471ba427db4b34a32566dd53cdeeae47 to remote] DEBUG org.asynchttpclient.netty.request.NettyRequestSender - Using pooled Channel '[id: 0x4f18d9eb, L:/127.0.0.1:59646 - R:localhost/127.0.0.1:57548]' for 'GET' to 'http://localhost:57548/session/471ba427db4b34a32566dd53cdeeae47/element/1485d916-a82c-408a-8cd1-7e74c85c2e82/enabled'
00:06:29.452 [Forwarding isElementEnabled on session 471ba427db4b34a32566dd53cdeeae47 to remote] DEBUG org.asynchttpclient.netty.request.NettyRequestSender - Using open Channel [id: 0x4f18d9eb, L:/127.0.0.1:59646 - R:localhost/127.0.0.1:57548] for GET '/session/471ba427db4b34a32566dd53cdeeae47/element/1485d916-a82c-408a-8cd1-7e74c85c2e82/enabled'
00:06:29.456 [AsyncHttpClient-1-2] DEBUG org.asynchttpclient.netty.handler.HttpHandler - 

Request DefaultFullHttpRequest(decodeResult: success, version: HTTP/1.1, content: EmptyByteBufBE)
GET /session/471ba427db4b34a32566dd53cdeeae47/element/1485d916-a82c-408a-8cd1-7e74c85c2e82/enabled HTTP/1.1
User-Agent: selenium/4.1.2 (java mac)
Cache-Control: no-cache
Content-Type: application/json; charset=utf-8
host: localhost:57548
accept: */*

Response DefaultHttpResponse(decodeResult: success, version: HTTP/1.1)
HTTP/1.1 200 OK
Content-Type: application/json; charset=utf-8
cache-control: no-cache
content-length: 14

00:06:29.456 [AsyncHttpClient-1-2] DEBUG org.asynchttpclient.netty.channel.ChannelManager - Adding key: http://localhost:57548 for channel [id: 0x4f18d9eb, L:/127.0.0.1:59646 - R:localhost/127.0.0.1:57548]
00:06:29.458 [Forwarding findElement on session 471ba427db4b34a32566dd53cdeeae47 to remote] DEBUG org.asynchttpclient.netty.request.NettyRequestSender - Using pooled Channel '[id: 0x4f18d9eb, L:/127.0.0.1:59646 - R:localhost/127.0.0.1:57548]' for 'POST' to 'http://localhost:57548/session/471ba427db4b34a32566dd53cdeeae47/element'
00:06:29.458 [Forwarding findElement on session 471ba427db4b34a32566dd53cdeeae47 to remote] DEBUG org.asynchttpclient.netty.request.NettyRequestSender - Using open Channel [id: 0x4f18d9eb, L:/127.0.0.1:59646 - R:localhost/127.0.0.1:57548] for POST '/session/471ba427db4b34a32566dd53cdeeae47/element'
00:06:29.463 [AsyncHttpClient-1-2] DEBUG org.asynchttpclient.netty.handler.HttpHandler - 

Request DefaultHttpRequest(decodeResult: success, version: HTTP/1.1)
POST /session/471ba427db4b34a32566dd53cdeeae47/element HTTP/1.1
User-Agent: selenium/4.1.2 (java mac)
Content-Length: 54
Content-Type: application/json; charset=utf-8
host: localhost:57548
accept: */*

Response DefaultHttpResponse(decodeResult: success, version: HTTP/1.1)
HTTP/1.1 200 OK
Content-Type: application/json; charset=utf-8
cache-control: no-cache
content-length: 88

00:06:29.463 [AsyncHttpClient-1-2] DEBUG org.asynchttpclient.netty.channel.ChannelManager - Adding key: http://localhost:57548 for channel [id: 0x4f18d9eb, L:/127.0.0.1:59646 - R:localhost/127.0.0.1:57548]
00:06:29.465 [Forwarding clickElement on session 471ba427db4b34a32566dd53cdeeae47 to remote] DEBUG org.asynchttpclient.netty.request.NettyRequestSender - Using pooled Channel '[id: 0x4f18d9eb, L:/127.0.0.1:59646 - R:localhost/127.0.0.1:57548]' for 'POST' to 'http://localhost:57548/session/471ba427db4b34a32566dd53cdeeae47/element/1485d916-a82c-408a-8cd1-7e74c85c2e82/click'
00:06:29.465 [Forwarding clickElement on session 471ba427db4b34a32566dd53cdeeae47 to remote] DEBUG org.asynchttpclient.netty.request.NettyRequestSender - Using open Channel [id: 0x4f18d9eb, L:/127.0.0.1:59646 - R:localhost/127.0.0.1:57548] for POST '/session/471ba427db4b34a32566dd53cdeeae47/element/1485d916-a82c-408a-8cd1-7e74c85c2e82/click'
00:06:29.524 [AsyncHttpClient-1-2] DEBUG org.asynchttpclient.netty.handler.HttpHandler - 

Request DefaultHttpRequest(decodeResult: success, version: HTTP/1.1)
POST /session/471ba427db4b34a32566dd53cdeeae47/element/1485d916-a82c-408a-8cd1-7e74c85c2e82/click HTTP/1.1
User-Agent: selenium/4.1.2 (java mac)
Content-Length: 50
Content-Type: application/json; charset=utf-8
host: localhost:57548
accept: */*

Response DefaultHttpResponse(decodeResult: success, version: HTTP/1.1)
HTTP/1.1 200 OK
Content-Type: application/json; charset=utf-8
cache-control: no-cache
content-length: 14

00:06:29.525 [AsyncHttpClient-1-2] DEBUG org.asynchttpclient.netty.channel.ChannelManager - Adding key: http://localhost:57548 for channel [id: 0x4f18d9eb, L:/127.0.0.1:59646 - R:localhost/127.0.0.1:57548]
00:06:29.987 [AsyncHttpClient-1-1] DEBUG org.asynchttpclient.netty.channel.DefaultChannelPool - Entry count for : http://localhost:59647 : 1
00:06:29.989 [AsyncHttpClient-1-1] DEBUG org.asynchttpclient.netty.channel.DefaultChannelPool - Entry count for : http://localhost:57548 : 1
00:06:31.086 [AsyncHttpClient-1-1] DEBUG org.asynchttpclient.netty.channel.DefaultChannelPool - Entry count for : http://localhost:59647 : 1
00:06:31.087 [AsyncHttpClient-1-1] DEBUG org.asynchttpclient.netty.channel.DefaultChannelPool - Entry count for : http://localhost:57548 : 1
00:06:32.186 [AsyncHttpClient-1-1] DEBUG org.asynchttpclient.netty.channel.DefaultChannelPool - Entry count for : http://localhost:59647 : 1
00:06:32.187 [AsyncHttpClient-1-1] DEBUG org.asynchttpclient.netty.channel.DefaultChannelPool - Entry count for : http://localhost:57548 : 1
00:06:32.553 [Forwarding screenshot on session 471ba427db4b34a32566dd53cdeeae47 to remote] DEBUG org.asynchttpclient.netty.request.NettyRequestSender - Using pooled Channel '[id: 0x4f18d9eb, L:/127.0.0.1:59646 - R:localhost/127.0.0.1:57548]' for 'GET' to 'http://localhost:57548/session/471ba427db4b34a32566dd53cdeeae47/screenshot'
00:06:32.553 [Forwarding screenshot on session 471ba427db4b34a32566dd53cdeeae47 to remote] DEBUG org.asynchttpclient.netty.request.NettyRequestSender - Using open Channel [id: 0x4f18d9eb, L:/127.0.0.1:59646 - R:localhost/127.0.0.1:57548] for GET '/session/471ba427db4b34a32566dd53cdeeae47/screenshot'
00:06:32.722 [AsyncHttpClient-1-2] DEBUG org.asynchttpclient.netty.handler.HttpHandler - 

Request DefaultFullHttpRequest(decodeResult: success, version: HTTP/1.1, content: EmptyByteBufBE)
GET /session/471ba427db4b34a32566dd53cdeeae47/screenshot HTTP/1.1
User-Agent: selenium/4.1.2 (java mac)
Cache-Control: no-cache
Content-Type: application/json; charset=utf-8
host: localhost:57548
accept: */*

Response DefaultHttpResponse(decodeResult: success, version: HTTP/1.1)
HTTP/1.1 200 OK
Content-Type: application/json; charset=utf-8
cache-control: no-cache
content-length: 121884

00:06:32.723 [AsyncHttpClient-1-2] DEBUG org.asynchttpclient.netty.channel.ChannelManager - Adding key: http://localhost:57548 for channel [id: 0x4f18d9eb, L:/127.0.0.1:59646 - R:localhost/127.0.0.1:57548]
00:06:32.728 [main] DEBUG net.serenitybdd.core.photography.Darkroom - Send negative for processing for target/site/serenity/406f6ab9642e98394189dadf143273f04b194b338037eefddc06ede2c3eff8e7.png
00:06:32.728 [Darkroom Processing Line] DEBUG net.serenitybdd.core.photography.DarkroomProcessingLine - Processing screenshot image in /var/screenshots/screenshot-12176644527997346483
00:06:32.728 [Darkroom Processing Line] DEBUG net.serenitybdd.core.photography.DarkroomProcessingLine - Saving screenshot to target/site/serenity/406f6ab9642e98394189dadf143273f04b194b338037eefddc06ede2c3eff8e7.png
00:06:32.728 [main] DEBUG net.thucydides.core.steps.StepInterceptor - STEP DONE: signUp
  &amp#27;[32mAnd &amp#27;[0m&amp#27;[32mhe enters username password and repeat password and clicks on Sign Up button to register&amp#27;[0m &amp#27;[90m# starter.stepdefinitions.UserCreation.he_enters_username_as_password_as_and_repeat_password_as_and_clicks_on_sign_up_button()&amp#27;[0m
00:06:32.746 [main] DEBUG net.thucydides.core.steps.StepInterceptor - STARTING STEP: UserCreation.user_should_be_registered_on_the_application - enterUsernameToLogin
00:06:32.752 [Forwarding findElement on session 471ba427db4b34a32566dd53cdeeae47 to remote] DEBUG org.asynchttpclient.netty.request.NettyRequestSender - Using pooled Channel '[id: 0x4f18d9eb, L:/127.0.0.1:59646 - R:localhost/127.0.0.1:57548]' for 'POST' to 'http://localhost:57548/session/471ba427db4b34a32566dd53cdeeae47/element'
00:06:32.752 [Forwarding findElement on session 471ba427db4b34a32566dd53cdeeae47 to remote] DEBUG org.asynchttpclient.netty.request.NettyRequestSender - Using open Channel [id: 0x4f18d9eb, L:/127.0.0.1:59646 - R:localhost/127.0.0.1:57548] for POST '/session/471ba427db4b34a32566dd53cdeeae47/element'
00:06:32.761 [AsyncHttpClient-1-2] DEBUG org.asynchttpclient.netty.handler.HttpHandler - 

Request DefaultHttpRequest(decodeResult: success, version: HTTP/1.1)
POST /session/471ba427db4b34a32566dd53cdeeae47/element HTTP/1.1
User-Agent: selenium/4.1.2 (java mac)
Content-Length: 61
Content-Type: application/json; charset=utf-8
host: localhost:57548
accept: */*

Response DefaultHttpResponse(decodeResult: success, version: HTTP/1.1)
HTTP/1.1 200 OK
Content-Type: application/json; charset=utf-8
cache-control: no-cache
content-length: 88

00:06:32.761 [AsyncHttpClient-1-2] DEBUG org.asynchttpclient.netty.channel.ChannelManager - Adding key: http://localhost:57548 for channel [id: 0x4f18d9eb, L:/127.0.0.1:59646 - R:localhost/127.0.0.1:57548]
00:06:32.766 [Forwarding clearElement on session 471ba427db4b34a32566dd53cdeeae47 to remote] DEBUG org.asynchttpclient.netty.request.NettyRequestSender - Using pooled Channel '[id: 0x4f18d9eb, L:/127.0.0.1:59646 - R:localhost/127.0.0.1:57548]' for 'POST' to 'http://localhost:57548/session/471ba427db4b34a32566dd53cdeeae47/element/c70bc8dc-620f-47c3-b306-91609dd11e8d/clear'
00:06:32.766 [Forwarding clearElement on session 471ba427db4b34a32566dd53cdeeae47 to remote] DEBUG org.asynchttpclient.netty.request.NettyRequestSender - Using open Channel [id: 0x4f18d9eb, L:/127.0.0.1:59646 - R:localhost/127.0.0.1:57548] for POST '/session/471ba427db4b34a32566dd53cdeeae47/element/c70bc8dc-620f-47c3-b306-91609dd11e8d/clear'
00:06:32.810 [AsyncHttpClient-1-2] DEBUG org.asynchttpclient.netty.handler.HttpHandler - 

Request DefaultHttpRequest(decodeResult: success, version: HTTP/1.1)
POST /session/471ba427db4b34a32566dd53cdeeae47/element/c70bc8dc-620f-47c3-b306-91609dd11e8d/clear HTTP/1.1
User-Agent: selenium/4.1.2 (java mac)
Content-Length: 50
Content-Type: application/json; charset=utf-8
host: localhost:57548
accept: */*

Response DefaultHttpResponse(decodeResult: success, version: HTTP/1.1)
HTTP/1.1 200 OK
Content-Type: application/json; charset=utf-8
cache-control: no-cache
content-length: 14

00:06:32.810 [AsyncHttpClient-1-2] DEBUG org.asynchttpclient.netty.channel.ChannelManager - Adding key: http://localhost:57548 for channel [id: 0x4f18d9eb, L:/127.0.0.1:59646 - R:localhost/127.0.0.1:57548]
00:06:32.814 [Forwarding sendKeysToElement on session 471ba427db4b34a32566dd53cdeeae47 to remote] DEBUG org.asynchttpclient.netty.request.NettyRequestSender - Using pooled Channel '[id: 0x4f18d9eb, L:/127.0.0.1:59646 - R:localhost/127.0.0.1:57548]' for 'POST' to 'http://localhost:57548/session/471ba427db4b34a32566dd53cdeeae47/element/c70bc8dc-620f-47c3-b306-91609dd11e8d/value'
00:06:32.814 [Forwarding sendKeysToElement on session 471ba427db4b34a32566dd53cdeeae47 to remote] DEBUG org.asynchttpclient.netty.request.NettyRequestSender - Using open Channel [id: 0x4f18d9eb, L:/127.0.0.1:59646 - R:localhost/127.0.0.1:57548] for POST '/session/471ba427db4b34a32566dd53cdeeae47/element/c70bc8dc-620f-47c3-b306-91609dd11e8d/value'
00:06:32.889 [AsyncHttpClient-1-2] DEBUG org.asynchttpclient.netty.handler.HttpHandler - 

Request DefaultHttpRequest(decodeResult: success, version: HTTP/1.1)
POST /session/471ba427db4b34a32566dd53cdeeae47/element/c70bc8dc-620f-47c3-b306-91609dd11e8d/value HTTP/1.1
User-Agent: selenium/4.1.2 (java mac)
Content-Length: 161
Content-Type: application/json; charset=utf-8
host: localhost:57548
accept: */*

Response DefaultHttpResponse(decodeResult: success, version: HTTP/1.1)
HTTP/1.1 200 OK
Content-Type: application/json; charset=utf-8
cache-control: no-cache
content-length: 14

00:06:32.890 [AsyncHttpClient-1-2] DEBUG org.asynchttpclient.netty.channel.ChannelManager - Adding key: http://localhost:57548 for channel [id: 0x4f18d9eb, L:/127.0.0.1:59646 - R:localhost/127.0.0.1:57548]
00:06:32.903 [Forwarding screenshot on session 471ba427db4b34a32566dd53cdeeae47 to remote] DEBUG org.asynchttpclient.netty.request.NettyRequestSender - Using pooled Channel '[id: 0x4f18d9eb, L:/127.0.0.1:59646 - R:localhost/127.0.0.1:57548]' for 'GET' to 'http://localhost:57548/session/471ba427db4b34a32566dd53cdeeae47/screenshot'
00:06:32.903 [Forwarding screenshot on session 471ba427db4b34a32566dd53cdeeae47 to remote] DEBUG org.asynchttpclient.netty.request.NettyRequestSender - Using open Channel [id: 0x4f18d9eb, L:/127.0.0.1:59646 - R:localhost/127.0.0.1:57548] for GET '/session/471ba427db4b34a32566dd53cdeeae47/screenshot'
00:06:33.033 [AsyncHttpClient-1-2] DEBUG org.asynchttpclient.netty.handler.HttpHandler - 

Request DefaultFullHttpRequest(decodeResult: success, version: HTTP/1.1, content: EmptyByteBufBE)
GET /session/471ba427db4b34a32566dd53cdeeae47/screenshot HTTP/1.1
User-Agent: selenium/4.1.2 (java mac)
Cache-Control: no-cache
Content-Type: application/json; charset=utf-8
host: localhost:57548
accept: */*

Response DefaultHttpResponse(decodeResult: success, version: HTTP/1.1)
HTTP/1.1 200 OK
Content-Type: application/json; charset=utf-8
cache-control: no-cache
content-length: 121664

00:06:33.033 [AsyncHttpClient-1-2] DEBUG org.asynchttpclient.netty.channel.ChannelManager - Adding key: http://localhost:57548 for channel [id: 0x4f18d9eb, L:/127.0.0.1:59646 - R:localhost/127.0.0.1:57548]
00:06:33.043 [main] DEBUG net.serenitybdd.core.photography.Darkroom - Send negative for processing for target/site/serenity/13723a1412965fbdc3c74cda2243eb22e16bb97735f226316106be19aee274c2.png
00:06:33.043 [Darkroom Processing Line] DEBUG net.serenitybdd.core.photography.DarkroomProcessingLine - Processing screenshot image in /var/screenshots/screenshot-17563620134058222284
00:06:33.044 [Darkroom Processing Line] DEBUG net.serenitybdd.core.photography.DarkroomProcessingLine - Saving screenshot to target/site/serenity/13723a1412965fbdc3c74cda2243eb22e16bb97735f226316106be19aee274c2.png
00:06:33.044 [main] DEBUG net.thucydides.core.steps.StepInterceptor - STEP DONE: enterUsernameToLogin
00:06:33.050 [main] DEBUG net.thucydides.core.steps.StepInterceptor - STARTING STEP: UserCreation.user_should_be_registered_on_the_application - enterPasswordToLogin
00:06:33.052 [Forwarding findElement on session 471ba427db4b34a32566dd53cdeeae47 to remote] DEBUG org.asynchttpclient.netty.request.NettyRequestSender - Using pooled Channel '[id: 0x4f18d9eb, L:/127.0.0.1:59646 - R:localhost/127.0.0.1:57548]' for 'POST' to 'http://localhost:57548/session/471ba427db4b34a32566dd53cdeeae47/element'
00:06:33.052 [Forwarding findElement on session 471ba427db4b34a32566dd53cdeeae47 to remote] DEBUG org.asynchttpclient.netty.request.NettyRequestSender - Using open Channel [id: 0x4f18d9eb, L:/127.0.0.1:59646 - R:localhost/127.0.0.1:57548] for POST '/session/471ba427db4b34a32566dd53cdeeae47/element'
00:06:33.060 [AsyncHttpClient-1-2] DEBUG org.asynchttpclient.netty.handler.HttpHandler - 

Request DefaultHttpRequest(decodeResult: success, version: HTTP/1.1)
POST /session/471ba427db4b34a32566dd53cdeeae47/element HTTP/1.1
User-Agent: selenium/4.1.2 (java mac)
Content-Length: 56
Content-Type: application/json; charset=utf-8
host: localhost:57548
accept: */*

Response DefaultHttpResponse(decodeResult: success, version: HTTP/1.1)
HTTP/1.1 200 OK
Content-Type: application/json; charset=utf-8
cache-control: no-cache
content-length: 88

00:06:33.060 [AsyncHttpClient-1-2] DEBUG org.asynchttpclient.netty.channel.ChannelManager - Adding key: http://localhost:57548 for channel [id: 0x4f18d9eb, L:/127.0.0.1:59646 - R:localhost/127.0.0.1:57548]
00:06:33.061 [Forwarding clearElement on session 471ba427db4b34a32566dd53cdeeae47 to remote] DEBUG org.asynchttpclient.netty.request.NettyRequestSender - Using pooled Channel '[id: 0x4f18d9eb, L:/127.0.0.1:59646 - R:localhost/127.0.0.1:57548]' for 'POST' to 'http://localhost:57548/session/471ba427db4b34a32566dd53cdeeae47/element/ce6f1fdd-544c-4131-a92d-85a807c46ca5/clear'
00:06:33.061 [Forwarding clearElement on session 471ba427db4b34a32566dd53cdeeae47 to remote] DEBUG org.asynchttpclient.netty.request.NettyRequestSender - Using open Channel [id: 0x4f18d9eb, L:/127.0.0.1:59646 - R:localhost/127.0.0.1:57548] for POST '/session/471ba427db4b34a32566dd53cdeeae47/element/ce6f1fdd-544c-4131-a92d-85a807c46ca5/clear'
00:06:33.081 [AsyncHttpClient-1-2] DEBUG org.asynchttpclient.netty.handler.HttpHandler - 

Request DefaultHttpRequest(decodeResult: success, version: HTTP/1.1)
POST /session/471ba427db4b34a32566dd53cdeeae47/element/ce6f1fdd-544c-4131-a92d-85a807c46ca5/clear HTTP/1.1
User-Agent: selenium/4.1.2 (java mac)
Content-Length: 50
Content-Type: application/json; charset=utf-8
host: localhost:57548
accept: */*

Response DefaultHttpResponse(decodeResult: success, version: HTTP/1.1)
HTTP/1.1 200 OK
Content-Type: application/json; charset=utf-8
cache-control: no-cache
content-length: 14

00:06:33.081 [AsyncHttpClient-1-2] DEBUG org.asynchttpclient.netty.channel.ChannelManager - Adding key: http://localhost:57548 for channel [id: 0x4f18d9eb, L:/127.0.0.1:59646 - R:localhost/127.0.0.1:57548]
00:06:33.087 [Forwarding sendKeysToElement on session 471ba427db4b34a32566dd53cdeeae47 to remote] DEBUG org.asynchttpclient.netty.request.NettyRequestSender - Using pooled Channel '[id: 0x4f18d9eb, L:/127.0.0.1:59646 - R:localhost/127.0.0.1:57548]' for 'POST' to 'http://localhost:57548/session/471ba427db4b34a32566dd53cdeeae47/element/ce6f1fdd-544c-4131-a92d-85a807c46ca5/value'
00:06:33.088 [Forwarding sendKeysToElement on session 471ba427db4b34a32566dd53cdeeae47 to remote] DEBUG org.asynchttpclient.netty.request.NettyRequestSender - Using open Channel [id: 0x4f18d9eb, L:/127.0.0.1:59646 - R:localhost/127.0.0.1:57548] for POST '/session/471ba427db4b34a32566dd53cdeeae47/element/ce6f1fdd-544c-4131-a92d-85a807c46ca5/value'
00:06:33.120 [AsyncHttpClient-1-2] DEBUG org.asynchttpclient.netty.handler.HttpHandler - 

Request DefaultHttpRequest(decodeResult: success, version: HTTP/1.1)
POST /session/471ba427db4b34a32566dd53cdeeae47/element/ce6f1fdd-544c-4131-a92d-85a807c46ca5/value HTTP/1.1
User-Agent: selenium/4.1.2 (java mac)
Content-Length: 161
Content-Type: application/json; charset=utf-8
host: localhost:57548
accept: */*

Response DefaultHttpResponse(decodeResult: success, version: HTTP/1.1)
HTTP/1.1 200 OK
Content-Type: application/json; charset=utf-8
cache-control: no-cache
content-length: 14

00:06:33.120 [AsyncHttpClient-1-2] DEBUG org.asynchttpclient.netty.channel.ChannelManager - Adding key: http://localhost:57548 for channel [id: 0x4f18d9eb, L:/127.0.0.1:59646 - R:localhost/127.0.0.1:57548]
00:06:33.130 [Forwarding screenshot on session 471ba427db4b34a32566dd53cdeeae47 to remote] DEBUG org.asynchttpclient.netty.request.NettyRequestSender - Using pooled Channel '[id: 0x4f18d9eb, L:/127.0.0.1:59646 - R:localhost/127.0.0.1:57548]' for 'GET' to 'http://localhost:57548/session/471ba427db4b34a32566dd53cdeeae47/screenshot'
00:06:33.130 [Forwarding screenshot on session 471ba427db4b34a32566dd53cdeeae47 to remote] DEBUG org.asynchttpclient.netty.request.NettyRequestSender - Using open Channel [id: 0x4f18d9eb, L:/127.0.0.1:59646 - R:localhost/127.0.0.1:57548] for GET '/session/471ba427db4b34a32566dd53cdeeae47/screenshot'
00:06:33.266 [AsyncHttpClient-1-2] DEBUG org.asynchttpclient.netty.handler.HttpHandler - 

Request DefaultFullHttpRequest(decodeResult: success, version: HTTP/1.1, content: EmptyByteBufBE)
GET /session/471ba427db4b34a32566dd53cdeeae47/screenshot HTTP/1.1
User-Agent: selenium/4.1.2 (java mac)
Cache-Control: no-cache
Content-Type: application/json; charset=utf-8
host: localhost:57548
accept: */*

Response DefaultHttpResponse(decodeResult: success, version: HTTP/1.1)
HTTP/1.1 200 OK
Content-Type: application/json; charset=utf-8
cache-control: no-cache
content-length: 122224

00:06:33.267 [AsyncHttpClient-1-2] DEBUG org.asynchttpclient.netty.channel.ChannelManager - Adding key: http://localhost:57548 for channel [id: 0x4f18d9eb, L:/127.0.0.1:59646 - R:localhost/127.0.0.1:57548]
00:06:33.272 [main] DEBUG net.serenitybdd.core.photography.Darkroom - Send negative for processing for target/site/serenity/4729620a61925787c085a2d44ad292ec75d2c58c8a782db931ab2c51f699e3bc.png
00:06:33.272 [Darkroom Processing Line] DEBUG net.serenitybdd.core.photography.DarkroomProcessingLine - Processing screenshot image in /var/screenshots/screenshot-2086105565125464194
00:06:33.273 [Darkroom Processing Line] DEBUG net.serenitybdd.core.photography.DarkroomProcessingLine - Saving screenshot to target/site/serenity/4729620a61925787c085a2d44ad292ec75d2c58c8a782db931ab2c51f699e3bc.png
00:06:33.273 [main] DEBUG net.thucydides.core.steps.StepInterceptor - STEP DONE: enterPasswordToLogin
00:06:33.285 [AsyncHttpClient-1-1] DEBUG org.asynchttpclient.netty.channel.DefaultChannelPool - Entry count for : http://localhost:59647 : 1
00:06:33.286 [AsyncHttpClient-1-1] DEBUG org.asynchttpclient.netty.channel.DefaultChannelPool - Entry count for : http://localhost:57548 : 1
00:06:34.381 [AsyncHttpClient-1-1] DEBUG org.asynchttpclient.netty.channel.DefaultChannelPool - Entry count for : http://localhost:59647 : 1
00:06:34.381 [AsyncHttpClient-1-1] DEBUG org.asynchttpclient.netty.channel.DefaultChannelPool - Entry count for : http://localhost:57548 : 1
00:06:35.482 [AsyncHttpClient-1-1] DEBUG org.asynchttpclient.netty.channel.DefaultChannelPool - Entry count for : http://localhost:59647 : 1
00:06:35.483 [AsyncHttpClient-1-1] DEBUG org.asynchttpclient.netty.channel.DefaultChannelPool - Entry count for : http://localhost:57548 : 1
00:06:36.300 [Forwarding screenshot on session 471ba427db4b34a32566dd53cdeeae47 to remote] DEBUG org.asynchttpclient.netty.request.NettyRequestSender - Using pooled Channel '[id: 0x4f18d9eb, L:/127.0.0.1:59646 - R:localhost/127.0.0.1:57548]' for 'GET' to 'http://localhost:57548/session/471ba427db4b34a32566dd53cdeeae47/screenshot'
00:06:36.300 [Forwarding screenshot on session 471ba427db4b34a32566dd53cdeeae47 to remote] DEBUG org.asynchttpclient.netty.request.NettyRequestSender - Using open Channel [id: 0x4f18d9eb, L:/127.0.0.1:59646 - R:localhost/127.0.0.1:57548] for GET '/session/471ba427db4b34a32566dd53cdeeae47/screenshot'
00:06:36.441 [AsyncHttpClient-1-2] DEBUG org.asynchttpclient.netty.handler.HttpHandler - 

Request DefaultFullHttpRequest(decodeResult: success, version: HTTP/1.1, content: EmptyByteBufBE)
GET /session/471ba427db4b34a32566dd53cdeeae47/screenshot HTTP/1.1
User-Agent: selenium/4.1.2 (java mac)
Cache-Control: no-cache
Content-Type: application/json; charset=utf-8
host: localhost:57548
accept: */*

Response DefaultHttpResponse(decodeResult: success, version: HTTP/1.1)
HTTP/1.1 200 OK
Content-Type: application/json; charset=utf-8
cache-control: no-cache
content-length: 122344

00:06:36.441 [AsyncHttpClient-1-2] DEBUG org.asynchttpclient.netty.channel.ChannelManager - Adding key: http://localhost:57548 for channel [id: 0x4f18d9eb, L:/127.0.0.1:59646 - R:localhost/127.0.0.1:57548]
00:06:36.445 [main] DEBUG net.serenitybdd.core.photography.Darkroom - Send negative for processing for target/site/serenity/4e8343cc7378b5af56b82a9ca7d2a407d9e7f4168e022c088d03109a7c9aa90e.png
00:06:36.446 [Darkroom Processing Line] DEBUG net.serenitybdd.core.photography.DarkroomProcessingLine - Processing screenshot image in /var/screenshots/screenshot-1087672344410111289
00:06:36.446 [Darkroom Processing Line] DEBUG net.serenitybdd.core.photography.DarkroomProcessingLine - Saving screenshot to target/site/serenity/4e8343cc7378b5af56b82a9ca7d2a407d9e7f4168e022c088d03109a7c9aa90e.png
00:06:36.446 [main] DEBUG net.thucydides.core.steps.StepInterceptor - STARTING STEP: UserCreation.user_should_be_registered_on_the_application - clickLoginButton
00:06:36.450 [Forwarding findElement on session 471ba427db4b34a32566dd53cdeeae47 to remote] DEBUG org.asynchttpclient.netty.request.NettyRequestSender - Using pooled Channel '[id: 0x4f18d9eb, L:/127.0.0.1:59646 - R:localhost/127.0.0.1:57548]' for 'POST' to 'http://localhost:57548/session/471ba427db4b34a32566dd53cdeeae47/element'
00:06:36.450 [Forwarding findElement on session 471ba427db4b34a32566dd53cdeeae47 to remote] DEBUG org.asynchttpclient.netty.request.NettyRequestSender - Using open Channel [id: 0x4f18d9eb, L:/127.0.0.1:59646 - R:localhost/127.0.0.1:57548] for POST '/session/471ba427db4b34a32566dd53cdeeae47/element'
00:06:36.457 [AsyncHttpClient-1-2] DEBUG org.asynchttpclient.netty.handler.HttpHandler - 

Request DefaultHttpRequest(decodeResult: success, version: HTTP/1.1)
POST /session/471ba427db4b34a32566dd53cdeeae47/element HTTP/1.1
User-Agent: selenium/4.1.2 (java mac)
Content-Length: 52
Content-Type: application/json; charset=utf-8
host: localhost:57548
accept: */*

Response DefaultHttpResponse(decodeResult: success, version: HTTP/1.1)
HTTP/1.1 200 OK
Content-Type: application/json; charset=utf-8
cache-control: no-cache
content-length: 88

00:06:36.458 [AsyncHttpClient-1-2] DEBUG org.asynchttpclient.netty.channel.ChannelManager - Adding key: http://localhost:57548 for channel [id: 0x4f18d9eb, L:/127.0.0.1:59646 - R:localhost/127.0.0.1:57548]
00:06:36.460 [Forwarding getElementTagName on session 471ba427db4b34a32566dd53cdeeae47 to remote] DEBUG org.asynchttpclient.netty.request.NettyRequestSender - Using pooled Channel '[id: 0x4f18d9eb, L:/127.0.0.1:59646 - R:localhost/127.0.0.1:57548]' for 'GET' to 'http://localhost:57548/session/471ba427db4b34a32566dd53cdeeae47/element/230442c5-70cd-4e96-be77-d83c93baf0f4/name'
00:06:36.460 [Forwarding getElementTagName on session 471ba427db4b34a32566dd53cdeeae47 to remote] DEBUG org.asynchttpclient.netty.request.NettyRequestSender - Using open Channel [id: 0x4f18d9eb, L:/127.0.0.1:59646 - R:localhost/127.0.0.1:57548] for GET '/session/471ba427db4b34a32566dd53cdeeae47/element/230442c5-70cd-4e96-be77-d83c93baf0f4/name'
00:06:36.463 [AsyncHttpClient-1-2] DEBUG org.asynchttpclient.netty.handler.HttpHandler - 

Request DefaultFullHttpRequest(decodeResult: success, version: HTTP/1.1, content: EmptyByteBufBE)
GET /session/471ba427db4b34a32566dd53cdeeae47/element/230442c5-70cd-4e96-be77-d83c93baf0f4/name HTTP/1.1
User-Agent: selenium/4.1.2 (java mac)
Cache-Control: no-cache
Content-Type: application/json; charset=utf-8
host: localhost:57548
accept: */*

Response DefaultHttpResponse(decodeResult: success, version: HTTP/1.1)
HTTP/1.1 200 OK
Content-Type: application/json; charset=utf-8
cache-control: no-cache
content-length: 13

00:06:36.463 [AsyncHttpClient-1-2] DEBUG org.asynchttpclient.netty.channel.ChannelManager - Adding key: http://localhost:57548 for channel [id: 0x4f18d9eb, L:/127.0.0.1:59646 - R:localhost/127.0.0.1:57548]
00:06:36.465 [Forwarding getElementTagName on session 471ba427db4b34a32566dd53cdeeae47 to remote] DEBUG org.asynchttpclient.netty.request.NettyRequestSender - Using pooled Channel '[id: 0x4f18d9eb, L:/127.0.0.1:59646 - R:localhost/127.0.0.1:57548]' for 'GET' to 'http://localhost:57548/session/471ba427db4b34a32566dd53cdeeae47/element/230442c5-70cd-4e96-be77-d83c93baf0f4/name'
00:06:36.465 [Forwarding getElementTagName on session 471ba427db4b34a32566dd53cdeeae47 to remote] DEBUG org.asynchttpclient.netty.request.NettyRequestSender - Using open Channel [id: 0x4f18d9eb, L:/127.0.0.1:59646 - R:localhost/127.0.0.1:57548] for GET '/session/471ba427db4b34a32566dd53cdeeae47/element/230442c5-70cd-4e96-be77-d83c93baf0f4/name'
00:06:36.468 [AsyncHttpClient-1-2] DEBUG org.asynchttpclient.netty.handler.HttpHandler - 

Request DefaultFullHttpRequest(decodeResult: success, version: HTTP/1.1, content: EmptyByteBufBE)
GET /session/471ba427db4b34a32566dd53cdeeae47/element/230442c5-70cd-4e96-be77-d83c93baf0f4/name HTTP/1.1
User-Agent: selenium/4.1.2 (java mac)
Cache-Control: no-cache
Content-Type: application/json; charset=utf-8
host: localhost:57548
accept: */*

Response DefaultHttpResponse(decodeResult: success, version: HTTP/1.1)
HTTP/1.1 200 OK
Content-Type: application/json; charset=utf-8
cache-control: no-cache
content-length: 13

00:06:36.469 [AsyncHttpClient-1-2] DEBUG org.asynchttpclient.netty.channel.ChannelManager - Adding key: http://localhost:57548 for channel [id: 0x4f18d9eb, L:/127.0.0.1:59646 - R:localhost/127.0.0.1:57548]
00:06:36.471 [Forwarding findElement on session 471ba427db4b34a32566dd53cdeeae47 to remote] DEBUG org.asynchttpclient.netty.request.NettyRequestSender - Using pooled Channel '[id: 0x4f18d9eb, L:/127.0.0.1:59646 - R:localhost/127.0.0.1:57548]' for 'POST' to 'http://localhost:57548/session/471ba427db4b34a32566dd53cdeeae47/element'
00:06:36.471 [Forwarding findElement on session 471ba427db4b34a32566dd53cdeeae47 to remote] DEBUG org.asynchttpclient.netty.request.NettyRequestSender - Using open Channel [id: 0x4f18d9eb, L:/127.0.0.1:59646 - R:localhost/127.0.0.1:57548] for POST '/session/471ba427db4b34a32566dd53cdeeae47/element'
00:06:36.475 [AsyncHttpClient-1-2] DEBUG org.asynchttpclient.netty.handler.HttpHandler - 

Request DefaultHttpRequest(decodeResult: success, version: HTTP/1.1)
POST /session/471ba427db4b34a32566dd53cdeeae47/element HTTP/1.1
User-Agent: selenium/4.1.2 (java mac)
Content-Length: 52
Content-Type: application/json; charset=utf-8
host: localhost:57548
accept: */*

Response DefaultHttpResponse(decodeResult: success, version: HTTP/1.1)
HTTP/1.1 200 OK
Content-Type: application/json; charset=utf-8
cache-control: no-cache
content-length: 88

00:06:36.475 [AsyncHttpClient-1-2] DEBUG org.asynchttpclient.netty.channel.ChannelManager - Adding key: http://localhost:57548 for channel [id: 0x4f18d9eb, L:/127.0.0.1:59646 - R:localhost/127.0.0.1:57548]
00:06:36.477 [Forwarding clickElement on session 471ba427db4b34a32566dd53cdeeae47 to remote] DEBUG org.asynchttpclient.netty.request.NettyRequestSender - Using pooled Channel '[id: 0x4f18d9eb, L:/127.0.0.1:59646 - R:localhost/127.0.0.1:57548]' for 'POST' to 'http://localhost:57548/session/471ba427db4b34a32566dd53cdeeae47/element/230442c5-70cd-4e96-be77-d83c93baf0f4/click'
00:06:36.477 [Forwarding clickElement on session 471ba427db4b34a32566dd53cdeeae47 to remote] DEBUG org.asynchttpclient.netty.request.NettyRequestSender - Using open Channel [id: 0x4f18d9eb, L:/127.0.0.1:59646 - R:localhost/127.0.0.1:57548] for POST '/session/471ba427db4b34a32566dd53cdeeae47/element/230442c5-70cd-4e96-be77-d83c93baf0f4/click'
00:06:36.500 [AsyncHttpClient-1-2] DEBUG org.asynchttpclient.netty.handler.HttpHandler - 

Request DefaultHttpRequest(decodeResult: success, version: HTTP/1.1)
POST /session/471ba427db4b34a32566dd53cdeeae47/element/230442c5-70cd-4e96-be77-d83c93baf0f4/click HTTP/1.1
User-Agent: selenium/4.1.2 (java mac)
Content-Length: 50
Content-Type: application/json; charset=utf-8
host: localhost:57548
accept: */*

Response DefaultHttpResponse(decodeResult: success, version: HTTP/1.1)
HTTP/1.1 200 OK
Content-Type: application/json; charset=utf-8
cache-control: no-cache
content-length: 14

00:06:36.500 [AsyncHttpClient-1-2] DEBUG org.asynchttpclient.netty.channel.ChannelManager - Adding key: http://localhost:57548 for channel [id: 0x4f18d9eb, L:/127.0.0.1:59646 - R:localhost/127.0.0.1:57548]
00:06:36.508 [Forwarding screenshot on session 471ba427db4b34a32566dd53cdeeae47 to remote] DEBUG org.asynchttpclient.netty.request.NettyRequestSender - Using pooled Channel '[id: 0x4f18d9eb, L:/127.0.0.1:59646 - R:localhost/127.0.0.1:57548]' for 'GET' to 'http://localhost:57548/session/471ba427db4b34a32566dd53cdeeae47/screenshot'
00:06:36.508 [Forwarding screenshot on session 471ba427db4b34a32566dd53cdeeae47 to remote] DEBUG org.asynchttpclient.netty.request.NettyRequestSender - Using open Channel [id: 0x4f18d9eb, L:/127.0.0.1:59646 - R:localhost/127.0.0.1:57548] for GET '/session/471ba427db4b34a32566dd53cdeeae47/screenshot'
00:06:36.582 [AsyncHttpClient-1-1] DEBUG org.asynchttpclient.netty.channel.DefaultChannelPool - Entry count for : http://localhost:59647 : 1
00:06:36.651 [AsyncHttpClient-1-2] DEBUG org.asynchttpclient.netty.handler.HttpHandler - 

Request DefaultFullHttpRequest(decodeResult: success, version: HTTP/1.1, content: EmptyByteBufBE)
GET /session/471ba427db4b34a32566dd53cdeeae47/screenshot HTTP/1.1
User-Agent: selenium/4.1.2 (java mac)
Cache-Control: no-cache
Content-Type: application/json; charset=utf-8
host: localhost:57548
accept: */*

Response DefaultHttpResponse(decodeResult: success, version: HTTP/1.1)
HTTP/1.1 200 OK
Content-Type: application/json; charset=utf-8
cache-control: no-cache
content-length: 122384

00:06:36.653 [AsyncHttpClient-1-2] DEBUG org.asynchttpclient.netty.channel.ChannelManager - Adding key: http://localhost:57548 for channel [id: 0x4f18d9eb, L:/127.0.0.1:59646 - R:localhost/127.0.0.1:57548]
00:06:36.657 [main] DEBUG net.serenitybdd.core.photography.Darkroom - Send negative for processing for target/site/serenity/ff80bf768452128fbbacc8c1b8decb3dbbd28aacbe2fd5d5bee1f8177b9730da.png
00:06:36.657 [main] DEBUG net.thucydides.core.steps.StepInterceptor - STEP DONE: clickLoginButton
00:06:36.658 [Darkroom Processing Line] DEBUG net.serenitybdd.core.photography.DarkroomProcessingLine - Processing screenshot image in /var/screenshots/screenshot-17914783830667038289
00:06:36.658 [Darkroom Processing Line] DEBUG net.serenitybdd.core.photography.DarkroomProcessingLine - Saving screenshot to target/site/serenity/ff80bf768452128fbbacc8c1b8decb3dbbd28aacbe2fd5d5bee1f8177b9730da.png
00:06:36.666 [main] DEBUG net.thucydides.core.steps.StepInterceptor - STARTING STEP: UserCreation.user_should_be_registered_on_the_application - ClickStartJourneyButton
00:06:37.686 [AsyncHttpClient-1-1] DEBUG org.asynchttpclient.netty.channel.DefaultChannelPool - Entry count for : http://localhost:59647 : 1
00:06:37.686 [AsyncHttpClient-1-1] DEBUG org.asynchttpclient.netty.channel.DefaultChannelPool - Entry count for : http://localhost:57548 : 1
00:06:38.782 [AsyncHttpClient-1-1] DEBUG org.asynchttpclient.netty.channel.DefaultChannelPool - Entry count for : http://localhost:59647 : 1
00:06:38.783 [AsyncHttpClient-1-1] DEBUG org.asynchttpclient.netty.channel.DefaultChannelPool - Entry count for : http://localhost:57548 : 1
00:06:39.677 [Forwarding findElement on session 471ba427db4b34a32566dd53cdeeae47 to remote] DEBUG org.asynchttpclient.netty.request.NettyRequestSender - Using pooled Channel '[id: 0x4f18d9eb, L:/127.0.0.1:59646 - R:localhost/127.0.0.1:57548]' for 'POST' to 'http://localhost:57548/session/471ba427db4b34a32566dd53cdeeae47/element'
00:06:39.682 [Forwarding findElement on session 471ba427db4b34a32566dd53cdeeae47 to remote] DEBUG org.asynchttpclient.netty.request.NettyRequestSender - Using open Channel [id: 0x4f18d9eb, L:/127.0.0.1:59646 - R:localhost/127.0.0.1:57548] for POST '/session/471ba427db4b34a32566dd53cdeeae47/element'
00:06:39.692 [AsyncHttpClient-1-2] DEBUG org.asynchttpclient.netty.handler.HttpHandler - 

Request DefaultHttpRequest(decodeResult: success, version: HTTP/1.1)
POST /session/471ba427db4b34a32566dd53cdeeae47/element HTTP/1.1
User-Agent: selenium/4.1.2 (java mac)
Content-Length: 50
Content-Type: application/json; charset=utf-8
host: localhost:57548
accept: */*

Response DefaultHttpResponse(decodeResult: success, version: HTTP/1.1)
HTTP/1.1 200 OK
Content-Type: application/json; charset=utf-8
cache-control: no-cache
content-length: 88

00:06:39.693 [AsyncHttpClient-1-2] DEBUG org.asynchttpclient.netty.channel.ChannelManager - Adding key: http://localhost:57548 for channel [id: 0x4f18d9eb, L:/127.0.0.1:59646 - R:localhost/127.0.0.1:57548]
00:06:39.697 [Forwarding getElementTagName on session 471ba427db4b34a32566dd53cdeeae47 to remote] DEBUG org.asynchttpclient.netty.request.NettyRequestSender - Using pooled Channel '[id: 0x4f18d9eb, L:/127.0.0.1:59646 - R:localhost/127.0.0.1:57548]' for 'GET' to 'http://localhost:57548/session/471ba427db4b34a32566dd53cdeeae47/element/956baff5-eb25-4671-8ef5-a99331b07579/name'
00:06:39.697 [Forwarding getElementTagName on session 471ba427db4b34a32566dd53cdeeae47 to remote] DEBUG org.asynchttpclient.netty.request.NettyRequestSender - Using open Channel [id: 0x4f18d9eb, L:/127.0.0.1:59646 - R:localhost/127.0.0.1:57548] for GET '/session/471ba427db4b34a32566dd53cdeeae47/element/956baff5-eb25-4671-8ef5-a99331b07579/name'
00:06:39.701 [AsyncHttpClient-1-2] DEBUG org.asynchttpclient.netty.handler.HttpHandler - 

Request DefaultFullHttpRequest(decodeResult: success, version: HTTP/1.1, content: EmptyByteBufBE)
GET /session/471ba427db4b34a32566dd53cdeeae47/element/956baff5-eb25-4671-8ef5-a99331b07579/name HTTP/1.1
User-Agent: selenium/4.1.2 (java mac)
Cache-Control: no-cache
Content-Type: application/json; charset=utf-8
host: localhost:57548
accept: */*

Response DefaultHttpResponse(decodeResult: success, version: HTTP/1.1)
HTTP/1.1 200 OK
Content-Type: application/json; charset=utf-8
cache-control: no-cache
content-length: 13

00:06:39.701 [AsyncHttpClient-1-2] DEBUG org.asynchttpclient.netty.channel.ChannelManager - Adding key: http://localhost:57548 for channel [id: 0x4f18d9eb, L:/127.0.0.1:59646 - R:localhost/127.0.0.1:57548]
00:06:39.703 [Forwarding getElementTagName on session 471ba427db4b34a32566dd53cdeeae47 to remote] DEBUG org.asynchttpclient.netty.request.NettyRequestSender - Using pooled Channel '[id: 0x4f18d9eb, L:/127.0.0.1:59646 - R:localhost/127.0.0.1:57548]' for 'GET' to 'http://localhost:57548/session/471ba427db4b34a32566dd53cdeeae47/element/956baff5-eb25-4671-8ef5-a99331b07579/name'
00:06:39.703 [Forwarding getElementTagName on session 471ba427db4b34a32566dd53cdeeae47 to remote] DEBUG org.asynchttpclient.netty.request.NettyRequestSender - Using open Channel [id: 0x4f18d9eb, L:/127.0.0.1:59646 - R:localhost/127.0.0.1:57548] for GET '/session/471ba427db4b34a32566dd53cdeeae47/element/956baff5-eb25-4671-8ef5-a99331b07579/name'
00:06:39.709 [AsyncHttpClient-1-2] DEBUG org.asynchttpclient.netty.handler.HttpHandler - 

Request DefaultFullHttpRequest(decodeResult: success, version: HTTP/1.1, content: EmptyByteBufBE)
GET /session/471ba427db4b34a32566dd53cdeeae47/element/956baff5-eb25-4671-8ef5-a99331b07579/name HTTP/1.1
User-Agent: selenium/4.1.2 (java mac)
Cache-Control: no-cache
Content-Type: application/json; charset=utf-8
host: localhost:57548
accept: */*

Response DefaultHttpResponse(decodeResult: success, version: HTTP/1.1)
HTTP/1.1 200 OK
Content-Type: application/json; charset=utf-8
cache-control: no-cache
content-length: 13

00:06:39.709 [AsyncHttpClient-1-2] DEBUG org.asynchttpclient.netty.channel.ChannelManager - Adding key: http://localhost:57548 for channel [id: 0x4f18d9eb, L:/127.0.0.1:59646 - R:localhost/127.0.0.1:57548]
00:06:39.713 [Forwarding findElement on session 471ba427db4b34a32566dd53cdeeae47 to remote] DEBUG org.asynchttpclient.netty.request.NettyRequestSender - Using pooled Channel '[id: 0x4f18d9eb, L:/127.0.0.1:59646 - R:localhost/127.0.0.1:57548]' for 'POST' to 'http://localhost:57548/session/471ba427db4b34a32566dd53cdeeae47/element'
00:06:39.713 [Forwarding findElement on session 471ba427db4b34a32566dd53cdeeae47 to remote] DEBUG org.asynchttpclient.netty.request.NettyRequestSender - Using open Channel [id: 0x4f18d9eb, L:/127.0.0.1:59646 - R:localhost/127.0.0.1:57548] for POST '/session/471ba427db4b34a32566dd53cdeeae47/element'
00:06:39.719 [AsyncHttpClient-1-2] DEBUG org.asynchttpclient.netty.handler.HttpHandler - 

Request DefaultHttpRequest(decodeResult: success, version: HTTP/1.1)
POST /session/471ba427db4b34a32566dd53cdeeae47/element HTTP/1.1
User-Agent: selenium/4.1.2 (java mac)
Content-Length: 50
Content-Type: application/json; charset=utf-8
host: localhost:57548
accept: */*

Response DefaultHttpResponse(decodeResult: success, version: HTTP/1.1)
HTTP/1.1 200 OK
Content-Type: application/json; charset=utf-8
cache-control: no-cache
content-length: 88

00:06:39.720 [AsyncHttpClient-1-2] DEBUG org.asynchttpclient.netty.channel.ChannelManager - Adding key: http://localhost:57548 for channel [id: 0x4f18d9eb, L:/127.0.0.1:59646 - R:localhost/127.0.0.1:57548]
00:06:39.721 [Forwarding clickElement on session 471ba427db4b34a32566dd53cdeeae47 to remote] DEBUG org.asynchttpclient.netty.request.NettyRequestSender - Using pooled Channel '[id: 0x4f18d9eb, L:/127.0.0.1:59646 - R:localhost/127.0.0.1:57548]' for 'POST' to 'http://localhost:57548/session/471ba427db4b34a32566dd53cdeeae47/element/956baff5-eb25-4671-8ef5-a99331b07579/click'
00:06:39.721 [Forwarding clickElement on session 471ba427db4b34a32566dd53cdeeae47 to remote] DEBUG org.asynchttpclient.netty.request.NettyRequestSender - Using open Channel [id: 0x4f18d9eb, L:/127.0.0.1:59646 - R:localhost/127.0.0.1:57548] for POST '/session/471ba427db4b34a32566dd53cdeeae47/element/956baff5-eb25-4671-8ef5-a99331b07579/click'
00:06:39.886 [AsyncHttpClient-1-1] DEBUG org.asynchttpclient.netty.channel.DefaultChannelPool - Entry count for : http://localhost:59647 : 1
00:06:40.983 [AsyncHttpClient-1-1] DEBUG org.asynchttpclient.netty.channel.DefaultChannelPool - Entry count for : http://localhost:59647 : 1
00:06:42.086 [AsyncHttpClient-1-1] DEBUG org.asynchttpclient.netty.channel.DefaultChannelPool - Entry count for : http://localhost:59647 : 1
00:06:43.186 [AsyncHttpClient-1-1] DEBUG org.asynchttpclient.netty.channel.DefaultChannelPool - Entry count for : http://localhost:59647 : 1
00:06:43.526 [AsyncHttpClient-1-2] DEBUG org.asynchttpclient.netty.handler.HttpHandler - 

Request DefaultHttpRequest(decodeResult: success, version: HTTP/1.1)
POST /session/471ba427db4b34a32566dd53cdeeae47/element/956baff5-eb25-4671-8ef5-a99331b07579/click HTTP/1.1
User-Agent: selenium/4.1.2 (java mac)
Content-Length: 50
Content-Type: application/json; charset=utf-8
host: localhost:57548
accept: */*

Response DefaultHttpResponse(decodeResult: success, version: HTTP/1.1)
HTTP/1.1 200 OK
Content-Type: application/json; charset=utf-8
cache-control: no-cache
content-length: 14

00:06:43.526 [AsyncHttpClient-1-2] DEBUG org.asynchttpclient.netty.channel.ChannelManager - Adding key: http://localhost:57548 for channel [id: 0x4f18d9eb, L:/127.0.0.1:59646 - R:localhost/127.0.0.1:57548]
00:06:43.533 [Forwarding screenshot on session 471ba427db4b34a32566dd53cdeeae47 to remote] DEBUG org.asynchttpclient.netty.request.NettyRequestSender - Using pooled Channel '[id: 0x4f18d9eb, L:/127.0.0.1:59646 - R:localhost/127.0.0.1:57548]' for 'GET' to 'http://localhost:57548/session/471ba427db4b34a32566dd53cdeeae47/screenshot'
00:06:43.534 [Forwarding screenshot on session 471ba427db4b34a32566dd53cdeeae47 to remote] DEBUG org.asynchttpclient.netty.request.NettyRequestSender - Using open Channel [id: 0x4f18d9eb, L:/127.0.0.1:59646 - R:localhost/127.0.0.1:57548] for GET '/session/471ba427db4b34a32566dd53cdeeae47/screenshot'
00:06:43.877 [AsyncHttpClient-1-2] DEBUG org.asynchttpclient.netty.handler.HttpHandler - 

Request DefaultFullHttpRequest(decodeResult: success, version: HTTP/1.1, content: EmptyByteBufBE)
GET /session/471ba427db4b34a32566dd53cdeeae47/screenshot HTTP/1.1
User-Agent: selenium/4.1.2 (java mac)
Cache-Control: no-cache
Content-Type: application/json; charset=utf-8
host: localhost:57548
accept: */*

Response DefaultHttpResponse(decodeResult: success, version: HTTP/1.1)
HTTP/1.1 200 OK
Content-Type: application/json; charset=utf-8
cache-control: no-cache
content-length: 382580

00:06:43.881 [AsyncHttpClient-1-2] DEBUG org.asynchttpclient.netty.channel.ChannelManager - Adding key: http://localhost:57548 for channel [id: 0x4f18d9eb, L:/127.0.0.1:59646 - R:localhost/127.0.0.1:57548]
00:06:43.892 [main] DEBUG net.serenitybdd.core.photography.Darkroom - Send negative for processing for target/site/serenity/88d02ad2aa706afc9c87538882fd71861daf2cbe65c7a95b5137a83878d32b76.png
00:06:43.893 [main] DEBUG net.thucydides.core.steps.StepInterceptor - STEP DONE: ClickStartJourneyButton
00:06:43.893 [Darkroom Processing Line] DEBUG net.serenitybdd.core.photography.DarkroomProcessingLine - Processing screenshot image in /var/screenshots/screenshot-9121801788113022364
00:06:43.893 [Darkroom Processing Line] DEBUG net.serenitybdd.core.photography.DarkroomProcessingLine - Saving screenshot to target/site/serenity/88d02ad2aa706afc9c87538882fd71861daf2cbe65c7a95b5137a83878d32b76.png
00:06:43.898 [main] DEBUG net.thucydides.core.steps.StepInterceptor - STARTING STEP: UserCreation.user_should_be_registered_on_the_application - verifySuccessfullLogin
00:06:44.283 [AsyncHttpClient-1-1] DEBUG org.asynchttpclient.netty.channel.DefaultChannelPool - Entry count for : http://localhost:59647 : 1
00:06:44.284 [AsyncHttpClient-1-1] DEBUG org.asynchttpclient.netty.channel.DefaultChannelPool - Entry count for : http://localhost:57548 : 1
00:06:45.385 [AsyncHttpClient-1-1] DEBUG org.asynchttpclient.netty.channel.DefaultChannelPool - Entry count for : http://localhost:59647 : 1
00:06:45.385 [AsyncHttpClient-1-1] DEBUG org.asynchttpclient.netty.channel.DefaultChannelPool - Entry count for : http://localhost:57548 : 1
00:06:46.482 [AsyncHttpClient-1-1] DEBUG org.asynchttpclient.netty.channel.DefaultChannelPool - Entry count for : http://localhost:59647 : 1
00:06:46.483 [AsyncHttpClient-1-1] DEBUG org.asynchttpclient.netty.channel.DefaultChannelPool - Entry count for : http://localhost:57548 : 1
00:06:46.909 [Forwarding getCurrentUrl on session 471ba427db4b34a32566dd53cdeeae47 to remote] DEBUG org.asynchttpclient.netty.request.NettyRequestSender - Using pooled Channel '[id: 0x4f18d9eb, L:/127.0.0.1:59646 - R:localhost/127.0.0.1:57548]' for 'GET' to 'http://localhost:57548/session/471ba427db4b34a32566dd53cdeeae47/url'
00:06:46.910 [Forwarding getCurrentUrl on session 471ba427db4b34a32566dd53cdeeae47 to remote] DEBUG org.asynchttpclient.netty.request.NettyRequestSender - Using open Channel [id: 0x4f18d9eb, L:/127.0.0.1:59646 - R:localhost/127.0.0.1:57548] for GET '/session/471ba427db4b34a32566dd53cdeeae47/url'
00:06:46.921 [AsyncHttpClient-1-2] DEBUG org.asynchttpclient.netty.handler.HttpHandler - 

Request DefaultFullHttpRequest(decodeResult: success, version: HTTP/1.1, content: EmptyByteBufBE)
GET /session/471ba427db4b34a32566dd53cdeeae47/url HTTP/1.1
User-Agent: selenium/4.1.2 (java mac)
Cache-Control: no-cache
Content-Type: application/json; charset=utf-8
host: localhost:57548
accept: */*

Response DefaultHttpResponse(decodeResult: success, version: HTTP/1.1)
HTTP/1.1 200 OK
Content-Type: application/json; charset=utf-8
cache-control: no-cache
content-length: 55

00:06:46.923 [AsyncHttpClient-1-2] DEBUG org.asynchttpclient.netty.channel.ChannelManager - Adding key: http://localhost:57548 for channel [id: 0x4f18d9eb, L:/127.0.0.1:59646 - R:localhost/127.0.0.1:57548]
00:06:46.939 [Forwarding screenshot on session 471ba427db4b34a32566dd53cdeeae47 to remote] DEBUG org.asynchttpclient.netty.request.NettyRequestSender - Using pooled Channel '[id: 0x4f18d9eb, L:/127.0.0.1:59646 - R:localhost/127.0.0.1:57548]' for 'GET' to 'http://localhost:57548/session/471ba427db4b34a32566dd53cdeeae47/screenshot'
00:06:46.940 [Forwarding screenshot on session 471ba427db4b34a32566dd53cdeeae47 to remote] DEBUG org.asynchttpclient.netty.request.NettyRequestSender - Using open Channel [id: 0x4f18d9eb, L:/127.0.0.1:59646 - R:localhost/127.0.0.1:57548] for GET '/session/471ba427db4b34a32566dd53cdeeae47/screenshot'
00:06:47.157 [AsyncHttpClient-1-2] DEBUG org.asynchttpclient.netty.handler.HttpHandler - 

Request DefaultFullHttpRequest(decodeResult: success, version: HTTP/1.1, content: EmptyByteBufBE)
GET /session/471ba427db4b34a32566dd53cdeeae47/screenshot HTTP/1.1
User-Agent: selenium/4.1.2 (java mac)
Cache-Control: no-cache
Content-Type: application/json; charset=utf-8
host: localhost:57548
accept: */*

Response DefaultHttpResponse(decodeResult: success, version: HTTP/1.1)
HTTP/1.1 200 OK
Content-Type: application/json; charset=utf-8
cache-control: no-cache
content-length: 389692

00:06:47.159 [AsyncHttpClient-1-2] DEBUG org.asynchttpclient.netty.channel.ChannelManager - Adding key: http://localhost:57548 for channel [id: 0x4f18d9eb, L:/127.0.0.1:59646 - R:localhost/127.0.0.1:57548]
00:06:47.168 [main] DEBUG net.serenitybdd.core.photography.Darkroom - Send negative for processing for target/site/serenity/ece23a87b00a3343f0c53c8a5a613f3ed8ba06c61acb9b2dce178bba7b5d9a6a.png
00:06:47.168 [Darkroom Processing Line] DEBUG net.serenitybdd.core.photography.DarkroomProcessingLine - Processing screenshot image in /var/screenshots/screenshot-16039367214392332909
00:06:47.169 [Darkroom Processing Line] DEBUG net.serenitybdd.core.photography.DarkroomProcessingLine - Saving screenshot to target/site/serenity/ece23a87b00a3343f0c53c8a5a613f3ed8ba06c61acb9b2dce178bba7b5d9a6a.png
00:06:47.169 [main] DEBUG net.thucydides.core.steps.StepInterceptor - STEP DONE: verifySuccessfullLogin
  &amp#27;[32mThen &amp#27;[0m&amp#27;[32mUser should be registered and should be able to login into application&amp#27;[0m                  &amp#27;[90m# starter.stepdefinitions.UserCreation.user_should_be_registered_on_the_application()&amp#27;[0m
00:06:47.179 [main] INFO  - 
  _____   ___   ___   _____     ___     _     ___   ___   ___   ___  
 |_   _| | __| / __| |_   _|   | _ \   /_\   / __| / __| | __| |   \ 
   | |   | _|  \__ \   | |     |  _/  / _ \  \__ \ \__ \ | _|  | |) |
   |_|   |___| |___/   |_|     |_|   /_/ \_\ |___/ |___/ |___| |___/ 

Create a user so that he can login into COVID THE GAME application
----------------------------------------------------------------------
00:06:47.274 [Driver Command Executor] DEBUG org.asynchttpclient.netty.request.NettyRequestSender - Using pooled Channel '[id: 0x4f18d9eb, L:/127.0.0.1:59646 - R:localhost/127.0.0.1:57548]' for 'DELETE' to 'http://localhost:57548/session/471ba427db4b34a32566dd53cdeeae47'
00:06:47.274 [Driver Command Executor] DEBUG org.asynchttpclient.netty.request.NettyRequestSender - Using open Channel [id: 0x4f18d9eb, L:/127.0.0.1:59646 - R:localhost/127.0.0.1:57548] for DELETE '/session/471ba427db4b34a32566dd53cdeeae47'
00:06:47.283 [AsyncHttpClient-1-4] DEBUG org.asynchttpclient.netty.handler.WebSocketHandler - Channel Closed: [id: 0x7ce418a8, L:/127.0.0.1:59653 ! R:localhost/127.0.0.1:59647] with attribute NettyResponseFuture{currentRetry=5,
	isDone=1,
	isCancelled=0,
	asyncHandler=org.asynchttpclient.ws.WebSocketUpgradeHandler@8a4c419,
	nettyRequest=org.asynchttpclient.netty.request.NettyRequest@9dab046,
	future=java.util.concurrent.CompletableFuture@4a2e77ea[Completed normally],
	uri=ws://localhost:59647/devtools/browser/070096e3-f16c-4a80-983e-e7328378a2cc,
	keepAlive=true,
	redirectCount=0,
	timeoutsHolder=null,
	inAuth=0,
	touch=1653228383867}
00:06:47.286 [AsyncHttpClient-1-4] DEBUG org.asynchttpclient.netty.channel.ChannelManager - Closing Channel [id: 0x7ce418a8, L:/127.0.0.1:59653 ! R:localhost/127.0.0.1:59647] 
00:06:47.294 [AsyncHttpClient-1-3] DEBUG org.asynchttpclient.netty.handler.HttpHandler - Channel Closed: [id: 0x8e87a4fe, L:/127.0.0.1:59652 ! R:localhost/127.0.0.1:59647] with attribute DISCARD
00:06:47.328 [AsyncHttpClient-1-2] DEBUG org.asynchttpclient.netty.handler.HttpHandler - 

Request DefaultFullHttpRequest(decodeResult: success, version: HTTP/1.1, content: EmptyByteBufBE)
DELETE /session/471ba427db4b34a32566dd53cdeeae47 HTTP/1.1
User-Agent: selenium/4.1.2 (java mac)
Content-Type: application/json; charset=utf-8
host: localhost:57548
accept: */*

Response DefaultHttpResponse(decodeResult: success, version: HTTP/1.1)
HTTP/1.1 200 OK
Content-Type: application/json; charset=utf-8
cache-control: no-cache
content-length: 14

00:06:47.329 [AsyncHttpClient-1-2] DEBUG org.asynchttpclient.netty.channel.ChannelManager - Adding key: http://localhost:57548 for channel [id: 0x4f18d9eb, L:/127.0.0.1:59646 - R:localhost/127.0.0.1:57548]
00:06:47.362 [AsyncHttpClient-1-2] DEBUG org.asynchttpclient.netty.handler.HttpHandler - Channel Closed: [id: 0x4f18d9eb, L:/127.0.0.1:59646 ! R:localhost/127.0.0.1:57548] with attribute DISCARD
00:06:47.586 [AsyncHttpClient-1-1] DEBUG org.asynchttpclient.netty.channel.DefaultChannelPool - Entry count for : http://localhost:59647 : 1
00:06:47.586 [AsyncHttpClient-1-1] DEBUG org.asynchttpclient.netty.channel.DefaultChannelPool - Entry count for : http://localhost:57548 : 1
00:06:47.586 [AsyncHttpClient-1-1] DEBUG org.asynchttpclient.netty.channel.DefaultChannelPool - Adding Candidate expired Channel [id: 0x8e87a4fe, L:/127.0.0.1:59652 ! R:localhost/127.0.0.1:59647] isIdleTimeoutExpired=false isRemotelyClosed=true isTtlExpired=false
00:06:47.586 [AsyncHttpClient-1-1] DEBUG org.asynchttpclient.netty.channel.DefaultChannelPool - Closing Idle Channel [id: 0x8e87a4fe, L:/127.0.0.1:59652 ! R:localhost/127.0.0.1:59647]
00:06:47.587 [AsyncHttpClient-1-1] DEBUG org.asynchttpclient.netty.channel.DefaultChannelPool - Adding Candidate expired Channel [id: 0x4f18d9eb, L:/127.0.0.1:59646 ! R:localhost/127.0.0.1:57548] isIdleTimeoutExpired=false isRemotelyClosed=true isTtlExpired=false
00:06:47.587 [AsyncHttpClient-1-1] DEBUG org.asynchttpclient.netty.channel.DefaultChannelPool - Closing Idle Channel [id: 0x4f18d9eb, L:/127.0.0.1:59646 ! R:localhost/127.0.0.1:57548]
00:06:47.588 [AsyncHttpClient-1-1] DEBUG org.asynchttpclient.netty.channel.DefaultChannelPool - Closed 2 connections out of 2 in 2 ms
]]></system-out>
    <system-err><![CDATA[Starting ChromeDriver 101.0.4951.41 (93c720db8323b3ec10d056025ab95c23a31997c9-refs/branch-heads/4951@{#904}) on port 57548
Only local connections are allowed.
Please see https://chromedriver.chromium.org/security-considerations for suggestions on keeping ChromeDriver safe.
ChromeDriver was started successfully.
May 23, 2022 12:06:23 AM org.openqa.selenium.remote.ProtocolHandshake createSession
INFO: Detected dialect: W3C
May 23, 2022 12:06:23 AM org.openqa.selenium.devtools.CdpVersionFinder findNearestMatch
WARNING: Unable to find an exact match for CDP version 101, so returning the closest version found: 97
May 23, 2022 12:06:23 AM org.openqa.selenium.devtools.CdpVersionFinder findNearestMatch
INFO: Found CDP implementation for version 101 of 97
]]></system-err>
  </testcase>
  <testcase name="Login into application to complete some challenges and verify score in leaderboard" classname="User Creation, complete some challenges and check the leaderboard" time="26.821">
    <system-out><![CDATA[
@RegressionTest
Scenario: Login into application to complete some challenges and verify score in leaderboard &amp#27;[90m# src/test/resources/features/covid19.feature:11&amp#27;[0m
00:06:48.439 [main] INFO io.cucumber.core.plugin.SerenityReporter - Running feature from file:///Users/deepapandey/eclipse-workspace/web/src/test/resources/features/covid19.feature
00:06:48.444 [main] INFO  - 
  _____   ___   ___   _____     ___   _____     _     ___   _____   ___   ___  
 |_   _| | __| / __| |_   _|   / __| |_   _|   /_\   | _ \ |_   _| | __| |   \ 
   | |   | _|  \__ \   | |     \__ \   | |    / _ \  |   /   | |   | _|  | |) |
   |_|   |___| |___/   |_|     |___/   |_|   /_/ \_\ |_|_\   |_|   |___| |___/ 

Login into application to complete some challenges and verify score in leaderboard(user-creation--complete-some-challenges-and-check-the-leaderboard;login-into-application-to-complete-some-challenges-and-verify-score-in-leaderboard)
--------------------------------------------------------------------------------
00:06:48.523 [main] DEBUG net.thucydides.core.steps.StepInterceptor - STARTING STEP: Challenges.user_is_on_home_page_of_covid_game_application - openApplication
00:06:48.527 [main] INFO net.serenitybdd.core.webdriver.driverproviders.ChromeDriverProvider - Using automatically driver download
00:06:48.644 [main] DEBUG io.github.bonigarcia.wdm.cache.ResolutionCache - Resolution chrome=101 in cache (valid until 01:02:40 23/05/2022 AEST)
00:06:48.648 [main] DEBUG io.github.bonigarcia.wdm.cache.ResolutionCache - Resolution chrome101=101.0.4951.41 in cache (valid until 00:02:40 24/05/2022 AEST)
00:06:48.650 [main] INFO io.github.bonigarcia.wdm.WebDriverManager - Using chromedriver 101.0.4951.41 (resolved driver for Chrome 101)
00:06:48.660 [main] DEBUG io.github.bonigarcia.wdm.WebDriverManager - Driver chromedriver 101.0.4951.41 found in cache
00:06:48.660 [main] INFO io.github.bonigarcia.wdm.WebDriverManager - Exporting webdriver.chrome.driver as /Users/deepapandey/.cache/selenium/chromedriver/mac64/101.0.4951.41/chromedriver
00:06:48.754 [main] DEBUG net.serenitybdd.core.webdriver.driverproviders.ProvideNewDriver - Instantiating driver
00:06:48.754 [main] DEBUG net.serenitybdd.core.webdriver.driverproviders.ProvideNewDriver - Driver capabilities: Capabilities {acceptInsecureCerts: false, base.url: https://responsivefight.her..., browserName: chrome, goog:chromeOptions: {args: [], extensions: []}}
00:06:49.861 [AsyncHttpClient-1-5] DEBUG org.asynchttpclient.netty.channel.NettyConnectListener - Using new Channel '[id: 0x01a43112, L:/127.0.0.1:59679 - R:localhost/127.0.0.1:56434]' for 'POST' to '/session'
00:06:52.585 [AsyncHttpClient-1-5] DEBUG org.asynchttpclient.netty.handler.HttpHandler - 

Request DefaultHttpRequest(decodeResult: success, version: HTTP/1.1)
POST /session HTTP/1.1
User-Agent: selenium/4.1.2 (java mac)
Content-Length: 510
Content-Type: application/json; charset=utf-8
host: localhost:56434
accept: */*

Response DefaultHttpResponse(decodeResult: success, version: HTTP/1.1)
HTTP/1.1 200 OK
Content-Type: application/json; charset=utf-8
cache-control: no-cache
content-length: 799

00:06:52.586 [AsyncHttpClient-1-5] DEBUG org.asynchttpclient.netty.channel.ChannelManager - Adding key: http://localhost:56434 for channel [id: 0x01a43112, L:/127.0.0.1:59679 - R:localhost/127.0.0.1:56434]
00:06:52.614 [AsyncHttpClient-1-6] DEBUG org.asynchttpclient.netty.channel.NettyConnectListener - Using new Channel '[id: 0x8b872455, L:/127.0.0.1:59685 - R:localhost/127.0.0.1:59680]' for 'GET' to '/json/version'
00:06:52.620 [AsyncHttpClient-1-6] DEBUG org.asynchttpclient.netty.handler.HttpHandler - 

Request DefaultFullHttpRequest(decodeResult: success, version: HTTP/1.1, content: EmptyByteBufBE)
GET /json/version HTTP/1.1
User-Agent: selenium/4.1.2 (java mac)
host: localhost:59680
accept: */*

Response DefaultHttpResponse(decodeResult: success, version: HTTP/1.1)
HTTP/1.1 200 OK
Content-Type: application/json; charset=UTF-8
content-length: 425

00:06:52.620 [AsyncHttpClient-1-6] DEBUG org.asynchttpclient.netty.channel.ChannelManager - Adding key: http://localhost:59680 for channel [id: 0x8b872455, L:/127.0.0.1:59685 - R:localhost/127.0.0.1:59680]
00:06:52.636 [AsyncHttpClient-1-7] DEBUG org.asynchttpclient.netty.channel.NettyConnectListener - Using new Channel '[id: 0x5a4b61ce, L:/127.0.0.1:59686 - R:localhost/127.0.0.1:59680]' for 'GET' to '/devtools/browser/f06f2e22-f290-4db6-a436-1e33873dd4cb'
00:06:52.642 [AsyncHttpClient-1-7] DEBUG org.asynchttpclient.netty.handler.WebSocketHandler - 

Request DefaultFullHttpRequest(decodeResult: success, version: HTTP/1.1, content: EmptyByteBufBE)
GET /devtools/browser/f06f2e22-f290-4db6-a436-1e33873dd4cb HTTP/1.1
upgrade: websocket
connection: upgrade
sec-websocket-key: tWVExAMFGvyroKcjyTnCeA==
sec-websocket-version: 13
origin: http://localhost:59680
host: localhost:59680
accept: */*
user-agent: AHC/2.1

Response DefaultHttpResponse(decodeResult: success, version: HTTP/1.1)
HTTP/1.1 101 WebSocket Protocol Handshake
Upgrade: WebSocket
Connection: Upgrade
Sec-WebSocket-Accept: OX19P8F1shLlyKPS2V9bl8rArbc=

00:06:52.650 [Forwarding get on session 67c62347be27af2cccf4d468fa816c06 to remote] DEBUG org.asynchttpclient.netty.request.NettyRequestSender - Using pooled Channel '[id: 0x01a43112, L:/127.0.0.1:59679 - R:localhost/127.0.0.1:56434]' for 'POST' to 'http://localhost:56434/session/67c62347be27af2cccf4d468fa816c06/url'
00:06:52.650 [Forwarding get on session 67c62347be27af2cccf4d468fa816c06 to remote] DEBUG org.asynchttpclient.netty.request.NettyRequestSender - Using open Channel [id: 0x01a43112, L:/127.0.0.1:59679 - R:localhost/127.0.0.1:56434] for POST '/session/67c62347be27af2cccf4d468fa816c06/url'
00:06:53.084 [AsyncHttpClient-1-1] DEBUG org.asynchttpclient.netty.channel.DefaultChannelPool - Entry count for : http://localhost:59680 : 1
00:06:54.185 [AsyncHttpClient-1-1] DEBUG org.asynchttpclient.netty.channel.DefaultChannelPool - Entry count for : http://localhost:59680 : 1
00:06:55.282 [AsyncHttpClient-1-1] DEBUG org.asynchttpclient.netty.channel.DefaultChannelPool - Entry count for : http://localhost:59680 : 1
00:06:55.298 [AsyncHttpClient-1-5] DEBUG org.asynchttpclient.netty.handler.HttpHandler - 

Request DefaultHttpRequest(decodeResult: success, version: HTTP/1.1)
POST /session/67c62347be27af2cccf4d468fa816c06/url HTTP/1.1
User-Agent: selenium/4.1.2 (java mac)
Content-Length: 68
Content-Type: application/json; charset=utf-8
host: localhost:56434
accept: */*

Response DefaultHttpResponse(decodeResult: success, version: HTTP/1.1)
HTTP/1.1 200 OK
Content-Type: application/json; charset=utf-8
cache-control: no-cache
content-length: 14

00:06:55.299 [AsyncHttpClient-1-5] DEBUG org.asynchttpclient.netty.channel.ChannelManager - Adding key: http://localhost:56434 for channel [id: 0x01a43112, L:/127.0.0.1:59679 - R:localhost/127.0.0.1:56434]
00:06:55.300 [Forwarding setTimeout on session 67c62347be27af2cccf4d468fa816c06 to remote] DEBUG org.asynchttpclient.netty.request.NettyRequestSender - Using pooled Channel '[id: 0x01a43112, L:/127.0.0.1:59679 - R:localhost/127.0.0.1:56434]' for 'POST' to 'http://localhost:56434/session/67c62347be27af2cccf4d468fa816c06/timeouts'
00:06:55.300 [Forwarding setTimeout on session 67c62347be27af2cccf4d468fa816c06 to remote] DEBUG org.asynchttpclient.netty.request.NettyRequestSender - Using open Channel [id: 0x01a43112, L:/127.0.0.1:59679 - R:localhost/127.0.0.1:56434] for POST '/session/67c62347be27af2cccf4d468fa816c06/timeouts'
00:06:55.301 [AsyncHttpClient-1-5] DEBUG org.asynchttpclient.netty.handler.HttpHandler - 

Request DefaultHttpRequest(decodeResult: success, version: HTTP/1.1)
POST /session/67c62347be27af2cccf4d468fa816c06/timeouts HTTP/1.1
User-Agent: selenium/4.1.2 (java mac)
Content-Length: 22
Content-Type: application/json; charset=utf-8
host: localhost:56434
accept: */*

Response DefaultHttpResponse(decodeResult: success, version: HTTP/1.1)
HTTP/1.1 200 OK
Content-Type: application/json; charset=utf-8
cache-control: no-cache
content-length: 14

00:06:55.301 [AsyncHttpClient-1-5] DEBUG org.asynchttpclient.netty.channel.ChannelManager - Adding key: http://localhost:56434 for channel [id: 0x01a43112, L:/127.0.0.1:59679 - R:localhost/127.0.0.1:56434]
00:06:55.303 [Forwarding getCurrentUrl on session 67c62347be27af2cccf4d468fa816c06 to remote] DEBUG org.asynchttpclient.netty.request.NettyRequestSender - Using pooled Channel '[id: 0x01a43112, L:/127.0.0.1:59679 - R:localhost/127.0.0.1:56434]' for 'GET' to 'http://localhost:56434/session/67c62347be27af2cccf4d468fa816c06/url'
00:06:55.303 [Forwarding getCurrentUrl on session 67c62347be27af2cccf4d468fa816c06 to remote] DEBUG org.asynchttpclient.netty.request.NettyRequestSender - Using open Channel [id: 0x01a43112, L:/127.0.0.1:59679 - R:localhost/127.0.0.1:56434] for GET '/session/67c62347be27af2cccf4d468fa816c06/url'
00:06:55.320 [AsyncHttpClient-1-5] DEBUG org.asynchttpclient.netty.handler.HttpHandler - 

Request DefaultFullHttpRequest(decodeResult: success, version: HTTP/1.1, content: EmptyByteBufBE)
GET /session/67c62347be27af2cccf4d468fa816c06/url HTTP/1.1
User-Agent: selenium/4.1.2 (java mac)
Cache-Control: no-cache
Content-Type: application/json; charset=utf-8
host: localhost:56434
accept: */*

Response DefaultHttpResponse(decodeResult: success, version: HTTP/1.1)
HTTP/1.1 200 OK
Content-Type: application/json; charset=utf-8
cache-control: no-cache
content-length: 50

00:06:55.320 [AsyncHttpClient-1-5] DEBUG org.asynchttpclient.netty.channel.ChannelManager - Adding key: http://localhost:56434 for channel [id: 0x01a43112, L:/127.0.0.1:59679 - R:localhost/127.0.0.1:56434]
00:06:55.321 [Forwarding getCurrentUrl on session 67c62347be27af2cccf4d468fa816c06 to remote] DEBUG org.asynchttpclient.netty.request.NettyRequestSender - Using pooled Channel '[id: 0x01a43112, L:/127.0.0.1:59679 - R:localhost/127.0.0.1:56434]' for 'GET' to 'http://localhost:56434/session/67c62347be27af2cccf4d468fa816c06/url'
00:06:55.321 [Forwarding getCurrentUrl on session 67c62347be27af2cccf4d468fa816c06 to remote] DEBUG org.asynchttpclient.netty.request.NettyRequestSender - Using open Channel [id: 0x01a43112, L:/127.0.0.1:59679 - R:localhost/127.0.0.1:56434] for GET '/session/67c62347be27af2cccf4d468fa816c06/url'
00:06:55.324 [AsyncHttpClient-1-5] DEBUG org.asynchttpclient.netty.handler.HttpHandler - 

Request DefaultFullHttpRequest(decodeResult: success, version: HTTP/1.1, content: EmptyByteBufBE)
GET /session/67c62347be27af2cccf4d468fa816c06/url HTTP/1.1
User-Agent: selenium/4.1.2 (java mac)
Cache-Control: no-cache
Content-Type: application/json; charset=utf-8
host: localhost:56434
accept: */*

Response DefaultHttpResponse(decodeResult: success, version: HTTP/1.1)
HTTP/1.1 200 OK
Content-Type: application/json; charset=utf-8
cache-control: no-cache
content-length: 50

00:06:55.324 [AsyncHttpClient-1-5] DEBUG org.asynchttpclient.netty.channel.ChannelManager - Adding key: http://localhost:56434 for channel [id: 0x01a43112, L:/127.0.0.1:59679 - R:localhost/127.0.0.1:56434]
00:06:55.331 [Forwarding screenshot on session 67c62347be27af2cccf4d468fa816c06 to remote] DEBUG org.asynchttpclient.netty.request.NettyRequestSender - Using pooled Channel '[id: 0x01a43112, L:/127.0.0.1:59679 - R:localhost/127.0.0.1:56434]' for 'GET' to 'http://localhost:56434/session/67c62347be27af2cccf4d468fa816c06/screenshot'
00:06:55.332 [Forwarding screenshot on session 67c62347be27af2cccf4d468fa816c06 to remote] DEBUG org.asynchttpclient.netty.request.NettyRequestSender - Using open Channel [id: 0x01a43112, L:/127.0.0.1:59679 - R:localhost/127.0.0.1:56434] for GET '/session/67c62347be27af2cccf4d468fa816c06/screenshot'
00:06:55.513 [AsyncHttpClient-1-5] DEBUG org.asynchttpclient.netty.handler.HttpHandler - 

Request DefaultFullHttpRequest(decodeResult: success, version: HTTP/1.1, content: EmptyByteBufBE)
GET /session/67c62347be27af2cccf4d468fa816c06/screenshot HTTP/1.1
User-Agent: selenium/4.1.2 (java mac)
Cache-Control: no-cache
Content-Type: application/json; charset=utf-8
host: localhost:56434
accept: */*

Response DefaultHttpResponse(decodeResult: success, version: HTTP/1.1)
HTTP/1.1 200 OK
Content-Type: application/json; charset=utf-8
cache-control: no-cache
content-length: 213564

00:06:55.514 [AsyncHttpClient-1-5] DEBUG org.asynchttpclient.netty.channel.ChannelManager - Adding key: http://localhost:56434 for channel [id: 0x01a43112, L:/127.0.0.1:59679 - R:localhost/127.0.0.1:56434]
00:06:55.525 [main] DEBUG net.serenitybdd.core.photography.Darkroom - Send negative for processing for target/site/serenity/c74360bf79c69219871b3ea5cb7af2dd6662ffb9979e5359a054ecd1a448e7d5.png
00:06:55.525 [Darkroom Processing Line] DEBUG net.serenitybdd.core.photography.DarkroomProcessingLine - Processing screenshot image in /var/screenshots/screenshot-13082419470114086947
00:06:55.525 [Darkroom Processing Line] DEBUG net.serenitybdd.core.photography.DarkroomProcessingLine - Saving screenshot to target/site/serenity/c74360bf79c69219871b3ea5cb7af2dd6662ffb9979e5359a054ecd1a448e7d5.png
00:06:55.525 [main] DEBUG net.thucydides.core.steps.StepInterceptor - STEP DONE: openApplication
  &amp#27;[32mGiven &amp#27;[0m&amp#27;[32mUser is on home page of COVID GAME application&amp#27;[0m                                       &amp#27;[90m# starter.stepdefinitions.Challenges.user_is_on_home_page_of_covid_game_application()&amp#27;[0m
00:06:55.539 [main] DEBUG net.thucydides.core.steps.StepInterceptor - STARTING STEP: Challenges.he_clicks_on_login_button - clickLogin
00:06:55.543 [Forwarding findElement on session 67c62347be27af2cccf4d468fa816c06 to remote] DEBUG org.asynchttpclient.netty.request.NettyRequestSender - Using pooled Channel '[id: 0x01a43112, L:/127.0.0.1:59679 - R:localhost/127.0.0.1:56434]' for 'POST' to 'http://localhost:56434/session/67c62347be27af2cccf4d468fa816c06/element'
00:06:55.543 [Forwarding findElement on session 67c62347be27af2cccf4d468fa816c06 to remote] DEBUG org.asynchttpclient.netty.request.NettyRequestSender - Using open Channel [id: 0x01a43112, L:/127.0.0.1:59679 - R:localhost/127.0.0.1:56434] for POST '/session/67c62347be27af2cccf4d468fa816c06/element'
00:06:55.567 [AsyncHttpClient-1-5] DEBUG org.asynchttpclient.netty.handler.HttpHandler - 

Request DefaultHttpRequest(decodeResult: success, version: HTTP/1.1)
POST /session/67c62347be27af2cccf4d468fa816c06/element HTTP/1.1
User-Agent: selenium/4.1.2 (java mac)
Content-Length: 50
Content-Type: application/json; charset=utf-8
host: localhost:56434
accept: */*

Response DefaultHttpResponse(decodeResult: success, version: HTTP/1.1)
HTTP/1.1 200 OK
Content-Type: application/json; charset=utf-8
cache-control: no-cache
content-length: 88

00:06:55.569 [AsyncHttpClient-1-5] DEBUG org.asynchttpclient.netty.channel.ChannelManager - Adding key: http://localhost:56434 for channel [id: 0x01a43112, L:/127.0.0.1:59679 - R:localhost/127.0.0.1:56434]
00:06:55.573 [Forwarding getElementTagName on session 67c62347be27af2cccf4d468fa816c06 to remote] DEBUG org.asynchttpclient.netty.request.NettyRequestSender - Using pooled Channel '[id: 0x01a43112, L:/127.0.0.1:59679 - R:localhost/127.0.0.1:56434]' for 'GET' to 'http://localhost:56434/session/67c62347be27af2cccf4d468fa816c06/element/562c34bf-8842-4ff5-862f-f05ff5e018bf/name'
00:06:55.573 [Forwarding getElementTagName on session 67c62347be27af2cccf4d468fa816c06 to remote] DEBUG org.asynchttpclient.netty.request.NettyRequestSender - Using open Channel [id: 0x01a43112, L:/127.0.0.1:59679 - R:localhost/127.0.0.1:56434] for GET '/session/67c62347be27af2cccf4d468fa816c06/element/562c34bf-8842-4ff5-862f-f05ff5e018bf/name'
00:06:55.577 [AsyncHttpClient-1-5] DEBUG org.asynchttpclient.netty.handler.HttpHandler - 

Request DefaultFullHttpRequest(decodeResult: success, version: HTTP/1.1, content: EmptyByteBufBE)
GET /session/67c62347be27af2cccf4d468fa816c06/element/562c34bf-8842-4ff5-862f-f05ff5e018bf/name HTTP/1.1
User-Agent: selenium/4.1.2 (java mac)
Cache-Control: no-cache
Content-Type: application/json; charset=utf-8
host: localhost:56434
accept: */*

Response DefaultHttpResponse(decodeResult: success, version: HTTP/1.1)
HTTP/1.1 200 OK
Content-Type: application/json; charset=utf-8
cache-control: no-cache
content-length: 13

00:06:55.577 [AsyncHttpClient-1-5] DEBUG org.asynchttpclient.netty.channel.ChannelManager - Adding key: http://localhost:56434 for channel [id: 0x01a43112, L:/127.0.0.1:59679 - R:localhost/127.0.0.1:56434]
00:06:55.579 [Forwarding getElementTagName on session 67c62347be27af2cccf4d468fa816c06 to remote] DEBUG org.asynchttpclient.netty.request.NettyRequestSender - Using pooled Channel '[id: 0x01a43112, L:/127.0.0.1:59679 - R:localhost/127.0.0.1:56434]' for 'GET' to 'http://localhost:56434/session/67c62347be27af2cccf4d468fa816c06/element/562c34bf-8842-4ff5-862f-f05ff5e018bf/name'
00:06:55.579 [Forwarding getElementTagName on session 67c62347be27af2cccf4d468fa816c06 to remote] DEBUG org.asynchttpclient.netty.request.NettyRequestSender - Using open Channel [id: 0x01a43112, L:/127.0.0.1:59679 - R:localhost/127.0.0.1:56434] for GET '/session/67c62347be27af2cccf4d468fa816c06/element/562c34bf-8842-4ff5-862f-f05ff5e018bf/name'
00:06:55.606 [AsyncHttpClient-1-5] DEBUG org.asynchttpclient.netty.handler.HttpHandler - 

Request DefaultFullHttpRequest(decodeResult: success, version: HTTP/1.1, content: EmptyByteBufBE)
GET /session/67c62347be27af2cccf4d468fa816c06/element/562c34bf-8842-4ff5-862f-f05ff5e018bf/name HTTP/1.1
User-Agent: selenium/4.1.2 (java mac)
Cache-Control: no-cache
Content-Type: application/json; charset=utf-8
host: localhost:56434
accept: */*

Response DefaultHttpResponse(decodeResult: success, version: HTTP/1.1)
HTTP/1.1 200 OK
Content-Type: application/json; charset=utf-8
cache-control: no-cache
content-length: 13

00:06:55.606 [AsyncHttpClient-1-5] DEBUG org.asynchttpclient.netty.channel.ChannelManager - Adding key: http://localhost:56434 for channel [id: 0x01a43112, L:/127.0.0.1:59679 - R:localhost/127.0.0.1:56434]
00:06:55.613 [Forwarding findElement on session 67c62347be27af2cccf4d468fa816c06 to remote] DEBUG org.asynchttpclient.netty.request.NettyRequestSender - Using pooled Channel '[id: 0x01a43112, L:/127.0.0.1:59679 - R:localhost/127.0.0.1:56434]' for 'POST' to 'http://localhost:56434/session/67c62347be27af2cccf4d468fa816c06/element'
00:06:55.616 [Forwarding findElement on session 67c62347be27af2cccf4d468fa816c06 to remote] DEBUG org.asynchttpclient.netty.request.NettyRequestSender - Using open Channel [id: 0x01a43112, L:/127.0.0.1:59679 - R:localhost/127.0.0.1:56434] for POST '/session/67c62347be27af2cccf4d468fa816c06/element'
00:06:55.636 [AsyncHttpClient-1-5] DEBUG org.asynchttpclient.netty.handler.HttpHandler - 

Request DefaultHttpRequest(decodeResult: success, version: HTTP/1.1)
POST /session/67c62347be27af2cccf4d468fa816c06/element HTTP/1.1
User-Agent: selenium/4.1.2 (java mac)
Content-Length: 50
Content-Type: application/json; charset=utf-8
host: localhost:56434
accept: */*

Response DefaultHttpResponse(decodeResult: success, version: HTTP/1.1)
HTTP/1.1 200 OK
Content-Type: application/json; charset=utf-8
cache-control: no-cache
content-length: 88

00:06:55.637 [AsyncHttpClient-1-5] DEBUG org.asynchttpclient.netty.channel.ChannelManager - Adding key: http://localhost:56434 for channel [id: 0x01a43112, L:/127.0.0.1:59679 - R:localhost/127.0.0.1:56434]
00:06:55.639 [Forwarding clickElement on session 67c62347be27af2cccf4d468fa816c06 to remote] DEBUG org.asynchttpclient.netty.request.NettyRequestSender - Using pooled Channel '[id: 0x01a43112, L:/127.0.0.1:59679 - R:localhost/127.0.0.1:56434]' for 'POST' to 'http://localhost:56434/session/67c62347be27af2cccf4d468fa816c06/element/562c34bf-8842-4ff5-862f-f05ff5e018bf/click'
00:06:55.639 [Forwarding clickElement on session 67c62347be27af2cccf4d468fa816c06 to remote] DEBUG org.asynchttpclient.netty.request.NettyRequestSender - Using open Channel [id: 0x01a43112, L:/127.0.0.1:59679 - R:localhost/127.0.0.1:56434] for POST '/session/67c62347be27af2cccf4d468fa816c06/element/562c34bf-8842-4ff5-862f-f05ff5e018bf/click'
00:06:55.805 [AsyncHttpClient-1-5] DEBUG org.asynchttpclient.netty.handler.HttpHandler - 

Request DefaultHttpRequest(decodeResult: success, version: HTTP/1.1)
POST /session/67c62347be27af2cccf4d468fa816c06/element/562c34bf-8842-4ff5-862f-f05ff5e018bf/click HTTP/1.1
User-Agent: selenium/4.1.2 (java mac)
Content-Length: 50
Content-Type: application/json; charset=utf-8
host: localhost:56434
accept: */*

Response DefaultHttpResponse(decodeResult: success, version: HTTP/1.1)
HTTP/1.1 200 OK
Content-Type: application/json; charset=utf-8
cache-control: no-cache
content-length: 14

00:06:55.805 [AsyncHttpClient-1-5] DEBUG org.asynchttpclient.netty.channel.ChannelManager - Adding key: http://localhost:56434 for channel [id: 0x01a43112, L:/127.0.0.1:59679 - R:localhost/127.0.0.1:56434]
00:06:55.811 [Forwarding screenshot on session 67c62347be27af2cccf4d468fa816c06 to remote] DEBUG org.asynchttpclient.netty.request.NettyRequestSender - Using pooled Channel '[id: 0x01a43112, L:/127.0.0.1:59679 - R:localhost/127.0.0.1:56434]' for 'GET' to 'http://localhost:56434/session/67c62347be27af2cccf4d468fa816c06/screenshot'
00:06:55.811 [Forwarding screenshot on session 67c62347be27af2cccf4d468fa816c06 to remote] DEBUG org.asynchttpclient.netty.request.NettyRequestSender - Using open Channel [id: 0x01a43112, L:/127.0.0.1:59679 - R:localhost/127.0.0.1:56434] for GET '/session/67c62347be27af2cccf4d468fa816c06/screenshot'
00:06:55.959 [AsyncHttpClient-1-5] DEBUG org.asynchttpclient.netty.handler.HttpHandler - 

Request DefaultFullHttpRequest(decodeResult: success, version: HTTP/1.1, content: EmptyByteBufBE)
GET /session/67c62347be27af2cccf4d468fa816c06/screenshot HTTP/1.1
User-Agent: selenium/4.1.2 (java mac)
Cache-Control: no-cache
Content-Type: application/json; charset=utf-8
host: localhost:56434
accept: */*

Response DefaultHttpResponse(decodeResult: success, version: HTTP/1.1)
HTTP/1.1 200 OK
Content-Type: application/json; charset=utf-8
cache-control: no-cache
content-length: 119776

00:06:55.961 [AsyncHttpClient-1-5] DEBUG org.asynchttpclient.netty.channel.ChannelManager - Adding key: http://localhost:56434 for channel [id: 0x01a43112, L:/127.0.0.1:59679 - R:localhost/127.0.0.1:56434]
00:06:55.966 [main] DEBUG net.serenitybdd.core.photography.Darkroom - Send negative for processing for target/site/serenity/5cb1a00beafde763edc372105cdc90cd808db04f3ab1f0cb100dd3ef7bdf97ef.png
00:06:55.966 [Darkroom Processing Line] DEBUG net.serenitybdd.core.photography.DarkroomProcessingLine - Processing screenshot image in /var/screenshots/screenshot-10251530904860992469
00:06:55.966 [main] DEBUG net.thucydides.core.steps.StepInterceptor - STEP DONE: clickLogin
00:06:55.966 [Darkroom Processing Line] DEBUG net.serenitybdd.core.photography.DarkroomProcessingLine - Saving screenshot to target/site/serenity/5cb1a00beafde763edc372105cdc90cd808db04f3ab1f0cb100dd3ef7bdf97ef.png
  &amp#27;[32mWhen &amp#27;[0m&amp#27;[32mhe clicks on Login button&amp#27;[0m                                                             &amp#27;[90m# starter.stepdefinitions.Challenges.he_clicks_on_login_button()&amp#27;[0m
00:06:55.987 [main] DEBUG net.thucydides.core.steps.StepInterceptor - STARTING STEP: Challenges.he_enters_username_as_and_password_as_to_login_into_application - enterUsernameForChallenge
00:06:55.992 [Forwarding findElement on session 67c62347be27af2cccf4d468fa816c06 to remote] DEBUG org.asynchttpclient.netty.request.NettyRequestSender - Using pooled Channel '[id: 0x01a43112, L:/127.0.0.1:59679 - R:localhost/127.0.0.1:56434]' for 'POST' to 'http://localhost:56434/session/67c62347be27af2cccf4d468fa816c06/element'
00:06:55.992 [Forwarding findElement on session 67c62347be27af2cccf4d468fa816c06 to remote] DEBUG org.asynchttpclient.netty.request.NettyRequestSender - Using open Channel [id: 0x01a43112, L:/127.0.0.1:59679 - R:localhost/127.0.0.1:56434] for POST '/session/67c62347be27af2cccf4d468fa816c06/element'
00:06:56.053 [AsyncHttpClient-1-5] DEBUG org.asynchttpclient.netty.handler.HttpHandler - 

Request DefaultHttpRequest(decodeResult: success, version: HTTP/1.1)
POST /session/67c62347be27af2cccf4d468fa816c06/element HTTP/1.1
User-Agent: selenium/4.1.2 (java mac)
Content-Length: 61
Content-Type: application/json; charset=utf-8
host: localhost:56434
accept: */*

Response DefaultHttpResponse(decodeResult: success, version: HTTP/1.1)
HTTP/1.1 200 OK
Content-Type: application/json; charset=utf-8
cache-control: no-cache
content-length: 88

00:06:56.054 [AsyncHttpClient-1-5] DEBUG org.asynchttpclient.netty.channel.ChannelManager - Adding key: http://localhost:56434 for channel [id: 0x01a43112, L:/127.0.0.1:59679 - R:localhost/127.0.0.1:56434]
00:06:56.056 [Forwarding clearElement on session 67c62347be27af2cccf4d468fa816c06 to remote] DEBUG org.asynchttpclient.netty.request.NettyRequestSender - Using pooled Channel '[id: 0x01a43112, L:/127.0.0.1:59679 - R:localhost/127.0.0.1:56434]' for 'POST' to 'http://localhost:56434/session/67c62347be27af2cccf4d468fa816c06/element/e134e5c6-87a3-43f8-919b-a680fcda44cc/clear'
00:06:56.056 [Forwarding clearElement on session 67c62347be27af2cccf4d468fa816c06 to remote] DEBUG org.asynchttpclient.netty.request.NettyRequestSender - Using open Channel [id: 0x01a43112, L:/127.0.0.1:59679 - R:localhost/127.0.0.1:56434] for POST '/session/67c62347be27af2cccf4d468fa816c06/element/e134e5c6-87a3-43f8-919b-a680fcda44cc/clear'
00:06:56.083 [AsyncHttpClient-1-5] DEBUG org.asynchttpclient.netty.handler.HttpHandler - 

Request DefaultHttpRequest(decodeResult: success, version: HTTP/1.1)
POST /session/67c62347be27af2cccf4d468fa816c06/element/e134e5c6-87a3-43f8-919b-a680fcda44cc/clear HTTP/1.1
User-Agent: selenium/4.1.2 (java mac)
Content-Length: 50
Content-Type: application/json; charset=utf-8
host: localhost:56434
accept: */*

Response DefaultHttpResponse(decodeResult: success, version: HTTP/1.1)
HTTP/1.1 200 OK
Content-Type: application/json; charset=utf-8
cache-control: no-cache
content-length: 14

00:06:56.084 [AsyncHttpClient-1-5] DEBUG org.asynchttpclient.netty.channel.ChannelManager - Adding key: http://localhost:56434 for channel [id: 0x01a43112, L:/127.0.0.1:59679 - R:localhost/127.0.0.1:56434]
00:06:56.085 [Forwarding sendKeysToElement on session 67c62347be27af2cccf4d468fa816c06 to remote] DEBUG org.asynchttpclient.netty.request.NettyRequestSender - Using pooled Channel '[id: 0x01a43112, L:/127.0.0.1:59679 - R:localhost/127.0.0.1:56434]' for 'POST' to 'http://localhost:56434/session/67c62347be27af2cccf4d468fa816c06/element/e134e5c6-87a3-43f8-919b-a680fcda44cc/value'
00:06:56.085 [Forwarding sendKeysToElement on session 67c62347be27af2cccf4d468fa816c06 to remote] DEBUG org.asynchttpclient.netty.request.NettyRequestSender - Using open Channel [id: 0x01a43112, L:/127.0.0.1:59679 - R:localhost/127.0.0.1:56434] for POST '/session/67c62347be27af2cccf4d468fa816c06/element/e134e5c6-87a3-43f8-919b-a680fcda44cc/value'
00:06:56.262 [AsyncHttpClient-1-5] DEBUG org.asynchttpclient.netty.handler.HttpHandler - 

Request DefaultHttpRequest(decodeResult: success, version: HTTP/1.1)
POST /session/67c62347be27af2cccf4d468fa816c06/element/e134e5c6-87a3-43f8-919b-a680fcda44cc/value HTTP/1.1
User-Agent: selenium/4.1.2 (java mac)
Content-Length: 141
Content-Type: application/json; charset=utf-8
host: localhost:56434
accept: */*

Response DefaultHttpResponse(decodeResult: success, version: HTTP/1.1)
HTTP/1.1 200 OK
Content-Type: application/json; charset=utf-8
cache-control: no-cache
content-length: 14

00:06:56.262 [AsyncHttpClient-1-5] DEBUG org.asynchttpclient.netty.channel.ChannelManager - Adding key: http://localhost:56434 for channel [id: 0x01a43112, L:/127.0.0.1:59679 - R:localhost/127.0.0.1:56434]
00:06:56.267 [Forwarding screenshot on session 67c62347be27af2cccf4d468fa816c06 to remote] DEBUG org.asynchttpclient.netty.request.NettyRequestSender - Using pooled Channel '[id: 0x01a43112, L:/127.0.0.1:59679 - R:localhost/127.0.0.1:56434]' for 'GET' to 'http://localhost:56434/session/67c62347be27af2cccf4d468fa816c06/screenshot'
00:06:56.267 [Forwarding screenshot on session 67c62347be27af2cccf4d468fa816c06 to remote] DEBUG org.asynchttpclient.netty.request.NettyRequestSender - Using open Channel [id: 0x01a43112, L:/127.0.0.1:59679 - R:localhost/127.0.0.1:56434] for GET '/session/67c62347be27af2cccf4d468fa816c06/screenshot'
00:06:56.385 [AsyncHttpClient-1-1] DEBUG org.asynchttpclient.netty.channel.DefaultChannelPool - Entry count for : http://localhost:59680 : 1
00:06:56.395 [AsyncHttpClient-1-5] DEBUG org.asynchttpclient.netty.handler.HttpHandler - 

Request DefaultFullHttpRequest(decodeResult: success, version: HTTP/1.1, content: EmptyByteBufBE)
GET /session/67c62347be27af2cccf4d468fa816c06/screenshot HTTP/1.1
User-Agent: selenium/4.1.2 (java mac)
Cache-Control: no-cache
Content-Type: application/json; charset=utf-8
host: localhost:56434
accept: */*

Response DefaultHttpResponse(decodeResult: success, version: HTTP/1.1)
HTTP/1.1 200 OK
Content-Type: application/json; charset=utf-8
cache-control: no-cache
content-length: 121448

00:06:56.396 [AsyncHttpClient-1-5] DEBUG org.asynchttpclient.netty.channel.ChannelManager - Adding key: http://localhost:56434 for channel [id: 0x01a43112, L:/127.0.0.1:59679 - R:localhost/127.0.0.1:56434]
00:06:56.400 [main] DEBUG net.serenitybdd.core.photography.Darkroom - Send negative for processing for target/site/serenity/5408110d3672af95a95f3dd5a5117ecc46d28e495f2bcecc9a790f85307edab6.png
00:06:56.400 [Darkroom Processing Line] DEBUG net.serenitybdd.core.photography.DarkroomProcessingLine - Processing screenshot image in /var/screenshots/screenshot-8746365427494143531
00:06:56.400 [Darkroom Processing Line] DEBUG net.serenitybdd.core.photography.DarkroomProcessingLine - Saving screenshot to target/site/serenity/5408110d3672af95a95f3dd5a5117ecc46d28e495f2bcecc9a790f85307edab6.png
00:06:56.400 [main] DEBUG net.thucydides.core.steps.StepInterceptor - STEP DONE: enterUsernameForChallenge
00:06:56.403 [main] DEBUG net.thucydides.core.steps.StepInterceptor - STARTING STEP: Challenges.he_enters_username_as_and_password_as_to_login_into_application - enterPasswordForChallenge
00:06:56.406 [Forwarding findElement on session 67c62347be27af2cccf4d468fa816c06 to remote] DEBUG org.asynchttpclient.netty.request.NettyRequestSender - Using pooled Channel '[id: 0x01a43112, L:/127.0.0.1:59679 - R:localhost/127.0.0.1:56434]' for 'POST' to 'http://localhost:56434/session/67c62347be27af2cccf4d468fa816c06/element'
00:06:56.406 [Forwarding findElement on session 67c62347be27af2cccf4d468fa816c06 to remote] DEBUG org.asynchttpclient.netty.request.NettyRequestSender - Using open Channel [id: 0x01a43112, L:/127.0.0.1:59679 - R:localhost/127.0.0.1:56434] for POST '/session/67c62347be27af2cccf4d468fa816c06/element'
00:06:56.416 [AsyncHttpClient-1-5] DEBUG org.asynchttpclient.netty.handler.HttpHandler - 

Request DefaultHttpRequest(decodeResult: success, version: HTTP/1.1)
POST /session/67c62347be27af2cccf4d468fa816c06/element HTTP/1.1
User-Agent: selenium/4.1.2 (java mac)
Content-Length: 56
Content-Type: application/json; charset=utf-8
host: localhost:56434
accept: */*

Response DefaultHttpResponse(decodeResult: success, version: HTTP/1.1)
HTTP/1.1 200 OK
Content-Type: application/json; charset=utf-8
cache-control: no-cache
content-length: 88

00:06:56.416 [AsyncHttpClient-1-5] DEBUG org.asynchttpclient.netty.channel.ChannelManager - Adding key: http://localhost:56434 for channel [id: 0x01a43112, L:/127.0.0.1:59679 - R:localhost/127.0.0.1:56434]
00:06:56.418 [Forwarding clearElement on session 67c62347be27af2cccf4d468fa816c06 to remote] DEBUG org.asynchttpclient.netty.request.NettyRequestSender - Using pooled Channel '[id: 0x01a43112, L:/127.0.0.1:59679 - R:localhost/127.0.0.1:56434]' for 'POST' to 'http://localhost:56434/session/67c62347be27af2cccf4d468fa816c06/element/c4e5a4d9-e546-47f6-9ad2-720adfd92952/clear'
00:06:56.418 [Forwarding clearElement on session 67c62347be27af2cccf4d468fa816c06 to remote] DEBUG org.asynchttpclient.netty.request.NettyRequestSender - Using open Channel [id: 0x01a43112, L:/127.0.0.1:59679 - R:localhost/127.0.0.1:56434] for POST '/session/67c62347be27af2cccf4d468fa816c06/element/c4e5a4d9-e546-47f6-9ad2-720adfd92952/clear'
00:06:56.437 [AsyncHttpClient-1-5] DEBUG org.asynchttpclient.netty.handler.HttpHandler - 

Request DefaultHttpRequest(decodeResult: success, version: HTTP/1.1)
POST /session/67c62347be27af2cccf4d468fa816c06/element/c4e5a4d9-e546-47f6-9ad2-720adfd92952/clear HTTP/1.1
User-Agent: selenium/4.1.2 (java mac)
Content-Length: 50
Content-Type: application/json; charset=utf-8
host: localhost:56434
accept: */*

Response DefaultHttpResponse(decodeResult: success, version: HTTP/1.1)
HTTP/1.1 200 OK
Content-Type: application/json; charset=utf-8
cache-control: no-cache
content-length: 14

00:06:56.437 [AsyncHttpClient-1-5] DEBUG org.asynchttpclient.netty.channel.ChannelManager - Adding key: http://localhost:56434 for channel [id: 0x01a43112, L:/127.0.0.1:59679 - R:localhost/127.0.0.1:56434]
00:06:56.440 [Forwarding sendKeysToElement on session 67c62347be27af2cccf4d468fa816c06 to remote] DEBUG org.asynchttpclient.netty.request.NettyRequestSender - Using pooled Channel '[id: 0x01a43112, L:/127.0.0.1:59679 - R:localhost/127.0.0.1:56434]' for 'POST' to 'http://localhost:56434/session/67c62347be27af2cccf4d468fa816c06/element/c4e5a4d9-e546-47f6-9ad2-720adfd92952/value'
00:06:56.440 [Forwarding sendKeysToElement on session 67c62347be27af2cccf4d468fa816c06 to remote] DEBUG org.asynchttpclient.netty.request.NettyRequestSender - Using open Channel [id: 0x01a43112, L:/127.0.0.1:59679 - R:localhost/127.0.0.1:56434] for POST '/session/67c62347be27af2cccf4d468fa816c06/element/c4e5a4d9-e546-47f6-9ad2-720adfd92952/value'
00:06:56.493 [AsyncHttpClient-1-5] DEBUG org.asynchttpclient.netty.handler.HttpHandler - 

Request DefaultHttpRequest(decodeResult: success, version: HTTP/1.1)
POST /session/67c62347be27af2cccf4d468fa816c06/element/c4e5a4d9-e546-47f6-9ad2-720adfd92952/value HTTP/1.1
User-Agent: selenium/4.1.2 (java mac)
Content-Length: 141
Content-Type: application/json; charset=utf-8
host: localhost:56434
accept: */*

Response DefaultHttpResponse(decodeResult: success, version: HTTP/1.1)
HTTP/1.1 200 OK
Content-Type: application/json; charset=utf-8
cache-control: no-cache
content-length: 14

00:06:56.494 [AsyncHttpClient-1-5] DEBUG org.asynchttpclient.netty.channel.ChannelManager - Adding key: http://localhost:56434 for channel [id: 0x01a43112, L:/127.0.0.1:59679 - R:localhost/127.0.0.1:56434]
00:06:56.500 [Forwarding screenshot on session 67c62347be27af2cccf4d468fa816c06 to remote] DEBUG org.asynchttpclient.netty.request.NettyRequestSender - Using pooled Channel '[id: 0x01a43112, L:/127.0.0.1:59679 - R:localhost/127.0.0.1:56434]' for 'GET' to 'http://localhost:56434/session/67c62347be27af2cccf4d468fa816c06/screenshot'
00:06:56.500 [Forwarding screenshot on session 67c62347be27af2cccf4d468fa816c06 to remote] DEBUG org.asynchttpclient.netty.request.NettyRequestSender - Using open Channel [id: 0x01a43112, L:/127.0.0.1:59679 - R:localhost/127.0.0.1:56434] for GET '/session/67c62347be27af2cccf4d468fa816c06/screenshot'
00:06:56.625 [AsyncHttpClient-1-5] DEBUG org.asynchttpclient.netty.handler.HttpHandler - 

Request DefaultFullHttpRequest(decodeResult: success, version: HTTP/1.1, content: EmptyByteBufBE)
GET /session/67c62347be27af2cccf4d468fa816c06/screenshot HTTP/1.1
User-Agent: selenium/4.1.2 (java mac)
Cache-Control: no-cache
Content-Type: application/json; charset=utf-8
host: localhost:56434
accept: */*

Response DefaultHttpResponse(decodeResult: success, version: HTTP/1.1)
HTTP/1.1 200 OK
Content-Type: application/json; charset=utf-8
cache-control: no-cache
content-length: 121764

00:06:56.626 [AsyncHttpClient-1-5] DEBUG org.asynchttpclient.netty.channel.ChannelManager - Adding key: http://localhost:56434 for channel [id: 0x01a43112, L:/127.0.0.1:59679 - R:localhost/127.0.0.1:56434]
00:06:56.632 [main] DEBUG net.serenitybdd.core.photography.Darkroom - Send negative for processing for target/site/serenity/388a1aafefa39afd9c428c108b7e55c04c1750a0b1592217770609e114de7c9c.png
00:06:56.632 [Darkroom Processing Line] DEBUG net.serenitybdd.core.photography.DarkroomProcessingLine - Processing screenshot image in /var/screenshots/screenshot-14154991622598782759
00:06:56.632 [main] DEBUG net.thucydides.core.steps.StepInterceptor - STEP DONE: enterPasswordForChallenge
00:06:56.632 [Darkroom Processing Line] DEBUG net.serenitybdd.core.photography.DarkroomProcessingLine - Saving screenshot to target/site/serenity/388a1aafefa39afd9c428c108b7e55c04c1750a0b1592217770609e114de7c9c.png
00:06:56.636 [main] DEBUG net.thucydides.core.steps.StepInterceptor - STARTING STEP: Challenges.he_enters_username_as_and_password_as_to_login_into_application - clickLoginButton
00:06:56.638 [Forwarding findElement on session 67c62347be27af2cccf4d468fa816c06 to remote] DEBUG org.asynchttpclient.netty.request.NettyRequestSender - Using pooled Channel '[id: 0x01a43112, L:/127.0.0.1:59679 - R:localhost/127.0.0.1:56434]' for 'POST' to 'http://localhost:56434/session/67c62347be27af2cccf4d468fa816c06/element'
00:06:56.638 [Forwarding findElement on session 67c62347be27af2cccf4d468fa816c06 to remote] DEBUG org.asynchttpclient.netty.request.NettyRequestSender - Using open Channel [id: 0x01a43112, L:/127.0.0.1:59679 - R:localhost/127.0.0.1:56434] for POST '/session/67c62347be27af2cccf4d468fa816c06/element'
00:06:56.645 [AsyncHttpClient-1-5] DEBUG org.asynchttpclient.netty.handler.HttpHandler - 

Request DefaultHttpRequest(decodeResult: success, version: HTTP/1.1)
POST /session/67c62347be27af2cccf4d468fa816c06/element HTTP/1.1
User-Agent: selenium/4.1.2 (java mac)
Content-Length: 52
Content-Type: application/json; charset=utf-8
host: localhost:56434
accept: */*

Response DefaultHttpResponse(decodeResult: success, version: HTTP/1.1)
HTTP/1.1 200 OK
Content-Type: application/json; charset=utf-8
cache-control: no-cache
content-length: 88

00:06:56.646 [AsyncHttpClient-1-5] DEBUG org.asynchttpclient.netty.channel.ChannelManager - Adding key: http://localhost:56434 for channel [id: 0x01a43112, L:/127.0.0.1:59679 - R:localhost/127.0.0.1:56434]
00:06:56.649 [Forwarding getElementTagName on session 67c62347be27af2cccf4d468fa816c06 to remote] DEBUG org.asynchttpclient.netty.request.NettyRequestSender - Using pooled Channel '[id: 0x01a43112, L:/127.0.0.1:59679 - R:localhost/127.0.0.1:56434]' for 'GET' to 'http://localhost:56434/session/67c62347be27af2cccf4d468fa816c06/element/2e192017-3133-46bf-bfc3-ad82c87a8987/name'
00:06:56.649 [Forwarding getElementTagName on session 67c62347be27af2cccf4d468fa816c06 to remote] DEBUG org.asynchttpclient.netty.request.NettyRequestSender - Using open Channel [id: 0x01a43112, L:/127.0.0.1:59679 - R:localhost/127.0.0.1:56434] for GET '/session/67c62347be27af2cccf4d468fa816c06/element/2e192017-3133-46bf-bfc3-ad82c87a8987/name'
00:06:56.652 [AsyncHttpClient-1-5] DEBUG org.asynchttpclient.netty.handler.HttpHandler - 

Request DefaultFullHttpRequest(decodeResult: success, version: HTTP/1.1, content: EmptyByteBufBE)
GET /session/67c62347be27af2cccf4d468fa816c06/element/2e192017-3133-46bf-bfc3-ad82c87a8987/name HTTP/1.1
User-Agent: selenium/4.1.2 (java mac)
Cache-Control: no-cache
Content-Type: application/json; charset=utf-8
host: localhost:56434
accept: */*

Response DefaultHttpResponse(decodeResult: success, version: HTTP/1.1)
HTTP/1.1 200 OK
Content-Type: application/json; charset=utf-8
cache-control: no-cache
content-length: 13

00:06:56.652 [AsyncHttpClient-1-5] DEBUG org.asynchttpclient.netty.channel.ChannelManager - Adding key: http://localhost:56434 for channel [id: 0x01a43112, L:/127.0.0.1:59679 - R:localhost/127.0.0.1:56434]
00:06:56.654 [Forwarding getElementTagName on session 67c62347be27af2cccf4d468fa816c06 to remote] DEBUG org.asynchttpclient.netty.request.NettyRequestSender - Using pooled Channel '[id: 0x01a43112, L:/127.0.0.1:59679 - R:localhost/127.0.0.1:56434]' for 'GET' to 'http://localhost:56434/session/67c62347be27af2cccf4d468fa816c06/element/2e192017-3133-46bf-bfc3-ad82c87a8987/name'
00:06:56.654 [Forwarding getElementTagName on session 67c62347be27af2cccf4d468fa816c06 to remote] DEBUG org.asynchttpclient.netty.request.NettyRequestSender - Using open Channel [id: 0x01a43112, L:/127.0.0.1:59679 - R:localhost/127.0.0.1:56434] for GET '/session/67c62347be27af2cccf4d468fa816c06/element/2e192017-3133-46bf-bfc3-ad82c87a8987/name'
00:06:56.657 [AsyncHttpClient-1-5] DEBUG org.asynchttpclient.netty.handler.HttpHandler - 

Request DefaultFullHttpRequest(decodeResult: success, version: HTTP/1.1, content: EmptyByteBufBE)
GET /session/67c62347be27af2cccf4d468fa816c06/element/2e192017-3133-46bf-bfc3-ad82c87a8987/name HTTP/1.1
User-Agent: selenium/4.1.2 (java mac)
Cache-Control: no-cache
Content-Type: application/json; charset=utf-8
host: localhost:56434
accept: */*

Response DefaultHttpResponse(decodeResult: success, version: HTTP/1.1)
HTTP/1.1 200 OK
Content-Type: application/json; charset=utf-8
cache-control: no-cache
content-length: 13

00:06:56.657 [AsyncHttpClient-1-5] DEBUG org.asynchttpclient.netty.channel.ChannelManager - Adding key: http://localhost:56434 for channel [id: 0x01a43112, L:/127.0.0.1:59679 - R:localhost/127.0.0.1:56434]
00:06:56.659 [Forwarding findElement on session 67c62347be27af2cccf4d468fa816c06 to remote] DEBUG org.asynchttpclient.netty.request.NettyRequestSender - Using pooled Channel '[id: 0x01a43112, L:/127.0.0.1:59679 - R:localhost/127.0.0.1:56434]' for 'POST' to 'http://localhost:56434/session/67c62347be27af2cccf4d468fa816c06/element'
00:06:56.659 [Forwarding findElement on session 67c62347be27af2cccf4d468fa816c06 to remote] DEBUG org.asynchttpclient.netty.request.NettyRequestSender - Using open Channel [id: 0x01a43112, L:/127.0.0.1:59679 - R:localhost/127.0.0.1:56434] for POST '/session/67c62347be27af2cccf4d468fa816c06/element'
00:06:56.666 [AsyncHttpClient-1-5] DEBUG org.asynchttpclient.netty.handler.HttpHandler - 

Request DefaultHttpRequest(decodeResult: success, version: HTTP/1.1)
POST /session/67c62347be27af2cccf4d468fa816c06/element HTTP/1.1
User-Agent: selenium/4.1.2 (java mac)
Content-Length: 52
Content-Type: application/json; charset=utf-8
host: localhost:56434
accept: */*

Response DefaultHttpResponse(decodeResult: success, version: HTTP/1.1)
HTTP/1.1 200 OK
Content-Type: application/json; charset=utf-8
cache-control: no-cache
content-length: 88

00:06:56.666 [AsyncHttpClient-1-5] DEBUG org.asynchttpclient.netty.channel.ChannelManager - Adding key: http://localhost:56434 for channel [id: 0x01a43112, L:/127.0.0.1:59679 - R:localhost/127.0.0.1:56434]
00:06:56.668 [Forwarding clickElement on session 67c62347be27af2cccf4d468fa816c06 to remote] DEBUG org.asynchttpclient.netty.request.NettyRequestSender - Using pooled Channel '[id: 0x01a43112, L:/127.0.0.1:59679 - R:localhost/127.0.0.1:56434]' for 'POST' to 'http://localhost:56434/session/67c62347be27af2cccf4d468fa816c06/element/2e192017-3133-46bf-bfc3-ad82c87a8987/click'
00:06:56.668 [Forwarding clickElement on session 67c62347be27af2cccf4d468fa816c06 to remote] DEBUG org.asynchttpclient.netty.request.NettyRequestSender - Using open Channel [id: 0x01a43112, L:/127.0.0.1:59679 - R:localhost/127.0.0.1:56434] for POST '/session/67c62347be27af2cccf4d468fa816c06/element/2e192017-3133-46bf-bfc3-ad82c87a8987/click'
00:06:56.728 [AsyncHttpClient-1-5] DEBUG org.asynchttpclient.netty.handler.HttpHandler - 

Request DefaultHttpRequest(decodeResult: success, version: HTTP/1.1)
POST /session/67c62347be27af2cccf4d468fa816c06/element/2e192017-3133-46bf-bfc3-ad82c87a8987/click HTTP/1.1
User-Agent: selenium/4.1.2 (java mac)
Content-Length: 50
Content-Type: application/json; charset=utf-8
host: localhost:56434
accept: */*

Response DefaultHttpResponse(decodeResult: success, version: HTTP/1.1)
HTTP/1.1 200 OK
Content-Type: application/json; charset=utf-8
cache-control: no-cache
content-length: 14

00:06:56.728 [AsyncHttpClient-1-5] DEBUG org.asynchttpclient.netty.channel.ChannelManager - Adding key: http://localhost:56434 for channel [id: 0x01a43112, L:/127.0.0.1:59679 - R:localhost/127.0.0.1:56434]
00:06:56.733 [Forwarding screenshot on session 67c62347be27af2cccf4d468fa816c06 to remote] DEBUG org.asynchttpclient.netty.request.NettyRequestSender - Using pooled Channel '[id: 0x01a43112, L:/127.0.0.1:59679 - R:localhost/127.0.0.1:56434]' for 'GET' to 'http://localhost:56434/session/67c62347be27af2cccf4d468fa816c06/screenshot'
00:06:56.733 [Forwarding screenshot on session 67c62347be27af2cccf4d468fa816c06 to remote] DEBUG org.asynchttpclient.netty.request.NettyRequestSender - Using open Channel [id: 0x01a43112, L:/127.0.0.1:59679 - R:localhost/127.0.0.1:56434] for GET '/session/67c62347be27af2cccf4d468fa816c06/screenshot'
00:06:56.858 [AsyncHttpClient-1-5] DEBUG org.asynchttpclient.netty.handler.HttpHandler - 

Request DefaultFullHttpRequest(decodeResult: success, version: HTTP/1.1, content: EmptyByteBufBE)
GET /session/67c62347be27af2cccf4d468fa816c06/screenshot HTTP/1.1
User-Agent: selenium/4.1.2 (java mac)
Cache-Control: no-cache
Content-Type: application/json; charset=utf-8
host: localhost:56434
accept: */*

Response DefaultHttpResponse(decodeResult: success, version: HTTP/1.1)
HTTP/1.1 200 OK
Content-Type: application/json; charset=utf-8
cache-control: no-cache
content-length: 121672

00:06:56.858 [AsyncHttpClient-1-5] DEBUG org.asynchttpclient.netty.channel.ChannelManager - Adding key: http://localhost:56434 for channel [id: 0x01a43112, L:/127.0.0.1:59679 - R:localhost/127.0.0.1:56434]
00:06:56.862 [main] DEBUG net.serenitybdd.core.photography.Darkroom - Send negative for processing for target/site/serenity/07d4e2351a573be3d14c498404ca1ba69334651d9c8233e9ee15b47513bd9663.png
00:06:56.862 [Darkroom Processing Line] DEBUG net.serenitybdd.core.photography.DarkroomProcessingLine - Processing screenshot image in /var/screenshots/screenshot-2099252064258095868
00:06:56.862 [Darkroom Processing Line] DEBUG net.serenitybdd.core.photography.DarkroomProcessingLine - Saving screenshot to target/site/serenity/07d4e2351a573be3d14c498404ca1ba69334651d9c8233e9ee15b47513bd9663.png
00:06:56.862 [main] DEBUG net.thucydides.core.steps.StepInterceptor - STEP DONE: clickLoginButton
00:06:56.867 [main] DEBUG net.thucydides.core.steps.StepInterceptor - STARTING STEP: Challenges.he_enters_username_as_and_password_as_to_login_into_application - ClickStartJourneyButton
00:06:57.487 [AsyncHttpClient-1-1] DEBUG org.asynchttpclient.netty.channel.DefaultChannelPool - Entry count for : http://localhost:59680 : 1
00:06:57.490 [AsyncHttpClient-1-1] DEBUG org.asynchttpclient.netty.channel.DefaultChannelPool - Entry count for : http://localhost:56434 : 1
00:06:58.586 [AsyncHttpClient-1-1] DEBUG org.asynchttpclient.netty.channel.DefaultChannelPool - Entry count for : http://localhost:59680 : 1
00:06:58.586 [AsyncHttpClient-1-1] DEBUG org.asynchttpclient.netty.channel.DefaultChannelPool - Entry count for : http://localhost:56434 : 1
00:06:59.682 [AsyncHttpClient-1-1] DEBUG org.asynchttpclient.netty.channel.DefaultChannelPool - Entry count for : http://localhost:59680 : 1
00:06:59.682 [AsyncHttpClient-1-1] DEBUG org.asynchttpclient.netty.channel.DefaultChannelPool - Entry count for : http://localhost:56434 : 1
00:06:59.885 [Forwarding findElement on session 67c62347be27af2cccf4d468fa816c06 to remote] DEBUG org.asynchttpclient.netty.request.NettyRequestSender - Using pooled Channel '[id: 0x01a43112, L:/127.0.0.1:59679 - R:localhost/127.0.0.1:56434]' for 'POST' to 'http://localhost:56434/session/67c62347be27af2cccf4d468fa816c06/element'
00:06:59.885 [Forwarding findElement on session 67c62347be27af2cccf4d468fa816c06 to remote] DEBUG org.asynchttpclient.netty.request.NettyRequestSender - Using open Channel [id: 0x01a43112, L:/127.0.0.1:59679 - R:localhost/127.0.0.1:56434] for POST '/session/67c62347be27af2cccf4d468fa816c06/element'
00:06:59.904 [AsyncHttpClient-1-5] DEBUG org.asynchttpclient.netty.handler.HttpHandler - 

Request DefaultHttpRequest(decodeResult: success, version: HTTP/1.1)
POST /session/67c62347be27af2cccf4d468fa816c06/element HTTP/1.1
User-Agent: selenium/4.1.2 (java mac)
Content-Length: 50
Content-Type: application/json; charset=utf-8
host: localhost:56434
accept: */*

Response DefaultHttpResponse(decodeResult: success, version: HTTP/1.1)
HTTP/1.1 200 OK
Content-Type: application/json; charset=utf-8
cache-control: no-cache
content-length: 88

00:06:59.905 [AsyncHttpClient-1-5] DEBUG org.asynchttpclient.netty.channel.ChannelManager - Adding key: http://localhost:56434 for channel [id: 0x01a43112, L:/127.0.0.1:59679 - R:localhost/127.0.0.1:56434]
00:06:59.911 [Forwarding getElementTagName on session 67c62347be27af2cccf4d468fa816c06 to remote] DEBUG org.asynchttpclient.netty.request.NettyRequestSender - Using pooled Channel '[id: 0x01a43112, L:/127.0.0.1:59679 - R:localhost/127.0.0.1:56434]' for 'GET' to 'http://localhost:56434/session/67c62347be27af2cccf4d468fa816c06/element/701016b0-063b-4082-aba4-2a1e914524d9/name'
00:06:59.911 [Forwarding getElementTagName on session 67c62347be27af2cccf4d468fa816c06 to remote] DEBUG org.asynchttpclient.netty.request.NettyRequestSender - Using open Channel [id: 0x01a43112, L:/127.0.0.1:59679 - R:localhost/127.0.0.1:56434] for GET '/session/67c62347be27af2cccf4d468fa816c06/element/701016b0-063b-4082-aba4-2a1e914524d9/name'
00:06:59.916 [AsyncHttpClient-1-5] DEBUG org.asynchttpclient.netty.handler.HttpHandler - 

Request DefaultFullHttpRequest(decodeResult: success, version: HTTP/1.1, content: EmptyByteBufBE)
GET /session/67c62347be27af2cccf4d468fa816c06/element/701016b0-063b-4082-aba4-2a1e914524d9/name HTTP/1.1
User-Agent: selenium/4.1.2 (java mac)
Cache-Control: no-cache
Content-Type: application/json; charset=utf-8
host: localhost:56434
accept: */*

Response DefaultHttpResponse(decodeResult: success, version: HTTP/1.1)
HTTP/1.1 200 OK
Content-Type: application/json; charset=utf-8
cache-control: no-cache
content-length: 13

00:06:59.916 [AsyncHttpClient-1-5] DEBUG org.asynchttpclient.netty.channel.ChannelManager - Adding key: http://localhost:56434 for channel [id: 0x01a43112, L:/127.0.0.1:59679 - R:localhost/127.0.0.1:56434]
00:06:59.919 [Forwarding getElementTagName on session 67c62347be27af2cccf4d468fa816c06 to remote] DEBUG org.asynchttpclient.netty.request.NettyRequestSender - Using pooled Channel '[id: 0x01a43112, L:/127.0.0.1:59679 - R:localhost/127.0.0.1:56434]' for 'GET' to 'http://localhost:56434/session/67c62347be27af2cccf4d468fa816c06/element/701016b0-063b-4082-aba4-2a1e914524d9/name'
00:06:59.919 [Forwarding getElementTagName on session 67c62347be27af2cccf4d468fa816c06 to remote] DEBUG org.asynchttpclient.netty.request.NettyRequestSender - Using open Channel [id: 0x01a43112, L:/127.0.0.1:59679 - R:localhost/127.0.0.1:56434] for GET '/session/67c62347be27af2cccf4d468fa816c06/element/701016b0-063b-4082-aba4-2a1e914524d9/name'
00:06:59.923 [AsyncHttpClient-1-5] DEBUG org.asynchttpclient.netty.handler.HttpHandler - 

Request DefaultFullHttpRequest(decodeResult: success, version: HTTP/1.1, content: EmptyByteBufBE)
GET /session/67c62347be27af2cccf4d468fa816c06/element/701016b0-063b-4082-aba4-2a1e914524d9/name HTTP/1.1
User-Agent: selenium/4.1.2 (java mac)
Cache-Control: no-cache
Content-Type: application/json; charset=utf-8
host: localhost:56434
accept: */*

Response DefaultHttpResponse(decodeResult: success, version: HTTP/1.1)
HTTP/1.1 200 OK
Content-Type: application/json; charset=utf-8
cache-control: no-cache
content-length: 13

00:06:59.923 [AsyncHttpClient-1-5] DEBUG org.asynchttpclient.netty.channel.ChannelManager - Adding key: http://localhost:56434 for channel [id: 0x01a43112, L:/127.0.0.1:59679 - R:localhost/127.0.0.1:56434]
00:06:59.930 [Forwarding findElement on session 67c62347be27af2cccf4d468fa816c06 to remote] DEBUG org.asynchttpclient.netty.request.NettyRequestSender - Using pooled Channel '[id: 0x01a43112, L:/127.0.0.1:59679 - R:localhost/127.0.0.1:56434]' for 'POST' to 'http://localhost:56434/session/67c62347be27af2cccf4d468fa816c06/element'
00:06:59.930 [Forwarding findElement on session 67c62347be27af2cccf4d468fa816c06 to remote] DEBUG org.asynchttpclient.netty.request.NettyRequestSender - Using open Channel [id: 0x01a43112, L:/127.0.0.1:59679 - R:localhost/127.0.0.1:56434] for POST '/session/67c62347be27af2cccf4d468fa816c06/element'
00:06:59.936 [AsyncHttpClient-1-5] DEBUG org.asynchttpclient.netty.handler.HttpHandler - 

Request DefaultHttpRequest(decodeResult: success, version: HTTP/1.1)
POST /session/67c62347be27af2cccf4d468fa816c06/element HTTP/1.1
User-Agent: selenium/4.1.2 (java mac)
Content-Length: 50
Content-Type: application/json; charset=utf-8
host: localhost:56434
accept: */*

Response DefaultHttpResponse(decodeResult: success, version: HTTP/1.1)
HTTP/1.1 200 OK
Content-Type: application/json; charset=utf-8
cache-control: no-cache
content-length: 88

00:06:59.936 [AsyncHttpClient-1-5] DEBUG org.asynchttpclient.netty.channel.ChannelManager - Adding key: http://localhost:56434 for channel [id: 0x01a43112, L:/127.0.0.1:59679 - R:localhost/127.0.0.1:56434]
00:06:59.940 [Forwarding clickElement on session 67c62347be27af2cccf4d468fa816c06 to remote] DEBUG org.asynchttpclient.netty.request.NettyRequestSender - Using pooled Channel '[id: 0x01a43112, L:/127.0.0.1:59679 - R:localhost/127.0.0.1:56434]' for 'POST' to 'http://localhost:56434/session/67c62347be27af2cccf4d468fa816c06/element/701016b0-063b-4082-aba4-2a1e914524d9/click'
00:06:59.940 [Forwarding clickElement on session 67c62347be27af2cccf4d468fa816c06 to remote] DEBUG org.asynchttpclient.netty.request.NettyRequestSender - Using open Channel [id: 0x01a43112, L:/127.0.0.1:59679 - R:localhost/127.0.0.1:56434] for POST '/session/67c62347be27af2cccf4d468fa816c06/element/701016b0-063b-4082-aba4-2a1e914524d9/click'
00:07:00.786 [AsyncHttpClient-1-1] DEBUG org.asynchttpclient.netty.channel.DefaultChannelPool - Entry count for : http://localhost:59680 : 1
00:07:01.883 [AsyncHttpClient-1-1] DEBUG org.asynchttpclient.netty.channel.DefaultChannelPool - Entry count for : http://localhost:59680 : 1
00:07:02.984 [AsyncHttpClient-1-1] DEBUG org.asynchttpclient.netty.channel.DefaultChannelPool - Entry count for : http://localhost:59680 : 1
00:07:03.799 [AsyncHttpClient-1-5] DEBUG org.asynchttpclient.netty.handler.HttpHandler - 

Request DefaultHttpRequest(decodeResult: success, version: HTTP/1.1)
POST /session/67c62347be27af2cccf4d468fa816c06/element/701016b0-063b-4082-aba4-2a1e914524d9/click HTTP/1.1
User-Agent: selenium/4.1.2 (java mac)
Content-Length: 50
Content-Type: application/json; charset=utf-8
host: localhost:56434
accept: */*

Response DefaultHttpResponse(decodeResult: success, version: HTTP/1.1)
HTTP/1.1 200 OK
Content-Type: application/json; charset=utf-8
cache-control: no-cache
content-length: 14

00:07:03.800 [AsyncHttpClient-1-5] DEBUG org.asynchttpclient.netty.channel.ChannelManager - Adding key: http://localhost:56434 for channel [id: 0x01a43112, L:/127.0.0.1:59679 - R:localhost/127.0.0.1:56434]
00:07:03.807 [Forwarding screenshot on session 67c62347be27af2cccf4d468fa816c06 to remote] DEBUG org.asynchttpclient.netty.request.NettyRequestSender - Using pooled Channel '[id: 0x01a43112, L:/127.0.0.1:59679 - R:localhost/127.0.0.1:56434]' for 'GET' to 'http://localhost:56434/session/67c62347be27af2cccf4d468fa816c06/screenshot'
00:07:03.807 [Forwarding screenshot on session 67c62347be27af2cccf4d468fa816c06 to remote] DEBUG org.asynchttpclient.netty.request.NettyRequestSender - Using open Channel [id: 0x01a43112, L:/127.0.0.1:59679 - R:localhost/127.0.0.1:56434] for GET '/session/67c62347be27af2cccf4d468fa816c06/screenshot'
00:07:04.082 [AsyncHttpClient-1-1] DEBUG org.asynchttpclient.netty.channel.DefaultChannelPool - Entry count for : http://localhost:59680 : 1
00:07:04.152 [AsyncHttpClient-1-5] DEBUG org.asynchttpclient.netty.handler.HttpHandler - 

Request DefaultFullHttpRequest(decodeResult: success, version: HTTP/1.1, content: EmptyByteBufBE)
GET /session/67c62347be27af2cccf4d468fa816c06/screenshot HTTP/1.1
User-Agent: selenium/4.1.2 (java mac)
Cache-Control: no-cache
Content-Type: application/json; charset=utf-8
host: localhost:56434
accept: */*

Response DefaultHttpResponse(decodeResult: success, version: HTTP/1.1)
HTTP/1.1 200 OK
Content-Type: application/json; charset=utf-8
cache-control: no-cache
content-length: 380648

00:07:04.153 [AsyncHttpClient-1-5] DEBUG org.asynchttpclient.netty.channel.ChannelManager - Adding key: http://localhost:56434 for channel [id: 0x01a43112, L:/127.0.0.1:59679 - R:localhost/127.0.0.1:56434]
00:07:04.173 [main] DEBUG net.serenitybdd.core.photography.Darkroom - Send negative for processing for target/site/serenity/c155809e159296e790b3f58ffbbd29e5b5e04c6a87bd3508fd1a2eeafa39c87c.png
00:07:04.173 [main] DEBUG net.thucydides.core.steps.StepInterceptor - STEP DONE: ClickStartJourneyButton
00:07:04.173 [Darkroom Processing Line] DEBUG net.serenitybdd.core.photography.DarkroomProcessingLine - Processing screenshot image in /var/screenshots/screenshot-3243614252627211420
00:07:04.174 [Darkroom Processing Line] DEBUG net.serenitybdd.core.photography.DarkroomProcessingLine - Saving screenshot to target/site/serenity/c155809e159296e790b3f58ffbbd29e5b5e04c6a87bd3508fd1a2eeafa39c87c.png
  &amp#27;[32mAnd &amp#27;[0m&amp#27;[32mhe enters username as &amp#27;[0m&amp#27;[32m&amp#27;[1m"crypto"&amp#27;[0m&amp#27;[32m and password as &amp#27;[0m&amp#27;[32m&amp#27;[1m"crypto"&amp#27;[0m&amp#27;[32m to login into application&amp#27;[0m      &amp#27;[90m# starter.stepdefinitions.Challenges.he_enters_username_as_and_password_as_to_login_into_application(java.lang.String,java.lang.String)&amp#27;[0m
00:07:04.189 [main] DEBUG net.thucydides.core.steps.StepInterceptor - STARTING STEP: Challenges.plays_go_to_a_public_place_challenge - publicPlaceChallenge
00:07:04.193 [Forwarding findElement on session 67c62347be27af2cccf4d468fa816c06 to remote] DEBUG org.asynchttpclient.netty.request.NettyRequestSender - Using pooled Channel '[id: 0x01a43112, L:/127.0.0.1:59679 - R:localhost/127.0.0.1:56434]' for 'POST' to 'http://localhost:56434/session/67c62347be27af2cccf4d468fa816c06/element'
00:07:04.193 [Forwarding findElement on session 67c62347be27af2cccf4d468fa816c06 to remote] DEBUG org.asynchttpclient.netty.request.NettyRequestSender - Using open Channel [id: 0x01a43112, L:/127.0.0.1:59679 - R:localhost/127.0.0.1:56434] for POST '/session/67c62347be27af2cccf4d468fa816c06/element'
00:07:04.202 [AsyncHttpClient-1-5] DEBUG org.asynchttpclient.netty.handler.HttpHandler - 

Request DefaultHttpRequest(decodeResult: success, version: HTTP/1.1)
POST /session/67c62347be27af2cccf4d468fa816c06/element HTTP/1.1
User-Agent: selenium/4.1.2 (java mac)
Content-Length: 55
Content-Type: application/json; charset=utf-8
host: localhost:56434
accept: */*

Response DefaultHttpResponse(decodeResult: success, version: HTTP/1.1)
HTTP/1.1 200 OK
Content-Type: application/json; charset=utf-8
cache-control: no-cache
content-length: 88

00:07:04.202 [AsyncHttpClient-1-5] DEBUG org.asynchttpclient.netty.channel.ChannelManager - Adding key: http://localhost:56434 for channel [id: 0x01a43112, L:/127.0.0.1:59679 - R:localhost/127.0.0.1:56434]
00:07:04.205 [Forwarding getElementTagName on session 67c62347be27af2cccf4d468fa816c06 to remote] DEBUG org.asynchttpclient.netty.request.NettyRequestSender - Using pooled Channel '[id: 0x01a43112, L:/127.0.0.1:59679 - R:localhost/127.0.0.1:56434]' for 'GET' to 'http://localhost:56434/session/67c62347be27af2cccf4d468fa816c06/element/cede6f1d-0f11-492a-b81e-9a464ab0017d/name'
00:07:04.205 [Forwarding getElementTagName on session 67c62347be27af2cccf4d468fa816c06 to remote] DEBUG org.asynchttpclient.netty.request.NettyRequestSender - Using open Channel [id: 0x01a43112, L:/127.0.0.1:59679 - R:localhost/127.0.0.1:56434] for GET '/session/67c62347be27af2cccf4d468fa816c06/element/cede6f1d-0f11-492a-b81e-9a464ab0017d/name'
00:07:04.208 [AsyncHttpClient-1-5] DEBUG org.asynchttpclient.netty.handler.HttpHandler - 

Request DefaultFullHttpRequest(decodeResult: success, version: HTTP/1.1, content: EmptyByteBufBE)
GET /session/67c62347be27af2cccf4d468fa816c06/element/cede6f1d-0f11-492a-b81e-9a464ab0017d/name HTTP/1.1
User-Agent: selenium/4.1.2 (java mac)
Cache-Control: no-cache
Content-Type: application/json; charset=utf-8
host: localhost:56434
accept: */*

Response DefaultHttpResponse(decodeResult: success, version: HTTP/1.1)
HTTP/1.1 200 OK
Content-Type: application/json; charset=utf-8
cache-control: no-cache
content-length: 13

00:07:04.209 [AsyncHttpClient-1-5] DEBUG org.asynchttpclient.netty.channel.ChannelManager - Adding key: http://localhost:56434 for channel [id: 0x01a43112, L:/127.0.0.1:59679 - R:localhost/127.0.0.1:56434]
00:07:04.211 [Forwarding getElementTagName on session 67c62347be27af2cccf4d468fa816c06 to remote] DEBUG org.asynchttpclient.netty.request.NettyRequestSender - Using pooled Channel '[id: 0x01a43112, L:/127.0.0.1:59679 - R:localhost/127.0.0.1:56434]' for 'GET' to 'http://localhost:56434/session/67c62347be27af2cccf4d468fa816c06/element/cede6f1d-0f11-492a-b81e-9a464ab0017d/name'
00:07:04.211 [Forwarding getElementTagName on session 67c62347be27af2cccf4d468fa816c06 to remote] DEBUG org.asynchttpclient.netty.request.NettyRequestSender - Using open Channel [id: 0x01a43112, L:/127.0.0.1:59679 - R:localhost/127.0.0.1:56434] for GET '/session/67c62347be27af2cccf4d468fa816c06/element/cede6f1d-0f11-492a-b81e-9a464ab0017d/name'
00:07:04.213 [AsyncHttpClient-1-5] DEBUG org.asynchttpclient.netty.handler.HttpHandler - 

Request DefaultFullHttpRequest(decodeResult: success, version: HTTP/1.1, content: EmptyByteBufBE)
GET /session/67c62347be27af2cccf4d468fa816c06/element/cede6f1d-0f11-492a-b81e-9a464ab0017d/name HTTP/1.1
User-Agent: selenium/4.1.2 (java mac)
Cache-Control: no-cache
Content-Type: application/json; charset=utf-8
host: localhost:56434
accept: */*

Response DefaultHttpResponse(decodeResult: success, version: HTTP/1.1)
HTTP/1.1 200 OK
Content-Type: application/json; charset=utf-8
cache-control: no-cache
content-length: 13

00:07:04.213 [AsyncHttpClient-1-5] DEBUG org.asynchttpclient.netty.channel.ChannelManager - Adding key: http://localhost:56434 for channel [id: 0x01a43112, L:/127.0.0.1:59679 - R:localhost/127.0.0.1:56434]
00:07:04.214 [Forwarding findElement on session 67c62347be27af2cccf4d468fa816c06 to remote] DEBUG org.asynchttpclient.netty.request.NettyRequestSender - Using pooled Channel '[id: 0x01a43112, L:/127.0.0.1:59679 - R:localhost/127.0.0.1:56434]' for 'POST' to 'http://localhost:56434/session/67c62347be27af2cccf4d468fa816c06/element'
00:07:04.214 [Forwarding findElement on session 67c62347be27af2cccf4d468fa816c06 to remote] DEBUG org.asynchttpclient.netty.request.NettyRequestSender - Using open Channel [id: 0x01a43112, L:/127.0.0.1:59679 - R:localhost/127.0.0.1:56434] for POST '/session/67c62347be27af2cccf4d468fa816c06/element'
00:07:04.218 [AsyncHttpClient-1-5] DEBUG org.asynchttpclient.netty.handler.HttpHandler - 

Request DefaultHttpRequest(decodeResult: success, version: HTTP/1.1)
POST /session/67c62347be27af2cccf4d468fa816c06/element HTTP/1.1
User-Agent: selenium/4.1.2 (java mac)
Content-Length: 55
Content-Type: application/json; charset=utf-8
host: localhost:56434
accept: */*

Response DefaultHttpResponse(decodeResult: success, version: HTTP/1.1)
HTTP/1.1 200 OK
Content-Type: application/json; charset=utf-8
cache-control: no-cache
content-length: 88

00:07:04.219 [AsyncHttpClient-1-5] DEBUG org.asynchttpclient.netty.channel.ChannelManager - Adding key: http://localhost:56434 for channel [id: 0x01a43112, L:/127.0.0.1:59679 - R:localhost/127.0.0.1:56434]
00:07:04.220 [Forwarding clickElement on session 67c62347be27af2cccf4d468fa816c06 to remote] DEBUG org.asynchttpclient.netty.request.NettyRequestSender - Using pooled Channel '[id: 0x01a43112, L:/127.0.0.1:59679 - R:localhost/127.0.0.1:56434]' for 'POST' to 'http://localhost:56434/session/67c62347be27af2cccf4d468fa816c06/element/cede6f1d-0f11-492a-b81e-9a464ab0017d/click'
00:07:04.220 [Forwarding clickElement on session 67c62347be27af2cccf4d468fa816c06 to remote] DEBUG org.asynchttpclient.netty.request.NettyRequestSender - Using open Channel [id: 0x01a43112, L:/127.0.0.1:59679 - R:localhost/127.0.0.1:56434] for POST '/session/67c62347be27af2cccf4d468fa816c06/element/cede6f1d-0f11-492a-b81e-9a464ab0017d/click'
00:07:05.184 [AsyncHttpClient-1-1] DEBUG org.asynchttpclient.netty.channel.DefaultChannelPool - Entry count for : http://localhost:59680 : 1
00:07:05.724 [AsyncHttpClient-1-5] DEBUG org.asynchttpclient.netty.handler.HttpHandler - 

Request DefaultHttpRequest(decodeResult: success, version: HTTP/1.1)
POST /session/67c62347be27af2cccf4d468fa816c06/element/cede6f1d-0f11-492a-b81e-9a464ab0017d/click HTTP/1.1
User-Agent: selenium/4.1.2 (java mac)
Content-Length: 50
Content-Type: application/json; charset=utf-8
host: localhost:56434
accept: */*

Response DefaultHttpResponse(decodeResult: success, version: HTTP/1.1)
HTTP/1.1 200 OK
Content-Type: application/json; charset=utf-8
cache-control: no-cache
content-length: 14

00:07:05.725 [AsyncHttpClient-1-5] DEBUG org.asynchttpclient.netty.channel.ChannelManager - Adding key: http://localhost:56434 for channel [id: 0x01a43112, L:/127.0.0.1:59679 - R:localhost/127.0.0.1:56434]
00:07:05.737 [Forwarding screenshot on session 67c62347be27af2cccf4d468fa816c06 to remote] DEBUG org.asynchttpclient.netty.request.NettyRequestSender - Using pooled Channel '[id: 0x01a43112, L:/127.0.0.1:59679 - R:localhost/127.0.0.1:56434]' for 'GET' to 'http://localhost:56434/session/67c62347be27af2cccf4d468fa816c06/screenshot'
00:07:05.737 [Forwarding screenshot on session 67c62347be27af2cccf4d468fa816c06 to remote] DEBUG org.asynchttpclient.netty.request.NettyRequestSender - Using open Channel [id: 0x01a43112, L:/127.0.0.1:59679 - R:localhost/127.0.0.1:56434] for GET '/session/67c62347be27af2cccf4d468fa816c06/screenshot'
00:07:05.919 [AsyncHttpClient-1-5] DEBUG org.asynchttpclient.netty.handler.HttpHandler - 

Request DefaultFullHttpRequest(decodeResult: success, version: HTTP/1.1, content: EmptyByteBufBE)
GET /session/67c62347be27af2cccf4d468fa816c06/screenshot HTTP/1.1
User-Agent: selenium/4.1.2 (java mac)
Cache-Control: no-cache
Content-Type: application/json; charset=utf-8
host: localhost:56434
accept: */*

Response DefaultHttpResponse(decodeResult: success, version: HTTP/1.1)
HTTP/1.1 200 OK
Content-Type: application/json; charset=utf-8
cache-control: no-cache
content-length: 321176

00:07:05.923 [AsyncHttpClient-1-5] DEBUG org.asynchttpclient.netty.channel.ChannelManager - Adding key: http://localhost:56434 for channel [id: 0x01a43112, L:/127.0.0.1:59679 - R:localhost/127.0.0.1:56434]
00:07:05.931 [main] DEBUG net.serenitybdd.core.photography.Darkroom - Send negative for processing for target/site/serenity/99426c9c0873b08c96809bcf1fd9a56b6b39d0f2b3620fb6cc2197c19e2567ae.png
00:07:05.932 [Darkroom Processing Line] DEBUG net.serenitybdd.core.photography.DarkroomProcessingLine - Processing screenshot image in /var/screenshots/screenshot-10905726381844828643
00:07:05.932 [Darkroom Processing Line] DEBUG net.serenitybdd.core.photography.DarkroomProcessingLine - Saving screenshot to target/site/serenity/99426c9c0873b08c96809bcf1fd9a56b6b39d0f2b3620fb6cc2197c19e2567ae.png
00:07:05.932 [main] DEBUG net.thucydides.core.steps.StepInterceptor - STEP DONE: publicPlaceChallenge
00:07:05.937 [main] DEBUG net.thucydides.core.steps.StepInterceptor - STARTING STEP: Challenges.plays_go_to_a_public_place_challenge - clickToStartChallenge
00:07:05.939 [Forwarding findElement on session 67c62347be27af2cccf4d468fa816c06 to remote] DEBUG org.asynchttpclient.netty.request.NettyRequestSender - Using pooled Channel '[id: 0x01a43112, L:/127.0.0.1:59679 - R:localhost/127.0.0.1:56434]' for 'POST' to 'http://localhost:56434/session/67c62347be27af2cccf4d468fa816c06/element'
00:07:05.939 [Forwarding findElement on session 67c62347be27af2cccf4d468fa816c06 to remote] DEBUG org.asynchttpclient.netty.request.NettyRequestSender - Using open Channel [id: 0x01a43112, L:/127.0.0.1:59679 - R:localhost/127.0.0.1:56434] for POST '/session/67c62347be27af2cccf4d468fa816c06/element'
00:07:05.948 [AsyncHttpClient-1-5] DEBUG org.asynchttpclient.netty.handler.HttpHandler - 

Request DefaultHttpRequest(decodeResult: success, version: HTTP/1.1)
POST /session/67c62347be27af2cccf4d468fa816c06/element HTTP/1.1
User-Agent: selenium/4.1.2 (java mac)
Content-Length: 67
Content-Type: application/json; charset=utf-8
host: localhost:56434
accept: */*

Response DefaultHttpResponse(decodeResult: success, version: HTTP/1.1)
HTTP/1.1 200 OK
Content-Type: application/json; charset=utf-8
cache-control: no-cache
content-length: 88

00:07:05.948 [AsyncHttpClient-1-5] DEBUG org.asynchttpclient.netty.channel.ChannelManager - Adding key: http://localhost:56434 for channel [id: 0x01a43112, L:/127.0.0.1:59679 - R:localhost/127.0.0.1:56434]
00:07:05.950 [Forwarding getElementTagName on session 67c62347be27af2cccf4d468fa816c06 to remote] DEBUG org.asynchttpclient.netty.request.NettyRequestSender - Using pooled Channel '[id: 0x01a43112, L:/127.0.0.1:59679 - R:localhost/127.0.0.1:56434]' for 'GET' to 'http://localhost:56434/session/67c62347be27af2cccf4d468fa816c06/element/dfeff5b0-ad11-40db-b77e-54fd33c1b617/name'
00:07:05.950 [Forwarding getElementTagName on session 67c62347be27af2cccf4d468fa816c06 to remote] DEBUG org.asynchttpclient.netty.request.NettyRequestSender - Using open Channel [id: 0x01a43112, L:/127.0.0.1:59679 - R:localhost/127.0.0.1:56434] for GET '/session/67c62347be27af2cccf4d468fa816c06/element/dfeff5b0-ad11-40db-b77e-54fd33c1b617/name'
00:07:05.953 [AsyncHttpClient-1-5] DEBUG org.asynchttpclient.netty.handler.HttpHandler - 

Request DefaultFullHttpRequest(decodeResult: success, version: HTTP/1.1, content: EmptyByteBufBE)
GET /session/67c62347be27af2cccf4d468fa816c06/element/dfeff5b0-ad11-40db-b77e-54fd33c1b617/name HTTP/1.1
User-Agent: selenium/4.1.2 (java mac)
Cache-Control: no-cache
Content-Type: application/json; charset=utf-8
host: localhost:56434
accept: */*

Response DefaultHttpResponse(decodeResult: success, version: HTTP/1.1)
HTTP/1.1 200 OK
Content-Type: application/json; charset=utf-8
cache-control: no-cache
content-length: 18

00:07:05.953 [AsyncHttpClient-1-5] DEBUG org.asynchttpclient.netty.channel.ChannelManager - Adding key: http://localhost:56434 for channel [id: 0x01a43112, L:/127.0.0.1:59679 - R:localhost/127.0.0.1:56434]
00:07:05.954 [Forwarding getElementTagName on session 67c62347be27af2cccf4d468fa816c06 to remote] DEBUG org.asynchttpclient.netty.request.NettyRequestSender - Using pooled Channel '[id: 0x01a43112, L:/127.0.0.1:59679 - R:localhost/127.0.0.1:56434]' for 'GET' to 'http://localhost:56434/session/67c62347be27af2cccf4d468fa816c06/element/dfeff5b0-ad11-40db-b77e-54fd33c1b617/name'
00:07:05.954 [Forwarding getElementTagName on session 67c62347be27af2cccf4d468fa816c06 to remote] DEBUG org.asynchttpclient.netty.request.NettyRequestSender - Using open Channel [id: 0x01a43112, L:/127.0.0.1:59679 - R:localhost/127.0.0.1:56434] for GET '/session/67c62347be27af2cccf4d468fa816c06/element/dfeff5b0-ad11-40db-b77e-54fd33c1b617/name'
00:07:05.957 [AsyncHttpClient-1-5] DEBUG org.asynchttpclient.netty.handler.HttpHandler - 

Request DefaultFullHttpRequest(decodeResult: success, version: HTTP/1.1, content: EmptyByteBufBE)
GET /session/67c62347be27af2cccf4d468fa816c06/element/dfeff5b0-ad11-40db-b77e-54fd33c1b617/name HTTP/1.1
User-Agent: selenium/4.1.2 (java mac)
Cache-Control: no-cache
Content-Type: application/json; charset=utf-8
host: localhost:56434
accept: */*

Response DefaultHttpResponse(decodeResult: success, version: HTTP/1.1)
HTTP/1.1 200 OK
Content-Type: application/json; charset=utf-8
cache-control: no-cache
content-length: 18

00:07:05.957 [AsyncHttpClient-1-5] DEBUG org.asynchttpclient.netty.channel.ChannelManager - Adding key: http://localhost:56434 for channel [id: 0x01a43112, L:/127.0.0.1:59679 - R:localhost/127.0.0.1:56434]
00:07:05.958 [Forwarding isElementEnabled on session 67c62347be27af2cccf4d468fa816c06 to remote] DEBUG org.asynchttpclient.netty.request.NettyRequestSender - Using pooled Channel '[id: 0x01a43112, L:/127.0.0.1:59679 - R:localhost/127.0.0.1:56434]' for 'GET' to 'http://localhost:56434/session/67c62347be27af2cccf4d468fa816c06/element/dfeff5b0-ad11-40db-b77e-54fd33c1b617/enabled'
00:07:05.958 [Forwarding isElementEnabled on session 67c62347be27af2cccf4d468fa816c06 to remote] DEBUG org.asynchttpclient.netty.request.NettyRequestSender - Using open Channel [id: 0x01a43112, L:/127.0.0.1:59679 - R:localhost/127.0.0.1:56434] for GET '/session/67c62347be27af2cccf4d468fa816c06/element/dfeff5b0-ad11-40db-b77e-54fd33c1b617/enabled'
00:07:05.965 [AsyncHttpClient-1-5] DEBUG org.asynchttpclient.netty.handler.HttpHandler - 

Request DefaultFullHttpRequest(decodeResult: success, version: HTTP/1.1, content: EmptyByteBufBE)
GET /session/67c62347be27af2cccf4d468fa816c06/element/dfeff5b0-ad11-40db-b77e-54fd33c1b617/enabled HTTP/1.1
User-Agent: selenium/4.1.2 (java mac)
Cache-Control: no-cache
Content-Type: application/json; charset=utf-8
host: localhost:56434
accept: */*

Response DefaultHttpResponse(decodeResult: success, version: HTTP/1.1)
HTTP/1.1 200 OK
Content-Type: application/json; charset=utf-8
cache-control: no-cache
content-length: 14

00:07:05.965 [AsyncHttpClient-1-5] DEBUG org.asynchttpclient.netty.channel.ChannelManager - Adding key: http://localhost:56434 for channel [id: 0x01a43112, L:/127.0.0.1:59679 - R:localhost/127.0.0.1:56434]
00:07:05.968 [Forwarding isElementEnabled on session 67c62347be27af2cccf4d468fa816c06 to remote] DEBUG org.asynchttpclient.netty.request.NettyRequestSender - Using pooled Channel '[id: 0x01a43112, L:/127.0.0.1:59679 - R:localhost/127.0.0.1:56434]' for 'GET' to 'http://localhost:56434/session/67c62347be27af2cccf4d468fa816c06/element/dfeff5b0-ad11-40db-b77e-54fd33c1b617/enabled'
00:07:05.968 [Forwarding isElementEnabled on session 67c62347be27af2cccf4d468fa816c06 to remote] DEBUG org.asynchttpclient.netty.request.NettyRequestSender - Using open Channel [id: 0x01a43112, L:/127.0.0.1:59679 - R:localhost/127.0.0.1:56434] for GET '/session/67c62347be27af2cccf4d468fa816c06/element/dfeff5b0-ad11-40db-b77e-54fd33c1b617/enabled'
00:07:05.972 [AsyncHttpClient-1-5] DEBUG org.asynchttpclient.netty.handler.HttpHandler - 

Request DefaultFullHttpRequest(decodeResult: success, version: HTTP/1.1, content: EmptyByteBufBE)
GET /session/67c62347be27af2cccf4d468fa816c06/element/dfeff5b0-ad11-40db-b77e-54fd33c1b617/enabled HTTP/1.1
User-Agent: selenium/4.1.2 (java mac)
Cache-Control: no-cache
Content-Type: application/json; charset=utf-8
host: localhost:56434
accept: */*

Response DefaultHttpResponse(decodeResult: success, version: HTTP/1.1)
HTTP/1.1 200 OK
Content-Type: application/json; charset=utf-8
cache-control: no-cache
content-length: 14

00:07:05.972 [AsyncHttpClient-1-5] DEBUG org.asynchttpclient.netty.channel.ChannelManager - Adding key: http://localhost:56434 for channel [id: 0x01a43112, L:/127.0.0.1:59679 - R:localhost/127.0.0.1:56434]
00:07:05.974 [Forwarding findElement on session 67c62347be27af2cccf4d468fa816c06 to remote] DEBUG org.asynchttpclient.netty.request.NettyRequestSender - Using pooled Channel '[id: 0x01a43112, L:/127.0.0.1:59679 - R:localhost/127.0.0.1:56434]' for 'POST' to 'http://localhost:56434/session/67c62347be27af2cccf4d468fa816c06/element'
00:07:05.974 [Forwarding findElement on session 67c62347be27af2cccf4d468fa816c06 to remote] DEBUG org.asynchttpclient.netty.request.NettyRequestSender - Using open Channel [id: 0x01a43112, L:/127.0.0.1:59679 - R:localhost/127.0.0.1:56434] for POST '/session/67c62347be27af2cccf4d468fa816c06/element'
00:07:05.979 [AsyncHttpClient-1-5] DEBUG org.asynchttpclient.netty.handler.HttpHandler - 

Request DefaultHttpRequest(decodeResult: success, version: HTTP/1.1)
POST /session/67c62347be27af2cccf4d468fa816c06/element HTTP/1.1
User-Agent: selenium/4.1.2 (java mac)
Content-Length: 67
Content-Type: application/json; charset=utf-8
host: localhost:56434
accept: */*

Response DefaultHttpResponse(decodeResult: success, version: HTTP/1.1)
HTTP/1.1 200 OK
Content-Type: application/json; charset=utf-8
cache-control: no-cache
content-length: 88

00:07:05.981 [AsyncHttpClient-1-5] DEBUG org.asynchttpclient.netty.channel.ChannelManager - Adding key: http://localhost:56434 for channel [id: 0x01a43112, L:/127.0.0.1:59679 - R:localhost/127.0.0.1:56434]
00:07:05.982 [Forwarding clickElement on session 67c62347be27af2cccf4d468fa816c06 to remote] DEBUG org.asynchttpclient.netty.request.NettyRequestSender - Using pooled Channel '[id: 0x01a43112, L:/127.0.0.1:59679 - R:localhost/127.0.0.1:56434]' for 'POST' to 'http://localhost:56434/session/67c62347be27af2cccf4d468fa816c06/element/dfeff5b0-ad11-40db-b77e-54fd33c1b617/click'
00:07:05.982 [Forwarding clickElement on session 67c62347be27af2cccf4d468fa816c06 to remote] DEBUG org.asynchttpclient.netty.request.NettyRequestSender - Using open Channel [id: 0x01a43112, L:/127.0.0.1:59679 - R:localhost/127.0.0.1:56434] for POST '/session/67c62347be27af2cccf4d468fa816c06/element/dfeff5b0-ad11-40db-b77e-54fd33c1b617/click'
00:07:06.083 [AsyncHttpClient-1-5] DEBUG org.asynchttpclient.netty.handler.HttpHandler - 

Request DefaultHttpRequest(decodeResult: success, version: HTTP/1.1)
POST /session/67c62347be27af2cccf4d468fa816c06/element/dfeff5b0-ad11-40db-b77e-54fd33c1b617/click HTTP/1.1
User-Agent: selenium/4.1.2 (java mac)
Content-Length: 50
Content-Type: application/json; charset=utf-8
host: localhost:56434
accept: */*

Response DefaultHttpResponse(decodeResult: success, version: HTTP/1.1)
HTTP/1.1 200 OK
Content-Type: application/json; charset=utf-8
cache-control: no-cache
content-length: 14

00:07:06.084 [AsyncHttpClient-1-5] DEBUG org.asynchttpclient.netty.channel.ChannelManager - Adding key: http://localhost:56434 for channel [id: 0x01a43112, L:/127.0.0.1:59679 - R:localhost/127.0.0.1:56434]
00:07:06.090 [Forwarding screenshot on session 67c62347be27af2cccf4d468fa816c06 to remote] DEBUG org.asynchttpclient.netty.request.NettyRequestSender - Using pooled Channel '[id: 0x01a43112, L:/127.0.0.1:59679 - R:localhost/127.0.0.1:56434]' for 'GET' to 'http://localhost:56434/session/67c62347be27af2cccf4d468fa816c06/screenshot'
00:07:06.090 [Forwarding screenshot on session 67c62347be27af2cccf4d468fa816c06 to remote] DEBUG org.asynchttpclient.netty.request.NettyRequestSender - Using open Channel [id: 0x01a43112, L:/127.0.0.1:59679 - R:localhost/127.0.0.1:56434] for GET '/session/67c62347be27af2cccf4d468fa816c06/screenshot'
00:07:06.266 [AsyncHttpClient-1-5] DEBUG org.asynchttpclient.netty.handler.HttpHandler - 

Request DefaultFullHttpRequest(decodeResult: success, version: HTTP/1.1, content: EmptyByteBufBE)
GET /session/67c62347be27af2cccf4d468fa816c06/screenshot HTTP/1.1
User-Agent: selenium/4.1.2 (java mac)
Cache-Control: no-cache
Content-Type: application/json; charset=utf-8
host: localhost:56434
accept: */*

Response DefaultHttpResponse(decodeResult: success, version: HTTP/1.1)
HTTP/1.1 200 OK
Content-Type: application/json; charset=utf-8
cache-control: no-cache
content-length: 341192

00:07:06.268 [AsyncHttpClient-1-5] DEBUG org.asynchttpclient.netty.channel.ChannelManager - Adding key: http://localhost:56434 for channel [id: 0x01a43112, L:/127.0.0.1:59679 - R:localhost/127.0.0.1:56434]
00:07:06.284 [AsyncHttpClient-1-1] DEBUG org.asynchttpclient.netty.channel.DefaultChannelPool - Entry count for : http://localhost:59680 : 1
00:07:06.285 [AsyncHttpClient-1-1] DEBUG org.asynchttpclient.netty.channel.DefaultChannelPool - Entry count for : http://localhost:56434 : 1
00:07:06.285 [main] DEBUG net.serenitybdd.core.photography.Darkroom - Send negative for processing for target/site/serenity/ce82b57c630b2e6d7d43d794049fc58b1221792f77ac031c0b47d5468605e923.png
00:07:06.286 [Darkroom Processing Line] DEBUG net.serenitybdd.core.photography.DarkroomProcessingLine - Processing screenshot image in /var/screenshots/screenshot-12034531163743806280
00:07:06.286 [Darkroom Processing Line] DEBUG net.serenitybdd.core.photography.DarkroomProcessingLine - Saving screenshot to target/site/serenity/ce82b57c630b2e6d7d43d794049fc58b1221792f77ac031c0b47d5468605e923.png
00:07:06.287 [main] DEBUG net.thucydides.core.steps.StepInterceptor - STEP DONE: clickToStartChallenge
00:07:06.352 [Forwarding screenshot on session 67c62347be27af2cccf4d468fa816c06 to remote] DEBUG org.asynchttpclient.netty.request.NettyRequestSender - Using pooled Channel '[id: 0x01a43112, L:/127.0.0.1:59679 - R:localhost/127.0.0.1:56434]' for 'GET' to 'http://localhost:56434/session/67c62347be27af2cccf4d468fa816c06/screenshot'
00:07:06.357 [Forwarding screenshot on session 67c62347be27af2cccf4d468fa816c06 to remote] DEBUG org.asynchttpclient.netty.request.NettyRequestSender - Using open Channel [id: 0x01a43112, L:/127.0.0.1:59679 - R:localhost/127.0.0.1:56434] for GET '/session/67c62347be27af2cccf4d468fa816c06/screenshot'
00:07:06.513 [AsyncHttpClient-1-5] DEBUG org.asynchttpclient.netty.handler.HttpHandler - 

Request DefaultFullHttpRequest(decodeResult: success, version: HTTP/1.1, content: EmptyByteBufBE)
GET /session/67c62347be27af2cccf4d468fa816c06/screenshot HTTP/1.1
User-Agent: selenium/4.1.2 (java mac)
Cache-Control: no-cache
Content-Type: application/json; charset=utf-8
host: localhost:56434
accept: */*

Response DefaultHttpResponse(decodeResult: success, version: HTTP/1.1)
HTTP/1.1 200 OK
Content-Type: application/json; charset=utf-8
cache-control: no-cache
content-length: 187484

00:07:06.516 [AsyncHttpClient-1-5] DEBUG org.asynchttpclient.netty.channel.ChannelManager - Adding key: http://localhost:56434 for channel [id: 0x01a43112, L:/127.0.0.1:59679 - R:localhost/127.0.0.1:56434]
00:07:06.533 [main] DEBUG net.serenitybdd.core.photography.Darkroom - Send negative for processing for target/site/serenity/cc8f26ae6635de827fbff8edc1c887f9cdd008c19980d129a4c1b4651d09e843.png
00:07:06.534 [Darkroom Processing Line] DEBUG net.serenitybdd.core.photography.DarkroomProcessingLine - Processing screenshot image in /var/screenshots/screenshot-16254867038314095181
00:07:06.534 [Darkroom Processing Line] DEBUG net.serenitybdd.core.photography.DarkroomProcessingLine - Saving screenshot to target/site/serenity/cc8f26ae6635de827fbff8edc1c887f9cdd008c19980d129a4c1b4651d09e843.png
00:07:06.535 [main] DEBUG net.thucydides.core.steps.StepInterceptor - STARTING STEP: Challenges.plays_go_to_a_public_place_challenge - verifyCorrectAnswer
00:07:06.545 [Forwarding findElement on session 67c62347be27af2cccf4d468fa816c06 to remote] DEBUG org.asynchttpclient.netty.request.NettyRequestSender - Using pooled Channel '[id: 0x01a43112, L:/127.0.0.1:59679 - R:localhost/127.0.0.1:56434]' for 'POST' to 'http://localhost:56434/session/67c62347be27af2cccf4d468fa816c06/element'
00:07:06.545 [Forwarding findElement on session 67c62347be27af2cccf4d468fa816c06 to remote] DEBUG org.asynchttpclient.netty.request.NettyRequestSender - Using open Channel [id: 0x01a43112, L:/127.0.0.1:59679 - R:localhost/127.0.0.1:56434] for POST '/session/67c62347be27af2cccf4d468fa816c06/element'
00:07:06.552 [AsyncHttpClient-1-5] DEBUG org.asynchttpclient.netty.handler.HttpHandler - 

Request DefaultHttpRequest(decodeResult: success, version: HTTP/1.1)
POST /session/67c62347be27af2cccf4d468fa816c06/element HTTP/1.1
User-Agent: selenium/4.1.2 (java mac)
Content-Length: 64
Content-Type: application/json; charset=utf-8
host: localhost:56434
accept: */*

Response DefaultHttpResponse(decodeResult: success, version: HTTP/1.1)
HTTP/1.1 200 OK
Content-Type: application/json; charset=utf-8
cache-control: no-cache
content-length: 88

00:07:06.552 [AsyncHttpClient-1-5] DEBUG org.asynchttpclient.netty.channel.ChannelManager - Adding key: http://localhost:56434 for channel [id: 0x01a43112, L:/127.0.0.1:59679 - R:localhost/127.0.0.1:56434]
00:07:06.554 [Forwarding getElementTagName on session 67c62347be27af2cccf4d468fa816c06 to remote] DEBUG org.asynchttpclient.netty.request.NettyRequestSender - Using pooled Channel '[id: 0x01a43112, L:/127.0.0.1:59679 - R:localhost/127.0.0.1:56434]' for 'GET' to 'http://localhost:56434/session/67c62347be27af2cccf4d468fa816c06/element/b8a05df0-2909-4e07-9993-0fcda7e75cac/name'
00:07:06.554 [Forwarding getElementTagName on session 67c62347be27af2cccf4d468fa816c06 to remote] DEBUG org.asynchttpclient.netty.request.NettyRequestSender - Using open Channel [id: 0x01a43112, L:/127.0.0.1:59679 - R:localhost/127.0.0.1:56434] for GET '/session/67c62347be27af2cccf4d468fa816c06/element/b8a05df0-2909-4e07-9993-0fcda7e75cac/name'
00:07:06.557 [AsyncHttpClient-1-5] DEBUG org.asynchttpclient.netty.handler.HttpHandler - 

Request DefaultFullHttpRequest(decodeResult: success, version: HTTP/1.1, content: EmptyByteBufBE)
GET /session/67c62347be27af2cccf4d468fa816c06/element/b8a05df0-2909-4e07-9993-0fcda7e75cac/name HTTP/1.1
User-Agent: selenium/4.1.2 (java mac)
Cache-Control: no-cache
Content-Type: application/json; charset=utf-8
host: localhost:56434
accept: */*

Response DefaultHttpResponse(decodeResult: success, version: HTTP/1.1)
HTTP/1.1 200 OK
Content-Type: application/json; charset=utf-8
cache-control: no-cache
content-length: 13

00:07:06.557 [AsyncHttpClient-1-5] DEBUG org.asynchttpclient.netty.channel.ChannelManager - Adding key: http://localhost:56434 for channel [id: 0x01a43112, L:/127.0.0.1:59679 - R:localhost/127.0.0.1:56434]
00:07:06.558 [Forwarding getElementTagName on session 67c62347be27af2cccf4d468fa816c06 to remote] DEBUG org.asynchttpclient.netty.request.NettyRequestSender - Using pooled Channel '[id: 0x01a43112, L:/127.0.0.1:59679 - R:localhost/127.0.0.1:56434]' for 'GET' to 'http://localhost:56434/session/67c62347be27af2cccf4d468fa816c06/element/b8a05df0-2909-4e07-9993-0fcda7e75cac/name'
00:07:06.558 [Forwarding getElementTagName on session 67c62347be27af2cccf4d468fa816c06 to remote] DEBUG org.asynchttpclient.netty.request.NettyRequestSender - Using open Channel [id: 0x01a43112, L:/127.0.0.1:59679 - R:localhost/127.0.0.1:56434] for GET '/session/67c62347be27af2cccf4d468fa816c06/element/b8a05df0-2909-4e07-9993-0fcda7e75cac/name'
00:07:06.561 [AsyncHttpClient-1-5] DEBUG org.asynchttpclient.netty.handler.HttpHandler - 

Request DefaultFullHttpRequest(decodeResult: success, version: HTTP/1.1, content: EmptyByteBufBE)
GET /session/67c62347be27af2cccf4d468fa816c06/element/b8a05df0-2909-4e07-9993-0fcda7e75cac/name HTTP/1.1
User-Agent: selenium/4.1.2 (java mac)
Cache-Control: no-cache
Content-Type: application/json; charset=utf-8
host: localhost:56434
accept: */*

Response DefaultHttpResponse(decodeResult: success, version: HTTP/1.1)
HTTP/1.1 200 OK
Content-Type: application/json; charset=utf-8
cache-control: no-cache
content-length: 13

00:07:06.561 [AsyncHttpClient-1-5] DEBUG org.asynchttpclient.netty.channel.ChannelManager - Adding key: http://localhost:56434 for channel [id: 0x01a43112, L:/127.0.0.1:59679 - R:localhost/127.0.0.1:56434]
00:07:06.563 [Forwarding findElement on session 67c62347be27af2cccf4d468fa816c06 to remote] DEBUG org.asynchttpclient.netty.request.NettyRequestSender - Using pooled Channel '[id: 0x01a43112, L:/127.0.0.1:59679 - R:localhost/127.0.0.1:56434]' for 'POST' to 'http://localhost:56434/session/67c62347be27af2cccf4d468fa816c06/element'
00:07:06.563 [Forwarding findElement on session 67c62347be27af2cccf4d468fa816c06 to remote] DEBUG org.asynchttpclient.netty.request.NettyRequestSender - Using open Channel [id: 0x01a43112, L:/127.0.0.1:59679 - R:localhost/127.0.0.1:56434] for POST '/session/67c62347be27af2cccf4d468fa816c06/element'
00:07:06.567 [AsyncHttpClient-1-5] DEBUG org.asynchttpclient.netty.handler.HttpHandler - 

Request DefaultHttpRequest(decodeResult: success, version: HTTP/1.1)
POST /session/67c62347be27af2cccf4d468fa816c06/element HTTP/1.1
User-Agent: selenium/4.1.2 (java mac)
Content-Length: 64
Content-Type: application/json; charset=utf-8
host: localhost:56434
accept: */*

Response DefaultHttpResponse(decodeResult: success, version: HTTP/1.1)
HTTP/1.1 200 OK
Content-Type: application/json; charset=utf-8
cache-control: no-cache
content-length: 88

00:07:06.567 [AsyncHttpClient-1-5] DEBUG org.asynchttpclient.netty.channel.ChannelManager - Adding key: http://localhost:56434 for channel [id: 0x01a43112, L:/127.0.0.1:59679 - R:localhost/127.0.0.1:56434]
00:07:06.568 [Forwarding clickElement on session 67c62347be27af2cccf4d468fa816c06 to remote] DEBUG org.asynchttpclient.netty.request.NettyRequestSender - Using pooled Channel '[id: 0x01a43112, L:/127.0.0.1:59679 - R:localhost/127.0.0.1:56434]' for 'POST' to 'http://localhost:56434/session/67c62347be27af2cccf4d468fa816c06/element/b8a05df0-2909-4e07-9993-0fcda7e75cac/click'
00:07:06.568 [Forwarding clickElement on session 67c62347be27af2cccf4d468fa816c06 to remote] DEBUG org.asynchttpclient.netty.request.NettyRequestSender - Using open Channel [id: 0x01a43112, L:/127.0.0.1:59679 - R:localhost/127.0.0.1:56434] for POST '/session/67c62347be27af2cccf4d468fa816c06/element/b8a05df0-2909-4e07-9993-0fcda7e75cac/click'
00:07:06.615 [AsyncHttpClient-1-5] DEBUG org.asynchttpclient.netty.handler.HttpHandler - 

Request DefaultHttpRequest(decodeResult: success, version: HTTP/1.1)
POST /session/67c62347be27af2cccf4d468fa816c06/element/b8a05df0-2909-4e07-9993-0fcda7e75cac/click HTTP/1.1
User-Agent: selenium/4.1.2 (java mac)
Content-Length: 50
Content-Type: application/json; charset=utf-8
host: localhost:56434
accept: */*

Response DefaultHttpResponse(decodeResult: success, version: HTTP/1.1)
HTTP/1.1 200 OK
Content-Type: application/json; charset=utf-8
cache-control: no-cache
content-length: 14

00:07:06.615 [AsyncHttpClient-1-5] DEBUG org.asynchttpclient.netty.channel.ChannelManager - Adding key: http://localhost:56434 for channel [id: 0x01a43112, L:/127.0.0.1:59679 - R:localhost/127.0.0.1:56434]
00:07:07.385 [AsyncHttpClient-1-1] DEBUG org.asynchttpclient.netty.channel.DefaultChannelPool - Entry count for : http://localhost:59680 : 1
00:07:07.386 [AsyncHttpClient-1-1] DEBUG org.asynchttpclient.netty.channel.DefaultChannelPool - Entry count for : http://localhost:56434 : 1
00:07:08.486 [AsyncHttpClient-1-1] DEBUG org.asynchttpclient.netty.channel.DefaultChannelPool - Entry count for : http://localhost:59680 : 1
00:07:08.486 [AsyncHttpClient-1-1] DEBUG org.asynchttpclient.netty.channel.DefaultChannelPool - Entry count for : http://localhost:56434 : 1
00:07:09.586 [AsyncHttpClient-1-1] DEBUG org.asynchttpclient.netty.channel.DefaultChannelPool - Entry count for : http://localhost:59680 : 1
00:07:09.586 [AsyncHttpClient-1-1] DEBUG org.asynchttpclient.netty.channel.DefaultChannelPool - Entry count for : http://localhost:56434 : 1
00:07:09.627 [Forwarding findElement on session 67c62347be27af2cccf4d468fa816c06 to remote] DEBUG org.asynchttpclient.netty.request.NettyRequestSender - Using pooled Channel '[id: 0x01a43112, L:/127.0.0.1:59679 - R:localhost/127.0.0.1:56434]' for 'POST' to 'http://localhost:56434/session/67c62347be27af2cccf4d468fa816c06/element'
00:07:09.627 [Forwarding findElement on session 67c62347be27af2cccf4d468fa816c06 to remote] DEBUG org.asynchttpclient.netty.request.NettyRequestSender - Using open Channel [id: 0x01a43112, L:/127.0.0.1:59679 - R:localhost/127.0.0.1:56434] for POST '/session/67c62347be27af2cccf4d468fa816c06/element'
00:07:09.641 [AsyncHttpClient-1-5] DEBUG org.asynchttpclient.netty.handler.HttpHandler - 

Request DefaultHttpRequest(decodeResult: success, version: HTTP/1.1)
POST /session/67c62347be27af2cccf4d468fa816c06/element HTTP/1.1
User-Agent: selenium/4.1.2 (java mac)
Content-Length: 61
Content-Type: application/json; charset=utf-8
host: localhost:56434
accept: */*

Response DefaultHttpResponse(decodeResult: success, version: HTTP/1.1)
HTTP/1.1 200 OK
Content-Type: application/json; charset=utf-8
cache-control: no-cache
content-length: 88

00:07:09.642 [AsyncHttpClient-1-5] DEBUG org.asynchttpclient.netty.channel.ChannelManager - Adding key: http://localhost:56434 for channel [id: 0x01a43112, L:/127.0.0.1:59679 - R:localhost/127.0.0.1:56434]
00:07:09.659 [Forwarding isElementDisplayed on session 67c62347be27af2cccf4d468fa816c06 to remote] DEBUG org.asynchttpclient.netty.request.NettyRequestSender - Using pooled Channel '[id: 0x01a43112, L:/127.0.0.1:59679 - R:localhost/127.0.0.1:56434]' for 'POST' to 'http://localhost:56434/session/67c62347be27af2cccf4d468fa816c06/execute/sync'
00:07:09.659 [Forwarding isElementDisplayed on session 67c62347be27af2cccf4d468fa816c06 to remote] DEBUG org.asynchttpclient.netty.request.NettyRequestSender - Using open Channel [id: 0x01a43112, L:/127.0.0.1:59679 - R:localhost/127.0.0.1:56434] for POST '/session/67c62347be27af2cccf4d468fa816c06/execute/sync'
00:07:09.691 [AsyncHttpClient-1-5] DEBUG org.asynchttpclient.netty.handler.HttpHandler - 

Request DefaultHttpRequest(decodeResult: success, version: HTTP/1.1)
POST /session/67c62347be27af2cccf4d468fa816c06/execute/sync HTTP/1.1
User-Agent: selenium/4.1.2 (java mac)
Content-Length: 48780
Content-Type: application/json; charset=utf-8
host: localhost:56434
accept: */*

Response DefaultHttpResponse(decodeResult: success, version: HTTP/1.1)
HTTP/1.1 200 OK
Content-Type: application/json; charset=utf-8
cache-control: no-cache
content-length: 14

00:07:09.692 [AsyncHttpClient-1-5] DEBUG org.asynchttpclient.netty.channel.ChannelManager - Adding key: http://localhost:56434 for channel [id: 0x01a43112, L:/127.0.0.1:59679 - R:localhost/127.0.0.1:56434]
00:07:09.697 [Forwarding findElement on session 67c62347be27af2cccf4d468fa816c06 to remote] DEBUG org.asynchttpclient.netty.request.NettyRequestSender - Using pooled Channel '[id: 0x01a43112, L:/127.0.0.1:59679 - R:localhost/127.0.0.1:56434]' for 'POST' to 'http://localhost:56434/session/67c62347be27af2cccf4d468fa816c06/element'
00:07:09.697 [Forwarding findElement on session 67c62347be27af2cccf4d468fa816c06 to remote] DEBUG org.asynchttpclient.netty.request.NettyRequestSender - Using open Channel [id: 0x01a43112, L:/127.0.0.1:59679 - R:localhost/127.0.0.1:56434] for POST '/session/67c62347be27af2cccf4d468fa816c06/element'
00:07:09.702 [AsyncHttpClient-1-5] DEBUG org.asynchttpclient.netty.handler.HttpHandler - 

Request DefaultHttpRequest(decodeResult: success, version: HTTP/1.1)
POST /session/67c62347be27af2cccf4d468fa816c06/element HTTP/1.1
User-Agent: selenium/4.1.2 (java mac)
Content-Length: 61
Content-Type: application/json; charset=utf-8
host: localhost:56434
accept: */*

Response DefaultHttpResponse(decodeResult: success, version: HTTP/1.1)
HTTP/1.1 200 OK
Content-Type: application/json; charset=utf-8
cache-control: no-cache
content-length: 88

00:07:09.702 [AsyncHttpClient-1-5] DEBUG org.asynchttpclient.netty.channel.ChannelManager - Adding key: http://localhost:56434 for channel [id: 0x01a43112, L:/127.0.0.1:59679 - R:localhost/127.0.0.1:56434]
00:07:09.704 [Forwarding getElementTagName on session 67c62347be27af2cccf4d468fa816c06 to remote] DEBUG org.asynchttpclient.netty.request.NettyRequestSender - Using pooled Channel '[id: 0x01a43112, L:/127.0.0.1:59679 - R:localhost/127.0.0.1:56434]' for 'GET' to 'http://localhost:56434/session/67c62347be27af2cccf4d468fa816c06/element/ccefa306-db94-46fc-bf03-735f2a1c02be/name'
00:07:09.704 [Forwarding getElementTagName on session 67c62347be27af2cccf4d468fa816c06 to remote] DEBUG org.asynchttpclient.netty.request.NettyRequestSender - Using open Channel [id: 0x01a43112, L:/127.0.0.1:59679 - R:localhost/127.0.0.1:56434] for GET '/session/67c62347be27af2cccf4d468fa816c06/element/ccefa306-db94-46fc-bf03-735f2a1c02be/name'
00:07:09.707 [AsyncHttpClient-1-5] DEBUG org.asynchttpclient.netty.handler.HttpHandler - 

Request DefaultFullHttpRequest(decodeResult: success, version: HTTP/1.1, content: EmptyByteBufBE)
GET /session/67c62347be27af2cccf4d468fa816c06/element/ccefa306-db94-46fc-bf03-735f2a1c02be/name HTTP/1.1
User-Agent: selenium/4.1.2 (java mac)
Cache-Control: no-cache
Content-Type: application/json; charset=utf-8
host: localhost:56434
accept: */*

Response DefaultHttpResponse(decodeResult: success, version: HTTP/1.1)
HTTP/1.1 200 OK
Content-Type: application/json; charset=utf-8
cache-control: no-cache
content-length: 18

00:07:09.707 [AsyncHttpClient-1-5] DEBUG org.asynchttpclient.netty.channel.ChannelManager - Adding key: http://localhost:56434 for channel [id: 0x01a43112, L:/127.0.0.1:59679 - R:localhost/127.0.0.1:56434]
00:07:09.707 [Forwarding getElementTagName on session 67c62347be27af2cccf4d468fa816c06 to remote] DEBUG org.asynchttpclient.netty.request.NettyRequestSender - Using pooled Channel '[id: 0x01a43112, L:/127.0.0.1:59679 - R:localhost/127.0.0.1:56434]' for 'GET' to 'http://localhost:56434/session/67c62347be27af2cccf4d468fa816c06/element/ccefa306-db94-46fc-bf03-735f2a1c02be/name'
00:07:09.707 [Forwarding getElementTagName on session 67c62347be27af2cccf4d468fa816c06 to remote] DEBUG org.asynchttpclient.netty.request.NettyRequestSender - Using open Channel [id: 0x01a43112, L:/127.0.0.1:59679 - R:localhost/127.0.0.1:56434] for GET '/session/67c62347be27af2cccf4d468fa816c06/element/ccefa306-db94-46fc-bf03-735f2a1c02be/name'
00:07:09.709 [AsyncHttpClient-1-5] DEBUG org.asynchttpclient.netty.handler.HttpHandler - 

Request DefaultFullHttpRequest(decodeResult: success, version: HTTP/1.1, content: EmptyByteBufBE)
GET /session/67c62347be27af2cccf4d468fa816c06/element/ccefa306-db94-46fc-bf03-735f2a1c02be/name HTTP/1.1
User-Agent: selenium/4.1.2 (java mac)
Cache-Control: no-cache
Content-Type: application/json; charset=utf-8
host: localhost:56434
accept: */*

Response DefaultHttpResponse(decodeResult: success, version: HTTP/1.1)
HTTP/1.1 200 OK
Content-Type: application/json; charset=utf-8
cache-control: no-cache
content-length: 18

00:07:09.710 [AsyncHttpClient-1-5] DEBUG org.asynchttpclient.netty.channel.ChannelManager - Adding key: http://localhost:56434 for channel [id: 0x01a43112, L:/127.0.0.1:59679 - R:localhost/127.0.0.1:56434]
00:07:09.712 [Forwarding isElementEnabled on session 67c62347be27af2cccf4d468fa816c06 to remote] DEBUG org.asynchttpclient.netty.request.NettyRequestSender - Using pooled Channel '[id: 0x01a43112, L:/127.0.0.1:59679 - R:localhost/127.0.0.1:56434]' for 'GET' to 'http://localhost:56434/session/67c62347be27af2cccf4d468fa816c06/element/ccefa306-db94-46fc-bf03-735f2a1c02be/enabled'
00:07:09.712 [Forwarding isElementEnabled on session 67c62347be27af2cccf4d468fa816c06 to remote] DEBUG org.asynchttpclient.netty.request.NettyRequestSender - Using open Channel [id: 0x01a43112, L:/127.0.0.1:59679 - R:localhost/127.0.0.1:56434] for GET '/session/67c62347be27af2cccf4d468fa816c06/element/ccefa306-db94-46fc-bf03-735f2a1c02be/enabled'
00:07:09.717 [AsyncHttpClient-1-5] DEBUG org.asynchttpclient.netty.handler.HttpHandler - 

Request DefaultFullHttpRequest(decodeResult: success, version: HTTP/1.1, content: EmptyByteBufBE)
GET /session/67c62347be27af2cccf4d468fa816c06/element/ccefa306-db94-46fc-bf03-735f2a1c02be/enabled HTTP/1.1
User-Agent: selenium/4.1.2 (java mac)
Cache-Control: no-cache
Content-Type: application/json; charset=utf-8
host: localhost:56434
accept: */*

Response DefaultHttpResponse(decodeResult: success, version: HTTP/1.1)
HTTP/1.1 200 OK
Content-Type: application/json; charset=utf-8
cache-control: no-cache
content-length: 14

00:07:09.717 [AsyncHttpClient-1-5] DEBUG org.asynchttpclient.netty.channel.ChannelManager - Adding key: http://localhost:56434 for channel [id: 0x01a43112, L:/127.0.0.1:59679 - R:localhost/127.0.0.1:56434]
00:07:09.718 [Forwarding isElementEnabled on session 67c62347be27af2cccf4d468fa816c06 to remote] DEBUG org.asynchttpclient.netty.request.NettyRequestSender - Using pooled Channel '[id: 0x01a43112, L:/127.0.0.1:59679 - R:localhost/127.0.0.1:56434]' for 'GET' to 'http://localhost:56434/session/67c62347be27af2cccf4d468fa816c06/element/ccefa306-db94-46fc-bf03-735f2a1c02be/enabled'
00:07:09.718 [Forwarding isElementEnabled on session 67c62347be27af2cccf4d468fa816c06 to remote] DEBUG org.asynchttpclient.netty.request.NettyRequestSender - Using open Channel [id: 0x01a43112, L:/127.0.0.1:59679 - R:localhost/127.0.0.1:56434] for GET '/session/67c62347be27af2cccf4d468fa816c06/element/ccefa306-db94-46fc-bf03-735f2a1c02be/enabled'
00:07:09.723 [AsyncHttpClient-1-5] DEBUG org.asynchttpclient.netty.handler.HttpHandler - 

Request DefaultFullHttpRequest(decodeResult: success, version: HTTP/1.1, content: EmptyByteBufBE)
GET /session/67c62347be27af2cccf4d468fa816c06/element/ccefa306-db94-46fc-bf03-735f2a1c02be/enabled HTTP/1.1
User-Agent: selenium/4.1.2 (java mac)
Cache-Control: no-cache
Content-Type: application/json; charset=utf-8
host: localhost:56434
accept: */*

Response DefaultHttpResponse(decodeResult: success, version: HTTP/1.1)
HTTP/1.1 200 OK
Content-Type: application/json; charset=utf-8
cache-control: no-cache
content-length: 14

00:07:09.723 [AsyncHttpClient-1-5] DEBUG org.asynchttpclient.netty.channel.ChannelManager - Adding key: http://localhost:56434 for channel [id: 0x01a43112, L:/127.0.0.1:59679 - R:localhost/127.0.0.1:56434]
00:07:09.727 [Forwarding findElement on session 67c62347be27af2cccf4d468fa816c06 to remote] DEBUG org.asynchttpclient.netty.request.NettyRequestSender - Using pooled Channel '[id: 0x01a43112, L:/127.0.0.1:59679 - R:localhost/127.0.0.1:56434]' for 'POST' to 'http://localhost:56434/session/67c62347be27af2cccf4d468fa816c06/element'
00:07:09.727 [Forwarding findElement on session 67c62347be27af2cccf4d468fa816c06 to remote] DEBUG org.asynchttpclient.netty.request.NettyRequestSender - Using open Channel [id: 0x01a43112, L:/127.0.0.1:59679 - R:localhost/127.0.0.1:56434] for POST '/session/67c62347be27af2cccf4d468fa816c06/element'
00:07:09.733 [AsyncHttpClient-1-5] DEBUG org.asynchttpclient.netty.handler.HttpHandler - 

Request DefaultHttpRequest(decodeResult: success, version: HTTP/1.1)
POST /session/67c62347be27af2cccf4d468fa816c06/element HTTP/1.1
User-Agent: selenium/4.1.2 (java mac)
Content-Length: 61
Content-Type: application/json; charset=utf-8
host: localhost:56434
accept: */*

Response DefaultHttpResponse(decodeResult: success, version: HTTP/1.1)
HTTP/1.1 200 OK
Content-Type: application/json; charset=utf-8
cache-control: no-cache
content-length: 88

00:07:09.733 [AsyncHttpClient-1-5] DEBUG org.asynchttpclient.netty.channel.ChannelManager - Adding key: http://localhost:56434 for channel [id: 0x01a43112, L:/127.0.0.1:59679 - R:localhost/127.0.0.1:56434]
00:07:09.734 [Forwarding clickElement on session 67c62347be27af2cccf4d468fa816c06 to remote] DEBUG org.asynchttpclient.netty.request.NettyRequestSender - Using pooled Channel '[id: 0x01a43112, L:/127.0.0.1:59679 - R:localhost/127.0.0.1:56434]' for 'POST' to 'http://localhost:56434/session/67c62347be27af2cccf4d468fa816c06/element/ccefa306-db94-46fc-bf03-735f2a1c02be/click'
00:07:09.734 [Forwarding clickElement on session 67c62347be27af2cccf4d468fa816c06 to remote] DEBUG org.asynchttpclient.netty.request.NettyRequestSender - Using open Channel [id: 0x01a43112, L:/127.0.0.1:59679 - R:localhost/127.0.0.1:56434] for POST '/session/67c62347be27af2cccf4d468fa816c06/element/ccefa306-db94-46fc-bf03-735f2a1c02be/click'
00:07:10.376 [AsyncHttpClient-1-5] DEBUG org.asynchttpclient.netty.handler.HttpHandler - 

Request DefaultHttpRequest(decodeResult: success, version: HTTP/1.1)
POST /session/67c62347be27af2cccf4d468fa816c06/element/ccefa306-db94-46fc-bf03-735f2a1c02be/click HTTP/1.1
User-Agent: selenium/4.1.2 (java mac)
Content-Length: 50
Content-Type: application/json; charset=utf-8
host: localhost:56434
accept: */*

Response DefaultHttpResponse(decodeResult: success, version: HTTP/1.1)
HTTP/1.1 200 OK
Content-Type: application/json; charset=utf-8
cache-control: no-cache
content-length: 14

00:07:10.376 [AsyncHttpClient-1-5] DEBUG org.asynchttpclient.netty.channel.ChannelManager - Adding key: http://localhost:56434 for channel [id: 0x01a43112, L:/127.0.0.1:59679 - R:localhost/127.0.0.1:56434]
00:07:10.685 [AsyncHttpClient-1-1] DEBUG org.asynchttpclient.netty.channel.DefaultChannelPool - Entry count for : http://localhost:59680 : 1
00:07:10.686 [AsyncHttpClient-1-1] DEBUG org.asynchttpclient.netty.channel.DefaultChannelPool - Entry count for : http://localhost:56434 : 1
00:07:11.785 [AsyncHttpClient-1-1] DEBUG org.asynchttpclient.netty.channel.DefaultChannelPool - Entry count for : http://localhost:59680 : 1
00:07:11.785 [AsyncHttpClient-1-1] DEBUG org.asynchttpclient.netty.channel.DefaultChannelPool - Entry count for : http://localhost:56434 : 1
00:07:12.882 [AsyncHttpClient-1-1] DEBUG org.asynchttpclient.netty.channel.DefaultChannelPool - Entry count for : http://localhost:59680 : 1
00:07:12.883 [AsyncHttpClient-1-1] DEBUG org.asynchttpclient.netty.channel.DefaultChannelPool - Entry count for : http://localhost:56434 : 1
00:07:13.401 [Forwarding screenshot on session 67c62347be27af2cccf4d468fa816c06 to remote] DEBUG org.asynchttpclient.netty.request.NettyRequestSender - Using pooled Channel '[id: 0x01a43112, L:/127.0.0.1:59679 - R:localhost/127.0.0.1:56434]' for 'GET' to 'http://localhost:56434/session/67c62347be27af2cccf4d468fa816c06/screenshot'
00:07:13.402 [Forwarding screenshot on session 67c62347be27af2cccf4d468fa816c06 to remote] DEBUG org.asynchttpclient.netty.request.NettyRequestSender - Using open Channel [id: 0x01a43112, L:/127.0.0.1:59679 - R:localhost/127.0.0.1:56434] for GET '/session/67c62347be27af2cccf4d468fa816c06/screenshot'
00:07:13.579 [AsyncHttpClient-1-5] DEBUG org.asynchttpclient.netty.handler.HttpHandler - 

Request DefaultFullHttpRequest(decodeResult: success, version: HTTP/1.1, content: EmptyByteBufBE)
GET /session/67c62347be27af2cccf4d468fa816c06/screenshot HTTP/1.1
User-Agent: selenium/4.1.2 (java mac)
Cache-Control: no-cache
Content-Type: application/json; charset=utf-8
host: localhost:56434
accept: */*

Response DefaultHttpResponse(decodeResult: success, version: HTTP/1.1)
HTTP/1.1 200 OK
Content-Type: application/json; charset=utf-8
cache-control: no-cache
content-length: 68904

00:07:13.580 [AsyncHttpClient-1-5] DEBUG org.asynchttpclient.netty.channel.ChannelManager - Adding key: http://localhost:56434 for channel [id: 0x01a43112, L:/127.0.0.1:59679 - R:localhost/127.0.0.1:56434]
00:07:13.583 [main] DEBUG net.serenitybdd.core.photography.Darkroom - Send negative for processing for target/site/serenity/88b11184d4975cf7209a021ccb69841d57544fc82f5b3a06b97ef4913cf438bf.png
00:07:13.583 [Darkroom Processing Line] DEBUG net.serenitybdd.core.photography.DarkroomProcessingLine - Processing screenshot image in /var/screenshots/screenshot-8788107855425827188
00:07:13.583 [Darkroom Processing Line] DEBUG net.serenitybdd.core.photography.DarkroomProcessingLine - Saving screenshot to target/site/serenity/88b11184d4975cf7209a021ccb69841d57544fc82f5b3a06b97ef4913cf438bf.png
00:07:13.583 [main] DEBUG net.thucydides.core.steps.StepInterceptor - STEP DONE: verifyCorrectAnswer
  &amp#27;[32mAnd &amp#27;[0m&amp#27;[32mcompletes public place challenge&amp#27;[0m                                                       &amp#27;[90m# starter.stepdefinitions.Challenges.plays_go_to_a_public_place_challenge()&amp#27;[0m
00:07:13.603 [main] DEBUG net.thucydides.core.steps.StepInterceptor - STARTING STEP: Challenges.verify_that_score_in_leaderboard_is_correct - scoreOnPage
00:07:13.614 [Forwarding findElements on session 67c62347be27af2cccf4d468fa816c06 to remote] DEBUG org.asynchttpclient.netty.request.NettyRequestSender - Using pooled Channel '[id: 0x01a43112, L:/127.0.0.1:59679 - R:localhost/127.0.0.1:56434]' for 'POST' to 'http://localhost:56434/session/67c62347be27af2cccf4d468fa816c06/elements'
00:07:13.614 [Forwarding findElements on session 67c62347be27af2cccf4d468fa816c06 to remote] DEBUG org.asynchttpclient.netty.request.NettyRequestSender - Using open Channel [id: 0x01a43112, L:/127.0.0.1:59679 - R:localhost/127.0.0.1:56434] for POST '/session/67c62347be27af2cccf4d468fa816c06/elements'
00:07:13.638 [AsyncHttpClient-1-5] DEBUG org.asynchttpclient.netty.handler.HttpHandler - 

Request DefaultHttpRequest(decodeResult: success, version: HTTP/1.1)
POST /session/67c62347be27af2cccf4d468fa816c06/elements HTTP/1.1
User-Agent: selenium/4.1.2 (java mac)
Content-Length: 115
Content-Type: application/json; charset=utf-8
host: localhost:56434
accept: */*

Response DefaultHttpResponse(decodeResult: success, version: HTTP/1.1)
HTTP/1.1 200 OK
Content-Type: application/json; charset=utf-8
cache-control: no-cache
content-length: 248

00:07:13.638 [AsyncHttpClient-1-5] DEBUG org.asynchttpclient.netty.channel.ChannelManager - Adding key: http://localhost:56434 for channel [id: 0x01a43112, L:/127.0.0.1:59679 - R:localhost/127.0.0.1:56434]
00:07:13.651 [Forwarding findElement on session 67c62347be27af2cccf4d468fa816c06 to remote] DEBUG org.asynchttpclient.netty.request.NettyRequestSender - Using pooled Channel '[id: 0x01a43112, L:/127.0.0.1:59679 - R:localhost/127.0.0.1:56434]' for 'POST' to 'http://localhost:56434/session/67c62347be27af2cccf4d468fa816c06/element'
00:07:13.651 [Forwarding findElement on session 67c62347be27af2cccf4d468fa816c06 to remote] DEBUG org.asynchttpclient.netty.request.NettyRequestSender - Using open Channel [id: 0x01a43112, L:/127.0.0.1:59679 - R:localhost/127.0.0.1:56434] for POST '/session/67c62347be27af2cccf4d468fa816c06/element'
00:07:13.660 [AsyncHttpClient-1-5] DEBUG org.asynchttpclient.netty.handler.HttpHandler - 

Request DefaultHttpRequest(decodeResult: success, version: HTTP/1.1)
POST /session/67c62347be27af2cccf4d468fa816c06/element HTTP/1.1
User-Agent: selenium/4.1.2 (java mac)
Content-Length: 129
Content-Type: application/json; charset=utf-8
host: localhost:56434
accept: */*

Response DefaultHttpResponse(decodeResult: success, version: HTTP/1.1)
HTTP/1.1 200 OK
Content-Type: application/json; charset=utf-8
cache-control: no-cache
content-length: 88

00:07:13.661 [AsyncHttpClient-1-5] DEBUG org.asynchttpclient.netty.channel.ChannelManager - Adding key: http://localhost:56434 for channel [id: 0x01a43112, L:/127.0.0.1:59679 - R:localhost/127.0.0.1:56434]
00:07:13.665 [Forwarding isElementDisplayed on session 67c62347be27af2cccf4d468fa816c06 to remote] DEBUG org.asynchttpclient.netty.request.NettyRequestSender - Using pooled Channel '[id: 0x01a43112, L:/127.0.0.1:59679 - R:localhost/127.0.0.1:56434]' for 'POST' to 'http://localhost:56434/session/67c62347be27af2cccf4d468fa816c06/execute/sync'
00:07:13.665 [Forwarding isElementDisplayed on session 67c62347be27af2cccf4d468fa816c06 to remote] DEBUG org.asynchttpclient.netty.request.NettyRequestSender - Using open Channel [id: 0x01a43112, L:/127.0.0.1:59679 - R:localhost/127.0.0.1:56434] for POST '/session/67c62347be27af2cccf4d468fa816c06/execute/sync'
00:07:13.677 [AsyncHttpClient-1-5] DEBUG org.asynchttpclient.netty.handler.HttpHandler - 

Request DefaultHttpRequest(decodeResult: success, version: HTTP/1.1)
POST /session/67c62347be27af2cccf4d468fa816c06/execute/sync HTTP/1.1
User-Agent: selenium/4.1.2 (java mac)
Content-Length: 48780
Content-Type: application/json; charset=utf-8
host: localhost:56434
accept: */*

Response DefaultHttpResponse(decodeResult: success, version: HTTP/1.1)
HTTP/1.1 200 OK
Content-Type: application/json; charset=utf-8
cache-control: no-cache
content-length: 14

00:07:13.677 [AsyncHttpClient-1-5] DEBUG org.asynchttpclient.netty.channel.ChannelManager - Adding key: http://localhost:56434 for channel [id: 0x01a43112, L:/127.0.0.1:59679 - R:localhost/127.0.0.1:56434]
00:07:13.683 [Forwarding isElementDisplayed on session 67c62347be27af2cccf4d468fa816c06 to remote] DEBUG org.asynchttpclient.netty.request.NettyRequestSender - Using pooled Channel '[id: 0x01a43112, L:/127.0.0.1:59679 - R:localhost/127.0.0.1:56434]' for 'POST' to 'http://localhost:56434/session/67c62347be27af2cccf4d468fa816c06/execute/sync'
00:07:13.683 [Forwarding isElementDisplayed on session 67c62347be27af2cccf4d468fa816c06 to remote] DEBUG org.asynchttpclient.netty.request.NettyRequestSender - Using open Channel [id: 0x01a43112, L:/127.0.0.1:59679 - R:localhost/127.0.0.1:56434] for POST '/session/67c62347be27af2cccf4d468fa816c06/execute/sync'
00:07:13.695 [AsyncHttpClient-1-5] DEBUG org.asynchttpclient.netty.handler.HttpHandler - 

Request DefaultHttpRequest(decodeResult: success, version: HTTP/1.1)
POST /session/67c62347be27af2cccf4d468fa816c06/execute/sync HTTP/1.1
User-Agent: selenium/4.1.2 (java mac)
Content-Length: 48780
Content-Type: application/json; charset=utf-8
host: localhost:56434
accept: */*

Response DefaultHttpResponse(decodeResult: success, version: HTTP/1.1)
HTTP/1.1 200 OK
Content-Type: application/json; charset=utf-8
cache-control: no-cache
content-length: 14

00:07:13.695 [AsyncHttpClient-1-5] DEBUG org.asynchttpclient.netty.channel.ChannelManager - Adding key: http://localhost:56434 for channel [id: 0x01a43112, L:/127.0.0.1:59679 - R:localhost/127.0.0.1:56434]
00:07:13.700 [Forwarding isElementDisplayed on session 67c62347be27af2cccf4d468fa816c06 to remote] DEBUG org.asynchttpclient.netty.request.NettyRequestSender - Using pooled Channel '[id: 0x01a43112, L:/127.0.0.1:59679 - R:localhost/127.0.0.1:56434]' for 'POST' to 'http://localhost:56434/session/67c62347be27af2cccf4d468fa816c06/execute/sync'
00:07:13.700 [Forwarding isElementDisplayed on session 67c62347be27af2cccf4d468fa816c06 to remote] DEBUG org.asynchttpclient.netty.request.NettyRequestSender - Using open Channel [id: 0x01a43112, L:/127.0.0.1:59679 - R:localhost/127.0.0.1:56434] for POST '/session/67c62347be27af2cccf4d468fa816c06/execute/sync'
00:07:13.707 [AsyncHttpClient-1-5] DEBUG org.asynchttpclient.netty.handler.HttpHandler - 

Request DefaultHttpRequest(decodeResult: success, version: HTTP/1.1)
POST /session/67c62347be27af2cccf4d468fa816c06/execute/sync HTTP/1.1
User-Agent: selenium/4.1.2 (java mac)
Content-Length: 48780
Content-Type: application/json; charset=utf-8
host: localhost:56434
accept: */*

Response DefaultHttpResponse(decodeResult: success, version: HTTP/1.1)
HTTP/1.1 200 OK
Content-Type: application/json; charset=utf-8
cache-control: no-cache
content-length: 14

00:07:13.707 [AsyncHttpClient-1-5] DEBUG org.asynchttpclient.netty.channel.ChannelManager - Adding key: http://localhost:56434 for channel [id: 0x01a43112, L:/127.0.0.1:59679 - R:localhost/127.0.0.1:56434]
00:07:13.712 [Forwarding getElementAttribute on session 67c62347be27af2cccf4d468fa816c06 to remote] DEBUG org.asynchttpclient.netty.request.NettyRequestSender - Using pooled Channel '[id: 0x01a43112, L:/127.0.0.1:59679 - R:localhost/127.0.0.1:56434]' for 'POST' to 'http://localhost:56434/session/67c62347be27af2cccf4d468fa816c06/execute/sync'
00:07:13.712 [Forwarding getElementAttribute on session 67c62347be27af2cccf4d468fa816c06 to remote] DEBUG org.asynchttpclient.netty.request.NettyRequestSender - Using open Channel [id: 0x01a43112, L:/127.0.0.1:59679 - R:localhost/127.0.0.1:56434] for POST '/session/67c62347be27af2cccf4d468fa816c06/execute/sync'
00:07:13.727 [AsyncHttpClient-1-5] DEBUG org.asynchttpclient.netty.handler.HttpHandler - 

Request DefaultHttpRequest(decodeResult: success, version: HTTP/1.1)
POST /session/67c62347be27af2cccf4d468fa816c06/execute/sync HTTP/1.1
User-Agent: selenium/4.1.2 (java mac)
Content-Length: 47340
Content-Type: application/json; charset=utf-8
host: localhost:56434
accept: */*

Response DefaultHttpResponse(decodeResult: success, version: HTTP/1.1)
HTTP/1.1 200 OK
Content-Type: application/json; charset=utf-8
cache-control: no-cache
content-length: 14

00:07:13.727 [AsyncHttpClient-1-5] DEBUG org.asynchttpclient.netty.channel.ChannelManager - Adding key: http://localhost:56434 for channel [id: 0x01a43112, L:/127.0.0.1:59679 - R:localhost/127.0.0.1:56434]
00:07:13.730 [Forwarding getElementText on session 67c62347be27af2cccf4d468fa816c06 to remote] DEBUG org.asynchttpclient.netty.request.NettyRequestSender - Using pooled Channel '[id: 0x01a43112, L:/127.0.0.1:59679 - R:localhost/127.0.0.1:56434]' for 'GET' to 'http://localhost:56434/session/67c62347be27af2cccf4d468fa816c06/element/3a78235e-d137-4fbc-8270-1a5acb992b7b/text'
00:07:13.730 [Forwarding getElementText on session 67c62347be27af2cccf4d468fa816c06 to remote] DEBUG org.asynchttpclient.netty.request.NettyRequestSender - Using open Channel [id: 0x01a43112, L:/127.0.0.1:59679 - R:localhost/127.0.0.1:56434] for GET '/session/67c62347be27af2cccf4d468fa816c06/element/3a78235e-d137-4fbc-8270-1a5acb992b7b/text'
00:07:13.743 [AsyncHttpClient-1-5] DEBUG org.asynchttpclient.netty.handler.HttpHandler - 

Request DefaultFullHttpRequest(decodeResult: success, version: HTTP/1.1, content: EmptyByteBufBE)
GET /session/67c62347be27af2cccf4d468fa816c06/element/3a78235e-d137-4fbc-8270-1a5acb992b7b/text HTTP/1.1
User-Agent: selenium/4.1.2 (java mac)
Cache-Control: no-cache
Content-Type: application/json; charset=utf-8
host: localhost:56434
accept: */*

Response DefaultHttpResponse(decodeResult: success, version: HTTP/1.1)
HTTP/1.1 200 OK
Content-Type: application/json; charset=utf-8
cache-control: no-cache
content-length: 48

00:07:13.743 [AsyncHttpClient-1-5] DEBUG org.asynchttpclient.netty.channel.ChannelManager - Adding key: http://localhost:56434 for channel [id: 0x01a43112, L:/127.0.0.1:59679 - R:localhost/127.0.0.1:56434]
00:07:13.745 [Forwarding getElementText on session 67c62347be27af2cccf4d468fa816c06 to remote] DEBUG org.asynchttpclient.netty.request.NettyRequestSender - Using pooled Channel '[id: 0x01a43112, L:/127.0.0.1:59679 - R:localhost/127.0.0.1:56434]' for 'GET' to 'http://localhost:56434/session/67c62347be27af2cccf4d468fa816c06/element/3a78235e-d137-4fbc-8270-1a5acb992b7b/text'
00:07:13.745 [Forwarding getElementText on session 67c62347be27af2cccf4d468fa816c06 to remote] DEBUG org.asynchttpclient.netty.request.NettyRequestSender - Using open Channel [id: 0x01a43112, L:/127.0.0.1:59679 - R:localhost/127.0.0.1:56434] for GET '/session/67c62347be27af2cccf4d468fa816c06/element/3a78235e-d137-4fbc-8270-1a5acb992b7b/text'
00:07:13.751 [AsyncHttpClient-1-5] DEBUG org.asynchttpclient.netty.handler.HttpHandler - 

Request DefaultFullHttpRequest(decodeResult: success, version: HTTP/1.1, content: EmptyByteBufBE)
GET /session/67c62347be27af2cccf4d468fa816c06/element/3a78235e-d137-4fbc-8270-1a5acb992b7b/text HTTP/1.1
User-Agent: selenium/4.1.2 (java mac)
Cache-Control: no-cache
Content-Type: application/json; charset=utf-8
host: localhost:56434
accept: */*

Response DefaultHttpResponse(decodeResult: success, version: HTTP/1.1)
HTTP/1.1 200 OK
Content-Type: application/json; charset=utf-8
cache-control: no-cache
content-length: 48

00:07:13.752 [AsyncHttpClient-1-5] DEBUG org.asynchttpclient.netty.channel.ChannelManager - Adding key: http://localhost:56434 for channel [id: 0x01a43112, L:/127.0.0.1:59679 - R:localhost/127.0.0.1:56434]
00:07:13.756 [Forwarding findElement on session 67c62347be27af2cccf4d468fa816c06 to remote] DEBUG org.asynchttpclient.netty.request.NettyRequestSender - Using pooled Channel '[id: 0x01a43112, L:/127.0.0.1:59679 - R:localhost/127.0.0.1:56434]' for 'POST' to 'http://localhost:56434/session/67c62347be27af2cccf4d468fa816c06/element'
00:07:13.757 [Forwarding findElement on session 67c62347be27af2cccf4d468fa816c06 to remote] DEBUG org.asynchttpclient.netty.request.NettyRequestSender - Using open Channel [id: 0x01a43112, L:/127.0.0.1:59679 - R:localhost/127.0.0.1:56434] for POST '/session/67c62347be27af2cccf4d468fa816c06/element'
00:07:13.764 [AsyncHttpClient-1-5] DEBUG org.asynchttpclient.netty.handler.HttpHandler - 

Request DefaultHttpRequest(decodeResult: success, version: HTTP/1.1)
POST /session/67c62347be27af2cccf4d468fa816c06/element HTTP/1.1
User-Agent: selenium/4.1.2 (java mac)
Content-Length: 129
Content-Type: application/json; charset=utf-8
host: localhost:56434
accept: */*

Response DefaultHttpResponse(decodeResult: success, version: HTTP/1.1)
HTTP/1.1 200 OK
Content-Type: application/json; charset=utf-8
cache-control: no-cache
content-length: 88

00:07:13.765 [AsyncHttpClient-1-5] DEBUG org.asynchttpclient.netty.channel.ChannelManager - Adding key: http://localhost:56434 for channel [id: 0x01a43112, L:/127.0.0.1:59679 - R:localhost/127.0.0.1:56434]
00:07:13.769 [Forwarding isElementDisplayed on session 67c62347be27af2cccf4d468fa816c06 to remote] DEBUG org.asynchttpclient.netty.request.NettyRequestSender - Using pooled Channel '[id: 0x01a43112, L:/127.0.0.1:59679 - R:localhost/127.0.0.1:56434]' for 'POST' to 'http://localhost:56434/session/67c62347be27af2cccf4d468fa816c06/execute/sync'
00:07:13.769 [Forwarding isElementDisplayed on session 67c62347be27af2cccf4d468fa816c06 to remote] DEBUG org.asynchttpclient.netty.request.NettyRequestSender - Using open Channel [id: 0x01a43112, L:/127.0.0.1:59679 - R:localhost/127.0.0.1:56434] for POST '/session/67c62347be27af2cccf4d468fa816c06/execute/sync'
00:07:13.777 [AsyncHttpClient-1-5] DEBUG org.asynchttpclient.netty.handler.HttpHandler - 

Request DefaultHttpRequest(decodeResult: success, version: HTTP/1.1)
POST /session/67c62347be27af2cccf4d468fa816c06/execute/sync HTTP/1.1
User-Agent: selenium/4.1.2 (java mac)
Content-Length: 48780
Content-Type: application/json; charset=utf-8
host: localhost:56434
accept: */*

Response DefaultHttpResponse(decodeResult: success, version: HTTP/1.1)
HTTP/1.1 200 OK
Content-Type: application/json; charset=utf-8
cache-control: no-cache
content-length: 14

00:07:13.777 [AsyncHttpClient-1-5] DEBUG org.asynchttpclient.netty.channel.ChannelManager - Adding key: http://localhost:56434 for channel [id: 0x01a43112, L:/127.0.0.1:59679 - R:localhost/127.0.0.1:56434]
00:07:13.783 [Forwarding isElementDisplayed on session 67c62347be27af2cccf4d468fa816c06 to remote] DEBUG org.asynchttpclient.netty.request.NettyRequestSender - Using pooled Channel '[id: 0x01a43112, L:/127.0.0.1:59679 - R:localhost/127.0.0.1:56434]' for 'POST' to 'http://localhost:56434/session/67c62347be27af2cccf4d468fa816c06/execute/sync'
00:07:13.783 [Forwarding isElementDisplayed on session 67c62347be27af2cccf4d468fa816c06 to remote] DEBUG org.asynchttpclient.netty.request.NettyRequestSender - Using open Channel [id: 0x01a43112, L:/127.0.0.1:59679 - R:localhost/127.0.0.1:56434] for POST '/session/67c62347be27af2cccf4d468fa816c06/execute/sync'
00:07:13.796 [AsyncHttpClient-1-5] DEBUG org.asynchttpclient.netty.handler.HttpHandler - 

Request DefaultHttpRequest(decodeResult: success, version: HTTP/1.1)
POST /session/67c62347be27af2cccf4d468fa816c06/execute/sync HTTP/1.1
User-Agent: selenium/4.1.2 (java mac)
Content-Length: 48780
Content-Type: application/json; charset=utf-8
host: localhost:56434
accept: */*

Response DefaultHttpResponse(decodeResult: success, version: HTTP/1.1)
HTTP/1.1 200 OK
Content-Type: application/json; charset=utf-8
cache-control: no-cache
content-length: 14

00:07:13.796 [AsyncHttpClient-1-5] DEBUG org.asynchttpclient.netty.channel.ChannelManager - Adding key: http://localhost:56434 for channel [id: 0x01a43112, L:/127.0.0.1:59679 - R:localhost/127.0.0.1:56434]
00:07:13.799 [Forwarding isElementDisplayed on session 67c62347be27af2cccf4d468fa816c06 to remote] DEBUG org.asynchttpclient.netty.request.NettyRequestSender - Using pooled Channel '[id: 0x01a43112, L:/127.0.0.1:59679 - R:localhost/127.0.0.1:56434]' for 'POST' to 'http://localhost:56434/session/67c62347be27af2cccf4d468fa816c06/execute/sync'
00:07:13.800 [Forwarding isElementDisplayed on session 67c62347be27af2cccf4d468fa816c06 to remote] DEBUG org.asynchttpclient.netty.request.NettyRequestSender - Using open Channel [id: 0x01a43112, L:/127.0.0.1:59679 - R:localhost/127.0.0.1:56434] for POST '/session/67c62347be27af2cccf4d468fa816c06/execute/sync'
00:07:13.805 [AsyncHttpClient-1-5] DEBUG org.asynchttpclient.netty.handler.HttpHandler - 

Request DefaultHttpRequest(decodeResult: success, version: HTTP/1.1)
POST /session/67c62347be27af2cccf4d468fa816c06/execute/sync HTTP/1.1
User-Agent: selenium/4.1.2 (java mac)
Content-Length: 48780
Content-Type: application/json; charset=utf-8
host: localhost:56434
accept: */*

Response DefaultHttpResponse(decodeResult: success, version: HTTP/1.1)
HTTP/1.1 200 OK
Content-Type: application/json; charset=utf-8
cache-control: no-cache
content-length: 14

00:07:13.805 [AsyncHttpClient-1-5] DEBUG org.asynchttpclient.netty.channel.ChannelManager - Adding key: http://localhost:56434 for channel [id: 0x01a43112, L:/127.0.0.1:59679 - R:localhost/127.0.0.1:56434]
00:07:13.808 [Forwarding getElementAttribute on session 67c62347be27af2cccf4d468fa816c06 to remote] DEBUG org.asynchttpclient.netty.request.NettyRequestSender - Using pooled Channel '[id: 0x01a43112, L:/127.0.0.1:59679 - R:localhost/127.0.0.1:56434]' for 'POST' to 'http://localhost:56434/session/67c62347be27af2cccf4d468fa816c06/execute/sync'
00:07:13.808 [Forwarding getElementAttribute on session 67c62347be27af2cccf4d468fa816c06 to remote] DEBUG org.asynchttpclient.netty.request.NettyRequestSender - Using open Channel [id: 0x01a43112, L:/127.0.0.1:59679 - R:localhost/127.0.0.1:56434] for POST '/session/67c62347be27af2cccf4d468fa816c06/execute/sync'
00:07:13.817 [AsyncHttpClient-1-5] DEBUG org.asynchttpclient.netty.handler.HttpHandler - 

Request DefaultHttpRequest(decodeResult: success, version: HTTP/1.1)
POST /session/67c62347be27af2cccf4d468fa816c06/execute/sync HTTP/1.1
User-Agent: selenium/4.1.2 (java mac)
Content-Length: 47340
Content-Type: application/json; charset=utf-8
host: localhost:56434
accept: */*

Response DefaultHttpResponse(decodeResult: success, version: HTTP/1.1)
HTTP/1.1 200 OK
Content-Type: application/json; charset=utf-8
cache-control: no-cache
content-length: 14

00:07:13.817 [AsyncHttpClient-1-5] DEBUG org.asynchttpclient.netty.channel.ChannelManager - Adding key: http://localhost:56434 for channel [id: 0x01a43112, L:/127.0.0.1:59679 - R:localhost/127.0.0.1:56434]
00:07:13.818 [Forwarding getElementText on session 67c62347be27af2cccf4d468fa816c06 to remote] DEBUG org.asynchttpclient.netty.request.NettyRequestSender - Using pooled Channel '[id: 0x01a43112, L:/127.0.0.1:59679 - R:localhost/127.0.0.1:56434]' for 'GET' to 'http://localhost:56434/session/67c62347be27af2cccf4d468fa816c06/element/08b7792a-9161-42bf-814c-d4dc5f4b4dae/text'
00:07:13.818 [Forwarding getElementText on session 67c62347be27af2cccf4d468fa816c06 to remote] DEBUG org.asynchttpclient.netty.request.NettyRequestSender - Using open Channel [id: 0x01a43112, L:/127.0.0.1:59679 - R:localhost/127.0.0.1:56434] for GET '/session/67c62347be27af2cccf4d468fa816c06/element/08b7792a-9161-42bf-814c-d4dc5f4b4dae/text'
00:07:13.827 [AsyncHttpClient-1-5] DEBUG org.asynchttpclient.netty.handler.HttpHandler - 

Request DefaultFullHttpRequest(decodeResult: success, version: HTTP/1.1, content: EmptyByteBufBE)
GET /session/67c62347be27af2cccf4d468fa816c06/element/08b7792a-9161-42bf-814c-d4dc5f4b4dae/text HTTP/1.1
User-Agent: selenium/4.1.2 (java mac)
Cache-Control: no-cache
Content-Type: application/json; charset=utf-8
host: localhost:56434
accept: */*

Response DefaultHttpResponse(decodeResult: success, version: HTTP/1.1)
HTTP/1.1 200 OK
Content-Type: application/json; charset=utf-8
cache-control: no-cache
content-length: 18

00:07:13.827 [AsyncHttpClient-1-5] DEBUG org.asynchttpclient.netty.channel.ChannelManager - Adding key: http://localhost:56434 for channel [id: 0x01a43112, L:/127.0.0.1:59679 - R:localhost/127.0.0.1:56434]
00:07:13.828 [Forwarding getElementText on session 67c62347be27af2cccf4d468fa816c06 to remote] DEBUG org.asynchttpclient.netty.request.NettyRequestSender - Using pooled Channel '[id: 0x01a43112, L:/127.0.0.1:59679 - R:localhost/127.0.0.1:56434]' for 'GET' to 'http://localhost:56434/session/67c62347be27af2cccf4d468fa816c06/element/08b7792a-9161-42bf-814c-d4dc5f4b4dae/text'
00:07:13.828 [Forwarding getElementText on session 67c62347be27af2cccf4d468fa816c06 to remote] DEBUG org.asynchttpclient.netty.request.NettyRequestSender - Using open Channel [id: 0x01a43112, L:/127.0.0.1:59679 - R:localhost/127.0.0.1:56434] for GET '/session/67c62347be27af2cccf4d468fa816c06/element/08b7792a-9161-42bf-814c-d4dc5f4b4dae/text'
00:07:13.833 [AsyncHttpClient-1-5] DEBUG org.asynchttpclient.netty.handler.HttpHandler - 

Request DefaultFullHttpRequest(decodeResult: success, version: HTTP/1.1, content: EmptyByteBufBE)
GET /session/67c62347be27af2cccf4d468fa816c06/element/08b7792a-9161-42bf-814c-d4dc5f4b4dae/text HTTP/1.1
User-Agent: selenium/4.1.2 (java mac)
Cache-Control: no-cache
Content-Type: application/json; charset=utf-8
host: localhost:56434
accept: */*

Response DefaultHttpResponse(decodeResult: success, version: HTTP/1.1)
HTTP/1.1 200 OK
Content-Type: application/json; charset=utf-8
cache-control: no-cache
content-length: 18

00:07:13.833 [AsyncHttpClient-1-5] DEBUG org.asynchttpclient.netty.channel.ChannelManager - Adding key: http://localhost:56434 for channel [id: 0x01a43112, L:/127.0.0.1:59679 - R:localhost/127.0.0.1:56434]
00:07:13.835 [Forwarding findElement on session 67c62347be27af2cccf4d468fa816c06 to remote] DEBUG org.asynchttpclient.netty.request.NettyRequestSender - Using pooled Channel '[id: 0x01a43112, L:/127.0.0.1:59679 - R:localhost/127.0.0.1:56434]' for 'POST' to 'http://localhost:56434/session/67c62347be27af2cccf4d468fa816c06/element'
00:07:13.835 [Forwarding findElement on session 67c62347be27af2cccf4d468fa816c06 to remote] DEBUG org.asynchttpclient.netty.request.NettyRequestSender - Using open Channel [id: 0x01a43112, L:/127.0.0.1:59679 - R:localhost/127.0.0.1:56434] for POST '/session/67c62347be27af2cccf4d468fa816c06/element'
00:07:13.843 [AsyncHttpClient-1-5] DEBUG org.asynchttpclient.netty.handler.HttpHandler - 

Request DefaultHttpRequest(decodeResult: success, version: HTTP/1.1)
POST /session/67c62347be27af2cccf4d468fa816c06/element HTTP/1.1
User-Agent: selenium/4.1.2 (java mac)
Content-Length: 129
Content-Type: application/json; charset=utf-8
host: localhost:56434
accept: */*

Response DefaultHttpResponse(decodeResult: success, version: HTTP/1.1)
HTTP/1.1 200 OK
Content-Type: application/json; charset=utf-8
cache-control: no-cache
content-length: 88

00:07:13.844 [AsyncHttpClient-1-5] DEBUG org.asynchttpclient.netty.channel.ChannelManager - Adding key: http://localhost:56434 for channel [id: 0x01a43112, L:/127.0.0.1:59679 - R:localhost/127.0.0.1:56434]
00:07:13.846 [Forwarding isElementDisplayed on session 67c62347be27af2cccf4d468fa816c06 to remote] DEBUG org.asynchttpclient.netty.request.NettyRequestSender - Using pooled Channel '[id: 0x01a43112, L:/127.0.0.1:59679 - R:localhost/127.0.0.1:56434]' for 'POST' to 'http://localhost:56434/session/67c62347be27af2cccf4d468fa816c06/execute/sync'
00:07:13.846 [Forwarding isElementDisplayed on session 67c62347be27af2cccf4d468fa816c06 to remote] DEBUG org.asynchttpclient.netty.request.NettyRequestSender - Using open Channel [id: 0x01a43112, L:/127.0.0.1:59679 - R:localhost/127.0.0.1:56434] for POST '/session/67c62347be27af2cccf4d468fa816c06/execute/sync'
00:07:13.854 [AsyncHttpClient-1-5] DEBUG org.asynchttpclient.netty.handler.HttpHandler - 

Request DefaultHttpRequest(decodeResult: success, version: HTTP/1.1)
POST /session/67c62347be27af2cccf4d468fa816c06/execute/sync HTTP/1.1
User-Agent: selenium/4.1.2 (java mac)
Content-Length: 48780
Content-Type: application/json; charset=utf-8
host: localhost:56434
accept: */*

Response DefaultHttpResponse(decodeResult: success, version: HTTP/1.1)
HTTP/1.1 200 OK
Content-Type: application/json; charset=utf-8
cache-control: no-cache
content-length: 14

00:07:13.855 [AsyncHttpClient-1-5] DEBUG org.asynchttpclient.netty.channel.ChannelManager - Adding key: http://localhost:56434 for channel [id: 0x01a43112, L:/127.0.0.1:59679 - R:localhost/127.0.0.1:56434]
00:07:13.859 [Forwarding isElementDisplayed on session 67c62347be27af2cccf4d468fa816c06 to remote] DEBUG org.asynchttpclient.netty.request.NettyRequestSender - Using pooled Channel '[id: 0x01a43112, L:/127.0.0.1:59679 - R:localhost/127.0.0.1:56434]' for 'POST' to 'http://localhost:56434/session/67c62347be27af2cccf4d468fa816c06/execute/sync'
00:07:13.859 [Forwarding isElementDisplayed on session 67c62347be27af2cccf4d468fa816c06 to remote] DEBUG org.asynchttpclient.netty.request.NettyRequestSender - Using open Channel [id: 0x01a43112, L:/127.0.0.1:59679 - R:localhost/127.0.0.1:56434] for POST '/session/67c62347be27af2cccf4d468fa816c06/execute/sync'
00:07:13.865 [AsyncHttpClient-1-5] DEBUG org.asynchttpclient.netty.handler.HttpHandler - 

Request DefaultHttpRequest(decodeResult: success, version: HTTP/1.1)
POST /session/67c62347be27af2cccf4d468fa816c06/execute/sync HTTP/1.1
User-Agent: selenium/4.1.2 (java mac)
Content-Length: 48780
Content-Type: application/json; charset=utf-8
host: localhost:56434
accept: */*

Response DefaultHttpResponse(decodeResult: success, version: HTTP/1.1)
HTTP/1.1 200 OK
Content-Type: application/json; charset=utf-8
cache-control: no-cache
content-length: 14

00:07:13.865 [AsyncHttpClient-1-5] DEBUG org.asynchttpclient.netty.channel.ChannelManager - Adding key: http://localhost:56434 for channel [id: 0x01a43112, L:/127.0.0.1:59679 - R:localhost/127.0.0.1:56434]
00:07:13.868 [Forwarding isElementDisplayed on session 67c62347be27af2cccf4d468fa816c06 to remote] DEBUG org.asynchttpclient.netty.request.NettyRequestSender - Using pooled Channel '[id: 0x01a43112, L:/127.0.0.1:59679 - R:localhost/127.0.0.1:56434]' for 'POST' to 'http://localhost:56434/session/67c62347be27af2cccf4d468fa816c06/execute/sync'
00:07:13.868 [Forwarding isElementDisplayed on session 67c62347be27af2cccf4d468fa816c06 to remote] DEBUG org.asynchttpclient.netty.request.NettyRequestSender - Using open Channel [id: 0x01a43112, L:/127.0.0.1:59679 - R:localhost/127.0.0.1:56434] for POST '/session/67c62347be27af2cccf4d468fa816c06/execute/sync'
00:07:13.908 [AsyncHttpClient-1-5] DEBUG org.asynchttpclient.netty.handler.HttpHandler - 

Request DefaultHttpRequest(decodeResult: success, version: HTTP/1.1)
POST /session/67c62347be27af2cccf4d468fa816c06/execute/sync HTTP/1.1
User-Agent: selenium/4.1.2 (java mac)
Content-Length: 48780
Content-Type: application/json; charset=utf-8
host: localhost:56434
accept: */*

Response DefaultHttpResponse(decodeResult: success, version: HTTP/1.1)
HTTP/1.1 200 OK
Content-Type: application/json; charset=utf-8
cache-control: no-cache
content-length: 14

00:07:13.908 [AsyncHttpClient-1-5] DEBUG org.asynchttpclient.netty.channel.ChannelManager - Adding key: http://localhost:56434 for channel [id: 0x01a43112, L:/127.0.0.1:59679 - R:localhost/127.0.0.1:56434]
00:07:13.911 [Forwarding getElementAttribute on session 67c62347be27af2cccf4d468fa816c06 to remote] DEBUG org.asynchttpclient.netty.request.NettyRequestSender - Using pooled Channel '[id: 0x01a43112, L:/127.0.0.1:59679 - R:localhost/127.0.0.1:56434]' for 'POST' to 'http://localhost:56434/session/67c62347be27af2cccf4d468fa816c06/execute/sync'
00:07:13.911 [Forwarding getElementAttribute on session 67c62347be27af2cccf4d468fa816c06 to remote] DEBUG org.asynchttpclient.netty.request.NettyRequestSender - Using open Channel [id: 0x01a43112, L:/127.0.0.1:59679 - R:localhost/127.0.0.1:56434] for POST '/session/67c62347be27af2cccf4d468fa816c06/execute/sync'
00:07:13.917 [AsyncHttpClient-1-5] DEBUG org.asynchttpclient.netty.handler.HttpHandler - 

Request DefaultHttpRequest(decodeResult: success, version: HTTP/1.1)
POST /session/67c62347be27af2cccf4d468fa816c06/execute/sync HTTP/1.1
User-Agent: selenium/4.1.2 (java mac)
Content-Length: 47340
Content-Type: application/json; charset=utf-8
host: localhost:56434
accept: */*

Response DefaultHttpResponse(decodeResult: success, version: HTTP/1.1)
HTTP/1.1 200 OK
Content-Type: application/json; charset=utf-8
cache-control: no-cache
content-length: 14

00:07:13.917 [AsyncHttpClient-1-5] DEBUG org.asynchttpclient.netty.channel.ChannelManager - Adding key: http://localhost:56434 for channel [id: 0x01a43112, L:/127.0.0.1:59679 - R:localhost/127.0.0.1:56434]
00:07:13.918 [Forwarding getElementText on session 67c62347be27af2cccf4d468fa816c06 to remote] DEBUG org.asynchttpclient.netty.request.NettyRequestSender - Using pooled Channel '[id: 0x01a43112, L:/127.0.0.1:59679 - R:localhost/127.0.0.1:56434]' for 'GET' to 'http://localhost:56434/session/67c62347be27af2cccf4d468fa816c06/element/4da09d80-fec4-40ed-abdf-7cc5ac2a5ea3/text'
00:07:13.918 [Forwarding getElementText on session 67c62347be27af2cccf4d468fa816c06 to remote] DEBUG org.asynchttpclient.netty.request.NettyRequestSender - Using open Channel [id: 0x01a43112, L:/127.0.0.1:59679 - R:localhost/127.0.0.1:56434] for GET '/session/67c62347be27af2cccf4d468fa816c06/element/4da09d80-fec4-40ed-abdf-7cc5ac2a5ea3/text'
00:07:13.927 [AsyncHttpClient-1-5] DEBUG org.asynchttpclient.netty.handler.HttpHandler - 

Request DefaultFullHttpRequest(decodeResult: success, version: HTTP/1.1, content: EmptyByteBufBE)
GET /session/67c62347be27af2cccf4d468fa816c06/element/4da09d80-fec4-40ed-abdf-7cc5ac2a5ea3/text HTTP/1.1
User-Agent: selenium/4.1.2 (java mac)
Cache-Control: no-cache
Content-Type: application/json; charset=utf-8
host: localhost:56434
accept: */*

Response DefaultHttpResponse(decodeResult: success, version: HTTP/1.1)
HTTP/1.1 200 OK
Content-Type: application/json; charset=utf-8
cache-control: no-cache
content-length: 15

00:07:13.927 [AsyncHttpClient-1-5] DEBUG org.asynchttpclient.netty.channel.ChannelManager - Adding key: http://localhost:56434 for channel [id: 0x01a43112, L:/127.0.0.1:59679 - R:localhost/127.0.0.1:56434]
00:07:13.928 [Forwarding getElementText on session 67c62347be27af2cccf4d468fa816c06 to remote] DEBUG org.asynchttpclient.netty.request.NettyRequestSender - Using pooled Channel '[id: 0x01a43112, L:/127.0.0.1:59679 - R:localhost/127.0.0.1:56434]' for 'GET' to 'http://localhost:56434/session/67c62347be27af2cccf4d468fa816c06/element/4da09d80-fec4-40ed-abdf-7cc5ac2a5ea3/text'
00:07:13.928 [Forwarding getElementText on session 67c62347be27af2cccf4d468fa816c06 to remote] DEBUG org.asynchttpclient.netty.request.NettyRequestSender - Using open Channel [id: 0x01a43112, L:/127.0.0.1:59679 - R:localhost/127.0.0.1:56434] for GET '/session/67c62347be27af2cccf4d468fa816c06/element/4da09d80-fec4-40ed-abdf-7cc5ac2a5ea3/text'
00:07:13.933 [AsyncHttpClient-1-5] DEBUG org.asynchttpclient.netty.handler.HttpHandler - 

Request DefaultFullHttpRequest(decodeResult: success, version: HTTP/1.1, content: EmptyByteBufBE)
GET /session/67c62347be27af2cccf4d468fa816c06/element/4da09d80-fec4-40ed-abdf-7cc5ac2a5ea3/text HTTP/1.1
User-Agent: selenium/4.1.2 (java mac)
Cache-Control: no-cache
Content-Type: application/json; charset=utf-8
host: localhost:56434
accept: */*

Response DefaultHttpResponse(decodeResult: success, version: HTTP/1.1)
HTTP/1.1 200 OK
Content-Type: application/json; charset=utf-8
cache-control: no-cache
content-length: 15

00:07:13.933 [AsyncHttpClient-1-5] DEBUG org.asynchttpclient.netty.channel.ChannelManager - Adding key: http://localhost:56434 for channel [id: 0x01a43112, L:/127.0.0.1:59679 - R:localhost/127.0.0.1:56434]
00:07:13.937 [Forwarding screenshot on session 67c62347be27af2cccf4d468fa816c06 to remote] DEBUG org.asynchttpclient.netty.request.NettyRequestSender - Using pooled Channel '[id: 0x01a43112, L:/127.0.0.1:59679 - R:localhost/127.0.0.1:56434]' for 'GET' to 'http://localhost:56434/session/67c62347be27af2cccf4d468fa816c06/screenshot'
00:07:13.937 [Forwarding screenshot on session 67c62347be27af2cccf4d468fa816c06 to remote] DEBUG org.asynchttpclient.netty.request.NettyRequestSender - Using open Channel [id: 0x01a43112, L:/127.0.0.1:59679 - R:localhost/127.0.0.1:56434] for GET '/session/67c62347be27af2cccf4d468fa816c06/screenshot'
00:07:13.984 [AsyncHttpClient-1-1] DEBUG org.asynchttpclient.netty.channel.DefaultChannelPool - Entry count for : http://localhost:59680 : 1
00:07:14.082 [AsyncHttpClient-1-5] DEBUG org.asynchttpclient.netty.handler.HttpHandler - 

Request DefaultFullHttpRequest(decodeResult: success, version: HTTP/1.1, content: EmptyByteBufBE)
GET /session/67c62347be27af2cccf4d468fa816c06/screenshot HTTP/1.1
User-Agent: selenium/4.1.2 (java mac)
Cache-Control: no-cache
Content-Type: application/json; charset=utf-8
host: localhost:56434
accept: */*

Response DefaultHttpResponse(decodeResult: success, version: HTTP/1.1)
HTTP/1.1 200 OK
Content-Type: application/json; charset=utf-8
cache-control: no-cache
content-length: 69664

00:07:14.082 [AsyncHttpClient-1-5] DEBUG org.asynchttpclient.netty.channel.ChannelManager - Adding key: http://localhost:56434 for channel [id: 0x01a43112, L:/127.0.0.1:59679 - R:localhost/127.0.0.1:56434]
00:07:14.085 [main] DEBUG net.serenitybdd.core.photography.Darkroom - Send negative for processing for target/site/serenity/a41b10b79bfdd0ff2a16f299c21f666b00a90d0aac3580d535244f3bb932324e.png
00:07:14.085 [Darkroom Processing Line] DEBUG net.serenitybdd.core.photography.DarkroomProcessingLine - Processing screenshot image in /var/screenshots/screenshot-4252121259394637386
00:07:14.085 [main] DEBUG net.thucydides.core.steps.StepInterceptor - STEP DONE: scoreOnPage
00:07:14.085 [Darkroom Processing Line] DEBUG net.serenitybdd.core.photography.DarkroomProcessingLine - Saving screenshot to target/site/serenity/a41b10b79bfdd0ff2a16f299c21f666b00a90d0aac3580d535244f3bb932324e.png
  &amp#27;[32mThen &amp#27;[0m&amp#27;[32mverify that score in leaderboard is correct&amp#27;[0m                                           &amp#27;[90m# starter.stepdefinitions.Challenges.verify_that_score_in_leaderboard_is_correct()&amp#27;[0m
00:07:14.091 [main] INFO  - 
  _____   ___   ___   _____     ___     _     ___   ___   ___   ___  
 |_   _| | __| / __| |_   _|   | _ \   /_\   / __| / __| | __| |   \ 
   | |   | _|  \__ \   | |     |  _/  / _ \  \__ \ \__ \ | _|  | |) |
   |_|   |___| |___/   |_|     |_|   /_/ \_\ |___/ |___/ |___| |___/ 

Login into application to complete some challenges and verify score in leaderboard
----------------------------------------------------------------------
00:07:14.094 [Driver Command Executor] DEBUG org.asynchttpclient.netty.request.NettyRequestSender - Using pooled Channel '[id: 0x01a43112, L:/127.0.0.1:59679 - R:localhost/127.0.0.1:56434]' for 'DELETE' to 'http://localhost:56434/session/67c62347be27af2cccf4d468fa816c06'
00:07:14.095 [Driver Command Executor] DEBUG org.asynchttpclient.netty.request.NettyRequestSender - Using open Channel [id: 0x01a43112, L:/127.0.0.1:59679 - R:localhost/127.0.0.1:56434] for DELETE '/session/67c62347be27af2cccf4d468fa816c06'
00:07:14.103 [AsyncHttpClient-1-7] DEBUG org.asynchttpclient.netty.handler.WebSocketHandler - Channel Closed: [id: 0x5a4b61ce, L:/127.0.0.1:59686 ! R:localhost/127.0.0.1:59680] with attribute NettyResponseFuture{currentRetry=5,
	isDone=1,
	isCancelled=0,
	asyncHandler=org.asynchttpclient.ws.WebSocketUpgradeHandler@6aec0bd6,
	nettyRequest=org.asynchttpclient.netty.request.NettyRequest@2fee98ef,
	future=java.util.concurrent.CompletableFuture@6c3ccce4[Completed normally],
	uri=ws://localhost:59680/devtools/browser/f06f2e22-f290-4db6-a436-1e33873dd4cb,
	keepAlive=true,
	redirectCount=0,
	timeoutsHolder=null,
	inAuth=0,
	touch=1653228412644}
00:07:14.112 [AsyncHttpClient-1-7] DEBUG org.asynchttpclient.netty.channel.ChannelManager - Closing Channel [id: 0x5a4b61ce, L:/127.0.0.1:59686 ! R:localhost/127.0.0.1:59680] 
00:07:14.115 [AsyncHttpClient-1-6] DEBUG org.asynchttpclient.netty.handler.HttpHandler - Channel Closed: [id: 0x8b872455, L:/127.0.0.1:59685 ! R:localhost/127.0.0.1:59680] with attribute DISCARD
00:07:14.149 [AsyncHttpClient-1-5] DEBUG org.asynchttpclient.netty.handler.HttpHandler - 

Request DefaultFullHttpRequest(decodeResult: success, version: HTTP/1.1, content: EmptyByteBufBE)
DELETE /session/67c62347be27af2cccf4d468fa816c06 HTTP/1.1
User-Agent: selenium/4.1.2 (java mac)
Content-Type: application/json; charset=utf-8
host: localhost:56434
accept: */*

Response DefaultHttpResponse(decodeResult: success, version: HTTP/1.1)
HTTP/1.1 200 OK
Content-Type: application/json; charset=utf-8
cache-control: no-cache
content-length: 14

00:07:14.149 [AsyncHttpClient-1-5] DEBUG org.asynchttpclient.netty.channel.ChannelManager - Adding key: http://localhost:56434 for channel [id: 0x01a43112, L:/127.0.0.1:59679 - R:localhost/127.0.0.1:56434]
00:07:14.187 [AsyncHttpClient-1-5] DEBUG org.asynchttpclient.netty.handler.HttpHandler - Channel Closed: [id: 0x01a43112, L:/127.0.0.1:59679 ! R:localhost/127.0.0.1:56434] with attribute DISCARD
00:07:15.085 [AsyncHttpClient-1-1] DEBUG org.asynchttpclient.netty.channel.DefaultChannelPool - Entry count for : http://localhost:59680 : 1
00:07:15.085 [AsyncHttpClient-1-1] DEBUG org.asynchttpclient.netty.channel.DefaultChannelPool - Entry count for : http://localhost:56434 : 1
00:07:15.086 [AsyncHttpClient-1-1] DEBUG org.asynchttpclient.netty.channel.DefaultChannelPool - Adding Candidate expired Channel [id: 0x8b872455, L:/127.0.0.1:59685 ! R:localhost/127.0.0.1:59680] isIdleTimeoutExpired=false isRemotelyClosed=true isTtlExpired=false
00:07:15.086 [AsyncHttpClient-1-1] DEBUG org.asynchttpclient.netty.channel.DefaultChannelPool - Closing Idle Channel [id: 0x8b872455, L:/127.0.0.1:59685 ! R:localhost/127.0.0.1:59680]
00:07:15.086 [AsyncHttpClient-1-1] DEBUG org.asynchttpclient.netty.channel.DefaultChannelPool - Adding Candidate expired Channel [id: 0x01a43112, L:/127.0.0.1:59679 ! R:localhost/127.0.0.1:56434] isIdleTimeoutExpired=false isRemotelyClosed=true isTtlExpired=false
00:07:15.086 [AsyncHttpClient-1-1] DEBUG org.asynchttpclient.netty.channel.DefaultChannelPool - Closing Idle Channel [id: 0x01a43112, L:/127.0.0.1:59679 ! R:localhost/127.0.0.1:56434]
00:07:15.087 [AsyncHttpClient-1-1] DEBUG org.asynchttpclient.netty.channel.DefaultChannelPool - Closed 2 connections out of 2 in 2 ms
]]></system-out>
    <system-err><![CDATA[Starting ChromeDriver 101.0.4951.41 (93c720db8323b3ec10d056025ab95c23a31997c9-refs/branch-heads/4951@{#904}) on port 56434
Only local connections are allowed.
Please see https://chromedriver.chromium.org/security-considerations for suggestions on keeping ChromeDriver safe.
ChromeDriver was started successfully.
May 23, 2022 12:06:52 AM org.openqa.selenium.remote.ProtocolHandshake createSession
INFO: Detected dialect: W3C
May 23, 2022 12:06:52 AM org.openqa.selenium.devtools.CdpVersionFinder findNearestMatch
WARNING: Unable to find an exact match for CDP version 101, so returning the closest version found: 97
May 23, 2022 12:06:52 AM org.openqa.selenium.devtools.CdpVersionFinder findNearestMatch
INFO: Found CDP implementation for version 101 of 97
]]></system-err>
  </testcase>
</testsuite>