<?xml version="1.0" encoding="UTF-8"?>
<testsuite xmlns:xsi="http://www.w3.org/2001/XMLSchema-instance" xsi:noNamespaceSchemaLocation="https://maven.apache.org/surefire/maven-failsafe-plugin/xsd/failsafe-test-report-3.0.xsd" version="3.0" name="starter.TestSuite" time="63.533" tests="2" errors="0" skipped="0" failures="0">
  <properties>
    <property name="java.specification.version" value="18"/>
    <property name="webdriver.chrome.driver" value="/Users/deepapandey/.cache/selenium/chromedriver/mac64/101.0.4951.41/chromedriver"/>
    <property name="sun.jnu.encoding" value="UTF-8"/>
    <property name="java.class.path" value="/Users/deepapandey/eclipse-workspace/web/target/test-classes:/Users/deepapandey/.m2/repository/net/serenity-bdd/serenity-core/3.2.1/serenity-core-3.2.1.jar:/Users/deepapandey/.m2/repository/net/serenity-bdd/serenity-model/3.2.1/serenity-model-3.2.1.jar:/Users/deepapandey/.m2/repository/org/apache/commons/commons-text/1.9/commons-text-1.9.jar:/Users/deepapandey/.m2/repository/commons-net/commons-net/3.8.0/commons-net-3.8.0.jar:/Users/deepapandey/.m2/repository/com/google/guava/guava/31.1-jre/guava-31.1-jre.jar:/Users/deepapandey/.m2/repository/com/google/guava/failureaccess/1.0.1/failureaccess-1.0.1.jar:/Users/deepapandey/.m2/repository/com/google/guava/listenablefuture/9999.0-empty-to-avoid-conflict-with-guava/listenablefuture-9999.0-empty-to-avoid-conflict-with-guava.jar:/Users/deepapandey/.m2/repository/com/google/code/findbugs/jsr305/3.0.2/jsr305-3.0.2.jar:/Users/deepapandey/.m2/repository/org/checkerframework/checker-qual/3.12.0/checker-qual-3.12.0.jar:/Users/deepapandey/.m2/repository/com/google/errorprone/error_prone_annotations/2.11.0/error_prone_annotations-2.11.0.jar:/Users/deepapandey/.m2/repository/com/google/j2objc/j2objc-annotations/1.3/j2objc-annotations-1.3.jar:/Users/deepapandey/.m2/repository/com/google/inject/guice/5.1.0/guice-5.1.0.jar:/Users/deepapandey/.m2/repository/javax/inject/javax.inject/1/javax.inject-1.jar:/Users/deepapandey/.m2/repository/aopalliance/aopalliance/1.0/aopalliance-1.0.jar:/Users/deepapandey/.m2/repository/org/jsoup/jsoup/1.14.3/jsoup-1.14.3.jar:/Users/deepapandey/.m2/repository/com/thoughtworks/xstream/xstream/1.4.19/xstream-1.4.19.jar:/Users/deepapandey/.m2/repository/io/github/x-stream/mxparser/1.2.2/mxparser-1.2.2.jar:/Users/deepapandey/.m2/repository/xmlpull/xmlpull/1.1.3.1/xmlpull-1.1.3.1.jar:/Users/deepapandey/.m2/repository/io/cucumber/cucumber-java/7.2.3/cucumber-java-7.2.3.jar:/Users/deepapandey/.m2/repository/com/typesafe/config/1.4.2/config-1.4.2.jar:/Users/deepapandey/.m2/repository/org/imgscalr/imgscalr-lib/4.2/imgscalr-lib-4.2.jar:/Users/deepapandey/.m2/repository/org/awaitility/awaitility/4.2.0/awaitility-4.2.0.jar:/Users/deepapandey/.m2/repository/org/freemarker/freemarker/2.3.31/freemarker-2.3.31.jar:/Users/deepapandey/.m2/repository/io/github/classgraph/classgraph/4.8.138/classgraph-4.8.138.jar:/Users/deepapandey/.m2/repository/net/sourceforge/jexcelapi/jxl/2.6.12/jxl-2.6.12.jar:/Users/deepapandey/.m2/repository/net/bytebuddy/byte-buddy/1.12.8/byte-buddy-1.12.8.jar:/Users/deepapandey/.m2/repository/net/bytebuddy/byte-buddy-agent/1.12.8/byte-buddy-agent-1.12.8.jar:/Users/deepapandey/.m2/repository/org/objenesis/objenesis/3.1/objenesis-3.1.jar:/Users/deepapandey/.m2/repository/net/serenity-bdd/serenity-reports/3.2.1/serenity-reports-3.2.1.jar:/Users/deepapandey/.m2/repository/net/serenity-bdd/serenity-stats/3.2.1/serenity-stats-3.2.1.jar:/Users/deepapandey/.m2/repository/net/serenity-bdd/serenity-reports-configuration/3.2.1/serenity-reports-configuration-3.2.1.jar:/Users/deepapandey/.m2/repository/com/vladsch/flexmark/flexmark-all/0.34.30/flexmark-all-0.34.30.jar:/Users/deepapandey/.m2/repository/com/vladsch/flexmark/flexmark/0.34.30/flexmark-0.34.30.jar:/Users/deepapandey/.m2/repository/com/vladsch/flexmark/flexmark-ext-abbreviation/0.34.30/flexmark-ext-abbreviation-0.34.30.jar:/Users/deepapandey/.m2/repository/com/vladsch/flexmark/flexmark-ext-admonition/0.34.30/flexmark-ext-admonition-0.34.30.jar:/Users/deepapandey/.m2/repository/com/vladsch/flexmark/flexmark-ext-anchorlink/0.34.30/flexmark-ext-anchorlink-0.34.30.jar:/Users/deepapandey/.m2/repository/com/vladsch/flexmark/flexmark-ext-aside/0.34.30/flexmark-ext-aside-0.34.30.jar:/Users/deepapandey/.m2/repository/com/vladsch/flexmark/flexmark-ext-attributes/0.34.30/flexmark-ext-attributes-0.34.30.jar:/Users/deepapandey/.m2/repository/com/vladsch/flexmark/flexmark-ext-autolink/0.34.30/flexmark-ext-autolink-0.34.30.jar:/Users/deepapandey/.m2/repository/org/nibor/autolink/autolink/0.6.0/autolink-0.6.0.jar:/Users/deepapandey/.m2/repository/com/vladsch/flexmark/flexmark-ext-definition/0.34.30/flexmark-ext-definition-0.34.30.jar:/Users/deepapandey/.m2/repository/com/vladsch/flexmark/flexmark-ext-emoji/0.34.30/flexmark-ext-emoji-0.34.30.jar:/Users/deepapandey/.m2/repository/com/vladsch/flexmark/flexmark-ext-enumerated-reference/0.34.30/flexmark-ext-enumerated-reference-0.34.30.jar:/Users/deepapandey/.m2/repository/com/vladsch/flexmark/flexmark-ext-escaped-character/0.34.30/flexmark-ext-escaped-character-0.34.30.jar:/Users/deepapandey/.m2/repository/com/vladsch/flexmark/flexmark-ext-footnotes/0.34.30/flexmark-ext-footnotes-0.34.30.jar:/Users/deepapandey/.m2/repository/com/vladsch/flexmark/flexmark-ext-gfm-issues/0.34.30/flexmark-ext-gfm-issues-0.34.30.jar:/Users/deepapandey/.m2/repository/com/vladsch/flexmark/flexmark-ext-gfm-strikethrough/0.34.30/flexmark-ext-gfm-strikethrough-0.34.30.jar:/Users/deepapandey/.m2/repository/com/vladsch/flexmark/flexmark-ext-gfm-tables/0.34.30/flexmark-ext-gfm-tables-0.34.30.jar:/Users/deepapandey/.m2/repository/com/vladsch/flexmark/flexmark-ext-gfm-tasklist/0.34.30/flexmark-ext-gfm-tasklist-0.34.30.jar:/Users/deepapandey/.m2/repository/com/vladsch/flexmark/flexmark-ext-gfm-users/0.34.30/flexmark-ext-gfm-users-0.34.30.jar:/Users/deepapandey/.m2/repository/com/vladsch/flexmark/flexmark-ext-gitlab/0.34.30/flexmark-ext-gitlab-0.34.30.jar:/Users/deepapandey/.m2/repository/com/vladsch/flexmark/flexmark-ext-jekyll-front-matter/0.34.30/flexmark-ext-jekyll-front-matter-0.34.30.jar:/Users/deepapandey/.m2/repository/com/vladsch/flexmark/flexmark-ext-jekyll-tag/0.34.30/flexmark-ext-jekyll-tag-0.34.30.jar:/Users/deepapandey/.m2/repository/com/vladsch/flexmark/flexmark-ext-media-tags/0.34.30/flexmark-ext-media-tags-0.34.30.jar:/Users/deepapandey/.m2/repository/com/vladsch/flexmark/flexmark-test-util/0.34.30/flexmark-test-util-0.34.30.jar:/Users/deepapandey/.m2/repository/com/vladsch/flexmark/flexmark-ext-ins/0.34.30/flexmark-ext-ins-0.34.30.jar:/Users/deepapandey/.m2/repository/com/vladsch/flexmark/flexmark-ext-xwiki-macros/0.34.30/flexmark-ext-xwiki-macros-0.34.30.jar:/Users/deepapandey/.m2/repository/com/vladsch/flexmark/flexmark-ext-superscript/0.34.30/flexmark-ext-superscript-0.34.30.jar:/Users/deepapandey/.m2/repository/com/vladsch/flexmark/flexmark-ext-tables/0.34.30/flexmark-ext-tables-0.34.30.jar:/Users/deepapandey/.m2/repository/com/vladsch/flexmark/flexmark-ext-toc/0.34.30/flexmark-ext-toc-0.34.30.jar:/Users/deepapandey/.m2/repository/com/vladsch/flexmark/flexmark-ext-typographic/0.34.30/flexmark-ext-typographic-0.34.30.jar:/Users/deepapandey/.m2/repository/com/vladsch/flexmark/flexmark-ext-wikilink/0.34.30/flexmark-ext-wikilink-0.34.30.jar:/Users/deepapandey/.m2/repository/com/vladsch/flexmark/flexmark-ext-yaml-front-matter/0.34.30/flexmark-ext-yaml-front-matter-0.34.30.jar:/Users/deepapandey/.m2/repository/com/vladsch/flexmark/flexmark-ext-youtube-embedded/0.34.30/flexmark-ext-youtube-embedded-0.34.30.jar:/Users/deepapandey/.m2/repository/com/vladsch/flexmark/flexmark-formatter/0.34.30/flexmark-formatter-0.34.30.jar:/Users/deepapandey/.m2/repository/com/vladsch/flexmark/flexmark-html-parser/0.34.30/flexmark-html-parser-0.34.30.jar:/Users/deepapandey/.m2/repository/com/vladsch/flexmark/flexmark-jira-converter/0.34.30/flexmark-jira-converter-0.34.30.jar:/Users/deepapandey/.m2/repository/com/vladsch/flexmark/flexmark-pdf-converter/0.34.30/flexmark-pdf-converter-0.34.30.jar:/Users/deepapandey/.m2/repository/com/openhtmltopdf/openhtmltopdf-core/0.0.1-RC13/openhtmltopdf-core-0.0.1-RC13.jar:/Users/deepapandey/.m2/repository/com/openhtmltopdf/openhtmltopdf-pdfbox/0.0.1-RC13/openhtmltopdf-pdfbox-0.0.1-RC13.jar:/Users/deepapandey/.m2/repository/org/apache/pdfbox/pdfbox/2.0.8/pdfbox-2.0.8.jar:/Users/deepapandey/.m2/repository/org/apache/pdfbox/fontbox/2.0.8/fontbox-2.0.8.jar:/Users/deepapandey/.m2/repository/commons-logging/commons-logging/1.2/commons-logging-1.2.jar:/Users/deepapandey/.m2/repository/org/apache/pdfbox/xmpbox/2.0.8/xmpbox-2.0.8.jar:/Users/deepapandey/.m2/repository/de/rototor/pdfbox/graphics2d/0.12/graphics2d-0.12.jar:/Users/deepapandey/.m2/repository/com/openhtmltopdf/openhtmltopdf-rtl-support/0.0.1-RC13/openhtmltopdf-rtl-support-0.0.1-RC13.jar:/Users/deepapandey/.m2/repository/com/ibm/icu/icu4j/59.1/icu4j-59.1.jar:/Users/deepapandey/.m2/repository/com/openhtmltopdf/openhtmltopdf-jsoup-dom-converter/0.0.1-RC13/openhtmltopdf-jsoup-dom-converter-0.0.1-RC13.jar:/Users/deepapandey/.m2/repository/com/vladsch/flexmark/flexmark-profile-pegdown/0.34.30/flexmark-profile-pegdown-0.34.30.jar:/Users/deepapandey/.m2/repository/com/vladsch/flexmark/flexmark-util/0.34.30/flexmark-util-0.34.30.jar:/Users/deepapandey/.m2/repository/com/vladsch/flexmark/flexmark-youtrack-converter/0.34.30/flexmark-youtrack-converter-0.34.30.jar:/Users/deepapandey/.m2/repository/es/nitaur/markdown/txtmark/0.16/txtmark-0.16.jar:/Users/deepapandey/.m2/repository/net/serenity-bdd/serenity-report-resources/3.2.1/serenity-report-resources-3.2.1.jar:/Users/deepapandey/.m2/repository/com/google/code/gson/gson/2.9.0/gson-2.9.0.jar:/Users/deepapandey/.m2/repository/com/fasterxml/jackson/core/jackson-core/2.13.2/jackson-core-2.13.2.jar:/Users/deepapandey/.m2/repository/com/fasterxml/jackson/core/jackson-databind/2.13.2/jackson-databind-2.13.2.jar:/Users/deepapandey/.m2/repository/com/fasterxml/jackson/core/jackson-annotations/2.13.2/jackson-annotations-2.13.2.jar:/Users/deepapandey/.m2/repository/commons-codec/commons-codec/1.15/commons-codec-1.15.jar:/Users/deepapandey/.m2/repository/commons-io/commons-io/2.11.0/commons-io-2.11.0.jar:/Users/deepapandey/.m2/repository/org/seleniumhq/selenium/selenium-java/4.1.2/selenium-java-4.1.2.jar:/Users/deepapandey/.m2/repository/org/seleniumhq/selenium/selenium-devtools-v85/4.1.2/selenium-devtools-v85-4.1.2.jar:/Users/deepapandey/.m2/repository/org/seleniumhq/selenium/selenium-devtools-v95/4.1.2/selenium-devtools-v95-4.1.2.jar:/Users/deepapandey/.m2/repository/org/seleniumhq/selenium/selenium-devtools-v96/4.1.2/selenium-devtools-v96-4.1.2.jar:/Users/deepapandey/.m2/repository/org/seleniumhq/selenium/selenium-devtools-v97/4.1.2/selenium-devtools-v97-4.1.2.jar:/Users/deepapandey/.m2/repository/org/seleniumhq/selenium/selenium-firefox-xpi-driver/4.1.2/selenium-firefox-xpi-driver-4.1.2.jar:/Users/deepapandey/.m2/repository/org/seleniumhq/selenium/selenium-opera-driver/4.1.2/selenium-opera-driver-4.1.2.jar:/Users/deepapandey/.m2/repository/org/seleniumhq/selenium/selenium-remote-driver/4.1.2/selenium-remote-driver-4.1.2.jar:/Users/deepapandey/.m2/repository/com/beust/jcommander/1.82/jcommander-1.82.jar:/Users/deepapandey/.m2/repository/io/netty/netty-buffer/4.1.73.Final/netty-buffer-4.1.73.Final.jar:/Users/deepapandey/.m2/repository/io/netty/netty-codec-http/4.1.73.Final/netty-codec-http-4.1.73.Final.jar:/Users/deepapandey/.m2/repository/io/netty/netty-codec/4.1.73.Final/netty-codec-4.1.73.Final.jar:/Users/deepapandey/.m2/repository/io/netty/netty-handler/4.1.73.Final/netty-handler-4.1.73.Final.jar:/Users/deepapandey/.m2/repository/io/netty/netty-tcnative-classes/2.0.46.Final/netty-tcnative-classes-2.0.46.Final.jar:/Users/deepapandey/.m2/repository/io/netty/netty-common/4.1.73.Final/netty-common-4.1.73.Final.jar:/Users/deepapandey/.m2/repository/io/netty/netty-transport-classes-epoll/4.1.73.Final/netty-transport-classes-epoll-4.1.73.Final.jar:/Users/deepapandey/.m2/repository/io/netty/netty-transport-classes-kqueue/4.1.73.Final/netty-transport-classes-kqueue-4.1.73.Final.jar:/Users/deepapandey/.m2/repository/io/netty/netty-transport-native-epoll/4.1.73.Final/netty-transport-native-epoll-4.1.73.Final.jar:/Users/deepapandey/.m2/repository/io/netty/netty-transport-native-kqueue/4.1.73.Final/netty-transport-native-kqueue-4.1.73.Final.jar:/Users/deepapandey/.m2/repository/io/netty/netty-transport-native-unix-common/4.1.73.Final/netty-transport-native-unix-common-4.1.73.Final.jar:/Users/deepapandey/.m2/repository/io/netty/netty-transport/4.1.73.Final/netty-transport-4.1.73.Final.jar:/Users/deepapandey/.m2/repository/io/netty/netty-resolver/4.1.73.Final/netty-resolver-4.1.73.Final.jar:/Users/deepapandey/.m2/repository/io/opentelemetry/opentelemetry-api/1.10.1/opentelemetry-api-1.10.1.jar:/Users/deepapandey/.m2/repository/io/opentelemetry/opentelemetry-context/1.10.1/opentelemetry-context-1.10.1.jar:/Users/deepapandey/.m2/repository/io/opentelemetry/opentelemetry-exporter-logging/1.10.1/opentelemetry-exporter-logging-1.10.1.jar:/Users/deepapandey/.m2/repository/io/opentelemetry/opentelemetry-sdk-metrics/1.10.1-alpha/opentelemetry-sdk-metrics-1.10.1-alpha.jar:/Users/deepapandey/.m2/repository/io/opentelemetry/opentelemetry-sdk-logs/1.10.1-alpha/opentelemetry-sdk-logs-1.10.1-alpha.jar:/Users/deepapandey/.m2/repository/io/opentelemetry/opentelemetry-sdk-common/1.10.1/opentelemetry-sdk-common-1.10.1.jar:/Users/deepapandey/.m2/repository/io/opentelemetry/opentelemetry-sdk-extension-autoconfigure-spi/1.10.1/opentelemetry-sdk-extension-autoconfigure-spi-1.10.1.jar:/Users/deepapandey/.m2/repository/io/opentelemetry/opentelemetry-sdk-extension-autoconfigure/1.10.1-alpha/opentelemetry-sdk-extension-autoconfigure-1.10.1-alpha.jar:/Users/deepapandey/.m2/repository/io/opentelemetry/opentelemetry-sdk-trace/1.10.1/opentelemetry-sdk-trace-1.10.1.jar:/Users/deepapandey/.m2/repository/io/opentelemetry/opentelemetry-sdk/1.10.1/opentelemetry-sdk-1.10.1.jar:/Users/deepapandey/.m2/repository/io/opentelemetry/opentelemetry-semconv/1.10.1-alpha/opentelemetry-semconv-1.10.1-alpha.jar:/Users/deepapandey/.m2/repository/io/ous/jtoml/2.0.0/jtoml-2.0.0.jar:/Users/deepapandey/.m2/repository/org/apache/commons/commons-exec/1.3/commons-exec-1.3.jar:/Users/deepapandey/.m2/repository/org/asynchttpclient/async-http-client/2.12.3/async-http-client-2.12.3.jar:/Users/deepapandey/.m2/repository/org/asynchttpclient/async-http-client-netty-utils/2.12.3/async-http-client-netty-utils-2.12.3.jar:/Users/deepapandey/.m2/repository/io/netty/netty-codec-socks/4.1.60.Final/netty-codec-socks-4.1.60.Final.jar:/Users/deepapandey/.m2/repository/io/netty/netty-handler-proxy/4.1.60.Final/netty-handler-proxy-4.1.60.Final.jar:/Users/deepapandey/.m2/repository/io/netty/netty-transport-native-epoll/4.1.60.Final/netty-transport-native-epoll-4.1.60.Final-linux-x86_64.jar:/Users/deepapandey/.m2/repository/io/netty/netty-transport-native-kqueue/4.1.60.Final/netty-transport-native-kqueue-4.1.60.Final-osx-x86_64.jar:/Users/deepapandey/.m2/repository/org/reactivestreams/reactive-streams/1.0.3/reactive-streams-1.0.3.jar:/Users/deepapandey/.m2/repository/com/typesafe/netty/netty-reactive-streams/2.0.4/netty-reactive-streams-2.0.4.jar:/Users/deepapandey/.m2/repository/org/seleniumhq/selenium/selenium-http/4.1.2/selenium-http-4.1.2.jar:/Users/deepapandey/.m2/repository/net/jodah/failsafe/2.4.4/failsafe-2.4.4.jar:/Users/deepapandey/.m2/repository/org/seleniumhq/selenium/selenium-safari-driver/4.1.2/selenium-safari-driver-4.1.2.jar:/Users/deepapandey/.m2/repository/org/seleniumhq/selenium/selenium-api/4.1.2/selenium-api-4.1.2.jar:/Users/deepapandey/.m2/repository/org/seleniumhq/selenium/selenium-support/4.1.2/selenium-support-4.1.2.jar:/Users/deepapandey/.m2/repository/com/google/auto/service/auto-service-annotations/1.0.1/auto-service-annotations-1.0.1.jar:/Users/deepapandey/.m2/repository/com/google/auto/service/auto-service/1.0.1/auto-service-1.0.1.jar:/Users/deepapandey/.m2/repository/com/google/auto/auto-common/1.2/auto-common-1.2.jar:/Users/deepapandey/.m2/repository/org/seleniumhq/selenium/selenium-json/4.1.2/selenium-json-4.1.2.jar:/Users/deepapandey/.m2/repository/org/seleniumhq/selenium/selenium-chrome-driver/4.1.2/selenium-chrome-driver-4.1.2.jar:/Users/deepapandey/.m2/repository/org/seleniumhq/selenium/selenium-chromium-driver/4.1.2/selenium-chromium-driver-4.1.2.jar:/Users/deepapandey/.m2/repository/org/seleniumhq/selenium/selenium-firefox-driver/4.1.2/selenium-firefox-driver-4.1.2.jar:/Users/deepapandey/.m2/repository/org/seleniumhq/selenium/selenium-edge-driver/4.1.2/selenium-edge-driver-4.1.2.jar:/Users/deepapandey/.m2/repository/org/seleniumhq/selenium/selenium-ie-driver/4.1.2/selenium-ie-driver-4.1.2.jar:/Users/deepapandey/.m2/repository/org/projectlombok/lombok/1.18.20/lombok-1.18.20.jar:/Users/deepapandey/.m2/repository/io/appium/java-client/8.0.0/java-client-8.0.0.jar:/Users/deepapandey/.m2/repository/commons-validator/commons-validator/1.7/commons-validator-1.7.jar:/Users/deepapandey/.m2/repository/commons-digester/commons-digester/2.1/commons-digester-2.1.jar:/Users/deepapandey/.m2/repository/org/aspectj/aspectjweaver/1.9.8/aspectjweaver-1.9.8.jar:/Users/deepapandey/.m2/repository/org/codehaus/groovy/groovy/3.0.10/groovy-3.0.10.jar:/Users/deepapandey/.m2/repository/net/sf/opencsv/opencsv/2.0/opencsv-2.0.jar:/Users/deepapandey/.m2/repository/commons-beanutils/commons-beanutils/1.9.4/commons-beanutils-1.9.4.jar:/Users/deepapandey/.m2/repository/org/apache/commons/commons-lang3/3.12.0/commons-lang3-3.12.0.jar:/Users/deepapandey/.m2/repository/commons-collections/commons-collections/3.2.2/commons-collections-3.2.2.jar:/Users/deepapandey/.m2/repository/org/fluentlenium/fluentlenium-core/0.10.2/fluentlenium-core-0.10.2.jar:/Users/deepapandey/.m2/repository/io/github/bonigarcia/webdrivermanager/5.1.0/webdrivermanager-5.1.0.jar:/Users/deepapandey/.m2/repository/com/github/docker-java/docker-java/3.2.13/docker-java-3.2.13.jar:/Users/deepapandey/.m2/repository/com/github/docker-java/docker-java-core/3.2.13/docker-java-core-3.2.13.jar:/Users/deepapandey/.m2/repository/com/github/docker-java/docker-java-api/3.2.13/docker-java-api-3.2.13.jar:/Users/deepapandey/.m2/repository/org/apache/commons/commons-compress/1.21/commons-compress-1.21.jar:/Users/deepapandey/.m2/repository/org/bouncycastle/bcpkix-jdk15on/1.64/bcpkix-jdk15on-1.64.jar:/Users/deepapandey/.m2/repository/org/bouncycastle/bcprov-jdk15on/1.64/bcprov-jdk15on-1.64.jar:/Users/deepapandey/.m2/repository/org/slf4j/jcl-over-slf4j/1.7.30/jcl-over-slf4j-1.7.30.jar:/Users/deepapandey/.m2/repository/com/github/docker-java/docker-java-transport-httpclient5/3.2.13/docker-java-transport-httpclient5-3.2.13.jar:/Users/deepapandey/.m2/repository/com/github/docker-java/docker-java-transport/3.2.13/docker-java-transport-3.2.13.jar:/Users/deepapandey/.m2/repository/org/apache/httpcomponents/client5/httpclient5/5.0.3/httpclient5-5.0.3.jar:/Users/deepapandey/.m2/repository/org/apache/httpcomponents/core5/httpcore5/5.0.2/httpcore5-5.0.2.jar:/Users/deepapandey/.m2/repository/net/java/dev/jna/jna/5.8.0/jna-5.8.0.jar:/Users/deepapandey/.m2/repository/org/brotli/dec/0.1.2/dec-0.1.2.jar:/Users/deepapandey/.m2/repository/com/jhlabs/filters/2.0.235/filters-2.0.235.jar:/Users/deepapandey/.m2/repository/com/paulhammant/ngwebdriver/1.1.6/ngwebdriver-1.1.6.jar:/Users/deepapandey/.m2/repository/joda-time/joda-time/2.8.2/joda-time-2.8.2.jar:/Users/deepapandey/.m2/repository/org/hamcrest/hamcrest/2.2/hamcrest-2.2.jar:/Users/deepapandey/.m2/repository/com/google/jimfs/jimfs/1.2/jimfs-1.2.jar:/Users/deepapandey/.m2/repository/org/mockito/mockito-core/3.3.3/mockito-core-3.3.3.jar:/Users/deepapandey/.m2/repository/javax/xml/bind/jaxb-api/2.3.1/jaxb-api-2.3.1.jar:/Users/deepapandey/.m2/repository/javax/activation/javax.activation-api/1.2.0/javax.activation-api-1.2.0.jar:/Users/deepapandey/.m2/repository/com/sun/xml/bind/jaxb-core/2.3.0.1/jaxb-core-2.3.0.1.jar:/Users/deepapandey/.m2/repository/com/sun/xml/bind/jaxb-impl/2.3.3/jaxb-impl-2.3.3.jar:/Users/deepapandey/.m2/repository/jakarta/xml/bind/jakarta.xml.bind-api/2.3.3/jakarta.xml.bind-api-2.3.3.jar:/Users/deepapandey/.m2/repository/com/sun/activation/jakarta.activation/1.2.2/jakarta.activation-1.2.2.jar:/Users/deepapandey/.m2/repository/javax/activation/activation/1.1.1/activation-1.1.1.jar:/Users/deepapandey/.m2/repository/net/serenity-bdd/serenity-cucumber/3.2.1/serenity-cucumber-3.2.1.jar:/Users/deepapandey/.m2/repository/io/cucumber/cucumber-core/7.2.3/cucumber-core-7.2.3.jar:/Users/deepapandey/.m2/repository/io/cucumber/cucumber-gherkin/7.2.3/cucumber-gherkin-7.2.3.jar:/Users/deepapandey/.m2/repository/io/cucumber/cucumber-gherkin-messages/7.2.3/cucumber-gherkin-messages-7.2.3.jar:/Users/deepapandey/.m2/repository/io/cucumber/messages/17.1.1/messages-17.1.1.jar:/Users/deepapandey/.m2/repository/io/cucumber/tag-expressions/4.1.0/tag-expressions-4.1.0.jar:/Users/deepapandey/.m2/repository/io/cucumber/cucumber-expressions/15.0.1/cucumber-expressions-15.0.1.jar:/Users/deepapandey/.m2/repository/io/cucumber/datatable/7.2.3/datatable-7.2.3.jar:/Users/deepapandey/.m2/repository/io/cucumber/cucumber-plugin/7.2.3/cucumber-plugin-7.2.3.jar:/Users/deepapandey/.m2/repository/io/cucumber/docstring/7.2.3/docstring-7.2.3.jar:/Users/deepapandey/.m2/repository/io/cucumber/html-formatter/17.0.0/html-formatter-17.0.0.jar:/Users/deepapandey/.m2/repository/io/cucumber/ci-environment/8.1.0/ci-environment-8.1.0.jar:/Users/deepapandey/.m2/repository/io/cucumber/cucumber-junit/7.2.3/cucumber-junit-7.2.3.jar:/Users/deepapandey/.m2/repository/org/apache/commons/commons-csv/1.5/commons-csv-1.5.jar:/Users/deepapandey/.m2/repository/net/serenity-bdd/serenity-screenplay/3.2.1/serenity-screenplay-3.2.1.jar:/Users/deepapandey/.m2/repository/net/serenity-bdd/serenity-screenplay-webdriver/3.2.1/serenity-screenplay-webdriver-3.2.1.jar:/Users/deepapandey/.m2/repository/net/serenity-bdd/serenity-ensure/3.2.1/serenity-ensure-3.2.1.jar:/Users/deepapandey/.m2/repository/net/serenity-bdd/serenity-junit/3.2.1/serenity-junit-3.2.1.jar:/Users/deepapandey/.m2/repository/org/jetbrains/kotlin/kotlin-stdlib/1.6.0/kotlin-stdlib-1.6.0.jar:/Users/deepapandey/.m2/repository/org/jetbrains/annotations/13.0/annotations-13.0.jar:/Users/deepapandey/.m2/repository/org/jetbrains/kotlin/kotlin-stdlib-common/1.6.0/kotlin-stdlib-common-1.6.0.jar:/Users/deepapandey/.m2/repository/org/junit/platform/junit-platform-launcher/1.8.1/junit-platform-launcher-1.8.1.jar:/Users/deepapandey/.m2/repository/org/junit/platform/junit-platform-engine/1.8.1/junit-platform-engine-1.8.1.jar:/Users/deepapandey/.m2/repository/org/opentest4j/opentest4j/1.2.0/opentest4j-1.2.0.jar:/Users/deepapandey/.m2/repository/org/junit/platform/junit-platform-commons/1.8.1/junit-platform-commons-1.8.1.jar:/Users/deepapandey/.m2/repository/org/apiguardian/apiguardian-api/1.1.2/apiguardian-api-1.1.2.jar:/Users/deepapandey/.m2/repository/org/junit/jupiter/junit-jupiter-engine/5.8.2/junit-jupiter-engine-5.8.2.jar:/Users/deepapandey/.m2/repository/org/junit/jupiter/junit-jupiter-api/5.8.2/junit-jupiter-api-5.8.2.jar:/Users/deepapandey/.m2/repository/org/junit/vintage/junit-vintage-engine/5.8.2/junit-vintage-engine-5.8.2.jar:/Users/deepapandey/.m2/repository/junit/junit/4.13.2/junit-4.13.2.jar:/Users/deepapandey/.m2/repository/org/hamcrest/hamcrest-core/1.3/hamcrest-core-1.3.jar:/Users/deepapandey/.m2/repository/ch/qos/logback/logback-classic/1.2.10/logback-classic-1.2.10.jar:/Users/deepapandey/.m2/repository/ch/qos/logback/logback-core/1.2.10/logback-core-1.2.10.jar:/Users/deepapandey/.m2/repository/org/slf4j/slf4j-api/1.7.32/slf4j-api-1.7.32.jar:/Users/deepapandey/.m2/repository/org/assertj/assertj-core/3.6.2/assertj-core-3.6.2.jar:"/>
    <property name="java.vm.vendor" value="Oracle Corporation"/>
    <property name="sun.arch.data.model" value="64"/>
    <property name="java.vendor.url" value="https://java.oracle.com/"/>
    <property name="user.timezone" value="Australia/Sydney"/>
    <property name="log4j2.formatMsgNoLookups" value="true"/>
    <property name="os.name" value="Mac OS X"/>
    <property name="java.vm.specification.version" value="18"/>
    <property name="sun.java.launcher" value="SUN_STANDARD"/>
    <property name="user.country" value="AU"/>
    <property name="sun.boot.library.path" value="/Library/Java/JavaVirtualMachines/jdk-18.0.1.1.jdk/Contents/Home/lib"/>
    <property name="sun.java.command" value="org.apache.maven.surefire.booter.ForkedBooter /Users/deepapandey/eclipse-workspace/web/target/surefire 2022-05-21T15-13-29_695-jvmRun1 surefire6418767958894841264tmp surefire_011760017409166969372tmp"/>
    <property name="http.nonProxyHosts" value="local|*.local|169.254/16|*.169.254/16"/>
    <property name="jdk.debug" value="release"/>
    <property name="surefire.test.class.path" value="/Users/deepapandey/eclipse-workspace/web/target/test-classes:/Users/deepapandey/.m2/repository/net/serenity-bdd/serenity-core/3.2.1/serenity-core-3.2.1.jar:/Users/deepapandey/.m2/repository/net/serenity-bdd/serenity-model/3.2.1/serenity-model-3.2.1.jar:/Users/deepapandey/.m2/repository/org/apache/commons/commons-text/1.9/commons-text-1.9.jar:/Users/deepapandey/.m2/repository/commons-net/commons-net/3.8.0/commons-net-3.8.0.jar:/Users/deepapandey/.m2/repository/com/google/guava/guava/31.1-jre/guava-31.1-jre.jar:/Users/deepapandey/.m2/repository/com/google/guava/failureaccess/1.0.1/failureaccess-1.0.1.jar:/Users/deepapandey/.m2/repository/com/google/guava/listenablefuture/9999.0-empty-to-avoid-conflict-with-guava/listenablefuture-9999.0-empty-to-avoid-conflict-with-guava.jar:/Users/deepapandey/.m2/repository/com/google/code/findbugs/jsr305/3.0.2/jsr305-3.0.2.jar:/Users/deepapandey/.m2/repository/org/checkerframework/checker-qual/3.12.0/checker-qual-3.12.0.jar:/Users/deepapandey/.m2/repository/com/google/errorprone/error_prone_annotations/2.11.0/error_prone_annotations-2.11.0.jar:/Users/deepapandey/.m2/repository/com/google/j2objc/j2objc-annotations/1.3/j2objc-annotations-1.3.jar:/Users/deepapandey/.m2/repository/com/google/inject/guice/5.1.0/guice-5.1.0.jar:/Users/deepapandey/.m2/repository/javax/inject/javax.inject/1/javax.inject-1.jar:/Users/deepapandey/.m2/repository/aopalliance/aopalliance/1.0/aopalliance-1.0.jar:/Users/deepapandey/.m2/repository/org/jsoup/jsoup/1.14.3/jsoup-1.14.3.jar:/Users/deepapandey/.m2/repository/com/thoughtworks/xstream/xstream/1.4.19/xstream-1.4.19.jar:/Users/deepapandey/.m2/repository/io/github/x-stream/mxparser/1.2.2/mxparser-1.2.2.jar:/Users/deepapandey/.m2/repository/xmlpull/xmlpull/1.1.3.1/xmlpull-1.1.3.1.jar:/Users/deepapandey/.m2/repository/io/cucumber/cucumber-java/7.2.3/cucumber-java-7.2.3.jar:/Users/deepapandey/.m2/repository/com/typesafe/config/1.4.2/config-1.4.2.jar:/Users/deepapandey/.m2/repository/org/imgscalr/imgscalr-lib/4.2/imgscalr-lib-4.2.jar:/Users/deepapandey/.m2/repository/org/awaitility/awaitility/4.2.0/awaitility-4.2.0.jar:/Users/deepapandey/.m2/repository/org/freemarker/freemarker/2.3.31/freemarker-2.3.31.jar:/Users/deepapandey/.m2/repository/io/github/classgraph/classgraph/4.8.138/classgraph-4.8.138.jar:/Users/deepapandey/.m2/repository/net/sourceforge/jexcelapi/jxl/2.6.12/jxl-2.6.12.jar:/Users/deepapandey/.m2/repository/net/bytebuddy/byte-buddy/1.12.8/byte-buddy-1.12.8.jar:/Users/deepapandey/.m2/repository/net/bytebuddy/byte-buddy-agent/1.12.8/byte-buddy-agent-1.12.8.jar:/Users/deepapandey/.m2/repository/org/objenesis/objenesis/3.1/objenesis-3.1.jar:/Users/deepapandey/.m2/repository/net/serenity-bdd/serenity-reports/3.2.1/serenity-reports-3.2.1.jar:/Users/deepapandey/.m2/repository/net/serenity-bdd/serenity-stats/3.2.1/serenity-stats-3.2.1.jar:/Users/deepapandey/.m2/repository/net/serenity-bdd/serenity-reports-configuration/3.2.1/serenity-reports-configuration-3.2.1.jar:/Users/deepapandey/.m2/repository/com/vladsch/flexmark/flexmark-all/0.34.30/flexmark-all-0.34.30.jar:/Users/deepapandey/.m2/repository/com/vladsch/flexmark/flexmark/0.34.30/flexmark-0.34.30.jar:/Users/deepapandey/.m2/repository/com/vladsch/flexmark/flexmark-ext-abbreviation/0.34.30/flexmark-ext-abbreviation-0.34.30.jar:/Users/deepapandey/.m2/repository/com/vladsch/flexmark/flexmark-ext-admonition/0.34.30/flexmark-ext-admonition-0.34.30.jar:/Users/deepapandey/.m2/repository/com/vladsch/flexmark/flexmark-ext-anchorlink/0.34.30/flexmark-ext-anchorlink-0.34.30.jar:/Users/deepapandey/.m2/repository/com/vladsch/flexmark/flexmark-ext-aside/0.34.30/flexmark-ext-aside-0.34.30.jar:/Users/deepapandey/.m2/repository/com/vladsch/flexmark/flexmark-ext-attributes/0.34.30/flexmark-ext-attributes-0.34.30.jar:/Users/deepapandey/.m2/repository/com/vladsch/flexmark/flexmark-ext-autolink/0.34.30/flexmark-ext-autolink-0.34.30.jar:/Users/deepapandey/.m2/repository/org/nibor/autolink/autolink/0.6.0/autolink-0.6.0.jar:/Users/deepapandey/.m2/repository/com/vladsch/flexmark/flexmark-ext-definition/0.34.30/flexmark-ext-definition-0.34.30.jar:/Users/deepapandey/.m2/repository/com/vladsch/flexmark/flexmark-ext-emoji/0.34.30/flexmark-ext-emoji-0.34.30.jar:/Users/deepapandey/.m2/repository/com/vladsch/flexmark/flexmark-ext-enumerated-reference/0.34.30/flexmark-ext-enumerated-reference-0.34.30.jar:/Users/deepapandey/.m2/repository/com/vladsch/flexmark/flexmark-ext-escaped-character/0.34.30/flexmark-ext-escaped-character-0.34.30.jar:/Users/deepapandey/.m2/repository/com/vladsch/flexmark/flexmark-ext-footnotes/0.34.30/flexmark-ext-footnotes-0.34.30.jar:/Users/deepapandey/.m2/repository/com/vladsch/flexmark/flexmark-ext-gfm-issues/0.34.30/flexmark-ext-gfm-issues-0.34.30.jar:/Users/deepapandey/.m2/repository/com/vladsch/flexmark/flexmark-ext-gfm-strikethrough/0.34.30/flexmark-ext-gfm-strikethrough-0.34.30.jar:/Users/deepapandey/.m2/repository/com/vladsch/flexmark/flexmark-ext-gfm-tables/0.34.30/flexmark-ext-gfm-tables-0.34.30.jar:/Users/deepapandey/.m2/repository/com/vladsch/flexmark/flexmark-ext-gfm-tasklist/0.34.30/flexmark-ext-gfm-tasklist-0.34.30.jar:/Users/deepapandey/.m2/repository/com/vladsch/flexmark/flexmark-ext-gfm-users/0.34.30/flexmark-ext-gfm-users-0.34.30.jar:/Users/deepapandey/.m2/repository/com/vladsch/flexmark/flexmark-ext-gitlab/0.34.30/flexmark-ext-gitlab-0.34.30.jar:/Users/deepapandey/.m2/repository/com/vladsch/flexmark/flexmark-ext-jekyll-front-matter/0.34.30/flexmark-ext-jekyll-front-matter-0.34.30.jar:/Users/deepapandey/.m2/repository/com/vladsch/flexmark/flexmark-ext-jekyll-tag/0.34.30/flexmark-ext-jekyll-tag-0.34.30.jar:/Users/deepapandey/.m2/repository/com/vladsch/flexmark/flexmark-ext-media-tags/0.34.30/flexmark-ext-media-tags-0.34.30.jar:/Users/deepapandey/.m2/repository/com/vladsch/flexmark/flexmark-test-util/0.34.30/flexmark-test-util-0.34.30.jar:/Users/deepapandey/.m2/repository/com/vladsch/flexmark/flexmark-ext-ins/0.34.30/flexmark-ext-ins-0.34.30.jar:/Users/deepapandey/.m2/repository/com/vladsch/flexmark/flexmark-ext-xwiki-macros/0.34.30/flexmark-ext-xwiki-macros-0.34.30.jar:/Users/deepapandey/.m2/repository/com/vladsch/flexmark/flexmark-ext-superscript/0.34.30/flexmark-ext-superscript-0.34.30.jar:/Users/deepapandey/.m2/repository/com/vladsch/flexmark/flexmark-ext-tables/0.34.30/flexmark-ext-tables-0.34.30.jar:/Users/deepapandey/.m2/repository/com/vladsch/flexmark/flexmark-ext-toc/0.34.30/flexmark-ext-toc-0.34.30.jar:/Users/deepapandey/.m2/repository/com/vladsch/flexmark/flexmark-ext-typographic/0.34.30/flexmark-ext-typographic-0.34.30.jar:/Users/deepapandey/.m2/repository/com/vladsch/flexmark/flexmark-ext-wikilink/0.34.30/flexmark-ext-wikilink-0.34.30.jar:/Users/deepapandey/.m2/repository/com/vladsch/flexmark/flexmark-ext-yaml-front-matter/0.34.30/flexmark-ext-yaml-front-matter-0.34.30.jar:/Users/deepapandey/.m2/repository/com/vladsch/flexmark/flexmark-ext-youtube-embedded/0.34.30/flexmark-ext-youtube-embedded-0.34.30.jar:/Users/deepapandey/.m2/repository/com/vladsch/flexmark/flexmark-formatter/0.34.30/flexmark-formatter-0.34.30.jar:/Users/deepapandey/.m2/repository/com/vladsch/flexmark/flexmark-html-parser/0.34.30/flexmark-html-parser-0.34.30.jar:/Users/deepapandey/.m2/repository/com/vladsch/flexmark/flexmark-jira-converter/0.34.30/flexmark-jira-converter-0.34.30.jar:/Users/deepapandey/.m2/repository/com/vladsch/flexmark/flexmark-pdf-converter/0.34.30/flexmark-pdf-converter-0.34.30.jar:/Users/deepapandey/.m2/repository/com/openhtmltopdf/openhtmltopdf-core/0.0.1-RC13/openhtmltopdf-core-0.0.1-RC13.jar:/Users/deepapandey/.m2/repository/com/openhtmltopdf/openhtmltopdf-pdfbox/0.0.1-RC13/openhtmltopdf-pdfbox-0.0.1-RC13.jar:/Users/deepapandey/.m2/repository/org/apache/pdfbox/pdfbox/2.0.8/pdfbox-2.0.8.jar:/Users/deepapandey/.m2/repository/org/apache/pdfbox/fontbox/2.0.8/fontbox-2.0.8.jar:/Users/deepapandey/.m2/repository/commons-logging/commons-logging/1.2/commons-logging-1.2.jar:/Users/deepapandey/.m2/repository/org/apache/pdfbox/xmpbox/2.0.8/xmpbox-2.0.8.jar:/Users/deepapandey/.m2/repository/de/rototor/pdfbox/graphics2d/0.12/graphics2d-0.12.jar:/Users/deepapandey/.m2/repository/com/openhtmltopdf/openhtmltopdf-rtl-support/0.0.1-RC13/openhtmltopdf-rtl-support-0.0.1-RC13.jar:/Users/deepapandey/.m2/repository/com/ibm/icu/icu4j/59.1/icu4j-59.1.jar:/Users/deepapandey/.m2/repository/com/openhtmltopdf/openhtmltopdf-jsoup-dom-converter/0.0.1-RC13/openhtmltopdf-jsoup-dom-converter-0.0.1-RC13.jar:/Users/deepapandey/.m2/repository/com/vladsch/flexmark/flexmark-profile-pegdown/0.34.30/flexmark-profile-pegdown-0.34.30.jar:/Users/deepapandey/.m2/repository/com/vladsch/flexmark/flexmark-util/0.34.30/flexmark-util-0.34.30.jar:/Users/deepapandey/.m2/repository/com/vladsch/flexmark/flexmark-youtrack-converter/0.34.30/flexmark-youtrack-converter-0.34.30.jar:/Users/deepapandey/.m2/repository/es/nitaur/markdown/txtmark/0.16/txtmark-0.16.jar:/Users/deepapandey/.m2/repository/net/serenity-bdd/serenity-report-resources/3.2.1/serenity-report-resources-3.2.1.jar:/Users/deepapandey/.m2/repository/com/google/code/gson/gson/2.9.0/gson-2.9.0.jar:/Users/deepapandey/.m2/repository/com/fasterxml/jackson/core/jackson-core/2.13.2/jackson-core-2.13.2.jar:/Users/deepapandey/.m2/repository/com/fasterxml/jackson/core/jackson-databind/2.13.2/jackson-databind-2.13.2.jar:/Users/deepapandey/.m2/repository/com/fasterxml/jackson/core/jackson-annotations/2.13.2/jackson-annotations-2.13.2.jar:/Users/deepapandey/.m2/repository/commons-codec/commons-codec/1.15/commons-codec-1.15.jar:/Users/deepapandey/.m2/repository/commons-io/commons-io/2.11.0/commons-io-2.11.0.jar:/Users/deepapandey/.m2/repository/org/seleniumhq/selenium/selenium-java/4.1.2/selenium-java-4.1.2.jar:/Users/deepapandey/.m2/repository/org/seleniumhq/selenium/selenium-devtools-v85/4.1.2/selenium-devtools-v85-4.1.2.jar:/Users/deepapandey/.m2/repository/org/seleniumhq/selenium/selenium-devtools-v95/4.1.2/selenium-devtools-v95-4.1.2.jar:/Users/deepapandey/.m2/repository/org/seleniumhq/selenium/selenium-devtools-v96/4.1.2/selenium-devtools-v96-4.1.2.jar:/Users/deepapandey/.m2/repository/org/seleniumhq/selenium/selenium-devtools-v97/4.1.2/selenium-devtools-v97-4.1.2.jar:/Users/deepapandey/.m2/repository/org/seleniumhq/selenium/selenium-firefox-xpi-driver/4.1.2/selenium-firefox-xpi-driver-4.1.2.jar:/Users/deepapandey/.m2/repository/org/seleniumhq/selenium/selenium-opera-driver/4.1.2/selenium-opera-driver-4.1.2.jar:/Users/deepapandey/.m2/repository/org/seleniumhq/selenium/selenium-remote-driver/4.1.2/selenium-remote-driver-4.1.2.jar:/Users/deepapandey/.m2/repository/com/beust/jcommander/1.82/jcommander-1.82.jar:/Users/deepapandey/.m2/repository/io/netty/netty-buffer/4.1.73.Final/netty-buffer-4.1.73.Final.jar:/Users/deepapandey/.m2/repository/io/netty/netty-codec-http/4.1.73.Final/netty-codec-http-4.1.73.Final.jar:/Users/deepapandey/.m2/repository/io/netty/netty-codec/4.1.73.Final/netty-codec-4.1.73.Final.jar:/Users/deepapandey/.m2/repository/io/netty/netty-handler/4.1.73.Final/netty-handler-4.1.73.Final.jar:/Users/deepapandey/.m2/repository/io/netty/netty-tcnative-classes/2.0.46.Final/netty-tcnative-classes-2.0.46.Final.jar:/Users/deepapandey/.m2/repository/io/netty/netty-common/4.1.73.Final/netty-common-4.1.73.Final.jar:/Users/deepapandey/.m2/repository/io/netty/netty-transport-classes-epoll/4.1.73.Final/netty-transport-classes-epoll-4.1.73.Final.jar:/Users/deepapandey/.m2/repository/io/netty/netty-transport-classes-kqueue/4.1.73.Final/netty-transport-classes-kqueue-4.1.73.Final.jar:/Users/deepapandey/.m2/repository/io/netty/netty-transport-native-epoll/4.1.73.Final/netty-transport-native-epoll-4.1.73.Final.jar:/Users/deepapandey/.m2/repository/io/netty/netty-transport-native-kqueue/4.1.73.Final/netty-transport-native-kqueue-4.1.73.Final.jar:/Users/deepapandey/.m2/repository/io/netty/netty-transport-native-unix-common/4.1.73.Final/netty-transport-native-unix-common-4.1.73.Final.jar:/Users/deepapandey/.m2/repository/io/netty/netty-transport/4.1.73.Final/netty-transport-4.1.73.Final.jar:/Users/deepapandey/.m2/repository/io/netty/netty-resolver/4.1.73.Final/netty-resolver-4.1.73.Final.jar:/Users/deepapandey/.m2/repository/io/opentelemetry/opentelemetry-api/1.10.1/opentelemetry-api-1.10.1.jar:/Users/deepapandey/.m2/repository/io/opentelemetry/opentelemetry-context/1.10.1/opentelemetry-context-1.10.1.jar:/Users/deepapandey/.m2/repository/io/opentelemetry/opentelemetry-exporter-logging/1.10.1/opentelemetry-exporter-logging-1.10.1.jar:/Users/deepapandey/.m2/repository/io/opentelemetry/opentelemetry-sdk-metrics/1.10.1-alpha/opentelemetry-sdk-metrics-1.10.1-alpha.jar:/Users/deepapandey/.m2/repository/io/opentelemetry/opentelemetry-sdk-logs/1.10.1-alpha/opentelemetry-sdk-logs-1.10.1-alpha.jar:/Users/deepapandey/.m2/repository/io/opentelemetry/opentelemetry-sdk-common/1.10.1/opentelemetry-sdk-common-1.10.1.jar:/Users/deepapandey/.m2/repository/io/opentelemetry/opentelemetry-sdk-extension-autoconfigure-spi/1.10.1/opentelemetry-sdk-extension-autoconfigure-spi-1.10.1.jar:/Users/deepapandey/.m2/repository/io/opentelemetry/opentelemetry-sdk-extension-autoconfigure/1.10.1-alpha/opentelemetry-sdk-extension-autoconfigure-1.10.1-alpha.jar:/Users/deepapandey/.m2/repository/io/opentelemetry/opentelemetry-sdk-trace/1.10.1/opentelemetry-sdk-trace-1.10.1.jar:/Users/deepapandey/.m2/repository/io/opentelemetry/opentelemetry-sdk/1.10.1/opentelemetry-sdk-1.10.1.jar:/Users/deepapandey/.m2/repository/io/opentelemetry/opentelemetry-semconv/1.10.1-alpha/opentelemetry-semconv-1.10.1-alpha.jar:/Users/deepapandey/.m2/repository/io/ous/jtoml/2.0.0/jtoml-2.0.0.jar:/Users/deepapandey/.m2/repository/org/apache/commons/commons-exec/1.3/commons-exec-1.3.jar:/Users/deepapandey/.m2/repository/org/asynchttpclient/async-http-client/2.12.3/async-http-client-2.12.3.jar:/Users/deepapandey/.m2/repository/org/asynchttpclient/async-http-client-netty-utils/2.12.3/async-http-client-netty-utils-2.12.3.jar:/Users/deepapandey/.m2/repository/io/netty/netty-codec-socks/4.1.60.Final/netty-codec-socks-4.1.60.Final.jar:/Users/deepapandey/.m2/repository/io/netty/netty-handler-proxy/4.1.60.Final/netty-handler-proxy-4.1.60.Final.jar:/Users/deepapandey/.m2/repository/io/netty/netty-transport-native-epoll/4.1.60.Final/netty-transport-native-epoll-4.1.60.Final-linux-x86_64.jar:/Users/deepapandey/.m2/repository/io/netty/netty-transport-native-kqueue/4.1.60.Final/netty-transport-native-kqueue-4.1.60.Final-osx-x86_64.jar:/Users/deepapandey/.m2/repository/org/reactivestreams/reactive-streams/1.0.3/reactive-streams-1.0.3.jar:/Users/deepapandey/.m2/repository/com/typesafe/netty/netty-reactive-streams/2.0.4/netty-reactive-streams-2.0.4.jar:/Users/deepapandey/.m2/repository/org/seleniumhq/selenium/selenium-http/4.1.2/selenium-http-4.1.2.jar:/Users/deepapandey/.m2/repository/net/jodah/failsafe/2.4.4/failsafe-2.4.4.jar:/Users/deepapandey/.m2/repository/org/seleniumhq/selenium/selenium-safari-driver/4.1.2/selenium-safari-driver-4.1.2.jar:/Users/deepapandey/.m2/repository/org/seleniumhq/selenium/selenium-api/4.1.2/selenium-api-4.1.2.jar:/Users/deepapandey/.m2/repository/org/seleniumhq/selenium/selenium-support/4.1.2/selenium-support-4.1.2.jar:/Users/deepapandey/.m2/repository/com/google/auto/service/auto-service-annotations/1.0.1/auto-service-annotations-1.0.1.jar:/Users/deepapandey/.m2/repository/com/google/auto/service/auto-service/1.0.1/auto-service-1.0.1.jar:/Users/deepapandey/.m2/repository/com/google/auto/auto-common/1.2/auto-common-1.2.jar:/Users/deepapandey/.m2/repository/org/seleniumhq/selenium/selenium-json/4.1.2/selenium-json-4.1.2.jar:/Users/deepapandey/.m2/repository/org/seleniumhq/selenium/selenium-chrome-driver/4.1.2/selenium-chrome-driver-4.1.2.jar:/Users/deepapandey/.m2/repository/org/seleniumhq/selenium/selenium-chromium-driver/4.1.2/selenium-chromium-driver-4.1.2.jar:/Users/deepapandey/.m2/repository/org/seleniumhq/selenium/selenium-firefox-driver/4.1.2/selenium-firefox-driver-4.1.2.jar:/Users/deepapandey/.m2/repository/org/seleniumhq/selenium/selenium-edge-driver/4.1.2/selenium-edge-driver-4.1.2.jar:/Users/deepapandey/.m2/repository/org/seleniumhq/selenium/selenium-ie-driver/4.1.2/selenium-ie-driver-4.1.2.jar:/Users/deepapandey/.m2/repository/org/projectlombok/lombok/1.18.20/lombok-1.18.20.jar:/Users/deepapandey/.m2/repository/io/appium/java-client/8.0.0/java-client-8.0.0.jar:/Users/deepapandey/.m2/repository/commons-validator/commons-validator/1.7/commons-validator-1.7.jar:/Users/deepapandey/.m2/repository/commons-digester/commons-digester/2.1/commons-digester-2.1.jar:/Users/deepapandey/.m2/repository/org/aspectj/aspectjweaver/1.9.8/aspectjweaver-1.9.8.jar:/Users/deepapandey/.m2/repository/org/codehaus/groovy/groovy/3.0.10/groovy-3.0.10.jar:/Users/deepapandey/.m2/repository/net/sf/opencsv/opencsv/2.0/opencsv-2.0.jar:/Users/deepapandey/.m2/repository/commons-beanutils/commons-beanutils/1.9.4/commons-beanutils-1.9.4.jar:/Users/deepapandey/.m2/repository/org/apache/commons/commons-lang3/3.12.0/commons-lang3-3.12.0.jar:/Users/deepapandey/.m2/repository/commons-collections/commons-collections/3.2.2/commons-collections-3.2.2.jar:/Users/deepapandey/.m2/repository/org/fluentlenium/fluentlenium-core/0.10.2/fluentlenium-core-0.10.2.jar:/Users/deepapandey/.m2/repository/io/github/bonigarcia/webdrivermanager/5.1.0/webdrivermanager-5.1.0.jar:/Users/deepapandey/.m2/repository/com/github/docker-java/docker-java/3.2.13/docker-java-3.2.13.jar:/Users/deepapandey/.m2/repository/com/github/docker-java/docker-java-core/3.2.13/docker-java-core-3.2.13.jar:/Users/deepapandey/.m2/repository/com/github/docker-java/docker-java-api/3.2.13/docker-java-api-3.2.13.jar:/Users/deepapandey/.m2/repository/org/apache/commons/commons-compress/1.21/commons-compress-1.21.jar:/Users/deepapandey/.m2/repository/org/bouncycastle/bcpkix-jdk15on/1.64/bcpkix-jdk15on-1.64.jar:/Users/deepapandey/.m2/repository/org/bouncycastle/bcprov-jdk15on/1.64/bcprov-jdk15on-1.64.jar:/Users/deepapandey/.m2/repository/org/slf4j/jcl-over-slf4j/1.7.30/jcl-over-slf4j-1.7.30.jar:/Users/deepapandey/.m2/repository/com/github/docker-java/docker-java-transport-httpclient5/3.2.13/docker-java-transport-httpclient5-3.2.13.jar:/Users/deepapandey/.m2/repository/com/github/docker-java/docker-java-transport/3.2.13/docker-java-transport-3.2.13.jar:/Users/deepapandey/.m2/repository/org/apache/httpcomponents/client5/httpclient5/5.0.3/httpclient5-5.0.3.jar:/Users/deepapandey/.m2/repository/org/apache/httpcomponents/core5/httpcore5/5.0.2/httpcore5-5.0.2.jar:/Users/deepapandey/.m2/repository/net/java/dev/jna/jna/5.8.0/jna-5.8.0.jar:/Users/deepapandey/.m2/repository/org/brotli/dec/0.1.2/dec-0.1.2.jar:/Users/deepapandey/.m2/repository/com/jhlabs/filters/2.0.235/filters-2.0.235.jar:/Users/deepapandey/.m2/repository/com/paulhammant/ngwebdriver/1.1.6/ngwebdriver-1.1.6.jar:/Users/deepapandey/.m2/repository/joda-time/joda-time/2.8.2/joda-time-2.8.2.jar:/Users/deepapandey/.m2/repository/org/hamcrest/hamcrest/2.2/hamcrest-2.2.jar:/Users/deepapandey/.m2/repository/com/google/jimfs/jimfs/1.2/jimfs-1.2.jar:/Users/deepapandey/.m2/repository/org/mockito/mockito-core/3.3.3/mockito-core-3.3.3.jar:/Users/deepapandey/.m2/repository/javax/xml/bind/jaxb-api/2.3.1/jaxb-api-2.3.1.jar:/Users/deepapandey/.m2/repository/javax/activation/javax.activation-api/1.2.0/javax.activation-api-1.2.0.jar:/Users/deepapandey/.m2/repository/com/sun/xml/bind/jaxb-core/2.3.0.1/jaxb-core-2.3.0.1.jar:/Users/deepapandey/.m2/repository/com/sun/xml/bind/jaxb-impl/2.3.3/jaxb-impl-2.3.3.jar:/Users/deepapandey/.m2/repository/jakarta/xml/bind/jakarta.xml.bind-api/2.3.3/jakarta.xml.bind-api-2.3.3.jar:/Users/deepapandey/.m2/repository/com/sun/activation/jakarta.activation/1.2.2/jakarta.activation-1.2.2.jar:/Users/deepapandey/.m2/repository/javax/activation/activation/1.1.1/activation-1.1.1.jar:/Users/deepapandey/.m2/repository/net/serenity-bdd/serenity-cucumber/3.2.1/serenity-cucumber-3.2.1.jar:/Users/deepapandey/.m2/repository/io/cucumber/cucumber-core/7.2.3/cucumber-core-7.2.3.jar:/Users/deepapandey/.m2/repository/io/cucumber/cucumber-gherkin/7.2.3/cucumber-gherkin-7.2.3.jar:/Users/deepapandey/.m2/repository/io/cucumber/cucumber-gherkin-messages/7.2.3/cucumber-gherkin-messages-7.2.3.jar:/Users/deepapandey/.m2/repository/io/cucumber/messages/17.1.1/messages-17.1.1.jar:/Users/deepapandey/.m2/repository/io/cucumber/tag-expressions/4.1.0/tag-expressions-4.1.0.jar:/Users/deepapandey/.m2/repository/io/cucumber/cucumber-expressions/15.0.1/cucumber-expressions-15.0.1.jar:/Users/deepapandey/.m2/repository/io/cucumber/datatable/7.2.3/datatable-7.2.3.jar:/Users/deepapandey/.m2/repository/io/cucumber/cucumber-plugin/7.2.3/cucumber-plugin-7.2.3.jar:/Users/deepapandey/.m2/repository/io/cucumber/docstring/7.2.3/docstring-7.2.3.jar:/Users/deepapandey/.m2/repository/io/cucumber/html-formatter/17.0.0/html-formatter-17.0.0.jar:/Users/deepapandey/.m2/repository/io/cucumber/ci-environment/8.1.0/ci-environment-8.1.0.jar:/Users/deepapandey/.m2/repository/io/cucumber/cucumber-junit/7.2.3/cucumber-junit-7.2.3.jar:/Users/deepapandey/.m2/repository/org/apache/commons/commons-csv/1.5/commons-csv-1.5.jar:/Users/deepapandey/.m2/repository/net/serenity-bdd/serenity-screenplay/3.2.1/serenity-screenplay-3.2.1.jar:/Users/deepapandey/.m2/repository/net/serenity-bdd/serenity-screenplay-webdriver/3.2.1/serenity-screenplay-webdriver-3.2.1.jar:/Users/deepapandey/.m2/repository/net/serenity-bdd/serenity-ensure/3.2.1/serenity-ensure-3.2.1.jar:/Users/deepapandey/.m2/repository/net/serenity-bdd/serenity-junit/3.2.1/serenity-junit-3.2.1.jar:/Users/deepapandey/.m2/repository/org/jetbrains/kotlin/kotlin-stdlib/1.6.0/kotlin-stdlib-1.6.0.jar:/Users/deepapandey/.m2/repository/org/jetbrains/annotations/13.0/annotations-13.0.jar:/Users/deepapandey/.m2/repository/org/jetbrains/kotlin/kotlin-stdlib-common/1.6.0/kotlin-stdlib-common-1.6.0.jar:/Users/deepapandey/.m2/repository/org/junit/platform/junit-platform-launcher/1.8.1/junit-platform-launcher-1.8.1.jar:/Users/deepapandey/.m2/repository/org/junit/platform/junit-platform-engine/1.8.1/junit-platform-engine-1.8.1.jar:/Users/deepapandey/.m2/repository/org/opentest4j/opentest4j/1.2.0/opentest4j-1.2.0.jar:/Users/deepapandey/.m2/repository/org/junit/platform/junit-platform-commons/1.8.1/junit-platform-commons-1.8.1.jar:/Users/deepapandey/.m2/repository/org/apiguardian/apiguardian-api/1.1.2/apiguardian-api-1.1.2.jar:/Users/deepapandey/.m2/repository/org/junit/jupiter/junit-jupiter-engine/5.8.2/junit-jupiter-engine-5.8.2.jar:/Users/deepapandey/.m2/repository/org/junit/jupiter/junit-jupiter-api/5.8.2/junit-jupiter-api-5.8.2.jar:/Users/deepapandey/.m2/repository/org/junit/vintage/junit-vintage-engine/5.8.2/junit-vintage-engine-5.8.2.jar:/Users/deepapandey/.m2/repository/junit/junit/4.13.2/junit-4.13.2.jar:/Users/deepapandey/.m2/repository/org/hamcrest/hamcrest-core/1.3/hamcrest-core-1.3.jar:/Users/deepapandey/.m2/repository/ch/qos/logback/logback-classic/1.2.10/logback-classic-1.2.10.jar:/Users/deepapandey/.m2/repository/ch/qos/logback/logback-core/1.2.10/logback-core-1.2.10.jar:/Users/deepapandey/.m2/repository/org/slf4j/slf4j-api/1.7.32/slf4j-api-1.7.32.jar:/Users/deepapandey/.m2/repository/org/assertj/assertj-core/3.6.2/assertj-core-3.6.2.jar:"/>
    <property name="sun.cpu.endian" value="little"/>
    <property name="user.home" value="/Users/deepapandey"/>
    <property name="user.language" value="en"/>
    <property name="java.specification.vendor" value="Oracle Corporation"/>
    <property name="jdk.module.path" value="/Users/deepapandey/eclipse-workspace/web/target/web-0.0.1-SNAPSHOT.jar"/>
    <property name="java.version.date" value="2022-04-22"/>
    <property name="java.home" value="/Library/Java/JavaVirtualMachines/jdk-18.0.1.1.jdk/Contents/Home"/>
    <property name="file.separator" value="/"/>
    <property name="basedir" value="/Users/deepapandey/eclipse-workspace/web"/>
    <property name="java.vm.compressedOopsMode" value="Zero based"/>
    <property name="line.separator" value="&#10;"/>
    <property name="java.vm.specification.vendor" value="Oracle Corporation"/>
    <property name="java.specification.name" value="Java Platform API Specification"/>
    <property name="apple.awt.application.name" value="ForkedBooter"/>
    <property name="surefire.real.class.path" value="/Users/deepapandey/.m2/repository/org/apache/maven/surefire/surefire-booter/3.0.0-M5/surefire-booter-3.0.0-M5.jar:/Users/deepapandey/.m2/repository/org/apache/maven/surefire/surefire-api/3.0.0-M5/surefire-api-3.0.0-M5.jar:/Users/deepapandey/.m2/repository/org/apache/maven/surefire/surefire-logger-api/3.0.0-M5/surefire-logger-api-3.0.0-M5.jar:/Users/deepapandey/.m2/repository/org/apache/maven/surefire/surefire-shared-utils/3.0.0-M4/surefire-shared-utils-3.0.0-M4.jar:/Users/deepapandey/.m2/repository/org/apache/maven/surefire/surefire-extensions-spi/3.0.0-M5/surefire-extensions-spi-3.0.0-M5.jar:/Users/deepapandey/eclipse-workspace/web/target/test-classes:/Users/deepapandey/.m2/repository/net/serenity-bdd/serenity-core/3.2.1/serenity-core-3.2.1.jar:/Users/deepapandey/.m2/repository/net/serenity-bdd/serenity-model/3.2.1/serenity-model-3.2.1.jar:/Users/deepapandey/.m2/repository/org/apache/commons/commons-text/1.9/commons-text-1.9.jar:/Users/deepapandey/.m2/repository/commons-net/commons-net/3.8.0/commons-net-3.8.0.jar:/Users/deepapandey/.m2/repository/com/google/guava/guava/31.1-jre/guava-31.1-jre.jar:/Users/deepapandey/.m2/repository/com/google/guava/failureaccess/1.0.1/failureaccess-1.0.1.jar:/Users/deepapandey/.m2/repository/com/google/guava/listenablefuture/9999.0-empty-to-avoid-conflict-with-guava/listenablefuture-9999.0-empty-to-avoid-conflict-with-guava.jar:/Users/deepapandey/.m2/repository/com/google/code/findbugs/jsr305/3.0.2/jsr305-3.0.2.jar:/Users/deepapandey/.m2/repository/org/checkerframework/checker-qual/3.12.0/checker-qual-3.12.0.jar:/Users/deepapandey/.m2/repository/com/google/errorprone/error_prone_annotations/2.11.0/error_prone_annotations-2.11.0.jar:/Users/deepapandey/.m2/repository/com/google/j2objc/j2objc-annotations/1.3/j2objc-annotations-1.3.jar:/Users/deepapandey/.m2/repository/com/google/inject/guice/5.1.0/guice-5.1.0.jar:/Users/deepapandey/.m2/repository/javax/inject/javax.inject/1/javax.inject-1.jar:/Users/deepapandey/.m2/repository/aopalliance/aopalliance/1.0/aopalliance-1.0.jar:/Users/deepapandey/.m2/repository/org/jsoup/jsoup/1.14.3/jsoup-1.14.3.jar:/Users/deepapandey/.m2/repository/com/thoughtworks/xstream/xstream/1.4.19/xstream-1.4.19.jar:/Users/deepapandey/.m2/repository/io/github/x-stream/mxparser/1.2.2/mxparser-1.2.2.jar:/Users/deepapandey/.m2/repository/xmlpull/xmlpull/1.1.3.1/xmlpull-1.1.3.1.jar:/Users/deepapandey/.m2/repository/io/cucumber/cucumber-java/7.2.3/cucumber-java-7.2.3.jar:/Users/deepapandey/.m2/repository/com/typesafe/config/1.4.2/config-1.4.2.jar:/Users/deepapandey/.m2/repository/org/imgscalr/imgscalr-lib/4.2/imgscalr-lib-4.2.jar:/Users/deepapandey/.m2/repository/org/awaitility/awaitility/4.2.0/awaitility-4.2.0.jar:/Users/deepapandey/.m2/repository/org/freemarker/freemarker/2.3.31/freemarker-2.3.31.jar:/Users/deepapandey/.m2/repository/io/github/classgraph/classgraph/4.8.138/classgraph-4.8.138.jar:/Users/deepapandey/.m2/repository/net/sourceforge/jexcelapi/jxl/2.6.12/jxl-2.6.12.jar:/Users/deepapandey/.m2/repository/net/bytebuddy/byte-buddy/1.12.8/byte-buddy-1.12.8.jar:/Users/deepapandey/.m2/repository/net/bytebuddy/byte-buddy-agent/1.12.8/byte-buddy-agent-1.12.8.jar:/Users/deepapandey/.m2/repository/org/objenesis/objenesis/3.1/objenesis-3.1.jar:/Users/deepapandey/.m2/repository/net/serenity-bdd/serenity-reports/3.2.1/serenity-reports-3.2.1.jar:/Users/deepapandey/.m2/repository/net/serenity-bdd/serenity-stats/3.2.1/serenity-stats-3.2.1.jar:/Users/deepapandey/.m2/repository/net/serenity-bdd/serenity-reports-configuration/3.2.1/serenity-reports-configuration-3.2.1.jar:/Users/deepapandey/.m2/repository/com/vladsch/flexmark/flexmark-all/0.34.30/flexmark-all-0.34.30.jar:/Users/deepapandey/.m2/repository/com/vladsch/flexmark/flexmark/0.34.30/flexmark-0.34.30.jar:/Users/deepapandey/.m2/repository/com/vladsch/flexmark/flexmark-ext-abbreviation/0.34.30/flexmark-ext-abbreviation-0.34.30.jar:/Users/deepapandey/.m2/repository/com/vladsch/flexmark/flexmark-ext-admonition/0.34.30/flexmark-ext-admonition-0.34.30.jar:/Users/deepapandey/.m2/repository/com/vladsch/flexmark/flexmark-ext-anchorlink/0.34.30/flexmark-ext-anchorlink-0.34.30.jar:/Users/deepapandey/.m2/repository/com/vladsch/flexmark/flexmark-ext-aside/0.34.30/flexmark-ext-aside-0.34.30.jar:/Users/deepapandey/.m2/repository/com/vladsch/flexmark/flexmark-ext-attributes/0.34.30/flexmark-ext-attributes-0.34.30.jar:/Users/deepapandey/.m2/repository/com/vladsch/flexmark/flexmark-ext-autolink/0.34.30/flexmark-ext-autolink-0.34.30.jar:/Users/deepapandey/.m2/repository/org/nibor/autolink/autolink/0.6.0/autolink-0.6.0.jar:/Users/deepapandey/.m2/repository/com/vladsch/flexmark/flexmark-ext-definition/0.34.30/flexmark-ext-definition-0.34.30.jar:/Users/deepapandey/.m2/repository/com/vladsch/flexmark/flexmark-ext-emoji/0.34.30/flexmark-ext-emoji-0.34.30.jar:/Users/deepapandey/.m2/repository/com/vladsch/flexmark/flexmark-ext-enumerated-reference/0.34.30/flexmark-ext-enumerated-reference-0.34.30.jar:/Users/deepapandey/.m2/repository/com/vladsch/flexmark/flexmark-ext-escaped-character/0.34.30/flexmark-ext-escaped-character-0.34.30.jar:/Users/deepapandey/.m2/repository/com/vladsch/flexmark/flexmark-ext-footnotes/0.34.30/flexmark-ext-footnotes-0.34.30.jar:/Users/deepapandey/.m2/repository/com/vladsch/flexmark/flexmark-ext-gfm-issues/0.34.30/flexmark-ext-gfm-issues-0.34.30.jar:/Users/deepapandey/.m2/repository/com/vladsch/flexmark/flexmark-ext-gfm-strikethrough/0.34.30/flexmark-ext-gfm-strikethrough-0.34.30.jar:/Users/deepapandey/.m2/repository/com/vladsch/flexmark/flexmark-ext-gfm-tables/0.34.30/flexmark-ext-gfm-tables-0.34.30.jar:/Users/deepapandey/.m2/repository/com/vladsch/flexmark/flexmark-ext-gfm-tasklist/0.34.30/flexmark-ext-gfm-tasklist-0.34.30.jar:/Users/deepapandey/.m2/repository/com/vladsch/flexmark/flexmark-ext-gfm-users/0.34.30/flexmark-ext-gfm-users-0.34.30.jar:/Users/deepapandey/.m2/repository/com/vladsch/flexmark/flexmark-ext-gitlab/0.34.30/flexmark-ext-gitlab-0.34.30.jar:/Users/deepapandey/.m2/repository/com/vladsch/flexmark/flexmark-ext-jekyll-front-matter/0.34.30/flexmark-ext-jekyll-front-matter-0.34.30.jar:/Users/deepapandey/.m2/repository/com/vladsch/flexmark/flexmark-ext-jekyll-tag/0.34.30/flexmark-ext-jekyll-tag-0.34.30.jar:/Users/deepapandey/.m2/repository/com/vladsch/flexmark/flexmark-ext-media-tags/0.34.30/flexmark-ext-media-tags-0.34.30.jar:/Users/deepapandey/.m2/repository/com/vladsch/flexmark/flexmark-test-util/0.34.30/flexmark-test-util-0.34.30.jar:/Users/deepapandey/.m2/repository/com/vladsch/flexmark/flexmark-ext-ins/0.34.30/flexmark-ext-ins-0.34.30.jar:/Users/deepapandey/.m2/repository/com/vladsch/flexmark/flexmark-ext-xwiki-macros/0.34.30/flexmark-ext-xwiki-macros-0.34.30.jar:/Users/deepapandey/.m2/repository/com/vladsch/flexmark/flexmark-ext-superscript/0.34.30/flexmark-ext-superscript-0.34.30.jar:/Users/deepapandey/.m2/repository/com/vladsch/flexmark/flexmark-ext-tables/0.34.30/flexmark-ext-tables-0.34.30.jar:/Users/deepapandey/.m2/repository/com/vladsch/flexmark/flexmark-ext-toc/0.34.30/flexmark-ext-toc-0.34.30.jar:/Users/deepapandey/.m2/repository/com/vladsch/flexmark/flexmark-ext-typographic/0.34.30/flexmark-ext-typographic-0.34.30.jar:/Users/deepapandey/.m2/repository/com/vladsch/flexmark/flexmark-ext-wikilink/0.34.30/flexmark-ext-wikilink-0.34.30.jar:/Users/deepapandey/.m2/repository/com/vladsch/flexmark/flexmark-ext-yaml-front-matter/0.34.30/flexmark-ext-yaml-front-matter-0.34.30.jar:/Users/deepapandey/.m2/repository/com/vladsch/flexmark/flexmark-ext-youtube-embedded/0.34.30/flexmark-ext-youtube-embedded-0.34.30.jar:/Users/deepapandey/.m2/repository/com/vladsch/flexmark/flexmark-formatter/0.34.30/flexmark-formatter-0.34.30.jar:/Users/deepapandey/.m2/repository/com/vladsch/flexmark/flexmark-html-parser/0.34.30/flexmark-html-parser-0.34.30.jar:/Users/deepapandey/.m2/repository/com/vladsch/flexmark/flexmark-jira-converter/0.34.30/flexmark-jira-converter-0.34.30.jar:/Users/deepapandey/.m2/repository/com/vladsch/flexmark/flexmark-pdf-converter/0.34.30/flexmark-pdf-converter-0.34.30.jar:/Users/deepapandey/.m2/repository/com/openhtmltopdf/openhtmltopdf-core/0.0.1-RC13/openhtmltopdf-core-0.0.1-RC13.jar:/Users/deepapandey/.m2/repository/com/openhtmltopdf/openhtmltopdf-pdfbox/0.0.1-RC13/openhtmltopdf-pdfbox-0.0.1-RC13.jar:/Users/deepapandey/.m2/repository/org/apache/pdfbox/pdfbox/2.0.8/pdfbox-2.0.8.jar:/Users/deepapandey/.m2/repository/org/apache/pdfbox/fontbox/2.0.8/fontbox-2.0.8.jar:/Users/deepapandey/.m2/repository/commons-logging/commons-logging/1.2/commons-logging-1.2.jar:/Users/deepapandey/.m2/repository/org/apache/pdfbox/xmpbox/2.0.8/xmpbox-2.0.8.jar:/Users/deepapandey/.m2/repository/de/rototor/pdfbox/graphics2d/0.12/graphics2d-0.12.jar:/Users/deepapandey/.m2/repository/com/openhtmltopdf/openhtmltopdf-rtl-support/0.0.1-RC13/openhtmltopdf-rtl-support-0.0.1-RC13.jar:/Users/deepapandey/.m2/repository/com/ibm/icu/icu4j/59.1/icu4j-59.1.jar:/Users/deepapandey/.m2/repository/com/openhtmltopdf/openhtmltopdf-jsoup-dom-converter/0.0.1-RC13/openhtmltopdf-jsoup-dom-converter-0.0.1-RC13.jar:/Users/deepapandey/.m2/repository/com/vladsch/flexmark/flexmark-profile-pegdown/0.34.30/flexmark-profile-pegdown-0.34.30.jar:/Users/deepapandey/.m2/repository/com/vladsch/flexmark/flexmark-util/0.34.30/flexmark-util-0.34.30.jar:/Users/deepapandey/.m2/repository/com/vladsch/flexmark/flexmark-youtrack-converter/0.34.30/flexmark-youtrack-converter-0.34.30.jar:/Users/deepapandey/.m2/repository/es/nitaur/markdown/txtmark/0.16/txtmark-0.16.jar:/Users/deepapandey/.m2/repository/net/serenity-bdd/serenity-report-resources/3.2.1/serenity-report-resources-3.2.1.jar:/Users/deepapandey/.m2/repository/com/google/code/gson/gson/2.9.0/gson-2.9.0.jar:/Users/deepapandey/.m2/repository/com/fasterxml/jackson/core/jackson-core/2.13.2/jackson-core-2.13.2.jar:/Users/deepapandey/.m2/repository/com/fasterxml/jackson/core/jackson-databind/2.13.2/jackson-databind-2.13.2.jar:/Users/deepapandey/.m2/repository/com/fasterxml/jackson/core/jackson-annotations/2.13.2/jackson-annotations-2.13.2.jar:/Users/deepapandey/.m2/repository/commons-codec/commons-codec/1.15/commons-codec-1.15.jar:/Users/deepapandey/.m2/repository/commons-io/commons-io/2.11.0/commons-io-2.11.0.jar:/Users/deepapandey/.m2/repository/org/seleniumhq/selenium/selenium-java/4.1.2/selenium-java-4.1.2.jar:/Users/deepapandey/.m2/repository/org/seleniumhq/selenium/selenium-devtools-v85/4.1.2/selenium-devtools-v85-4.1.2.jar:/Users/deepapandey/.m2/repository/org/seleniumhq/selenium/selenium-devtools-v95/4.1.2/selenium-devtools-v95-4.1.2.jar:/Users/deepapandey/.m2/repository/org/seleniumhq/selenium/selenium-devtools-v96/4.1.2/selenium-devtools-v96-4.1.2.jar:/Users/deepapandey/.m2/repository/org/seleniumhq/selenium/selenium-devtools-v97/4.1.2/selenium-devtools-v97-4.1.2.jar:/Users/deepapandey/.m2/repository/org/seleniumhq/selenium/selenium-firefox-xpi-driver/4.1.2/selenium-firefox-xpi-driver-4.1.2.jar:/Users/deepapandey/.m2/repository/org/seleniumhq/selenium/selenium-opera-driver/4.1.2/selenium-opera-driver-4.1.2.jar:/Users/deepapandey/.m2/repository/org/seleniumhq/selenium/selenium-remote-driver/4.1.2/selenium-remote-driver-4.1.2.jar:/Users/deepapandey/.m2/repository/com/beust/jcommander/1.82/jcommander-1.82.jar:/Users/deepapandey/.m2/repository/io/netty/netty-buffer/4.1.73.Final/netty-buffer-4.1.73.Final.jar:/Users/deepapandey/.m2/repository/io/netty/netty-codec-http/4.1.73.Final/netty-codec-http-4.1.73.Final.jar:/Users/deepapandey/.m2/repository/io/netty/netty-codec/4.1.73.Final/netty-codec-4.1.73.Final.jar:/Users/deepapandey/.m2/repository/io/netty/netty-handler/4.1.73.Final/netty-handler-4.1.73.Final.jar:/Users/deepapandey/.m2/repository/io/netty/netty-tcnative-classes/2.0.46.Final/netty-tcnative-classes-2.0.46.Final.jar:/Users/deepapandey/.m2/repository/io/netty/netty-common/4.1.73.Final/netty-common-4.1.73.Final.jar:/Users/deepapandey/.m2/repository/io/netty/netty-transport-classes-epoll/4.1.73.Final/netty-transport-classes-epoll-4.1.73.Final.jar:/Users/deepapandey/.m2/repository/io/netty/netty-transport-classes-kqueue/4.1.73.Final/netty-transport-classes-kqueue-4.1.73.Final.jar:/Users/deepapandey/.m2/repository/io/netty/netty-transport-native-epoll/4.1.73.Final/netty-transport-native-epoll-4.1.73.Final.jar:/Users/deepapandey/.m2/repository/io/netty/netty-transport-native-kqueue/4.1.73.Final/netty-transport-native-kqueue-4.1.73.Final.jar:/Users/deepapandey/.m2/repository/io/netty/netty-transport-native-unix-common/4.1.73.Final/netty-transport-native-unix-common-4.1.73.Final.jar:/Users/deepapandey/.m2/repository/io/netty/netty-transport/4.1.73.Final/netty-transport-4.1.73.Final.jar:/Users/deepapandey/.m2/repository/io/netty/netty-resolver/4.1.73.Final/netty-resolver-4.1.73.Final.jar:/Users/deepapandey/.m2/repository/io/opentelemetry/opentelemetry-api/1.10.1/opentelemetry-api-1.10.1.jar:/Users/deepapandey/.m2/repository/io/opentelemetry/opentelemetry-context/1.10.1/opentelemetry-context-1.10.1.jar:/Users/deepapandey/.m2/repository/io/opentelemetry/opentelemetry-exporter-logging/1.10.1/opentelemetry-exporter-logging-1.10.1.jar:/Users/deepapandey/.m2/repository/io/opentelemetry/opentelemetry-sdk-metrics/1.10.1-alpha/opentelemetry-sdk-metrics-1.10.1-alpha.jar:/Users/deepapandey/.m2/repository/io/opentelemetry/opentelemetry-sdk-logs/1.10.1-alpha/opentelemetry-sdk-logs-1.10.1-alpha.jar:/Users/deepapandey/.m2/repository/io/opentelemetry/opentelemetry-sdk-common/1.10.1/opentelemetry-sdk-common-1.10.1.jar:/Users/deepapandey/.m2/repository/io/opentelemetry/opentelemetry-sdk-extension-autoconfigure-spi/1.10.1/opentelemetry-sdk-extension-autoconfigure-spi-1.10.1.jar:/Users/deepapandey/.m2/repository/io/opentelemetry/opentelemetry-sdk-extension-autoconfigure/1.10.1-alpha/opentelemetry-sdk-extension-autoconfigure-1.10.1-alpha.jar:/Users/deepapandey/.m2/repository/io/opentelemetry/opentelemetry-sdk-trace/1.10.1/opentelemetry-sdk-trace-1.10.1.jar:/Users/deepapandey/.m2/repository/io/opentelemetry/opentelemetry-sdk/1.10.1/opentelemetry-sdk-1.10.1.jar:/Users/deepapandey/.m2/repository/io/opentelemetry/opentelemetry-semconv/1.10.1-alpha/opentelemetry-semconv-1.10.1-alpha.jar:/Users/deepapandey/.m2/repository/io/ous/jtoml/2.0.0/jtoml-2.0.0.jar:/Users/deepapandey/.m2/repository/org/apache/commons/commons-exec/1.3/commons-exec-1.3.jar:/Users/deepapandey/.m2/repository/org/asynchttpclient/async-http-client/2.12.3/async-http-client-2.12.3.jar:/Users/deepapandey/.m2/repository/org/asynchttpclient/async-http-client-netty-utils/2.12.3/async-http-client-netty-utils-2.12.3.jar:/Users/deepapandey/.m2/repository/io/netty/netty-codec-socks/4.1.60.Final/netty-codec-socks-4.1.60.Final.jar:/Users/deepapandey/.m2/repository/io/netty/netty-handler-proxy/4.1.60.Final/netty-handler-proxy-4.1.60.Final.jar:/Users/deepapandey/.m2/repository/io/netty/netty-transport-native-epoll/4.1.60.Final/netty-transport-native-epoll-4.1.60.Final-linux-x86_64.jar:/Users/deepapandey/.m2/repository/io/netty/netty-transport-native-kqueue/4.1.60.Final/netty-transport-native-kqueue-4.1.60.Final-osx-x86_64.jar:/Users/deepapandey/.m2/repository/org/reactivestreams/reactive-streams/1.0.3/reactive-streams-1.0.3.jar:/Users/deepapandey/.m2/repository/com/typesafe/netty/netty-reactive-streams/2.0.4/netty-reactive-streams-2.0.4.jar:/Users/deepapandey/.m2/repository/org/seleniumhq/selenium/selenium-http/4.1.2/selenium-http-4.1.2.jar:/Users/deepapandey/.m2/repository/net/jodah/failsafe/2.4.4/failsafe-2.4.4.jar:/Users/deepapandey/.m2/repository/org/seleniumhq/selenium/selenium-safari-driver/4.1.2/selenium-safari-driver-4.1.2.jar:/Users/deepapandey/.m2/repository/org/seleniumhq/selenium/selenium-api/4.1.2/selenium-api-4.1.2.jar:/Users/deepapandey/.m2/repository/org/seleniumhq/selenium/selenium-support/4.1.2/selenium-support-4.1.2.jar:/Users/deepapandey/.m2/repository/com/google/auto/service/auto-service-annotations/1.0.1/auto-service-annotations-1.0.1.jar:/Users/deepapandey/.m2/repository/com/google/auto/service/auto-service/1.0.1/auto-service-1.0.1.jar:/Users/deepapandey/.m2/repository/com/google/auto/auto-common/1.2/auto-common-1.2.jar:/Users/deepapandey/.m2/repository/org/seleniumhq/selenium/selenium-json/4.1.2/selenium-json-4.1.2.jar:/Users/deepapandey/.m2/repository/org/seleniumhq/selenium/selenium-chrome-driver/4.1.2/selenium-chrome-driver-4.1.2.jar:/Users/deepapandey/.m2/repository/org/seleniumhq/selenium/selenium-chromium-driver/4.1.2/selenium-chromium-driver-4.1.2.jar:/Users/deepapandey/.m2/repository/org/seleniumhq/selenium/selenium-firefox-driver/4.1.2/selenium-firefox-driver-4.1.2.jar:/Users/deepapandey/.m2/repository/org/seleniumhq/selenium/selenium-edge-driver/4.1.2/selenium-edge-driver-4.1.2.jar:/Users/deepapandey/.m2/repository/org/seleniumhq/selenium/selenium-ie-driver/4.1.2/selenium-ie-driver-4.1.2.jar:/Users/deepapandey/.m2/repository/org/projectlombok/lombok/1.18.20/lombok-1.18.20.jar:/Users/deepapandey/.m2/repository/io/appium/java-client/8.0.0/java-client-8.0.0.jar:/Users/deepapandey/.m2/repository/commons-validator/commons-validator/1.7/commons-validator-1.7.jar:/Users/deepapandey/.m2/repository/commons-digester/commons-digester/2.1/commons-digester-2.1.jar:/Users/deepapandey/.m2/repository/org/aspectj/aspectjweaver/1.9.8/aspectjweaver-1.9.8.jar:/Users/deepapandey/.m2/repository/org/codehaus/groovy/groovy/3.0.10/groovy-3.0.10.jar:/Users/deepapandey/.m2/repository/net/sf/opencsv/opencsv/2.0/opencsv-2.0.jar:/Users/deepapandey/.m2/repository/commons-beanutils/commons-beanutils/1.9.4/commons-beanutils-1.9.4.jar:/Users/deepapandey/.m2/repository/org/apache/commons/commons-lang3/3.12.0/commons-lang3-3.12.0.jar:/Users/deepapandey/.m2/repository/commons-collections/commons-collections/3.2.2/commons-collections-3.2.2.jar:/Users/deepapandey/.m2/repository/org/fluentlenium/fluentlenium-core/0.10.2/fluentlenium-core-0.10.2.jar:/Users/deepapandey/.m2/repository/io/github/bonigarcia/webdrivermanager/5.1.0/webdrivermanager-5.1.0.jar:/Users/deepapandey/.m2/repository/com/github/docker-java/docker-java/3.2.13/docker-java-3.2.13.jar:/Users/deepapandey/.m2/repository/com/github/docker-java/docker-java-core/3.2.13/docker-java-core-3.2.13.jar:/Users/deepapandey/.m2/repository/com/github/docker-java/docker-java-api/3.2.13/docker-java-api-3.2.13.jar:/Users/deepapandey/.m2/repository/org/apache/commons/commons-compress/1.21/commons-compress-1.21.jar:/Users/deepapandey/.m2/repository/org/bouncycastle/bcpkix-jdk15on/1.64/bcpkix-jdk15on-1.64.jar:/Users/deepapandey/.m2/repository/org/bouncycastle/bcprov-jdk15on/1.64/bcprov-jdk15on-1.64.jar:/Users/deepapandey/.m2/repository/org/slf4j/jcl-over-slf4j/1.7.30/jcl-over-slf4j-1.7.30.jar:/Users/deepapandey/.m2/repository/com/github/docker-java/docker-java-transport-httpclient5/3.2.13/docker-java-transport-httpclient5-3.2.13.jar:/Users/deepapandey/.m2/repository/com/github/docker-java/docker-java-transport/3.2.13/docker-java-transport-3.2.13.jar:/Users/deepapandey/.m2/repository/org/apache/httpcomponents/client5/httpclient5/5.0.3/httpclient5-5.0.3.jar:/Users/deepapandey/.m2/repository/org/apache/httpcomponents/core5/httpcore5/5.0.2/httpcore5-5.0.2.jar:/Users/deepapandey/.m2/repository/net/java/dev/jna/jna/5.8.0/jna-5.8.0.jar:/Users/deepapandey/.m2/repository/org/brotli/dec/0.1.2/dec-0.1.2.jar:/Users/deepapandey/.m2/repository/com/jhlabs/filters/2.0.235/filters-2.0.235.jar:/Users/deepapandey/.m2/repository/com/paulhammant/ngwebdriver/1.1.6/ngwebdriver-1.1.6.jar:/Users/deepapandey/.m2/repository/joda-time/joda-time/2.8.2/joda-time-2.8.2.jar:/Users/deepapandey/.m2/repository/org/hamcrest/hamcrest/2.2/hamcrest-2.2.jar:/Users/deepapandey/.m2/repository/com/google/jimfs/jimfs/1.2/jimfs-1.2.jar:/Users/deepapandey/.m2/repository/org/mockito/mockito-core/3.3.3/mockito-core-3.3.3.jar:/Users/deepapandey/.m2/repository/javax/xml/bind/jaxb-api/2.3.1/jaxb-api-2.3.1.jar:/Users/deepapandey/.m2/repository/javax/activation/javax.activation-api/1.2.0/javax.activation-api-1.2.0.jar:/Users/deepapandey/.m2/repository/com/sun/xml/bind/jaxb-core/2.3.0.1/jaxb-core-2.3.0.1.jar:/Users/deepapandey/.m2/repository/com/sun/xml/bind/jaxb-impl/2.3.3/jaxb-impl-2.3.3.jar:/Users/deepapandey/.m2/repository/jakarta/xml/bind/jakarta.xml.bind-api/2.3.3/jakarta.xml.bind-api-2.3.3.jar:/Users/deepapandey/.m2/repository/com/sun/activation/jakarta.activation/1.2.2/jakarta.activation-1.2.2.jar:/Users/deepapandey/.m2/repository/javax/activation/activation/1.1.1/activation-1.1.1.jar:/Users/deepapandey/.m2/repository/net/serenity-bdd/serenity-cucumber/3.2.1/serenity-cucumber-3.2.1.jar:/Users/deepapandey/.m2/repository/io/cucumber/cucumber-core/7.2.3/cucumber-core-7.2.3.jar:/Users/deepapandey/.m2/repository/io/cucumber/cucumber-gherkin/7.2.3/cucumber-gherkin-7.2.3.jar:/Users/deepapandey/.m2/repository/io/cucumber/cucumber-gherkin-messages/7.2.3/cucumber-gherkin-messages-7.2.3.jar:/Users/deepapandey/.m2/repository/io/cucumber/messages/17.1.1/messages-17.1.1.jar:/Users/deepapandey/.m2/repository/io/cucumber/tag-expressions/4.1.0/tag-expressions-4.1.0.jar:/Users/deepapandey/.m2/repository/io/cucumber/cucumber-expressions/15.0.1/cucumber-expressions-15.0.1.jar:/Users/deepapandey/.m2/repository/io/cucumber/datatable/7.2.3/datatable-7.2.3.jar:/Users/deepapandey/.m2/repository/io/cucumber/cucumber-plugin/7.2.3/cucumber-plugin-7.2.3.jar:/Users/deepapandey/.m2/repository/io/cucumber/docstring/7.2.3/docstring-7.2.3.jar:/Users/deepapandey/.m2/repository/io/cucumber/html-formatter/17.0.0/html-formatter-17.0.0.jar:/Users/deepapandey/.m2/repository/io/cucumber/ci-environment/8.1.0/ci-environment-8.1.0.jar:/Users/deepapandey/.m2/repository/io/cucumber/cucumber-junit/7.2.3/cucumber-junit-7.2.3.jar:/Users/deepapandey/.m2/repository/org/apache/commons/commons-csv/1.5/commons-csv-1.5.jar:/Users/deepapandey/.m2/repository/net/serenity-bdd/serenity-screenplay/3.2.1/serenity-screenplay-3.2.1.jar:/Users/deepapandey/.m2/repository/net/serenity-bdd/serenity-screenplay-webdriver/3.2.1/serenity-screenplay-webdriver-3.2.1.jar:/Users/deepapandey/.m2/repository/net/serenity-bdd/serenity-ensure/3.2.1/serenity-ensure-3.2.1.jar:/Users/deepapandey/.m2/repository/net/serenity-bdd/serenity-junit/3.2.1/serenity-junit-3.2.1.jar:/Users/deepapandey/.m2/repository/org/jetbrains/kotlin/kotlin-stdlib/1.6.0/kotlin-stdlib-1.6.0.jar:/Users/deepapandey/.m2/repository/org/jetbrains/annotations/13.0/annotations-13.0.jar:/Users/deepapandey/.m2/repository/org/jetbrains/kotlin/kotlin-stdlib-common/1.6.0/kotlin-stdlib-common-1.6.0.jar:/Users/deepapandey/.m2/repository/org/junit/platform/junit-platform-launcher/1.8.1/junit-platform-launcher-1.8.1.jar:/Users/deepapandey/.m2/repository/org/junit/platform/junit-platform-engine/1.8.1/junit-platform-engine-1.8.1.jar:/Users/deepapandey/.m2/repository/org/opentest4j/opentest4j/1.2.0/opentest4j-1.2.0.jar:/Users/deepapandey/.m2/repository/org/junit/platform/junit-platform-commons/1.8.1/junit-platform-commons-1.8.1.jar:/Users/deepapandey/.m2/repository/org/apiguardian/apiguardian-api/1.1.2/apiguardian-api-1.1.2.jar:/Users/deepapandey/.m2/repository/org/junit/jupiter/junit-jupiter-engine/5.8.2/junit-jupiter-engine-5.8.2.jar:/Users/deepapandey/.m2/repository/org/junit/jupiter/junit-jupiter-api/5.8.2/junit-jupiter-api-5.8.2.jar:/Users/deepapandey/.m2/repository/org/junit/vintage/junit-vintage-engine/5.8.2/junit-vintage-engine-5.8.2.jar:/Users/deepapandey/.m2/repository/junit/junit/4.13.2/junit-4.13.2.jar:/Users/deepapandey/.m2/repository/org/hamcrest/hamcrest-core/1.3/hamcrest-core-1.3.jar:/Users/deepapandey/.m2/repository/ch/qos/logback/logback-classic/1.2.10/logback-classic-1.2.10.jar:/Users/deepapandey/.m2/repository/ch/qos/logback/logback-core/1.2.10/logback-core-1.2.10.jar:/Users/deepapandey/.m2/repository/org/slf4j/slf4j-api/1.7.32/slf4j-api-1.7.32.jar:/Users/deepapandey/.m2/repository/org/assertj/assertj-core/3.6.2/assertj-core-3.6.2.jar:/Users/deepapandey/.m2/repository/org/apache/maven/surefire/surefire-junit-platform/3.0.0-M5/surefire-junit-platform-3.0.0-M5.jar:/Users/deepapandey/.m2/repository/org/apache/maven/surefire/common-java5/3.0.0-M5/common-java5-3.0.0-M5.jar"/>
    <property name="java.protocol.handler.pkgs" value="com.google.common"/>
    <property name="sun.management.compiler" value="HotSpot 64-Bit Tiered Compilers"/>
    <property name="ftp.nonProxyHosts" value="local|*.local|169.254/16|*.169.254/16"/>
    <property name="java.runtime.version" value="18.0.1.1+2-6"/>
    <property name="user.name" value="deepapandey"/>
    <property name="path.separator" value=":"/>
    <property name="os.version" value="11.6"/>
    <property name="java.runtime.name" value="Java(TM) SE Runtime Environment"/>
    <property name="file.encoding" value="UTF-8"/>
    <property name="webdriver.base.url" value=""/>
    <property name="java.vm.name" value="Java HotSpot(TM) 64-Bit Server VM"/>
    <property name="localRepository" value="/Users/deepapandey/.m2/repository"/>
    <property name="java.vendor.url.bug" value="https://bugreport.java.com/bugreport/"/>
    <property name="java.io.tmpdir" value="/var/folders/3h/b0byy4bd37q3b71h4ydh7rnw0000gn/T/"/>
    <property name="java.version" value="18.0.1.1"/>
    <property name="user.dir" value="/Users/deepapandey/eclipse-workspace/web"/>
    <property name="os.arch" value="x86_64"/>
    <property name="java.vm.specification.name" value="Java Virtual Machine Specification"/>
    <property name="native.encoding" value="UTF-8"/>
    <property name="java.library.path" value="/Users/deepapandey/Library/Java/Extensions:/Library/Java/Extensions:/Network/Library/Java/Extensions:/System/Library/Java/Extensions:/usr/lib/java:."/>
    <property name="java.vm.info" value="mixed mode"/>
    <property name="java.vendor" value="Oracle Corporation"/>
    <property name="java.vm.version" value="18.0.1.1+2-6"/>
    <property name="sun.io.unicode.encoding" value="UnicodeBig"/>
    <property name="socksNonProxyHosts" value="local|*.local|169.254/16|*.169.254/16"/>
    <property name="java.class.version" value="62.0"/>
  </properties>
  <testcase name="Create a user so that he can login into COVID THE GAME application" classname="User Creation, complete some challenges and check the leaderboard" time="33.52">
    <system-out><![CDATA[15:13:32.966 [main] INFO io.cucumber.core.plugin.SerenityReporter - Running feature from file:///Users/deepapandey/eclipse-workspace/web/src/test/resources/features/covid19.feature
15:13:33.138 [main] INFO  - 

-------------------------------------------------------------------------------------
     _______. _______ .______       _______ .__   __.  __  .___________.____    ____ 
    /       ||   ____||   _  \     |   ____||  \ |  | |  | |           |\   \  /   / 
   |   (----`|  |__   |  |_)  |    |  |__   |   \|  | |  | `---|  |----` \   \/   /  
    \   \    |   __|  |      /     |   __|  |  . `  | |  |     |  |       \_    _/   
.----)   |   |  |____ |  |\  \----.|  |____ |  |\   | |  |     |  |         |  |     
|_______/    |_______|| _| `._____||_______||__| \__| |__|     |__|         |__|    
                                                                                     
 News and tutorials at http://www.serenity-bdd.info                                  
 Documentation at https://wakaleo.gitbooks.io/the-serenity-book/content/             
 Join the Serenity Community on Gitter: https://gitter.im/serenity-bdd/serenity-core 
 Serenity BDD Support and Training at http://serenity-bdd.info/#/trainingandsupport  
-------------------------------------------------------------------------------------

15:13:33.141 [main] DEBUG net.thucydides.core.steps.StepEventBus - Test suite started for story net.thucydides.core.model.Story@21cfa2c6
15:13:33.144 [main] INFO  - Test Suite Started: User Creation, complete some challenges and check the leaderboard
15:13:33.155 [main] INFO io.cucumber.core.plugin.SerenityReporter - Running feature from file:///Users/deepapandey/eclipse-workspace/web/src/test/resources/features/covid19.feature
15:13:33.159 [main] DEBUG net.thucydides.core.steps.StepEventBus - Test suite started for story net.thucydides.core.model.Story@21cfa2c6
15:13:33.160 [main] INFO  - Test Suite Started: User Creation, complete some challenges and check the leaderboard

@RegressionTest
Scenario: Create a user so that he can login into COVID THE GAME application                   &amp#27;[90m# src/test/resources/features/covid19.feature:3&amp#27;[0m
15:13:33.232 [main] INFO io.cucumber.core.plugin.SerenityReporter - Running feature from file:///Users/deepapandey/eclipse-workspace/web/src/test/resources/features/covid19.feature
15:13:33.331 [main] INFO  - 
  _____   ___   ___   _____     ___   _____     _     ___   _____   ___   ___  
 |_   _| | __| / __| |_   _|   / __| |_   _|   /_\   | _ \ |_   _| | __| |   \ 
   | |   | _|  \__ \   | |     \__ \   | |    / _ \  |   /   | |   | _|  | |) |
   |_|   |___| |___/   |_|     |___/   |_|   /_/ \_\ |_|_\   |_|   |___| |___/ 

Create a user so that he can login into COVID THE GAME application(user-creation--complete-some-challenges-and-check-the-leaderboard;create-a-user-so-that-he-can-login-into-covid-the-game-application)
--------------------------------------------------------------------------------
15:13:33.833 [main] DEBUG net.thucydides.core.steps.StepInterceptor - STARTING STEP: UserCreation.user_is_on_home_page_of_covid_application - openApplication
15:13:33.864 [main] INFO net.serenitybdd.core.webdriver.driverproviders.ChromeDriverProvider - Using automatically driver download
15:13:34.711 [main] DEBUG io.github.bonigarcia.wdm.cache.ResolutionCache - Removing resolution chrome=101 from cache (expired on Sat May 21 15:09:11 AEST 2022)
15:13:34.764 [main] DEBUG org.apache.hc.client5.http.impl.classic.InternalHttpClient - ex-00000001: preparing request execution
15:13:34.766 [main] DEBUG org.apache.hc.client5.http.protocol.RequestAddCookies - Cookie spec selected: strict
15:13:34.768 [main] DEBUG org.apache.hc.client5.http.protocol.RequestAuthCache - Auth cache not set in the context
15:13:34.768 [main] DEBUG org.apache.hc.client5.http.impl.classic.ProtocolExec - ex-00000001: target auth state: UNCHALLENGED
15:13:34.769 [main] DEBUG org.apache.hc.client5.http.impl.classic.ProtocolExec - ex-00000001: proxy auth state: UNCHALLENGED
15:13:34.769 [main] DEBUG org.apache.hc.client5.http.impl.classic.ConnectExec - ex-00000001: acquiring connection with route {s}->https://raw.githubusercontent.com:443
15:13:34.769 [main] DEBUG org.apache.hc.client5.http.impl.classic.InternalHttpClient - ex-00000001: acquiring endpoint (3 MINUTES)
15:13:34.770 [main] DEBUG org.apache.hc.client5.http.impl.io.PoolingHttpClientConnectionManager - ex-00000001: endpoint lease request (3 MINUTES) [route: {s}->https://raw.githubusercontent.com:443][total available: 0; route allocated: 0 of 5; total allocated: 0 of 25]
15:13:34.774 [main] DEBUG org.apache.hc.client5.http.impl.io.PoolingHttpClientConnectionManager - ex-00000001: endpoint leased [route: {s}->https://raw.githubusercontent.com:443][total available: 0; route allocated: 1 of 5; total allocated: 1 of 25]
15:13:34.779 [main] DEBUG org.apache.hc.client5.http.impl.io.PoolingHttpClientConnectionManager - ex-00000001: acquired ep-00000000
15:13:34.779 [main] DEBUG org.apache.hc.client5.http.impl.classic.InternalHttpClient - ex-00000001: acquired endpoint ep-00000000
15:13:34.779 [main] DEBUG org.apache.hc.client5.http.impl.classic.ConnectExec - ex-00000001: opening connection {s}->https://raw.githubusercontent.com:443
15:13:34.780 [main] DEBUG org.apache.hc.client5.http.impl.classic.InternalHttpClient - ep-00000000: connecting endpoint (30 SECONDS)
15:13:34.780 [main] DEBUG org.apache.hc.client5.http.impl.io.PoolingHttpClientConnectionManager - ep-00000000: connecting endpoint to https://raw.githubusercontent.com:443 (30 SECONDS)
15:13:34.853 [main] DEBUG org.apache.hc.client5.http.impl.io.DefaultHttpClientConnectionOperator - http-outgoing-0: connecting to raw.githubusercontent.com/185.199.111.133:443
15:13:34.854 [main] DEBUG org.apache.hc.client5.http.ssl.SSLConnectionSocketFactory - Connecting socket to raw.githubusercontent.com/185.199.111.133:443 with timeout 30 SECONDS
15:13:34.927 [main] DEBUG org.apache.hc.client5.http.ssl.SSLConnectionSocketFactory - Enabled protocols: [TLSv1.3, TLSv1.2]
15:13:34.928 [main] DEBUG org.apache.hc.client5.http.ssl.SSLConnectionSocketFactory - Enabled cipher suites: [TLS_AES_256_GCM_SHA384, TLS_AES_128_GCM_SHA256, TLS_CHACHA20_POLY1305_SHA256, TLS_ECDHE_ECDSA_WITH_AES_256_GCM_SHA384, TLS_ECDHE_ECDSA_WITH_AES_128_GCM_SHA256, TLS_ECDHE_ECDSA_WITH_CHACHA20_POLY1305_SHA256, TLS_ECDHE_RSA_WITH_AES_256_GCM_SHA384, TLS_ECDHE_RSA_WITH_CHACHA20_POLY1305_SHA256, TLS_ECDHE_RSA_WITH_AES_128_GCM_SHA256, TLS_DHE_RSA_WITH_AES_256_GCM_SHA384, TLS_DHE_RSA_WITH_CHACHA20_POLY1305_SHA256, TLS_DHE_DSS_WITH_AES_256_GCM_SHA384, TLS_DHE_RSA_WITH_AES_128_GCM_SHA256, TLS_DHE_DSS_WITH_AES_128_GCM_SHA256, TLS_ECDHE_ECDSA_WITH_AES_256_CBC_SHA384, TLS_ECDHE_RSA_WITH_AES_256_CBC_SHA384, TLS_ECDHE_ECDSA_WITH_AES_128_CBC_SHA256, TLS_ECDHE_RSA_WITH_AES_128_CBC_SHA256, TLS_DHE_RSA_WITH_AES_256_CBC_SHA256, TLS_DHE_DSS_WITH_AES_256_CBC_SHA256, TLS_DHE_RSA_WITH_AES_128_CBC_SHA256, TLS_DHE_DSS_WITH_AES_128_CBC_SHA256, TLS_ECDH_ECDSA_WITH_AES_256_GCM_SHA384, TLS_ECDH_RSA_WITH_AES_256_GCM_SHA384, TLS_ECDH_ECDSA_WITH_AES_128_GCM_SHA256, TLS_ECDH_RSA_WITH_AES_128_GCM_SHA256, TLS_ECDH_ECDSA_WITH_AES_256_CBC_SHA384, TLS_ECDH_RSA_WITH_AES_256_CBC_SHA384, TLS_ECDH_ECDSA_WITH_AES_128_CBC_SHA256, TLS_ECDH_RSA_WITH_AES_128_CBC_SHA256, TLS_ECDHE_ECDSA_WITH_AES_256_CBC_SHA, TLS_ECDHE_RSA_WITH_AES_256_CBC_SHA, TLS_ECDHE_ECDSA_WITH_AES_128_CBC_SHA, TLS_ECDHE_RSA_WITH_AES_128_CBC_SHA, TLS_DHE_RSA_WITH_AES_256_CBC_SHA, TLS_DHE_DSS_WITH_AES_256_CBC_SHA, TLS_DHE_RSA_WITH_AES_128_CBC_SHA, TLS_DHE_DSS_WITH_AES_128_CBC_SHA, TLS_ECDH_ECDSA_WITH_AES_256_CBC_SHA, TLS_ECDH_RSA_WITH_AES_256_CBC_SHA, TLS_ECDH_ECDSA_WITH_AES_128_CBC_SHA, TLS_ECDH_RSA_WITH_AES_128_CBC_SHA, TLS_RSA_WITH_AES_256_GCM_SHA384, TLS_RSA_WITH_AES_128_GCM_SHA256, TLS_RSA_WITH_AES_256_CBC_SHA256, TLS_RSA_WITH_AES_128_CBC_SHA256, TLS_RSA_WITH_AES_256_CBC_SHA, TLS_RSA_WITH_AES_128_CBC_SHA, TLS_EMPTY_RENEGOTIATION_INFO_SCSV]
15:13:34.928 [main] DEBUG org.apache.hc.client5.http.ssl.SSLConnectionSocketFactory - Starting handshake
15:13:35.052 [main] DEBUG org.apache.hc.client5.http.ssl.SSLConnectionSocketFactory - Secure session established
15:13:35.053 [main] DEBUG org.apache.hc.client5.http.ssl.SSLConnectionSocketFactory -  negotiated protocol: TLSv1.3
15:13:35.053 [main] DEBUG org.apache.hc.client5.http.ssl.SSLConnectionSocketFactory -  negotiated cipher suite: TLS_AES_256_GCM_SHA384
15:13:35.054 [main] DEBUG org.apache.hc.client5.http.ssl.SSLConnectionSocketFactory -  peer principal: CN=*.github.io, O="GitHub, Inc.", L=San Francisco, ST=California, C=US
15:13:35.056 [main] DEBUG org.apache.hc.client5.http.ssl.SSLConnectionSocketFactory -  peer alternative names: [*.github.io, github.com, *.github.com, www.github.com, github.io, githubusercontent.com, *.githubusercontent.com]
15:13:35.056 [main] DEBUG org.apache.hc.client5.http.ssl.SSLConnectionSocketFactory -  issuer principal: CN=DigiCert TLS RSA SHA256 2020 CA1, O=DigiCert Inc, C=US
15:13:35.057 [main] DEBUG org.apache.hc.client5.http.impl.io.DefaultHttpClientConnectionOperator - http-outgoing-0: connection established 192.168.1.100:50731<->185.199.111.133:443
15:13:35.059 [main] DEBUG org.apache.hc.client5.http.impl.io.PoolingHttpClientConnectionManager - ep-00000000: connected http-outgoing-0
15:13:35.059 [main] DEBUG org.apache.hc.client5.http.impl.classic.InternalHttpClient - ep-00000000: endpoint connected
15:13:35.059 [main] DEBUG org.apache.hc.client5.http.impl.classic.MainClientExec - ex-00000001: executing GET /bonigarcia/webdrivermanager/master/src/main/resources/commands.properties HTTP/1.1
15:13:35.059 [main] DEBUG org.apache.hc.client5.http.impl.classic.InternalHttpClient - ep-00000000: start execution ex-00000001
15:13:35.059 [main] DEBUG org.apache.hc.client5.http.impl.io.PoolingHttpClientConnectionManager - ep-00000000: executing exchange ex-00000001 over http-outgoing-0
15:13:35.060 [main] DEBUG org.apache.hc.client5.http.headers - http-outgoing-0 >> GET /bonigarcia/webdrivermanager/master/src/main/resources/commands.properties HTTP/1.1
15:13:35.060 [main] DEBUG org.apache.hc.client5.http.headers - http-outgoing-0 >> user-agent: Apache-HttpClient/5.0
15:13:35.060 [main] DEBUG org.apache.hc.client5.http.headers - http-outgoing-0 >> accept-encoding: gzip, deflate, br
15:13:35.060 [main] DEBUG org.apache.hc.client5.http.headers - http-outgoing-0 >> cache-control: max-age=0
15:13:35.060 [main] DEBUG org.apache.hc.client5.http.headers - http-outgoing-0 >> connection: keep-alive
15:13:35.060 [main] DEBUG org.apache.hc.client5.http.headers - http-outgoing-0 >> Host: raw.githubusercontent.com
15:13:35.060 [main] DEBUG org.apache.hc.client5.http.wire - http-outgoing-0 >> "GET /bonigarcia/webdrivermanager/master/src/main/resources/commands.properties HTTP/1.1[\r][\n]"
15:13:35.061 [main] DEBUG org.apache.hc.client5.http.wire - http-outgoing-0 >> "user-agent: Apache-HttpClient/5.0[\r][\n]"
15:13:35.061 [main] DEBUG org.apache.hc.client5.http.wire - http-outgoing-0 >> "accept-encoding: gzip, deflate, br[\r][\n]"
15:13:35.061 [main] DEBUG org.apache.hc.client5.http.wire - http-outgoing-0 >> "cache-control: max-age=0[\r][\n]"
15:13:35.061 [main] DEBUG org.apache.hc.client5.http.wire - http-outgoing-0 >> "connection: keep-alive[\r][\n]"
15:13:35.061 [main] DEBUG org.apache.hc.client5.http.wire - http-outgoing-0 >> "Host: raw.githubusercontent.com[\r][\n]"
15:13:35.061 [main] DEBUG org.apache.hc.client5.http.wire - http-outgoing-0 >> "[\r][\n]"
15:13:35.273 [main] DEBUG org.apache.hc.client5.http.wire - http-outgoing-0 << "HTTP/1.1 200 OK[\r][\n]"
15:13:35.274 [main] DEBUG org.apache.hc.client5.http.wire - http-outgoing-0 << "Connection: keep-alive[\r][\n]"
15:13:35.274 [main] DEBUG org.apache.hc.client5.http.wire - http-outgoing-0 << "Content-Length: 723[\r][\n]"
15:13:35.275 [main] DEBUG org.apache.hc.client5.http.wire - http-outgoing-0 << "Cache-Control: max-age=300[\r][\n]"
15:13:35.275 [main] DEBUG org.apache.hc.client5.http.wire - http-outgoing-0 << "Content-Security-Policy: default-src 'none'; style-src 'unsafe-inline'; sandbox[\r][\n]"
15:13:35.275 [main] DEBUG org.apache.hc.client5.http.wire - http-outgoing-0 << "Content-Type: text/plain; charset=utf-8[\r][\n]"
15:13:35.275 [main] DEBUG org.apache.hc.client5.http.wire - http-outgoing-0 << "ETag: W/"e82b438271e9e8680c688b0b680efd0bdd22faa6d6f0a32fc1fd8accc486b67e"[\r][\n]"
15:13:35.276 [main] DEBUG org.apache.hc.client5.http.wire - http-outgoing-0 << "Strict-Transport-Security: max-age=31536000[\r][\n]"
15:13:35.276 [main] DEBUG org.apache.hc.client5.http.wire - http-outgoing-0 << "X-Content-Type-Options: nosniff[\r][\n]"
15:13:35.276 [main] DEBUG org.apache.hc.client5.http.wire - http-outgoing-0 << "X-Frame-Options: deny[\r][\n]"
15:13:35.276 [main] DEBUG org.apache.hc.client5.http.wire - http-outgoing-0 << "X-XSS-Protection: 1; mode=block[\r][\n]"
15:13:35.277 [main] DEBUG org.apache.hc.client5.http.wire - http-outgoing-0 << "X-GitHub-Request-Id: 7DC6:7791:175D73:1FF046:6287C347[\r][\n]"
15:13:35.277 [main] DEBUG org.apache.hc.client5.http.wire - http-outgoing-0 << "Content-Encoding: gzip[\r][\n]"
15:13:35.277 [main] DEBUG org.apache.hc.client5.http.wire - http-outgoing-0 << "Accept-Ranges: bytes[\r][\n]"
15:13:35.277 [main] DEBUG org.apache.hc.client5.http.wire - http-outgoing-0 << "Date: Sat, 21 May 2022 05:13:35 GMT[\r][\n]"
15:13:35.277 [main] DEBUG org.apache.hc.client5.http.wire - http-outgoing-0 << "Via: 1.1 varnish[\r][\n]"
15:13:35.277 [main] DEBUG org.apache.hc.client5.http.wire - http-outgoing-0 << "X-Served-By: cache-syd10162-SYD[\r][\n]"
15:13:35.278 [main] DEBUG org.apache.hc.client5.http.wire - http-outgoing-0 << "X-Cache: HIT[\r][\n]"
15:13:35.278 [main] DEBUG org.apache.hc.client5.http.wire - http-outgoing-0 << "X-Cache-Hits: 1[\r][\n]"
15:13:35.278 [main] DEBUG org.apache.hc.client5.http.wire - http-outgoing-0 << "X-Timer: S1653110015.083390,VS0,VE201[\r][\n]"
15:13:35.278 [main] DEBUG org.apache.hc.client5.http.wire - http-outgoing-0 << "Vary: Authorization,Accept-Encoding,Origin[\r][\n]"
15:13:35.278 [main] DEBUG org.apache.hc.client5.http.wire - http-outgoing-0 << "Access-Control-Allow-Origin: *[\r][\n]"
15:13:35.279 [main] DEBUG org.apache.hc.client5.http.wire - http-outgoing-0 << "X-Fastly-Request-ID: c854860031c7367aaeeb2472bdd7bdb982175e23[\r][\n]"
15:13:35.283 [main] DEBUG org.apache.hc.client5.http.wire - http-outgoing-0 << "Expires: Sat, 21 May 2022 05:18:35 GMT[\r][\n]"
15:13:35.284 [main] DEBUG org.apache.hc.client5.http.wire - http-outgoing-0 << "Source-Age: 0[\r][\n]"
15:13:35.284 [main] DEBUG org.apache.hc.client5.http.wire - http-outgoing-0 << "[\r][\n]"
15:13:35.288 [main] DEBUG org.apache.hc.client5.http.headers - http-outgoing-0 << HTTP/1.1 200 OK
15:13:35.288 [main] DEBUG org.apache.hc.client5.http.headers - http-outgoing-0 << Connection: keep-alive
15:13:35.289 [main] DEBUG org.apache.hc.client5.http.headers - http-outgoing-0 << Content-Length: 723
15:13:35.289 [main] DEBUG org.apache.hc.client5.http.headers - http-outgoing-0 << Cache-Control: max-age=300
15:13:35.289 [main] DEBUG org.apache.hc.client5.http.headers - http-outgoing-0 << Content-Security-Policy: default-src 'none'; style-src 'unsafe-inline'; sandbox
15:13:35.289 [main] DEBUG org.apache.hc.client5.http.headers - http-outgoing-0 << Content-Type: text/plain; charset=utf-8
15:13:35.289 [main] DEBUG org.apache.hc.client5.http.headers - http-outgoing-0 << ETag: W/"e82b438271e9e8680c688b0b680efd0bdd22faa6d6f0a32fc1fd8accc486b67e"
15:13:35.289 [main] DEBUG org.apache.hc.client5.http.headers - http-outgoing-0 << Strict-Transport-Security: max-age=31536000
15:13:35.289 [main] DEBUG org.apache.hc.client5.http.headers - http-outgoing-0 << X-Content-Type-Options: nosniff
15:13:35.289 [main] DEBUG org.apache.hc.client5.http.headers - http-outgoing-0 << X-Frame-Options: deny
15:13:35.289 [main] DEBUG org.apache.hc.client5.http.headers - http-outgoing-0 << X-XSS-Protection: 1; mode=block
15:13:35.289 [main] DEBUG org.apache.hc.client5.http.headers - http-outgoing-0 << X-GitHub-Request-Id: 7DC6:7791:175D73:1FF046:6287C347
15:13:35.289 [main] DEBUG org.apache.hc.client5.http.headers - http-outgoing-0 << Content-Encoding: gzip
15:13:35.289 [main] DEBUG org.apache.hc.client5.http.headers - http-outgoing-0 << Accept-Ranges: bytes
15:13:35.289 [main] DEBUG org.apache.hc.client5.http.headers - http-outgoing-0 << Date: Sat, 21 May 2022 05:13:35 GMT
15:13:35.289 [main] DEBUG org.apache.hc.client5.http.headers - http-outgoing-0 << Via: 1.1 varnish
15:13:35.289 [main] DEBUG org.apache.hc.client5.http.headers - http-outgoing-0 << X-Served-By: cache-syd10162-SYD
15:13:35.289 [main] DEBUG org.apache.hc.client5.http.headers - http-outgoing-0 << X-Cache: HIT
15:13:35.289 [main] DEBUG org.apache.hc.client5.http.headers - http-outgoing-0 << X-Cache-Hits: 1
15:13:35.289 [main] DEBUG org.apache.hc.client5.http.headers - http-outgoing-0 << X-Timer: S1653110015.083390,VS0,VE201
15:13:35.289 [main] DEBUG org.apache.hc.client5.http.headers - http-outgoing-0 << Vary: Authorization,Accept-Encoding,Origin
15:13:35.289 [main] DEBUG org.apache.hc.client5.http.headers - http-outgoing-0 << Access-Control-Allow-Origin: *
15:13:35.290 [main] DEBUG org.apache.hc.client5.http.headers - http-outgoing-0 << X-Fastly-Request-ID: c854860031c7367aaeeb2472bdd7bdb982175e23
15:13:35.290 [main] DEBUG org.apache.hc.client5.http.headers - http-outgoing-0 << Expires: Sat, 21 May 2022 05:18:35 GMT
15:13:35.290 [main] DEBUG org.apache.hc.client5.http.headers - http-outgoing-0 << Source-Age: 0
15:13:35.298 [main] DEBUG org.apache.hc.client5.http.impl.classic.MainClientExec - ex-00000001: connection can be kept alive for 3 MINUTES
15:13:35.306 [main] DEBUG org.apache.hc.client5.http.wire - http-outgoing-0 << "[0x1f][0xffffff8b][0x8][0x0][0x0][0x0][0x0][0x0][0x0][0x3][0xffffffb5]V]o[0xffffffda]0[0x14]}[0xffffffe7]W\[0xffffff81]*[0xffffffb5][0x12][0x1f][[M[0xffffffd3]$[0x1e]hF[0xffffffbb]i [0x18][0xffffffb4][0xffffffdd]&[0xfffffff9][0xffffffc5]$7[0xffffffc1]R[0x12]#;[0xffffff94]v[0xffffffbf]~[0xffffffb6][0xfffffff3]1[0xffffff92][0xffffff9a][0xffffffc1][0x1a]x[0xffffffcb][0xffffffb5][0xffffffaf][0xffffffcf]9[0xffffffbe][0xfffffff7]8v[0xb][0x1c][0x1e]E4[0xfffffff6]$x4[0xffffffa1][0xb]*[0xffffffb1][0xffffffd1][0xffffff82][0xfffffffb]%[0xffffff93][0xffffffe0][0xffffffb3][0x10][0xffffffc1][0xffffffe5]qBY,!Y[0xffffffea] KM8,[0x10][0xfffffff0][0x19][0xffffffdd]u[0xffffff82][0x1e][0xffffffb0][0xffffffd8]L[0xffffffcb]%[0xffffff86][0xffffffa1][0xe][0xffffffb8][0xfffffff0]P[0xffffffe8]$[0xf][0x13]t[0x13]3[0xfffffff9][0xffffff84]B2[0xffffffae][0xffffffe6]|@[0xfffffff5][0x1d][0x8][0xffffffc4][0x18][0x16][0xffffff82]o[0xffffffa4][0xffffff9a]P[0xffffff94][0xffffffe7][0xffffffce]R[0xfffffff0][0x8][0xffffffdb]p[0xffffffcb][0x4][0xfffffffa][0xfffffffc][0xffffffb9][\r][0xffffff93][0x15][\n]"
15:13:35.307 [main] DEBUG org.apache.hc.client5.http.wire - http-outgoing-0 << "[0xffffffda][0xffffff86][0xffffffa1][0x17][0xffffffa8]Q3[0xffffffcb][0xffffffd6][0xffffffd1][0xffffff85][0xffffffc6][0xfffffff7][0xffffff98][0xffffffef][0xffffffa3][0xffffffc0]8[0x1][0xffffffae]s[0x12][0x16][0x7] _d[0xffffff82][0xffffff91][0xffffff84][0xfffffff3][0x1f],[0xfffffff6][0x14]j[0x1b]F,^+[0xffffff98]1ua2[0xffffffbf]h([0xffffff8e][0xffffff94][0xffffffa2][0xffffff91]m[0xffffffa3][0xffffffeb][0xffffff9a][0xffffffb0][0xffffffbb]I[0x17]t[0xffffffdf][0xffffffbd][0xffffffef][0xffffffbb][0xffffff91][0xffffffd7]U[0xffffffbb][0xffffff82][0xffffff9e][0x3][0xffffff9b][0xffffff88][0xffffffb9][0xffffffa6]$[0xffffffa6][0xc][0xffffff9b][0xffffffa5][0xffffffe2][0xffffff83][0xffffff98]F[0xffffffd8]o[0xffffff9e]Mg[0xffffff93][0xffffffbb][0xffffffd9]`|[0xfffffffb]u4[0xffffff9c][0x7f]"}B[0xffffffce][0x8][0xffffffb9][0xffffffe3]<[0x8][0xffffff91][0xffffff90][0xffffff94][0xffffff82][0xffffff90][0xffffffc1]j[0x15]2WI[0xffffffe3]1![0x19][0xffffff91]BnB[0xffffff80][0x9]<f[0xffffffb5][0xffffffe8]=[0xffffffd1]p[0xffffffbd][[0xffffffcf][0xffffffe5][0x1b][0xfffffff4][0xffffff9c][0xffffffff][0xfffffffc][0xfffffff8][0xffffffe1][0xffffffe2][0xffffff94][0xffffffa2][0xffffffae][0xe][0x14]5[0xffffff9a]8[0xffffff83][0xffffffd1]`:[0xfffffffd]<[0xffffffb8][0x1f][0xffffff9c]R[0xffffffcf]u[0x7f]6[0xffffffbc][0xffffff83][0xffffffef][0xf][0xffffffc3][0xffffffd9]/[0xfffffff8][0xfffffff2][0xffffffcd]y s[0xffffffee]'[0x1b]*0g[0xffffffcb][0xffffffc8]nF7H][0xffffff83][0xffffff97]{[0xffffffb1]Q[0x5][\r][0xffffffb5]c[0xffffffb4][0xf][0x2][0xffffffb3][0xffffffb4][0xffffff93][0xe]C[0xffffffa7][0xffffffb3]kAD][0xffffff9d][0xffffffde][0xffffffdb][0xffffffda][0xffffff88][0xffffffec][0xffffffa5][0xffffffbc][0xffffff99][0xffffffd9][0xffffffba]t[0xffffffb5][0xffffffea]9[0xffffffea][0x10])[0xffffffb7][0xffffffca][0xffffff9e][0xfffffff2][0xffffffe2]d^N[0xffffffd8]FW[0x16][0xffffffcd][0xffffffdc]_[0x10][0xfffffff9]i|[0x1c][0xffffff93][0xffffff8e][0xfffffff9]o[0x16][0xffffff86]4'!$G[0xffffffdf]W[0xfffffff4]W*j[[0xfffffff3]xR[0xffffffae][0xffffffb6][0xc][0xffffffd0],; #[0xffffffa9][0xffffff92]5[0xffffffb5][0x7][0xffffff9c][0xffffffb5][0xffffffd0][0x7f][0xffffff90][0xffffffc7]jgs[0xfffffffc][0xffffffc2][0xb][0xffffffd9][0x0]t[0xffffff9e]^'Y[0xfffffffb][0xffffff9f][0xffffffb1][0xffffffd8]:[0xffffffbf][0xffffff8d][0xffffffa5][0xffffff9a][0xffffffad][0x7f]m[0x5]&[0xffffffaa][0xffffffa0]^[0xffffff9b][0xffffffcb][0x5]f[0xffffffae][0xffffffe0]RU[0xffffff82][0x10]MS9l[0xffffff91]4t[0xfffffffb][0xffffff8a]][0xffffffd6][0xfffffff4][0xffffff96][0xffffffa6][0xffffff9f]P[0xffffffce][0xffffffd5][0xffffffce][0xffffff93][0xffffffff][0xffffff97][0xffffffcc]p[0xfffffffd][0xfffffff3][0xffffffe8][0x1b][0xffffffcc][0xffffffa2][0xffffffd9]Q[0xffffffbe][0xffffffb2][0xffffffa3][0xffffffc7]m'[0xffffffdf][0xffffffe4][[0xfffffffb]^[0xffffffb0][0xffffff9a][0xffffffbe][0xffffffda][0xffffffda]_[0xffffffce][0xffffff80][0xffffffd2][0xffffffc1]7[0xffffffb7]][0xffffffc1]b[0xffffffee][0xffffffb5][0xffffffff]w[0xffffff83][0xffffffed][0xffffffa7];[0x15]<[0x10]4[0xffffff92][0xffffff84][0x18][\n]"
15:13:35.307 [main] DEBUG org.apache.hc.client5.http.wire - http-outgoing-0 << "BB[0xffffffba][0xffffff8e]][0xffffffb5]jo[0xffffffb9]+"[0xffffffea][0xffffffb4][0xffffffff]h"[0xffffffea]\?5[0xffffffa9][0xffffffaf]k[0xffffffec][0xffffffff]P[0xffffffea][\n]"
15:13:35.308 [main] DEBUG org.apache.hc.client5.http.wire - http-outgoing-0 << "w[0xffffffe1]K[0x13][0xffffffda][0xffffffec][0xffffff98][0xffffffe6]Y[0xfffffffd]h8m6[0xffffff9c]T[0xffffffc1][0xfffffff2][0xffffffa7][0xffffff91]z_[0xffffff95]o85p[0x1c][0x13][0xffffffe6][0xfffffff0]5[0xffffffee][0xfffffffc][0xffffff92][0xffffff96][0xffffffda][0xfffffff7][0xffffffcf][0xffffffb1][0x5][0x1d][0xffffffea]K[0xffffff9b]9[0xffffff8e][0xffffffad]e[0xfffffff7][0xffffff93][0xffffffa8]`[0xffffffda][0xffffffff][0x1a][0xffffffd2][0xffffff88][0xffffff85][0xfffffffd][0xfffffff2][0xffffff91]N[0xfffffff6]`[0xffffffdf]2[0xffffffcf][0xffffffae]E[0xffffff97][0xffffffc5][0xffffffa2][0xffffff9d][0xffffffef]'[0xffffff9d]mun.[0xffffffd3]f^[0xffffffc7][0xffffff82][0xffffffda][0xffffff82]9[0xfffffff5][0xffffffa9]`[0x5][0xffffffbc]4[0xffffffa1][0x1d]<M[0xffffffb5]A[0xffffffa7]3[[0xffffffc0][0x7f][0x0][0xffffffc1][0xffffffd0]$[0xffffff85][0x1d][\r][0x0][0x0]"
15:13:35.316 [main] DEBUG org.apache.hc.client5.http.impl.classic.InternalHttpClient - ep-00000000: releasing valid endpoint
15:13:35.316 [main] DEBUG org.apache.hc.client5.http.impl.io.PoolingHttpClientConnectionManager - ep-00000000: releasing endpoint
15:13:35.317 [main] DEBUG org.apache.hc.client5.http.impl.io.PoolingHttpClientConnectionManager - ep-00000000: connection http-outgoing-0 can be kept alive for 3 MINUTES
15:13:35.317 [main] DEBUG org.apache.hc.client5.http.impl.io.PoolingHttpClientConnectionManager - ep-00000000: connection released [route: {s}->https://raw.githubusercontent.com:443][total available: 1; route allocated: 1 of 5; total allocated: 1 of 25]
15:13:35.318 [main] DEBUG io.github.bonigarcia.wdm.versions.VersionDetector - Detecting chrome version using online commands.properties
15:13:35.322 [main] DEBUG io.github.bonigarcia.wdm.versions.Shell - Running command on the shell: [/Applications/Google Chrome.app/Contents/MacOS/Google Chrome, --version]
15:13:35.481 [main] DEBUG io.github.bonigarcia.wdm.versions.Shell - Result: Google Chrome 101.0.4951.64
15:13:35.488 [main] DEBUG io.github.bonigarcia.wdm.cache.ResolutionCache - Resolution chrome101=101.0.4951.41 in cache (valid until 23:50:23 21/05/2022 AEST)
15:13:35.491 [main] INFO io.github.bonigarcia.wdm.WebDriverManager - Using chromedriver 101.0.4951.41 (resolved driver for Chrome 101)
15:13:35.499 [main] DEBUG io.github.bonigarcia.wdm.cache.ResolutionCache - Storing resolution chrome=101 in cache (valid until 16:13:35 21/05/2022 AEST)
15:13:35.509 [main] DEBUG io.github.bonigarcia.wdm.WebDriverManager - Driver chromedriver 101.0.4951.41 found in cache
15:13:35.512 [main] INFO io.github.bonigarcia.wdm.WebDriverManager - Exporting webdriver.chrome.driver as /Users/deepapandey/.cache/selenium/chromedriver/mac64/101.0.4951.41/chromedriver
15:13:36.264 [main] DEBUG net.thucydides.core.reflection.ClassFinder - Could not load class .pages.ChallengeHomePage
15:13:36.265 [main] DEBUG net.thucydides.core.reflection.ClassFinder - Could not load class .pages.ChallengePage
15:13:36.265 [main] DEBUG net.thucydides.core.reflection.ClassFinder - Could not load class .pages.CovidHomePage
15:13:36.265 [main] DEBUG net.thucydides.core.reflection.ClassFinder - Could not load class .pages.HomePage
15:13:36.265 [main] DEBUG net.thucydides.core.reflection.ClassFinder - Could not load class .pages.ScoreboardMainPage
15:13:36.265 [main] DEBUG net.thucydides.core.reflection.ClassFinder - Could not load class .pages.ScoreboardPage
15:13:36.265 [main] DEBUG net.thucydides.core.reflection.ClassFinder - Could not load class .starter.TestSuite
15:13:36.265 [main] DEBUG net.thucydides.core.reflection.ClassFinder - Could not load class .starter.stepdefinitions.Challenges
15:13:36.265 [main] DEBUG net.thucydides.core.reflection.ClassFinder - Could not load class .starter.stepdefinitions.UserCreation
15:13:36.273 [main] DEBUG net.thucydides.core.reflection.ClassFinder - Could not load class META-INF.versions.9.com.sun.istack.logging.StackHelper
15:13:36.275 [main] DEBUG net.thucydides.core.reflection.ClassFinder - Could not load class META-INF.versions.9.com.sun.xml.bind.v2.runtime.reflect.opt.AccessorInjector
15:13:36.276 [main] DEBUG net.thucydides.core.reflection.ClassFinder - Could not load class META-INF.versions.9.com.sun.xml.bind.v2.runtime.reflect.opt.Injector
15:13:36.276 [main] DEBUG net.thucydides.core.reflection.ClassFinder - Could not load class META-INF.versions.9.com.sun.xml.bind.v2.runtime.reflect.opt.OptimizedAccessorFactory
15:13:36.276 [main] DEBUG net.thucydides.core.reflection.ClassFinder - Could not load class META-INF.versions.9.com.sun.xml.bind.v2.runtime.reflect.opt.OptimizedTransducedAccessorFactory
15:13:36.277 [main] DEBUG net.thucydides.core.reflection.ClassFinder - Could not load class META-INF.versions.9.io.opentelemetry.sdk.internal.CurrentJavaVersionSpecific
15:13:36.277 [main] DEBUG net.thucydides.core.reflection.ClassFinder - Could not load class META-INF.versions.9.io.opentelemetry.sdk.internal.Java9VersionSpecific
15:13:36.277 [main] DEBUG net.thucydides.core.reflection.ClassFinder - Could not load class META-INF.versions.9.javax.xml.bind.ModuleUtil
15:13:36.277 [main] DEBUG net.thucydides.core.reflection.ClassFinder - Could not load class META-INF.versions.9.module-info
15:13:36.278 [main] DEBUG net.thucydides.core.reflection.ClassFinder - Could not load class META-INF.versions.9.org.junit.platform.commons.util.ModuleUtils
15:13:36.482 [main] DEBUG net.thucydides.core.reflection.ClassFinder - Could not load class com.google.gson.internal.
15:13:36.585 [main] DEBUG net.thucydides.core.reflection.ClassFinder - Could not load class com.sun.xml.bind.v2.runtime.output.FastInfosetStreamWriterOutput
15:13:36.792 [main] DEBUG net.thucydides.core.reflection.ClassFinder - Could not load class module-info
15:13:38.799 [main] DEBUG io.netty.util.internal.logging.InternalLoggerFactory - Using SLF4J as the default logging framework
15:13:38.803 [main] DEBUG io.netty.util.ResourceLeakDetector - -Dio.netty.leakDetection.level: simple
15:13:38.803 [main] DEBUG io.netty.util.ResourceLeakDetector - -Dio.netty.leakDetection.targetRecords: 4
15:13:38.805 [main] DEBUG io.netty.util.ResourceLeakDetectorFactory - Loaded default ResourceLeakDetector: io.netty.util.ResourceLeakDetector@33093469
15:13:38.816 [main] DEBUG io.netty.util.internal.PlatformDependent0 - -Dio.netty.noUnsafe: false
15:13:38.816 [main] DEBUG io.netty.util.internal.PlatformDependent0 - Java version: 18
15:13:38.817 [main] DEBUG io.netty.util.internal.PlatformDependent0 - sun.misc.Unsafe.theUnsafe: available
15:13:38.819 [main] DEBUG io.netty.util.internal.PlatformDependent0 - sun.misc.Unsafe.copyMemory: available
15:13:38.819 [main] DEBUG io.netty.util.internal.PlatformDependent0 - java.nio.Buffer.address: available
15:13:38.820 [main] DEBUG io.netty.util.internal.PlatformDependent0 - direct buffer constructor: unavailable: Reflective setAccessible(true) disabled
15:13:38.820 [main] DEBUG io.netty.util.internal.PlatformDependent0 - java.nio.Bits.unaligned: available, true
15:13:38.822 [main] DEBUG io.netty.util.internal.PlatformDependent0 - jdk.internal.misc.Unsafe.allocateUninitializedArray(int): unavailable: class io.netty.util.internal.PlatformDependent0$6 cannot access class jdk.internal.misc.Unsafe (in module java.base) because module java.base does not export jdk.internal.misc to unnamed module @38e79ae3
15:13:38.823 [main] DEBUG io.netty.util.internal.PlatformDependent0 - java.nio.DirectByteBuffer.<init>(long, int): unavailable
15:13:38.823 [main] DEBUG io.netty.util.internal.PlatformDependent - sun.misc.Unsafe: available
15:13:38.830 [main] DEBUG io.netty.util.internal.PlatformDependent - maxDirectMemory: 4294967296 bytes (maybe)
15:13:38.831 [main] DEBUG io.netty.util.internal.PlatformDependent - -Dio.netty.tmpdir: /var/folders/3h/b0byy4bd37q3b71h4ydh7rnw0000gn/T (java.io.tmpdir)
15:13:38.831 [main] DEBUG io.netty.util.internal.PlatformDependent - -Dio.netty.bitMode: 64 (sun.arch.data.model)
15:13:38.833 [main] DEBUG io.netty.util.internal.PlatformDependent - Platform: MacOS
15:13:38.835 [main] DEBUG io.netty.util.internal.PlatformDependent - -Dio.netty.maxDirectMemory: -1 bytes
15:13:38.835 [main] DEBUG io.netty.util.internal.PlatformDependent - -Dio.netty.uninitializedArrayAllocationThreshold: -1
15:13:38.836 [main] DEBUG io.netty.util.internal.CleanerJava9 - java.nio.ByteBuffer.cleaner(): available
15:13:38.836 [main] DEBUG io.netty.util.internal.PlatformDependent - -Dio.netty.noPreferDirect: false
15:13:38.841 [main] DEBUG io.netty.util.internal.PlatformDependent - org.jctools-core.MpscChunkedArrayQueue: available
15:13:38.856 [main] DEBUG io.netty.util.internal.InternalThreadLocalMap - -Dio.netty.threadLocalMap.stringBuilder.initialSize: 1024
15:13:38.856 [main] DEBUG io.netty.util.internal.InternalThreadLocalMap - -Dio.netty.threadLocalMap.stringBuilder.maxSize: 4096
15:13:38.885 [main] DEBUG io.netty.handler.ssl.JdkSslContext - Default protocols (JDK): [TLSv1.3, TLSv1.2] 
15:13:38.886 [main] DEBUG io.netty.handler.ssl.JdkSslContext - Default cipher suites (JDK): [TLS_ECDHE_ECDSA_WITH_AES_256_GCM_SHA384, TLS_ECDHE_ECDSA_WITH_AES_128_GCM_SHA256, TLS_ECDHE_RSA_WITH_AES_128_GCM_SHA256, TLS_ECDHE_RSA_WITH_AES_256_GCM_SHA384, TLS_ECDHE_RSA_WITH_AES_128_CBC_SHA, TLS_ECDHE_RSA_WITH_AES_256_CBC_SHA, TLS_RSA_WITH_AES_128_GCM_SHA256, TLS_RSA_WITH_AES_128_CBC_SHA, TLS_RSA_WITH_AES_256_CBC_SHA, TLS_AES_128_GCM_SHA256, TLS_AES_256_GCM_SHA384]
15:13:38.901 [main] DEBUG io.netty.channel.MultithreadEventLoopGroup - -Dio.netty.eventLoopThreads: 16
15:13:38.907 [main] DEBUG io.netty.channel.nio.NioEventLoop - -Dio.netty.noKeySetOptimization: false
15:13:38.907 [main] DEBUG io.netty.channel.nio.NioEventLoop - -Dio.netty.selectorAutoRebuildThreshold: 512
15:13:38.926 [main] DEBUG io.netty.buffer.PooledByteBufAllocator - -Dio.netty.allocator.numHeapArenas: 16
15:13:38.927 [main] DEBUG io.netty.buffer.PooledByteBufAllocator - -Dio.netty.allocator.numDirectArenas: 16
15:13:38.927 [main] DEBUG io.netty.buffer.PooledByteBufAllocator - -Dio.netty.allocator.pageSize: 8192
15:13:38.927 [main] DEBUG io.netty.buffer.PooledByteBufAllocator - -Dio.netty.allocator.maxOrder: 11
15:13:38.927 [main] DEBUG io.netty.buffer.PooledByteBufAllocator - -Dio.netty.allocator.chunkSize: 16777216
15:13:38.927 [main] DEBUG io.netty.buffer.PooledByteBufAllocator - -Dio.netty.allocator.smallCacheSize: 256
15:13:38.927 [main] DEBUG io.netty.buffer.PooledByteBufAllocator - -Dio.netty.allocator.normalCacheSize: 64
15:13:38.927 [main] DEBUG io.netty.buffer.PooledByteBufAllocator - -Dio.netty.allocator.maxCachedBufferCapacity: 32768
15:13:38.927 [main] DEBUG io.netty.buffer.PooledByteBufAllocator - -Dio.netty.allocator.cacheTrimInterval: 8192
15:13:38.927 [main] DEBUG io.netty.buffer.PooledByteBufAllocator - -Dio.netty.allocator.cacheTrimIntervalMillis: 0
15:13:38.927 [main] DEBUG io.netty.buffer.PooledByteBufAllocator - -Dio.netty.allocator.useCacheForAllThreads: true
15:13:38.927 [main] DEBUG io.netty.buffer.PooledByteBufAllocator - -Dio.netty.allocator.maxCachedByteBuffersPerChunk: 1023
15:13:38.932 [main] DEBUG io.netty.buffer.ByteBufUtil - -Dio.netty.allocator.type: pooled
15:13:38.932 [main] DEBUG io.netty.buffer.ByteBufUtil - -Dio.netty.threadLocalDirectBufferSize: 0
15:13:38.932 [main] DEBUG io.netty.buffer.ByteBufUtil - -Dio.netty.maxThreadLocalCharBufferSize: 16384
15:13:39.109 [main] DEBUG net.serenitybdd.core.webdriver.driverproviders.ProvideNewDriver - Instantiating driver
15:13:39.109 [main] DEBUG net.serenitybdd.core.webdriver.driverproviders.ProvideNewDriver - Driver capabilities: Capabilities {acceptInsecureCerts: false, base.url: https://responsivefight.her..., browserName: chrome, goog:chromeOptions: {args: [], extensions: []}}
15:13:40.340 [Forwarding newSession on session null to remote] DEBUG io.netty.channel.DefaultChannelId - -Dio.netty.processId: 17862 (auto-detected)
15:13:40.342 [Forwarding newSession on session null to remote] DEBUG io.netty.util.NetUtil - -Djava.net.preferIPv4Stack: false
15:13:40.342 [Forwarding newSession on session null to remote] DEBUG io.netty.util.NetUtil - -Djava.net.preferIPv6Addresses: false
15:13:40.347 [Forwarding newSession on session null to remote] DEBUG io.netty.util.NetUtilInitializations - Loopback interface: lo0 (lo0, 0:0:0:0:0:0:0:1%lo0)
15:13:40.349 [Forwarding newSession on session null to remote] DEBUG io.netty.util.NetUtil - Failed to get SOMAXCONN from sysctl and file /proc/sys/net/core/somaxconn. Default: 128
15:13:40.351 [Forwarding newSession on session null to remote] DEBUG io.netty.channel.DefaultChannelId - -Dio.netty.machineId: 3c:06:30:ff:fe:24:c2:9f (auto-detected)
15:13:40.386 [AsyncHttpClient-1-2] DEBUG io.netty.buffer.AbstractByteBuf - -Dio.netty.buffer.checkAccessible: true
15:13:40.387 [AsyncHttpClient-1-2] DEBUG io.netty.buffer.AbstractByteBuf - -Dio.netty.buffer.checkBounds: true
15:13:40.387 [AsyncHttpClient-1-2] DEBUG io.netty.util.ResourceLeakDetectorFactory - Loaded default ResourceLeakDetector: io.netty.util.ResourceLeakDetector@69f85a98
15:13:40.407 [AsyncHttpClient-1-2] DEBUG org.asynchttpclient.netty.channel.NettyConnectListener - Using new Channel '[id: 0x585a4f37, L:/127.0.0.1:50755 - R:localhost/127.0.0.1:51848]' for 'POST' to '/session'
15:13:40.419 [AsyncHttpClient-1-2] DEBUG io.netty.util.Recycler - -Dio.netty.recycler.maxCapacityPerThread: 4096
15:13:40.419 [AsyncHttpClient-1-2] DEBUG io.netty.util.Recycler - -Dio.netty.recycler.ratio: 8
15:13:40.419 [AsyncHttpClient-1-2] DEBUG io.netty.util.Recycler - -Dio.netty.recycler.chunkSize: 32
15:13:40.419 [AsyncHttpClient-1-2] DEBUG io.netty.util.Recycler - -Dio.netty.recycler.blocking: false
15:13:43.432 [AsyncHttpClient-1-2] DEBUG io.netty.handler.codec.compression.Brotli - brotli4j not in the classpath; Brotli support will be unavailable.
15:13:43.432 [AsyncHttpClient-1-2] DEBUG org.asynchttpclient.netty.handler.HttpHandler - 

Request DefaultHttpRequest(decodeResult: success, version: HTTP/1.1)
POST /session HTTP/1.1
User-Agent: selenium/4.1.2 (java mac)
Content-Length: 510
Content-Type: application/json; charset=utf-8
host: localhost:51848
accept: */*

Response DefaultHttpResponse(decodeResult: success, version: HTTP/1.1)
HTTP/1.1 200 OK
Content-Type: application/json; charset=utf-8
cache-control: no-cache
content-length: 799

15:13:43.439 [AsyncHttpClient-1-2] DEBUG org.asynchttpclient.netty.channel.ChannelManager - Adding key: http://localhost:51848 for channel [id: 0x585a4f37, L:/127.0.0.1:50755 - R:localhost/127.0.0.1:51848]
15:13:43.510 [AsyncHttpClient-1-3] DEBUG org.asynchttpclient.netty.channel.NettyConnectListener - Using new Channel '[id: 0x4ea703d4, L:/127.0.0.1:50774 - R:localhost/127.0.0.1:50764]' for 'GET' to '/json/version'
15:13:43.519 [AsyncHttpClient-1-3] DEBUG org.asynchttpclient.netty.handler.HttpHandler - 

Request DefaultFullHttpRequest(decodeResult: success, version: HTTP/1.1, content: EmptyByteBufBE)
GET /json/version HTTP/1.1
User-Agent: selenium/4.1.2 (java mac)
host: localhost:50764
accept: */*

Response DefaultHttpResponse(decodeResult: success, version: HTTP/1.1)
HTTP/1.1 200 OK
Content-Type: application/json; charset=UTF-8
content-length: 425

15:13:43.520 [AsyncHttpClient-1-3] DEBUG org.asynchttpclient.netty.channel.ChannelManager - Adding key: http://localhost:50764 for channel [id: 0x4ea703d4, L:/127.0.0.1:50774 - R:localhost/127.0.0.1:50764]
15:13:43.526 [main] DEBUG io.netty.util.internal.ThreadLocalRandom - -Dio.netty.initialSeedUniquifier: 0xb6617b908147dc30
15:13:43.540 [AsyncHttpClient-1-4] DEBUG org.asynchttpclient.netty.channel.NettyConnectListener - Using new Channel '[id: 0xd0146f07, L:/127.0.0.1:50775 - R:localhost/127.0.0.1:50764]' for 'GET' to '/devtools/browser/f0a32457-7c9c-4285-aa07-cd7f410af7e9'
15:13:43.548 [AsyncHttpClient-1-4] DEBUG org.asynchttpclient.netty.handler.WebSocketHandler - 

Request DefaultFullHttpRequest(decodeResult: success, version: HTTP/1.1, content: EmptyByteBufBE)
GET /devtools/browser/f0a32457-7c9c-4285-aa07-cd7f410af7e9 HTTP/1.1
upgrade: websocket
connection: upgrade
sec-websocket-key: fQQ2j5gUZW4sAuanf93jxg==
sec-websocket-version: 13
origin: http://localhost:50764
host: localhost:50764
accept: */*
user-agent: AHC/2.1

Response DefaultHttpResponse(decodeResult: success, version: HTTP/1.1)
HTTP/1.1 101 WebSocket Protocol Handshake
Upgrade: WebSocket
Connection: Upgrade
Sec-WebSocket-Accept: iH2e0wpEmijJ/R8SAoaCynWhfjY=

15:13:44.262 [main] DEBUG net.thucydides.core.reflection.ClassFinder - Could not load class .pages.ChallengeHomePage
15:13:44.262 [main] DEBUG net.thucydides.core.reflection.ClassFinder - Could not load class .pages.ChallengePage
15:13:44.263 [main] DEBUG net.thucydides.core.reflection.ClassFinder - Could not load class .pages.CovidHomePage
15:13:44.263 [main] DEBUG net.thucydides.core.reflection.ClassFinder - Could not load class .pages.HomePage
15:13:44.263 [main] DEBUG net.thucydides.core.reflection.ClassFinder - Could not load class .pages.ScoreboardMainPage
15:13:44.263 [main] DEBUG net.thucydides.core.reflection.ClassFinder - Could not load class .pages.ScoreboardPage
15:13:44.263 [main] DEBUG net.thucydides.core.reflection.ClassFinder - Could not load class .starter.TestSuite
15:13:44.263 [main] DEBUG net.thucydides.core.reflection.ClassFinder - Could not load class .starter.stepdefinitions.Challenges
15:13:44.263 [main] DEBUG net.thucydides.core.reflection.ClassFinder - Could not load class .starter.stepdefinitions.UserCreation
15:13:44.264 [main] DEBUG net.thucydides.core.reflection.ClassFinder - Could not load class META-INF.versions.9.com.sun.istack.logging.StackHelper
15:13:44.264 [main] DEBUG net.thucydides.core.reflection.ClassFinder - Could not load class META-INF.versions.9.com.sun.xml.bind.v2.runtime.reflect.opt.AccessorInjector
15:13:44.264 [main] DEBUG net.thucydides.core.reflection.ClassFinder - Could not load class META-INF.versions.9.com.sun.xml.bind.v2.runtime.reflect.opt.Injector
15:13:44.264 [main] DEBUG net.thucydides.core.reflection.ClassFinder - Could not load class META-INF.versions.9.com.sun.xml.bind.v2.runtime.reflect.opt.OptimizedAccessorFactory
15:13:44.265 [main] DEBUG net.thucydides.core.reflection.ClassFinder - Could not load class META-INF.versions.9.com.sun.xml.bind.v2.runtime.reflect.opt.OptimizedTransducedAccessorFactory
15:13:44.265 [main] DEBUG net.thucydides.core.reflection.ClassFinder - Could not load class META-INF.versions.9.io.opentelemetry.sdk.internal.CurrentJavaVersionSpecific
15:13:44.265 [main] DEBUG net.thucydides.core.reflection.ClassFinder - Could not load class META-INF.versions.9.io.opentelemetry.sdk.internal.Java9VersionSpecific
15:13:44.265 [main] DEBUG net.thucydides.core.reflection.ClassFinder - Could not load class META-INF.versions.9.javax.xml.bind.ModuleUtil
15:13:44.267 [main] DEBUG net.thucydides.core.reflection.ClassFinder - Could not load class META-INF.versions.9.module-info
15:13:44.267 [main] DEBUG net.thucydides.core.reflection.ClassFinder - Could not load class META-INF.versions.9.org.junit.platform.commons.util.ModuleUtils
15:13:44.269 [main] DEBUG net.thucydides.core.reflection.ClassFinder - Could not load class com.google.gson.internal.
15:13:44.271 [main] DEBUG net.thucydides.core.reflection.ClassFinder - Could not load class com.sun.xml.bind.v2.runtime.output.FastInfosetStreamWriterOutput
15:13:44.273 [main] DEBUG net.thucydides.core.reflection.ClassFinder - Could not load class module-info
15:13:44.298 [Forwarding get on session 13b793ad8154e403d2ef36ceb92e2f23 to remote] DEBUG org.asynchttpclient.netty.request.NettyRequestSender - Using pooled Channel '[id: 0x585a4f37, L:/127.0.0.1:50755 - R:localhost/127.0.0.1:51848]' for 'POST' to 'http://localhost:51848/session/13b793ad8154e403d2ef36ceb92e2f23/url'
15:13:44.298 [Forwarding get on session 13b793ad8154e403d2ef36ceb92e2f23 to remote] DEBUG org.asynchttpclient.netty.request.NettyRequestSender - Using open Channel [id: 0x585a4f37, L:/127.0.0.1:50755 - R:localhost/127.0.0.1:51848] for POST '/session/13b793ad8154e403d2ef36ceb92e2f23/url'
15:13:44.348 [AsyncHttpClient-1-1] DEBUG org.asynchttpclient.netty.channel.DefaultChannelPool - Entry count for : http://localhost:50764 : 1
15:13:45.449 [AsyncHttpClient-1-1] DEBUG org.asynchttpclient.netty.channel.DefaultChannelPool - Entry count for : http://localhost:50764 : 1
15:13:46.549 [AsyncHttpClient-1-1] DEBUG org.asynchttpclient.netty.channel.DefaultChannelPool - Entry count for : http://localhost:50764 : 1
15:13:47.227 [AsyncHttpClient-1-2] DEBUG org.asynchttpclient.netty.handler.HttpHandler - 

Request DefaultHttpRequest(decodeResult: success, version: HTTP/1.1)
POST /session/13b793ad8154e403d2ef36ceb92e2f23/url HTTP/1.1
User-Agent: selenium/4.1.2 (java mac)
Content-Length: 68
Content-Type: application/json; charset=utf-8
host: localhost:51848
accept: */*

Response DefaultHttpResponse(decodeResult: success, version: HTTP/1.1)
HTTP/1.1 200 OK
Content-Type: application/json; charset=utf-8
cache-control: no-cache
content-length: 14

15:13:47.227 [AsyncHttpClient-1-2] DEBUG org.asynchttpclient.netty.channel.ChannelManager - Adding key: http://localhost:51848 for channel [id: 0x585a4f37, L:/127.0.0.1:50755 - R:localhost/127.0.0.1:51848]
15:13:47.235 [Forwarding setTimeout on session 13b793ad8154e403d2ef36ceb92e2f23 to remote] DEBUG org.asynchttpclient.netty.request.NettyRequestSender - Using pooled Channel '[id: 0x585a4f37, L:/127.0.0.1:50755 - R:localhost/127.0.0.1:51848]' for 'POST' to 'http://localhost:51848/session/13b793ad8154e403d2ef36ceb92e2f23/timeouts'
15:13:47.235 [Forwarding setTimeout on session 13b793ad8154e403d2ef36ceb92e2f23 to remote] DEBUG org.asynchttpclient.netty.request.NettyRequestSender - Using open Channel [id: 0x585a4f37, L:/127.0.0.1:50755 - R:localhost/127.0.0.1:51848] for POST '/session/13b793ad8154e403d2ef36ceb92e2f23/timeouts'
15:13:47.238 [AsyncHttpClient-1-2] DEBUG org.asynchttpclient.netty.handler.HttpHandler - 

Request DefaultHttpRequest(decodeResult: success, version: HTTP/1.1)
POST /session/13b793ad8154e403d2ef36ceb92e2f23/timeouts HTTP/1.1
User-Agent: selenium/4.1.2 (java mac)
Content-Length: 22
Content-Type: application/json; charset=utf-8
host: localhost:51848
accept: */*

Response DefaultHttpResponse(decodeResult: success, version: HTTP/1.1)
HTTP/1.1 200 OK
Content-Type: application/json; charset=utf-8
cache-control: no-cache
content-length: 14

15:13:47.238 [AsyncHttpClient-1-2] DEBUG org.asynchttpclient.netty.channel.ChannelManager - Adding key: http://localhost:51848 for channel [id: 0x585a4f37, L:/127.0.0.1:50755 - R:localhost/127.0.0.1:51848]
15:13:47.246 [Forwarding getCurrentUrl on session 13b793ad8154e403d2ef36ceb92e2f23 to remote] DEBUG org.asynchttpclient.netty.request.NettyRequestSender - Using pooled Channel '[id: 0x585a4f37, L:/127.0.0.1:50755 - R:localhost/127.0.0.1:51848]' for 'GET' to 'http://localhost:51848/session/13b793ad8154e403d2ef36ceb92e2f23/url'
15:13:47.247 [Forwarding getCurrentUrl on session 13b793ad8154e403d2ef36ceb92e2f23 to remote] DEBUG org.asynchttpclient.netty.request.NettyRequestSender - Using open Channel [id: 0x585a4f37, L:/127.0.0.1:50755 - R:localhost/127.0.0.1:51848] for GET '/session/13b793ad8154e403d2ef36ceb92e2f23/url'
15:13:47.263 [AsyncHttpClient-1-2] DEBUG org.asynchttpclient.netty.handler.HttpHandler - 

Request DefaultFullHttpRequest(decodeResult: success, version: HTTP/1.1, content: EmptyByteBufBE)
GET /session/13b793ad8154e403d2ef36ceb92e2f23/url HTTP/1.1
User-Agent: selenium/4.1.2 (java mac)
Cache-Control: no-cache
Content-Type: application/json; charset=utf-8
host: localhost:51848
accept: */*

Response DefaultHttpResponse(decodeResult: success, version: HTTP/1.1)
HTTP/1.1 200 OK
Content-Type: application/json; charset=utf-8
cache-control: no-cache
content-length: 50

15:13:47.263 [AsyncHttpClient-1-2] DEBUG org.asynchttpclient.netty.channel.ChannelManager - Adding key: http://localhost:51848 for channel [id: 0x585a4f37, L:/127.0.0.1:50755 - R:localhost/127.0.0.1:51848]
15:13:47.267 [Forwarding getCurrentUrl on session 13b793ad8154e403d2ef36ceb92e2f23 to remote] DEBUG org.asynchttpclient.netty.request.NettyRequestSender - Using pooled Channel '[id: 0x585a4f37, L:/127.0.0.1:50755 - R:localhost/127.0.0.1:51848]' for 'GET' to 'http://localhost:51848/session/13b793ad8154e403d2ef36ceb92e2f23/url'
15:13:47.267 [Forwarding getCurrentUrl on session 13b793ad8154e403d2ef36ceb92e2f23 to remote] DEBUG org.asynchttpclient.netty.request.NettyRequestSender - Using open Channel [id: 0x585a4f37, L:/127.0.0.1:50755 - R:localhost/127.0.0.1:51848] for GET '/session/13b793ad8154e403d2ef36ceb92e2f23/url'
15:13:47.270 [AsyncHttpClient-1-2] DEBUG org.asynchttpclient.netty.handler.HttpHandler - 

Request DefaultFullHttpRequest(decodeResult: success, version: HTTP/1.1, content: EmptyByteBufBE)
GET /session/13b793ad8154e403d2ef36ceb92e2f23/url HTTP/1.1
User-Agent: selenium/4.1.2 (java mac)
Cache-Control: no-cache
Content-Type: application/json; charset=utf-8
host: localhost:51848
accept: */*

Response DefaultHttpResponse(decodeResult: success, version: HTTP/1.1)
HTTP/1.1 200 OK
Content-Type: application/json; charset=utf-8
cache-control: no-cache
content-length: 50

15:13:47.270 [AsyncHttpClient-1-2] DEBUG org.asynchttpclient.netty.channel.ChannelManager - Adding key: http://localhost:51848 for channel [id: 0x585a4f37, L:/127.0.0.1:50755 - R:localhost/127.0.0.1:51848]
15:13:47.296 [main] DEBUG net.serenitybdd.core.photography.Darkroom - Opening darkroom
15:13:47.298 [Darkroom Processing Line] DEBUG net.serenitybdd.core.photography.DarkroomProcessingLine - Darkroom processing line starting up
15:13:47.299 [Forwarding screenshot on session 13b793ad8154e403d2ef36ceb92e2f23 to remote] DEBUG org.asynchttpclient.netty.request.NettyRequestSender - Using pooled Channel '[id: 0x585a4f37, L:/127.0.0.1:50755 - R:localhost/127.0.0.1:51848]' for 'GET' to 'http://localhost:51848/session/13b793ad8154e403d2ef36ceb92e2f23/screenshot'
15:13:47.299 [Forwarding screenshot on session 13b793ad8154e403d2ef36ceb92e2f23 to remote] DEBUG org.asynchttpclient.netty.request.NettyRequestSender - Using open Channel [id: 0x585a4f37, L:/127.0.0.1:50755 - R:localhost/127.0.0.1:51848] for GET '/session/13b793ad8154e403d2ef36ceb92e2f23/screenshot'
15:13:47.648 [AsyncHttpClient-1-1] DEBUG org.asynchttpclient.netty.channel.DefaultChannelPool - Entry count for : http://localhost:50764 : 1
15:13:47.764 [AsyncHttpClient-1-2] DEBUG org.asynchttpclient.netty.handler.HttpHandler - 

Request DefaultFullHttpRequest(decodeResult: success, version: HTTP/1.1, content: EmptyByteBufBE)
GET /session/13b793ad8154e403d2ef36ceb92e2f23/screenshot HTTP/1.1
User-Agent: selenium/4.1.2 (java mac)
Cache-Control: no-cache
Content-Type: application/json; charset=utf-8
host: localhost:51848
accept: */*

Response DefaultHttpResponse(decodeResult: success, version: HTTP/1.1)
HTTP/1.1 200 OK
Content-Type: application/json; charset=utf-8
cache-control: no-cache
content-length: 213784

15:13:47.767 [AsyncHttpClient-1-2] DEBUG org.asynchttpclient.netty.channel.ChannelManager - Adding key: http://localhost:51848 for channel [id: 0x585a4f37, L:/127.0.0.1:50755 - R:localhost/127.0.0.1:51848]
15:13:47.818 [main] DEBUG net.serenitybdd.core.photography.Darkroom - Send negative for processing for target/site/serenity/5d7c4e8324919d3612db9ae1159624888f4bdd49409cc3b489fac8c723db9326.png
15:13:47.819 [Darkroom Processing Line] DEBUG net.serenitybdd.core.photography.DarkroomProcessingLine - Processing screenshot image in /var/screenshots/screenshot-16019022737470584184
15:13:47.819 [Darkroom Processing Line] DEBUG net.serenitybdd.core.photography.DarkroomProcessingLine - Saving screenshot to target/site/serenity/5d7c4e8324919d3612db9ae1159624888f4bdd49409cc3b489fac8c723db9326.png
15:13:47.821 [main] DEBUG net.thucydides.core.steps.StepInterceptor - STEP DONE: openApplication
  &amp#27;[32mGiven &amp#27;[0m&amp#27;[32mUser is on home page of COVID application&amp#27;[0m                                              &amp#27;[90m# starter.stepdefinitions.UserCreation.user_is_on_home_page_of_covid_application()&amp#27;[0m
15:13:47.854 [main] DEBUG net.thucydides.core.steps.StepInterceptor - STARTING STEP: UserCreation.he_clicks_on_register_button_sign_up_page_is_displayed - clickRegister
15:13:47.864 [Forwarding findElement on session 13b793ad8154e403d2ef36ceb92e2f23 to remote] DEBUG org.asynchttpclient.netty.request.NettyRequestSender - Using pooled Channel '[id: 0x585a4f37, L:/127.0.0.1:50755 - R:localhost/127.0.0.1:51848]' for 'POST' to 'http://localhost:51848/session/13b793ad8154e403d2ef36ceb92e2f23/element'
15:13:47.864 [Forwarding findElement on session 13b793ad8154e403d2ef36ceb92e2f23 to remote] DEBUG org.asynchttpclient.netty.request.NettyRequestSender - Using open Channel [id: 0x585a4f37, L:/127.0.0.1:50755 - R:localhost/127.0.0.1:51848] for POST '/session/13b793ad8154e403d2ef36ceb92e2f23/element'
15:13:47.887 [AsyncHttpClient-1-2] DEBUG org.asynchttpclient.netty.handler.HttpHandler - 

Request DefaultHttpRequest(decodeResult: success, version: HTTP/1.1)
POST /session/13b793ad8154e403d2ef36ceb92e2f23/element HTTP/1.1
User-Agent: selenium/4.1.2 (java mac)
Content-Length: 49
Content-Type: application/json; charset=utf-8
host: localhost:51848
accept: */*

Response DefaultHttpResponse(decodeResult: success, version: HTTP/1.1)
HTTP/1.1 200 OK
Content-Type: application/json; charset=utf-8
cache-control: no-cache
content-length: 88

15:13:47.888 [AsyncHttpClient-1-2] DEBUG org.asynchttpclient.netty.channel.ChannelManager - Adding key: http://localhost:51848 for channel [id: 0x585a4f37, L:/127.0.0.1:50755 - R:localhost/127.0.0.1:51848]
15:13:47.892 [Forwarding getElementTagName on session 13b793ad8154e403d2ef36ceb92e2f23 to remote] DEBUG org.asynchttpclient.netty.request.NettyRequestSender - Using pooled Channel '[id: 0x585a4f37, L:/127.0.0.1:50755 - R:localhost/127.0.0.1:51848]' for 'GET' to 'http://localhost:51848/session/13b793ad8154e403d2ef36ceb92e2f23/element/45bbad12-a29c-4d1c-9070-f06a7a06a802/name'
15:13:47.893 [Forwarding getElementTagName on session 13b793ad8154e403d2ef36ceb92e2f23 to remote] DEBUG org.asynchttpclient.netty.request.NettyRequestSender - Using open Channel [id: 0x585a4f37, L:/127.0.0.1:50755 - R:localhost/127.0.0.1:51848] for GET '/session/13b793ad8154e403d2ef36ceb92e2f23/element/45bbad12-a29c-4d1c-9070-f06a7a06a802/name'
15:13:47.896 [AsyncHttpClient-1-2] DEBUG org.asynchttpclient.netty.handler.HttpHandler - 

Request DefaultFullHttpRequest(decodeResult: success, version: HTTP/1.1, content: EmptyByteBufBE)
GET /session/13b793ad8154e403d2ef36ceb92e2f23/element/45bbad12-a29c-4d1c-9070-f06a7a06a802/name HTTP/1.1
User-Agent: selenium/4.1.2 (java mac)
Cache-Control: no-cache
Content-Type: application/json; charset=utf-8
host: localhost:51848
accept: */*

Response DefaultHttpResponse(decodeResult: success, version: HTTP/1.1)
HTTP/1.1 200 OK
Content-Type: application/json; charset=utf-8
cache-control: no-cache
content-length: 13

15:13:47.896 [AsyncHttpClient-1-2] DEBUG org.asynchttpclient.netty.channel.ChannelManager - Adding key: http://localhost:51848 for channel [id: 0x585a4f37, L:/127.0.0.1:50755 - R:localhost/127.0.0.1:51848]
15:13:47.898 [Forwarding getElementTagName on session 13b793ad8154e403d2ef36ceb92e2f23 to remote] DEBUG org.asynchttpclient.netty.request.NettyRequestSender - Using pooled Channel '[id: 0x585a4f37, L:/127.0.0.1:50755 - R:localhost/127.0.0.1:51848]' for 'GET' to 'http://localhost:51848/session/13b793ad8154e403d2ef36ceb92e2f23/element/45bbad12-a29c-4d1c-9070-f06a7a06a802/name'
15:13:47.899 [Forwarding getElementTagName on session 13b793ad8154e403d2ef36ceb92e2f23 to remote] DEBUG org.asynchttpclient.netty.request.NettyRequestSender - Using open Channel [id: 0x585a4f37, L:/127.0.0.1:50755 - R:localhost/127.0.0.1:51848] for GET '/session/13b793ad8154e403d2ef36ceb92e2f23/element/45bbad12-a29c-4d1c-9070-f06a7a06a802/name'
15:13:47.930 [AsyncHttpClient-1-2] DEBUG org.asynchttpclient.netty.handler.HttpHandler - 

Request DefaultFullHttpRequest(decodeResult: success, version: HTTP/1.1, content: EmptyByteBufBE)
GET /session/13b793ad8154e403d2ef36ceb92e2f23/element/45bbad12-a29c-4d1c-9070-f06a7a06a802/name HTTP/1.1
User-Agent: selenium/4.1.2 (java mac)
Cache-Control: no-cache
Content-Type: application/json; charset=utf-8
host: localhost:51848
accept: */*

Response DefaultHttpResponse(decodeResult: success, version: HTTP/1.1)
HTTP/1.1 200 OK
Content-Type: application/json; charset=utf-8
cache-control: no-cache
content-length: 13

15:13:47.930 [AsyncHttpClient-1-2] DEBUG org.asynchttpclient.netty.channel.ChannelManager - Adding key: http://localhost:51848 for channel [id: 0x585a4f37, L:/127.0.0.1:50755 - R:localhost/127.0.0.1:51848]
15:13:47.935 [Forwarding findElement on session 13b793ad8154e403d2ef36ceb92e2f23 to remote] DEBUG org.asynchttpclient.netty.request.NettyRequestSender - Using pooled Channel '[id: 0x585a4f37, L:/127.0.0.1:50755 - R:localhost/127.0.0.1:51848]' for 'POST' to 'http://localhost:51848/session/13b793ad8154e403d2ef36ceb92e2f23/element'
15:13:47.935 [Forwarding findElement on session 13b793ad8154e403d2ef36ceb92e2f23 to remote] DEBUG org.asynchttpclient.netty.request.NettyRequestSender - Using open Channel [id: 0x585a4f37, L:/127.0.0.1:50755 - R:localhost/127.0.0.1:51848] for POST '/session/13b793ad8154e403d2ef36ceb92e2f23/element'
15:13:47.955 [AsyncHttpClient-1-2] DEBUG org.asynchttpclient.netty.handler.HttpHandler - 

Request DefaultHttpRequest(decodeResult: success, version: HTTP/1.1)
POST /session/13b793ad8154e403d2ef36ceb92e2f23/element HTTP/1.1
User-Agent: selenium/4.1.2 (java mac)
Content-Length: 49
Content-Type: application/json; charset=utf-8
host: localhost:51848
accept: */*

Response DefaultHttpResponse(decodeResult: success, version: HTTP/1.1)
HTTP/1.1 200 OK
Content-Type: application/json; charset=utf-8
cache-control: no-cache
content-length: 88

15:13:47.955 [AsyncHttpClient-1-2] DEBUG org.asynchttpclient.netty.channel.ChannelManager - Adding key: http://localhost:51848 for channel [id: 0x585a4f37, L:/127.0.0.1:50755 - R:localhost/127.0.0.1:51848]
15:13:47.957 [Forwarding clickElement on session 13b793ad8154e403d2ef36ceb92e2f23 to remote] DEBUG org.asynchttpclient.netty.request.NettyRequestSender - Using pooled Channel '[id: 0x585a4f37, L:/127.0.0.1:50755 - R:localhost/127.0.0.1:51848]' for 'POST' to 'http://localhost:51848/session/13b793ad8154e403d2ef36ceb92e2f23/element/45bbad12-a29c-4d1c-9070-f06a7a06a802/click'
15:13:47.957 [Forwarding clickElement on session 13b793ad8154e403d2ef36ceb92e2f23 to remote] DEBUG org.asynchttpclient.netty.request.NettyRequestSender - Using open Channel [id: 0x585a4f37, L:/127.0.0.1:50755 - R:localhost/127.0.0.1:51848] for POST '/session/13b793ad8154e403d2ef36ceb92e2f23/element/45bbad12-a29c-4d1c-9070-f06a7a06a802/click'
15:13:48.135 [AsyncHttpClient-1-2] DEBUG org.asynchttpclient.netty.handler.HttpHandler - 

Request DefaultHttpRequest(decodeResult: success, version: HTTP/1.1)
POST /session/13b793ad8154e403d2ef36ceb92e2f23/element/45bbad12-a29c-4d1c-9070-f06a7a06a802/click HTTP/1.1
User-Agent: selenium/4.1.2 (java mac)
Content-Length: 50
Content-Type: application/json; charset=utf-8
host: localhost:51848
accept: */*

Response DefaultHttpResponse(decodeResult: success, version: HTTP/1.1)
HTTP/1.1 200 OK
Content-Type: application/json; charset=utf-8
cache-control: no-cache
content-length: 14

15:13:48.135 [AsyncHttpClient-1-2] DEBUG org.asynchttpclient.netty.channel.ChannelManager - Adding key: http://localhost:51848 for channel [id: 0x585a4f37, L:/127.0.0.1:50755 - R:localhost/127.0.0.1:51848]
15:13:48.142 [Forwarding screenshot on session 13b793ad8154e403d2ef36ceb92e2f23 to remote] DEBUG org.asynchttpclient.netty.request.NettyRequestSender - Using pooled Channel '[id: 0x585a4f37, L:/127.0.0.1:50755 - R:localhost/127.0.0.1:51848]' for 'GET' to 'http://localhost:51848/session/13b793ad8154e403d2ef36ceb92e2f23/screenshot'
15:13:48.142 [Forwarding screenshot on session 13b793ad8154e403d2ef36ceb92e2f23 to remote] DEBUG org.asynchttpclient.netty.request.NettyRequestSender - Using open Channel [id: 0x585a4f37, L:/127.0.0.1:50755 - R:localhost/127.0.0.1:51848] for GET '/session/13b793ad8154e403d2ef36ceb92e2f23/screenshot'
15:13:48.294 [AsyncHttpClient-1-2] DEBUG org.asynchttpclient.netty.handler.HttpHandler - 

Request DefaultFullHttpRequest(decodeResult: success, version: HTTP/1.1, content: EmptyByteBufBE)
GET /session/13b793ad8154e403d2ef36ceb92e2f23/screenshot HTTP/1.1
User-Agent: selenium/4.1.2 (java mac)
Cache-Control: no-cache
Content-Type: application/json; charset=utf-8
host: localhost:51848
accept: */*

Response DefaultHttpResponse(decodeResult: success, version: HTTP/1.1)
HTTP/1.1 200 OK
Content-Type: application/json; charset=utf-8
cache-control: no-cache
content-length: 112584

15:13:48.295 [AsyncHttpClient-1-2] DEBUG org.asynchttpclient.netty.channel.ChannelManager - Adding key: http://localhost:51848 for channel [id: 0x585a4f37, L:/127.0.0.1:50755 - R:localhost/127.0.0.1:51848]
15:13:48.300 [main] DEBUG net.serenitybdd.core.photography.Darkroom - Send negative for processing for target/site/serenity/145802c9a54790a9c5facffcd8729b88567fe178513cd12371664f6ec94c8c04.png
15:13:48.300 [Darkroom Processing Line] DEBUG net.serenitybdd.core.photography.DarkroomProcessingLine - Processing screenshot image in /var/screenshots/screenshot-9424216312630414185
15:13:48.301 [Darkroom Processing Line] DEBUG net.serenitybdd.core.photography.DarkroomProcessingLine - Saving screenshot to target/site/serenity/145802c9a54790a9c5facffcd8729b88567fe178513cd12371664f6ec94c8c04.png
15:13:48.302 [main] DEBUG net.thucydides.core.steps.StepInterceptor - STEP DONE: clickRegister
  &amp#27;[32mWhen &amp#27;[0m&amp#27;[32mhe clicks on Register button, Sign Up page is displayed&amp#27;[0m                                 &amp#27;[90m# starter.stepdefinitions.UserCreation.he_clicks_on_register_button_sign_up_page_is_displayed()&amp#27;[0m
15:13:48.331 [main] DEBUG net.thucydides.core.steps.StepInterceptor - STARTING STEP: UserCreation.he_enters_username_as_password_as_and_repeat_password_as_and_clicks_on_sign_up_button - enterUsername
15:13:48.335 [Forwarding findElement on session 13b793ad8154e403d2ef36ceb92e2f23 to remote] DEBUG org.asynchttpclient.netty.request.NettyRequestSender - Using pooled Channel '[id: 0x585a4f37, L:/127.0.0.1:50755 - R:localhost/127.0.0.1:51848]' for 'POST' to 'http://localhost:51848/session/13b793ad8154e403d2ef36ceb92e2f23/element'
15:13:48.335 [Forwarding findElement on session 13b793ad8154e403d2ef36ceb92e2f23 to remote] DEBUG org.asynchttpclient.netty.request.NettyRequestSender - Using open Channel [id: 0x585a4f37, L:/127.0.0.1:50755 - R:localhost/127.0.0.1:51848] for POST '/session/13b793ad8154e403d2ef36ceb92e2f23/element'
15:13:48.402 [AsyncHttpClient-1-2] DEBUG org.asynchttpclient.netty.handler.HttpHandler - 

Request DefaultHttpRequest(decodeResult: success, version: HTTP/1.1)
POST /session/13b793ad8154e403d2ef36ceb92e2f23/element HTTP/1.1
User-Agent: selenium/4.1.2 (java mac)
Content-Length: 50
Content-Type: application/json; charset=utf-8
host: localhost:51848
accept: */*

Response DefaultHttpResponse(decodeResult: success, version: HTTP/1.1)
HTTP/1.1 200 OK
Content-Type: application/json; charset=utf-8
cache-control: no-cache
content-length: 88

15:13:48.403 [AsyncHttpClient-1-2] DEBUG org.asynchttpclient.netty.channel.ChannelManager - Adding key: http://localhost:51848 for channel [id: 0x585a4f37, L:/127.0.0.1:50755 - R:localhost/127.0.0.1:51848]
15:13:48.406 [Forwarding clearElement on session 13b793ad8154e403d2ef36ceb92e2f23 to remote] DEBUG org.asynchttpclient.netty.request.NettyRequestSender - Using pooled Channel '[id: 0x585a4f37, L:/127.0.0.1:50755 - R:localhost/127.0.0.1:51848]' for 'POST' to 'http://localhost:51848/session/13b793ad8154e403d2ef36ceb92e2f23/element/06cdc3d3-0aca-4274-9fea-be5dbb0c45ce/clear'
15:13:48.406 [Forwarding clearElement on session 13b793ad8154e403d2ef36ceb92e2f23 to remote] DEBUG org.asynchttpclient.netty.request.NettyRequestSender - Using open Channel [id: 0x585a4f37, L:/127.0.0.1:50755 - R:localhost/127.0.0.1:51848] for POST '/session/13b793ad8154e403d2ef36ceb92e2f23/element/06cdc3d3-0aca-4274-9fea-be5dbb0c45ce/clear'
15:13:48.435 [AsyncHttpClient-1-2] DEBUG org.asynchttpclient.netty.handler.HttpHandler - 

Request DefaultHttpRequest(decodeResult: success, version: HTTP/1.1)
POST /session/13b793ad8154e403d2ef36ceb92e2f23/element/06cdc3d3-0aca-4274-9fea-be5dbb0c45ce/clear HTTP/1.1
User-Agent: selenium/4.1.2 (java mac)
Content-Length: 50
Content-Type: application/json; charset=utf-8
host: localhost:51848
accept: */*

Response DefaultHttpResponse(decodeResult: success, version: HTTP/1.1)
HTTP/1.1 200 OK
Content-Type: application/json; charset=utf-8
cache-control: no-cache
content-length: 14

15:13:48.435 [AsyncHttpClient-1-2] DEBUG org.asynchttpclient.netty.channel.ChannelManager - Adding key: http://localhost:51848 for channel [id: 0x585a4f37, L:/127.0.0.1:50755 - R:localhost/127.0.0.1:51848]
15:13:48.440 [Forwarding sendKeysToElement on session 13b793ad8154e403d2ef36ceb92e2f23 to remote] DEBUG org.asynchttpclient.netty.request.NettyRequestSender - Using pooled Channel '[id: 0x585a4f37, L:/127.0.0.1:50755 - R:localhost/127.0.0.1:51848]' for 'POST' to 'http://localhost:51848/session/13b793ad8154e403d2ef36ceb92e2f23/element/06cdc3d3-0aca-4274-9fea-be5dbb0c45ce/value'
15:13:48.440 [Forwarding sendKeysToElement on session 13b793ad8154e403d2ef36ceb92e2f23 to remote] DEBUG org.asynchttpclient.netty.request.NettyRequestSender - Using open Channel [id: 0x585a4f37, L:/127.0.0.1:50755 - R:localhost/127.0.0.1:51848] for POST '/session/13b793ad8154e403d2ef36ceb92e2f23/element/06cdc3d3-0aca-4274-9fea-be5dbb0c45ce/value'
15:13:48.625 [AsyncHttpClient-1-2] DEBUG org.asynchttpclient.netty.handler.HttpHandler - 

Request DefaultHttpRequest(decodeResult: success, version: HTTP/1.1)
POST /session/13b793ad8154e403d2ef36ceb92e2f23/element/06cdc3d3-0aca-4274-9fea-be5dbb0c45ce/value HTTP/1.1
User-Agent: selenium/4.1.2 (java mac)
Content-Length: 161
Content-Type: application/json; charset=utf-8
host: localhost:51848
accept: */*

Response DefaultHttpResponse(decodeResult: success, version: HTTP/1.1)
HTTP/1.1 200 OK
Content-Type: application/json; charset=utf-8
cache-control: no-cache
content-length: 14

15:13:48.626 [AsyncHttpClient-1-2] DEBUG org.asynchttpclient.netty.channel.ChannelManager - Adding key: http://localhost:51848 for channel [id: 0x585a4f37, L:/127.0.0.1:50755 - R:localhost/127.0.0.1:51848]
15:13:48.636 [Forwarding screenshot on session 13b793ad8154e403d2ef36ceb92e2f23 to remote] DEBUG org.asynchttpclient.netty.request.NettyRequestSender - Using pooled Channel '[id: 0x585a4f37, L:/127.0.0.1:50755 - R:localhost/127.0.0.1:51848]' for 'GET' to 'http://localhost:51848/session/13b793ad8154e403d2ef36ceb92e2f23/screenshot'
15:13:48.636 [Forwarding screenshot on session 13b793ad8154e403d2ef36ceb92e2f23 to remote] DEBUG org.asynchttpclient.netty.request.NettyRequestSender - Using open Channel [id: 0x585a4f37, L:/127.0.0.1:50755 - R:localhost/127.0.0.1:51848] for GET '/session/13b793ad8154e403d2ef36ceb92e2f23/screenshot'
15:13:48.747 [AsyncHttpClient-1-1] DEBUG org.asynchttpclient.netty.channel.DefaultChannelPool - Entry count for : http://localhost:50764 : 1
15:13:48.757 [AsyncHttpClient-1-2] DEBUG org.asynchttpclient.netty.handler.HttpHandler - 

Request DefaultFullHttpRequest(decodeResult: success, version: HTTP/1.1, content: EmptyByteBufBE)
GET /session/13b793ad8154e403d2ef36ceb92e2f23/screenshot HTTP/1.1
User-Agent: selenium/4.1.2 (java mac)
Cache-Control: no-cache
Content-Type: application/json; charset=utf-8
host: localhost:51848
accept: */*

Response DefaultHttpResponse(decodeResult: success, version: HTTP/1.1)
HTTP/1.1 200 OK
Content-Type: application/json; charset=utf-8
cache-control: no-cache
content-length: 110940

15:13:48.759 [AsyncHttpClient-1-2] DEBUG org.asynchttpclient.netty.channel.ChannelManager - Adding key: http://localhost:51848 for channel [id: 0x585a4f37, L:/127.0.0.1:50755 - R:localhost/127.0.0.1:51848]
15:13:48.763 [main] DEBUG net.serenitybdd.core.photography.Darkroom - Send negative for processing for target/site/serenity/9e298dfbddc8a2bda0186694351a67aa449a7395741e0711e5143fc104924f78.png
15:13:48.763 [Darkroom Processing Line] DEBUG net.serenitybdd.core.photography.DarkroomProcessingLine - Processing screenshot image in /var/screenshots/screenshot-13938094287792714566
15:13:48.763 [Darkroom Processing Line] DEBUG net.serenitybdd.core.photography.DarkroomProcessingLine - Saving screenshot to target/site/serenity/9e298dfbddc8a2bda0186694351a67aa449a7395741e0711e5143fc104924f78.png
15:13:48.763 [main] DEBUG net.thucydides.core.steps.StepInterceptor - STEP DONE: enterUsername
15:13:48.768 [main] DEBUG net.thucydides.core.steps.StepInterceptor - STARTING STEP: UserCreation.he_enters_username_as_password_as_and_repeat_password_as_and_clicks_on_sign_up_button - enterPassword
15:13:48.770 [Forwarding findElement on session 13b793ad8154e403d2ef36ceb92e2f23 to remote] DEBUG org.asynchttpclient.netty.request.NettyRequestSender - Using pooled Channel '[id: 0x585a4f37, L:/127.0.0.1:50755 - R:localhost/127.0.0.1:51848]' for 'POST' to 'http://localhost:51848/session/13b793ad8154e403d2ef36ceb92e2f23/element'
15:13:48.770 [Forwarding findElement on session 13b793ad8154e403d2ef36ceb92e2f23 to remote] DEBUG org.asynchttpclient.netty.request.NettyRequestSender - Using open Channel [id: 0x585a4f37, L:/127.0.0.1:50755 - R:localhost/127.0.0.1:51848] for POST '/session/13b793ad8154e403d2ef36ceb92e2f23/element'
15:13:48.780 [AsyncHttpClient-1-2] DEBUG org.asynchttpclient.netty.handler.HttpHandler - 

Request DefaultHttpRequest(decodeResult: success, version: HTTP/1.1)
POST /session/13b793ad8154e403d2ef36ceb92e2f23/element HTTP/1.1
User-Agent: selenium/4.1.2 (java mac)
Content-Length: 48
Content-Type: application/json; charset=utf-8
host: localhost:51848
accept: */*

Response DefaultHttpResponse(decodeResult: success, version: HTTP/1.1)
HTTP/1.1 200 OK
Content-Type: application/json; charset=utf-8
cache-control: no-cache
content-length: 88

15:13:48.780 [AsyncHttpClient-1-2] DEBUG org.asynchttpclient.netty.channel.ChannelManager - Adding key: http://localhost:51848 for channel [id: 0x585a4f37, L:/127.0.0.1:50755 - R:localhost/127.0.0.1:51848]
15:13:48.788 [Forwarding clearElement on session 13b793ad8154e403d2ef36ceb92e2f23 to remote] DEBUG org.asynchttpclient.netty.request.NettyRequestSender - Using pooled Channel '[id: 0x585a4f37, L:/127.0.0.1:50755 - R:localhost/127.0.0.1:51848]' for 'POST' to 'http://localhost:51848/session/13b793ad8154e403d2ef36ceb92e2f23/element/d128eb4b-bdba-4a0e-b65b-32aee7f9e241/clear'
15:13:48.788 [Forwarding clearElement on session 13b793ad8154e403d2ef36ceb92e2f23 to remote] DEBUG org.asynchttpclient.netty.request.NettyRequestSender - Using open Channel [id: 0x585a4f37, L:/127.0.0.1:50755 - R:localhost/127.0.0.1:51848] for POST '/session/13b793ad8154e403d2ef36ceb92e2f23/element/d128eb4b-bdba-4a0e-b65b-32aee7f9e241/clear'
15:13:48.808 [AsyncHttpClient-1-2] DEBUG org.asynchttpclient.netty.handler.HttpHandler - 

Request DefaultHttpRequest(decodeResult: success, version: HTTP/1.1)
POST /session/13b793ad8154e403d2ef36ceb92e2f23/element/d128eb4b-bdba-4a0e-b65b-32aee7f9e241/clear HTTP/1.1
User-Agent: selenium/4.1.2 (java mac)
Content-Length: 50
Content-Type: application/json; charset=utf-8
host: localhost:51848
accept: */*

Response DefaultHttpResponse(decodeResult: success, version: HTTP/1.1)
HTTP/1.1 200 OK
Content-Type: application/json; charset=utf-8
cache-control: no-cache
content-length: 14

15:13:48.808 [AsyncHttpClient-1-2] DEBUG org.asynchttpclient.netty.channel.ChannelManager - Adding key: http://localhost:51848 for channel [id: 0x585a4f37, L:/127.0.0.1:50755 - R:localhost/127.0.0.1:51848]
15:13:48.819 [Forwarding sendKeysToElement on session 13b793ad8154e403d2ef36ceb92e2f23 to remote] DEBUG org.asynchttpclient.netty.request.NettyRequestSender - Using pooled Channel '[id: 0x585a4f37, L:/127.0.0.1:50755 - R:localhost/127.0.0.1:51848]' for 'POST' to 'http://localhost:51848/session/13b793ad8154e403d2ef36ceb92e2f23/element/d128eb4b-bdba-4a0e-b65b-32aee7f9e241/value'
15:13:48.819 [Forwarding sendKeysToElement on session 13b793ad8154e403d2ef36ceb92e2f23 to remote] DEBUG org.asynchttpclient.netty.request.NettyRequestSender - Using open Channel [id: 0x585a4f37, L:/127.0.0.1:50755 - R:localhost/127.0.0.1:51848] for POST '/session/13b793ad8154e403d2ef36ceb92e2f23/element/d128eb4b-bdba-4a0e-b65b-32aee7f9e241/value'
15:13:48.868 [AsyncHttpClient-1-2] DEBUG org.asynchttpclient.netty.handler.HttpHandler - 

Request DefaultHttpRequest(decodeResult: success, version: HTTP/1.1)
POST /session/13b793ad8154e403d2ef36ceb92e2f23/element/d128eb4b-bdba-4a0e-b65b-32aee7f9e241/value HTTP/1.1
User-Agent: selenium/4.1.2 (java mac)
Content-Length: 161
Content-Type: application/json; charset=utf-8
host: localhost:51848
accept: */*

Response DefaultHttpResponse(decodeResult: success, version: HTTP/1.1)
HTTP/1.1 200 OK
Content-Type: application/json; charset=utf-8
cache-control: no-cache
content-length: 14

15:13:48.868 [AsyncHttpClient-1-2] DEBUG org.asynchttpclient.netty.channel.ChannelManager - Adding key: http://localhost:51848 for channel [id: 0x585a4f37, L:/127.0.0.1:50755 - R:localhost/127.0.0.1:51848]
15:13:48.874 [Forwarding screenshot on session 13b793ad8154e403d2ef36ceb92e2f23 to remote] DEBUG org.asynchttpclient.netty.request.NettyRequestSender - Using pooled Channel '[id: 0x585a4f37, L:/127.0.0.1:50755 - R:localhost/127.0.0.1:51848]' for 'GET' to 'http://localhost:51848/session/13b793ad8154e403d2ef36ceb92e2f23/screenshot'
15:13:48.874 [Forwarding screenshot on session 13b793ad8154e403d2ef36ceb92e2f23 to remote] DEBUG org.asynchttpclient.netty.request.NettyRequestSender - Using open Channel [id: 0x585a4f37, L:/127.0.0.1:50755 - R:localhost/127.0.0.1:51848] for GET '/session/13b793ad8154e403d2ef36ceb92e2f23/screenshot'
15:13:49.006 [AsyncHttpClient-1-2] DEBUG org.asynchttpclient.netty.handler.HttpHandler - 

Request DefaultFullHttpRequest(decodeResult: success, version: HTTP/1.1, content: EmptyByteBufBE)
GET /session/13b793ad8154e403d2ef36ceb92e2f23/screenshot HTTP/1.1
User-Agent: selenium/4.1.2 (java mac)
Cache-Control: no-cache
Content-Type: application/json; charset=utf-8
host: localhost:51848
accept: */*

Response DefaultHttpResponse(decodeResult: success, version: HTTP/1.1)
HTTP/1.1 200 OK
Content-Type: application/json; charset=utf-8
cache-control: no-cache
content-length: 108240

15:13:49.007 [AsyncHttpClient-1-2] DEBUG org.asynchttpclient.netty.channel.ChannelManager - Adding key: http://localhost:51848 for channel [id: 0x585a4f37, L:/127.0.0.1:50755 - R:localhost/127.0.0.1:51848]
15:13:49.012 [main] DEBUG net.serenitybdd.core.photography.Darkroom - Send negative for processing for target/site/serenity/13c3bf6fac7c40c4e275d5fab538be7576684e626a55a4d8195c09127c5a29e3.png
15:13:49.012 [Darkroom Processing Line] DEBUG net.serenitybdd.core.photography.DarkroomProcessingLine - Processing screenshot image in /var/screenshots/screenshot-11751253746973518489
15:13:49.012 [Darkroom Processing Line] DEBUG net.serenitybdd.core.photography.DarkroomProcessingLine - Saving screenshot to target/site/serenity/13c3bf6fac7c40c4e275d5fab538be7576684e626a55a4d8195c09127c5a29e3.png
15:13:49.012 [main] DEBUG net.thucydides.core.steps.StepInterceptor - STEP DONE: enterPassword
15:13:49.020 [main] DEBUG net.thucydides.core.steps.StepInterceptor - STARTING STEP: UserCreation.he_enters_username_as_password_as_and_repeat_password_as_and_clicks_on_sign_up_button - repeatPassword
15:13:49.023 [Forwarding findElement on session 13b793ad8154e403d2ef36ceb92e2f23 to remote] DEBUG org.asynchttpclient.netty.request.NettyRequestSender - Using pooled Channel '[id: 0x585a4f37, L:/127.0.0.1:50755 - R:localhost/127.0.0.1:51848]' for 'POST' to 'http://localhost:51848/session/13b793ad8154e403d2ef36ceb92e2f23/element'
15:13:49.023 [Forwarding findElement on session 13b793ad8154e403d2ef36ceb92e2f23 to remote] DEBUG org.asynchttpclient.netty.request.NettyRequestSender - Using open Channel [id: 0x585a4f37, L:/127.0.0.1:50755 - R:localhost/127.0.0.1:51848] for POST '/session/13b793ad8154e403d2ef36ceb92e2f23/element'
15:13:49.031 [AsyncHttpClient-1-2] DEBUG org.asynchttpclient.netty.handler.HttpHandler - 

Request DefaultHttpRequest(decodeResult: success, version: HTTP/1.1)
POST /session/13b793ad8154e403d2ef36ceb92e2f23/element HTTP/1.1
User-Agent: selenium/4.1.2 (java mac)
Content-Length: 57
Content-Type: application/json; charset=utf-8
host: localhost:51848
accept: */*

Response DefaultHttpResponse(decodeResult: success, version: HTTP/1.1)
HTTP/1.1 200 OK
Content-Type: application/json; charset=utf-8
cache-control: no-cache
content-length: 88

15:13:49.032 [AsyncHttpClient-1-2] DEBUG org.asynchttpclient.netty.channel.ChannelManager - Adding key: http://localhost:51848 for channel [id: 0x585a4f37, L:/127.0.0.1:50755 - R:localhost/127.0.0.1:51848]
15:13:49.035 [Forwarding clearElement on session 13b793ad8154e403d2ef36ceb92e2f23 to remote] DEBUG org.asynchttpclient.netty.request.NettyRequestSender - Using pooled Channel '[id: 0x585a4f37, L:/127.0.0.1:50755 - R:localhost/127.0.0.1:51848]' for 'POST' to 'http://localhost:51848/session/13b793ad8154e403d2ef36ceb92e2f23/element/48055e2c-8bd3-4313-8959-e15a7e908143/clear'
15:13:49.035 [Forwarding clearElement on session 13b793ad8154e403d2ef36ceb92e2f23 to remote] DEBUG org.asynchttpclient.netty.request.NettyRequestSender - Using open Channel [id: 0x585a4f37, L:/127.0.0.1:50755 - R:localhost/127.0.0.1:51848] for POST '/session/13b793ad8154e403d2ef36ceb92e2f23/element/48055e2c-8bd3-4313-8959-e15a7e908143/clear'
15:13:49.053 [AsyncHttpClient-1-2] DEBUG org.asynchttpclient.netty.handler.HttpHandler - 

Request DefaultHttpRequest(decodeResult: success, version: HTTP/1.1)
POST /session/13b793ad8154e403d2ef36ceb92e2f23/element/48055e2c-8bd3-4313-8959-e15a7e908143/clear HTTP/1.1
User-Agent: selenium/4.1.2 (java mac)
Content-Length: 50
Content-Type: application/json; charset=utf-8
host: localhost:51848
accept: */*

Response DefaultHttpResponse(decodeResult: success, version: HTTP/1.1)
HTTP/1.1 200 OK
Content-Type: application/json; charset=utf-8
cache-control: no-cache
content-length: 14

15:13:49.053 [AsyncHttpClient-1-2] DEBUG org.asynchttpclient.netty.channel.ChannelManager - Adding key: http://localhost:51848 for channel [id: 0x585a4f37, L:/127.0.0.1:50755 - R:localhost/127.0.0.1:51848]
15:13:49.057 [Forwarding sendKeysToElement on session 13b793ad8154e403d2ef36ceb92e2f23 to remote] DEBUG org.asynchttpclient.netty.request.NettyRequestSender - Using pooled Channel '[id: 0x585a4f37, L:/127.0.0.1:50755 - R:localhost/127.0.0.1:51848]' for 'POST' to 'http://localhost:51848/session/13b793ad8154e403d2ef36ceb92e2f23/element/48055e2c-8bd3-4313-8959-e15a7e908143/value'
15:13:49.057 [Forwarding sendKeysToElement on session 13b793ad8154e403d2ef36ceb92e2f23 to remote] DEBUG org.asynchttpclient.netty.request.NettyRequestSender - Using open Channel [id: 0x585a4f37, L:/127.0.0.1:50755 - R:localhost/127.0.0.1:51848] for POST '/session/13b793ad8154e403d2ef36ceb92e2f23/element/48055e2c-8bd3-4313-8959-e15a7e908143/value'
15:13:49.086 [AsyncHttpClient-1-2] DEBUG org.asynchttpclient.netty.handler.HttpHandler - 

Request DefaultHttpRequest(decodeResult: success, version: HTTP/1.1)
POST /session/13b793ad8154e403d2ef36ceb92e2f23/element/48055e2c-8bd3-4313-8959-e15a7e908143/value HTTP/1.1
User-Agent: selenium/4.1.2 (java mac)
Content-Length: 161
Content-Type: application/json; charset=utf-8
host: localhost:51848
accept: */*

Response DefaultHttpResponse(decodeResult: success, version: HTTP/1.1)
HTTP/1.1 200 OK
Content-Type: application/json; charset=utf-8
cache-control: no-cache
content-length: 14

15:13:49.087 [AsyncHttpClient-1-2] DEBUG org.asynchttpclient.netty.channel.ChannelManager - Adding key: http://localhost:51848 for channel [id: 0x585a4f37, L:/127.0.0.1:50755 - R:localhost/127.0.0.1:51848]
15:13:49.094 [Forwarding screenshot on session 13b793ad8154e403d2ef36ceb92e2f23 to remote] DEBUG org.asynchttpclient.netty.request.NettyRequestSender - Using pooled Channel '[id: 0x585a4f37, L:/127.0.0.1:50755 - R:localhost/127.0.0.1:51848]' for 'GET' to 'http://localhost:51848/session/13b793ad8154e403d2ef36ceb92e2f23/screenshot'
15:13:49.094 [Forwarding screenshot on session 13b793ad8154e403d2ef36ceb92e2f23 to remote] DEBUG org.asynchttpclient.netty.request.NettyRequestSender - Using open Channel [id: 0x585a4f37, L:/127.0.0.1:50755 - R:localhost/127.0.0.1:51848] for GET '/session/13b793ad8154e403d2ef36ceb92e2f23/screenshot'
15:13:49.222 [AsyncHttpClient-1-2] DEBUG org.asynchttpclient.netty.handler.HttpHandler - 

Request DefaultFullHttpRequest(decodeResult: success, version: HTTP/1.1, content: EmptyByteBufBE)
GET /session/13b793ad8154e403d2ef36ceb92e2f23/screenshot HTTP/1.1
User-Agent: selenium/4.1.2 (java mac)
Cache-Control: no-cache
Content-Type: application/json; charset=utf-8
host: localhost:51848
accept: */*

Response DefaultHttpResponse(decodeResult: success, version: HTTP/1.1)
HTTP/1.1 200 OK
Content-Type: application/json; charset=utf-8
cache-control: no-cache
content-length: 105240

15:13:49.223 [AsyncHttpClient-1-2] DEBUG org.asynchttpclient.netty.channel.ChannelManager - Adding key: http://localhost:51848 for channel [id: 0x585a4f37, L:/127.0.0.1:50755 - R:localhost/127.0.0.1:51848]
15:13:49.231 [main] DEBUG net.serenitybdd.core.photography.Darkroom - Send negative for processing for target/site/serenity/75a7bbedc57b91d57960486a482002ca5d552b1df223e220c942bd3d2b695490.png
15:13:49.231 [Darkroom Processing Line] DEBUG net.serenitybdd.core.photography.DarkroomProcessingLine - Processing screenshot image in /var/screenshots/screenshot-4177234596928214106
15:13:49.231 [Darkroom Processing Line] DEBUG net.serenitybdd.core.photography.DarkroomProcessingLine - Saving screenshot to target/site/serenity/75a7bbedc57b91d57960486a482002ca5d552b1df223e220c942bd3d2b695490.png
15:13:49.231 [main] DEBUG net.thucydides.core.steps.StepInterceptor - STEP DONE: repeatPassword
15:13:49.236 [main] DEBUG net.thucydides.core.steps.StepInterceptor - STARTING STEP: UserCreation.he_enters_username_as_password_as_and_repeat_password_as_and_clicks_on_sign_up_button - signUp
15:13:49.240 [Forwarding findElement on session 13b793ad8154e403d2ef36ceb92e2f23 to remote] DEBUG org.asynchttpclient.netty.request.NettyRequestSender - Using pooled Channel '[id: 0x585a4f37, L:/127.0.0.1:50755 - R:localhost/127.0.0.1:51848]' for 'POST' to 'http://localhost:51848/session/13b793ad8154e403d2ef36ceb92e2f23/element'
15:13:49.240 [Forwarding findElement on session 13b793ad8154e403d2ef36ceb92e2f23 to remote] DEBUG org.asynchttpclient.netty.request.NettyRequestSender - Using open Channel [id: 0x585a4f37, L:/127.0.0.1:50755 - R:localhost/127.0.0.1:51848] for POST '/session/13b793ad8154e403d2ef36ceb92e2f23/element'
15:13:49.250 [AsyncHttpClient-1-2] DEBUG org.asynchttpclient.netty.handler.HttpHandler - 

Request DefaultHttpRequest(decodeResult: success, version: HTTP/1.1)
POST /session/13b793ad8154e403d2ef36ceb92e2f23/element HTTP/1.1
User-Agent: selenium/4.1.2 (java mac)
Content-Length: 54
Content-Type: application/json; charset=utf-8
host: localhost:51848
accept: */*

Response DefaultHttpResponse(decodeResult: success, version: HTTP/1.1)
HTTP/1.1 200 OK
Content-Type: application/json; charset=utf-8
cache-control: no-cache
content-length: 88

15:13:49.250 [AsyncHttpClient-1-2] DEBUG org.asynchttpclient.netty.channel.ChannelManager - Adding key: http://localhost:51848 for channel [id: 0x585a4f37, L:/127.0.0.1:50755 - R:localhost/127.0.0.1:51848]
15:13:49.253 [Forwarding getElementTagName on session 13b793ad8154e403d2ef36ceb92e2f23 to remote] DEBUG org.asynchttpclient.netty.request.NettyRequestSender - Using pooled Channel '[id: 0x585a4f37, L:/127.0.0.1:50755 - R:localhost/127.0.0.1:51848]' for 'GET' to 'http://localhost:51848/session/13b793ad8154e403d2ef36ceb92e2f23/element/ffa2589e-abe7-4a82-80d8-edbd453f2bdb/name'
15:13:49.253 [Forwarding getElementTagName on session 13b793ad8154e403d2ef36ceb92e2f23 to remote] DEBUG org.asynchttpclient.netty.request.NettyRequestSender - Using open Channel [id: 0x585a4f37, L:/127.0.0.1:50755 - R:localhost/127.0.0.1:51848] for GET '/session/13b793ad8154e403d2ef36ceb92e2f23/element/ffa2589e-abe7-4a82-80d8-edbd453f2bdb/name'
15:13:49.257 [AsyncHttpClient-1-2] DEBUG org.asynchttpclient.netty.handler.HttpHandler - 

Request DefaultFullHttpRequest(decodeResult: success, version: HTTP/1.1, content: EmptyByteBufBE)
GET /session/13b793ad8154e403d2ef36ceb92e2f23/element/ffa2589e-abe7-4a82-80d8-edbd453f2bdb/name HTTP/1.1
User-Agent: selenium/4.1.2 (java mac)
Cache-Control: no-cache
Content-Type: application/json; charset=utf-8
host: localhost:51848
accept: */*

Response DefaultHttpResponse(decodeResult: success, version: HTTP/1.1)
HTTP/1.1 200 OK
Content-Type: application/json; charset=utf-8
cache-control: no-cache
content-length: 18

15:13:49.257 [AsyncHttpClient-1-2] DEBUG org.asynchttpclient.netty.channel.ChannelManager - Adding key: http://localhost:51848 for channel [id: 0x585a4f37, L:/127.0.0.1:50755 - R:localhost/127.0.0.1:51848]
15:13:49.258 [Forwarding getElementTagName on session 13b793ad8154e403d2ef36ceb92e2f23 to remote] DEBUG org.asynchttpclient.netty.request.NettyRequestSender - Using pooled Channel '[id: 0x585a4f37, L:/127.0.0.1:50755 - R:localhost/127.0.0.1:51848]' for 'GET' to 'http://localhost:51848/session/13b793ad8154e403d2ef36ceb92e2f23/element/ffa2589e-abe7-4a82-80d8-edbd453f2bdb/name'
15:13:49.258 [Forwarding getElementTagName on session 13b793ad8154e403d2ef36ceb92e2f23 to remote] DEBUG org.asynchttpclient.netty.request.NettyRequestSender - Using open Channel [id: 0x585a4f37, L:/127.0.0.1:50755 - R:localhost/127.0.0.1:51848] for GET '/session/13b793ad8154e403d2ef36ceb92e2f23/element/ffa2589e-abe7-4a82-80d8-edbd453f2bdb/name'
15:13:49.261 [AsyncHttpClient-1-2] DEBUG org.asynchttpclient.netty.handler.HttpHandler - 

Request DefaultFullHttpRequest(decodeResult: success, version: HTTP/1.1, content: EmptyByteBufBE)
GET /session/13b793ad8154e403d2ef36ceb92e2f23/element/ffa2589e-abe7-4a82-80d8-edbd453f2bdb/name HTTP/1.1
User-Agent: selenium/4.1.2 (java mac)
Cache-Control: no-cache
Content-Type: application/json; charset=utf-8
host: localhost:51848
accept: */*

Response DefaultHttpResponse(decodeResult: success, version: HTTP/1.1)
HTTP/1.1 200 OK
Content-Type: application/json; charset=utf-8
cache-control: no-cache
content-length: 18

15:13:49.261 [AsyncHttpClient-1-2] DEBUG org.asynchttpclient.netty.channel.ChannelManager - Adding key: http://localhost:51848 for channel [id: 0x585a4f37, L:/127.0.0.1:50755 - R:localhost/127.0.0.1:51848]
15:13:49.266 [Forwarding isElementEnabled on session 13b793ad8154e403d2ef36ceb92e2f23 to remote] DEBUG org.asynchttpclient.netty.request.NettyRequestSender - Using pooled Channel '[id: 0x585a4f37, L:/127.0.0.1:50755 - R:localhost/127.0.0.1:51848]' for 'GET' to 'http://localhost:51848/session/13b793ad8154e403d2ef36ceb92e2f23/element/ffa2589e-abe7-4a82-80d8-edbd453f2bdb/enabled'
15:13:49.267 [Forwarding isElementEnabled on session 13b793ad8154e403d2ef36ceb92e2f23 to remote] DEBUG org.asynchttpclient.netty.request.NettyRequestSender - Using open Channel [id: 0x585a4f37, L:/127.0.0.1:50755 - R:localhost/127.0.0.1:51848] for GET '/session/13b793ad8154e403d2ef36ceb92e2f23/element/ffa2589e-abe7-4a82-80d8-edbd453f2bdb/enabled'
15:13:49.273 [AsyncHttpClient-1-2] DEBUG org.asynchttpclient.netty.handler.HttpHandler - 

Request DefaultFullHttpRequest(decodeResult: success, version: HTTP/1.1, content: EmptyByteBufBE)
GET /session/13b793ad8154e403d2ef36ceb92e2f23/element/ffa2589e-abe7-4a82-80d8-edbd453f2bdb/enabled HTTP/1.1
User-Agent: selenium/4.1.2 (java mac)
Cache-Control: no-cache
Content-Type: application/json; charset=utf-8
host: localhost:51848
accept: */*

Response DefaultHttpResponse(decodeResult: success, version: HTTP/1.1)
HTTP/1.1 200 OK
Content-Type: application/json; charset=utf-8
cache-control: no-cache
content-length: 14

15:13:49.273 [AsyncHttpClient-1-2] DEBUG org.asynchttpclient.netty.channel.ChannelManager - Adding key: http://localhost:51848 for channel [id: 0x585a4f37, L:/127.0.0.1:50755 - R:localhost/127.0.0.1:51848]
15:13:49.277 [Forwarding isElementEnabled on session 13b793ad8154e403d2ef36ceb92e2f23 to remote] DEBUG org.asynchttpclient.netty.request.NettyRequestSender - Using pooled Channel '[id: 0x585a4f37, L:/127.0.0.1:50755 - R:localhost/127.0.0.1:51848]' for 'GET' to 'http://localhost:51848/session/13b793ad8154e403d2ef36ceb92e2f23/element/ffa2589e-abe7-4a82-80d8-edbd453f2bdb/enabled'
15:13:49.277 [Forwarding isElementEnabled on session 13b793ad8154e403d2ef36ceb92e2f23 to remote] DEBUG org.asynchttpclient.netty.request.NettyRequestSender - Using open Channel [id: 0x585a4f37, L:/127.0.0.1:50755 - R:localhost/127.0.0.1:51848] for GET '/session/13b793ad8154e403d2ef36ceb92e2f23/element/ffa2589e-abe7-4a82-80d8-edbd453f2bdb/enabled'
15:13:49.281 [AsyncHttpClient-1-2] DEBUG org.asynchttpclient.netty.handler.HttpHandler - 

Request DefaultFullHttpRequest(decodeResult: success, version: HTTP/1.1, content: EmptyByteBufBE)
GET /session/13b793ad8154e403d2ef36ceb92e2f23/element/ffa2589e-abe7-4a82-80d8-edbd453f2bdb/enabled HTTP/1.1
User-Agent: selenium/4.1.2 (java mac)
Cache-Control: no-cache
Content-Type: application/json; charset=utf-8
host: localhost:51848
accept: */*

Response DefaultHttpResponse(decodeResult: success, version: HTTP/1.1)
HTTP/1.1 200 OK
Content-Type: application/json; charset=utf-8
cache-control: no-cache
content-length: 14

15:13:49.281 [AsyncHttpClient-1-2] DEBUG org.asynchttpclient.netty.channel.ChannelManager - Adding key: http://localhost:51848 for channel [id: 0x585a4f37, L:/127.0.0.1:50755 - R:localhost/127.0.0.1:51848]
15:13:49.283 [Forwarding findElement on session 13b793ad8154e403d2ef36ceb92e2f23 to remote] DEBUG org.asynchttpclient.netty.request.NettyRequestSender - Using pooled Channel '[id: 0x585a4f37, L:/127.0.0.1:50755 - R:localhost/127.0.0.1:51848]' for 'POST' to 'http://localhost:51848/session/13b793ad8154e403d2ef36ceb92e2f23/element'
15:13:49.283 [Forwarding findElement on session 13b793ad8154e403d2ef36ceb92e2f23 to remote] DEBUG org.asynchttpclient.netty.request.NettyRequestSender - Using open Channel [id: 0x585a4f37, L:/127.0.0.1:50755 - R:localhost/127.0.0.1:51848] for POST '/session/13b793ad8154e403d2ef36ceb92e2f23/element'
15:13:49.287 [AsyncHttpClient-1-2] DEBUG org.asynchttpclient.netty.handler.HttpHandler - 

Request DefaultHttpRequest(decodeResult: success, version: HTTP/1.1)
POST /session/13b793ad8154e403d2ef36ceb92e2f23/element HTTP/1.1
User-Agent: selenium/4.1.2 (java mac)
Content-Length: 54
Content-Type: application/json; charset=utf-8
host: localhost:51848
accept: */*

Response DefaultHttpResponse(decodeResult: success, version: HTTP/1.1)
HTTP/1.1 200 OK
Content-Type: application/json; charset=utf-8
cache-control: no-cache
content-length: 88

15:13:49.288 [AsyncHttpClient-1-2] DEBUG org.asynchttpclient.netty.channel.ChannelManager - Adding key: http://localhost:51848 for channel [id: 0x585a4f37, L:/127.0.0.1:50755 - R:localhost/127.0.0.1:51848]
15:13:49.290 [Forwarding clickElement on session 13b793ad8154e403d2ef36ceb92e2f23 to remote] DEBUG org.asynchttpclient.netty.request.NettyRequestSender - Using pooled Channel '[id: 0x585a4f37, L:/127.0.0.1:50755 - R:localhost/127.0.0.1:51848]' for 'POST' to 'http://localhost:51848/session/13b793ad8154e403d2ef36ceb92e2f23/element/ffa2589e-abe7-4a82-80d8-edbd453f2bdb/click'
15:13:49.290 [Forwarding clickElement on session 13b793ad8154e403d2ef36ceb92e2f23 to remote] DEBUG org.asynchttpclient.netty.request.NettyRequestSender - Using open Channel [id: 0x585a4f37, L:/127.0.0.1:50755 - R:localhost/127.0.0.1:51848] for POST '/session/13b793ad8154e403d2ef36ceb92e2f23/element/ffa2589e-abe7-4a82-80d8-edbd453f2bdb/click'
15:13:49.347 [AsyncHttpClient-1-2] DEBUG org.asynchttpclient.netty.handler.HttpHandler - 

Request DefaultHttpRequest(decodeResult: success, version: HTTP/1.1)
POST /session/13b793ad8154e403d2ef36ceb92e2f23/element/ffa2589e-abe7-4a82-80d8-edbd453f2bdb/click HTTP/1.1
User-Agent: selenium/4.1.2 (java mac)
Content-Length: 50
Content-Type: application/json; charset=utf-8
host: localhost:51848
accept: */*

Response DefaultHttpResponse(decodeResult: success, version: HTTP/1.1)
HTTP/1.1 200 OK
Content-Type: application/json; charset=utf-8
cache-control: no-cache
content-length: 14

15:13:49.348 [AsyncHttpClient-1-2] DEBUG org.asynchttpclient.netty.channel.ChannelManager - Adding key: http://localhost:51848 for channel [id: 0x585a4f37, L:/127.0.0.1:50755 - R:localhost/127.0.0.1:51848]
15:13:49.359 [Forwarding screenshot on session 13b793ad8154e403d2ef36ceb92e2f23 to remote] DEBUG org.asynchttpclient.netty.request.NettyRequestSender - Using pooled Channel '[id: 0x585a4f37, L:/127.0.0.1:50755 - R:localhost/127.0.0.1:51848]' for 'GET' to 'http://localhost:51848/session/13b793ad8154e403d2ef36ceb92e2f23/screenshot'
15:13:49.359 [Forwarding screenshot on session 13b793ad8154e403d2ef36ceb92e2f23 to remote] DEBUG org.asynchttpclient.netty.request.NettyRequestSender - Using open Channel [id: 0x585a4f37, L:/127.0.0.1:50755 - R:localhost/127.0.0.1:51848] for GET '/session/13b793ad8154e403d2ef36ceb92e2f23/screenshot'
15:13:49.489 [AsyncHttpClient-1-2] DEBUG org.asynchttpclient.netty.handler.HttpHandler - 

Request DefaultFullHttpRequest(decodeResult: success, version: HTTP/1.1, content: EmptyByteBufBE)
GET /session/13b793ad8154e403d2ef36ceb92e2f23/screenshot HTTP/1.1
User-Agent: selenium/4.1.2 (java mac)
Cache-Control: no-cache
Content-Type: application/json; charset=utf-8
host: localhost:51848
accept: */*

Response DefaultHttpResponse(decodeResult: success, version: HTTP/1.1)
HTTP/1.1 200 OK
Content-Type: application/json; charset=utf-8
cache-control: no-cache
content-length: 104980

15:13:49.490 [AsyncHttpClient-1-2] DEBUG org.asynchttpclient.netty.channel.ChannelManager - Adding key: http://localhost:51848 for channel [id: 0x585a4f37, L:/127.0.0.1:50755 - R:localhost/127.0.0.1:51848]
15:13:49.495 [main] DEBUG net.serenitybdd.core.photography.Darkroom - Send negative for processing for target/site/serenity/e6795060db5be35db52d113a123bf29666e57166dc106ad0cbc62a5b47df5a32.png
15:13:49.495 [Darkroom Processing Line] DEBUG net.serenitybdd.core.photography.DarkroomProcessingLine - Processing screenshot image in /var/screenshots/screenshot-851299541401348844
15:13:49.496 [Darkroom Processing Line] DEBUG net.serenitybdd.core.photography.DarkroomProcessingLine - Saving screenshot to target/site/serenity/e6795060db5be35db52d113a123bf29666e57166dc106ad0cbc62a5b47df5a32.png
15:13:49.496 [main] DEBUG net.thucydides.core.steps.StepInterceptor - STEP DONE: signUp
  &amp#27;[32mAnd &amp#27;[0m&amp#27;[32mhe enters username password and repeat password and clicks on Sign Up button to register&amp#27;[0m &amp#27;[90m# starter.stepdefinitions.UserCreation.he_enters_username_as_password_as_and_repeat_password_as_and_clicks_on_sign_up_button()&amp#27;[0m
15:13:49.511 [main] DEBUG net.thucydides.core.steps.StepInterceptor - STARTING STEP: UserCreation.user_should_be_registered_on_the_application - enterUsernameToLogin
15:13:49.514 [Forwarding findElement on session 13b793ad8154e403d2ef36ceb92e2f23 to remote] DEBUG org.asynchttpclient.netty.request.NettyRequestSender - Using pooled Channel '[id: 0x585a4f37, L:/127.0.0.1:50755 - R:localhost/127.0.0.1:51848]' for 'POST' to 'http://localhost:51848/session/13b793ad8154e403d2ef36ceb92e2f23/element'
15:13:49.514 [Forwarding findElement on session 13b793ad8154e403d2ef36ceb92e2f23 to remote] DEBUG org.asynchttpclient.netty.request.NettyRequestSender - Using open Channel [id: 0x585a4f37, L:/127.0.0.1:50755 - R:localhost/127.0.0.1:51848] for POST '/session/13b793ad8154e403d2ef36ceb92e2f23/element'
15:13:49.523 [AsyncHttpClient-1-2] DEBUG org.asynchttpclient.netty.handler.HttpHandler - 

Request DefaultHttpRequest(decodeResult: success, version: HTTP/1.1)
POST /session/13b793ad8154e403d2ef36ceb92e2f23/element HTTP/1.1
User-Agent: selenium/4.1.2 (java mac)
Content-Length: 61
Content-Type: application/json; charset=utf-8
host: localhost:51848
accept: */*

Response DefaultHttpResponse(decodeResult: success, version: HTTP/1.1)
HTTP/1.1 200 OK
Content-Type: application/json; charset=utf-8
cache-control: no-cache
content-length: 88

15:13:49.523 [AsyncHttpClient-1-2] DEBUG org.asynchttpclient.netty.channel.ChannelManager - Adding key: http://localhost:51848 for channel [id: 0x585a4f37, L:/127.0.0.1:50755 - R:localhost/127.0.0.1:51848]
15:13:49.525 [Forwarding clearElement on session 13b793ad8154e403d2ef36ceb92e2f23 to remote] DEBUG org.asynchttpclient.netty.request.NettyRequestSender - Using pooled Channel '[id: 0x585a4f37, L:/127.0.0.1:50755 - R:localhost/127.0.0.1:51848]' for 'POST' to 'http://localhost:51848/session/13b793ad8154e403d2ef36ceb92e2f23/element/e4adc3f8-b4be-423e-99db-0ff49186e15c/clear'
15:13:49.526 [Forwarding clearElement on session 13b793ad8154e403d2ef36ceb92e2f23 to remote] DEBUG org.asynchttpclient.netty.request.NettyRequestSender - Using open Channel [id: 0x585a4f37, L:/127.0.0.1:50755 - R:localhost/127.0.0.1:51848] for POST '/session/13b793ad8154e403d2ef36ceb92e2f23/element/e4adc3f8-b4be-423e-99db-0ff49186e15c/clear'
15:13:49.849 [AsyncHttpClient-1-1] DEBUG org.asynchttpclient.netty.channel.DefaultChannelPool - Entry count for : http://localhost:50764 : 1
15:13:50.949 [AsyncHttpClient-1-1] DEBUG org.asynchttpclient.netty.channel.DefaultChannelPool - Entry count for : http://localhost:50764 : 1
15:13:51.288 [AsyncHttpClient-1-2] DEBUG org.asynchttpclient.netty.handler.HttpHandler - 

Request DefaultHttpRequest(decodeResult: success, version: HTTP/1.1)
POST /session/13b793ad8154e403d2ef36ceb92e2f23/element/e4adc3f8-b4be-423e-99db-0ff49186e15c/clear HTTP/1.1
User-Agent: selenium/4.1.2 (java mac)
Content-Length: 50
Content-Type: application/json; charset=utf-8
host: localhost:51848
accept: */*

Response DefaultHttpResponse(decodeResult: success, version: HTTP/1.1)
HTTP/1.1 200 OK
Content-Type: application/json; charset=utf-8
cache-control: no-cache
content-length: 14

15:13:51.289 [AsyncHttpClient-1-2] DEBUG org.asynchttpclient.netty.channel.ChannelManager - Adding key: http://localhost:51848 for channel [id: 0x585a4f37, L:/127.0.0.1:50755 - R:localhost/127.0.0.1:51848]
15:13:51.293 [Forwarding sendKeysToElement on session 13b793ad8154e403d2ef36ceb92e2f23 to remote] DEBUG org.asynchttpclient.netty.request.NettyRequestSender - Using pooled Channel '[id: 0x585a4f37, L:/127.0.0.1:50755 - R:localhost/127.0.0.1:51848]' for 'POST' to 'http://localhost:51848/session/13b793ad8154e403d2ef36ceb92e2f23/element/e4adc3f8-b4be-423e-99db-0ff49186e15c/value'
15:13:51.293 [Forwarding sendKeysToElement on session 13b793ad8154e403d2ef36ceb92e2f23 to remote] DEBUG org.asynchttpclient.netty.request.NettyRequestSender - Using open Channel [id: 0x585a4f37, L:/127.0.0.1:50755 - R:localhost/127.0.0.1:51848] for POST '/session/13b793ad8154e403d2ef36ceb92e2f23/element/e4adc3f8-b4be-423e-99db-0ff49186e15c/value'
15:13:51.363 [AsyncHttpClient-1-2] DEBUG org.asynchttpclient.netty.handler.HttpHandler - 

Request DefaultHttpRequest(decodeResult: success, version: HTTP/1.1)
POST /session/13b793ad8154e403d2ef36ceb92e2f23/element/e4adc3f8-b4be-423e-99db-0ff49186e15c/value HTTP/1.1
User-Agent: selenium/4.1.2 (java mac)
Content-Length: 161
Content-Type: application/json; charset=utf-8
host: localhost:51848
accept: */*

Response DefaultHttpResponse(decodeResult: success, version: HTTP/1.1)
HTTP/1.1 200 OK
Content-Type: application/json; charset=utf-8
cache-control: no-cache
content-length: 14

15:13:51.364 [AsyncHttpClient-1-2] DEBUG org.asynchttpclient.netty.channel.ChannelManager - Adding key: http://localhost:51848 for channel [id: 0x585a4f37, L:/127.0.0.1:50755 - R:localhost/127.0.0.1:51848]
15:13:51.372 [Forwarding screenshot on session 13b793ad8154e403d2ef36ceb92e2f23 to remote] DEBUG org.asynchttpclient.netty.request.NettyRequestSender - Using pooled Channel '[id: 0x585a4f37, L:/127.0.0.1:50755 - R:localhost/127.0.0.1:51848]' for 'GET' to 'http://localhost:51848/session/13b793ad8154e403d2ef36ceb92e2f23/screenshot'
15:13:51.372 [Forwarding screenshot on session 13b793ad8154e403d2ef36ceb92e2f23 to remote] DEBUG org.asynchttpclient.netty.request.NettyRequestSender - Using open Channel [id: 0x585a4f37, L:/127.0.0.1:50755 - R:localhost/127.0.0.1:51848] for GET '/session/13b793ad8154e403d2ef36ceb92e2f23/screenshot'
15:13:51.509 [AsyncHttpClient-1-2] DEBUG org.asynchttpclient.netty.handler.HttpHandler - 

Request DefaultFullHttpRequest(decodeResult: success, version: HTTP/1.1, content: EmptyByteBufBE)
GET /session/13b793ad8154e403d2ef36ceb92e2f23/screenshot HTTP/1.1
User-Agent: selenium/4.1.2 (java mac)
Cache-Control: no-cache
Content-Type: application/json; charset=utf-8
host: localhost:51848
accept: */*

Response DefaultHttpResponse(decodeResult: success, version: HTTP/1.1)
HTTP/1.1 200 OK
Content-Type: application/json; charset=utf-8
cache-control: no-cache
content-length: 122100

15:13:51.511 [AsyncHttpClient-1-2] DEBUG org.asynchttpclient.netty.channel.ChannelManager - Adding key: http://localhost:51848 for channel [id: 0x585a4f37, L:/127.0.0.1:50755 - R:localhost/127.0.0.1:51848]
15:13:51.515 [main] DEBUG net.serenitybdd.core.photography.Darkroom - Send negative for processing for target/site/serenity/44fd8c4220a1994c11c9bc7f64dde336c73236db36cedd6fdea2a9789a4f5b3e.png
15:13:51.515 [Darkroom Processing Line] DEBUG net.serenitybdd.core.photography.DarkroomProcessingLine - Processing screenshot image in /var/screenshots/screenshot-13184159820313326482
15:13:51.515 [Darkroom Processing Line] DEBUG net.serenitybdd.core.photography.DarkroomProcessingLine - Saving screenshot to target/site/serenity/44fd8c4220a1994c11c9bc7f64dde336c73236db36cedd6fdea2a9789a4f5b3e.png
15:13:51.515 [main] DEBUG net.thucydides.core.steps.StepInterceptor - STEP DONE: enterUsernameToLogin
15:13:51.520 [main] DEBUG net.thucydides.core.steps.StepInterceptor - STARTING STEP: UserCreation.user_should_be_registered_on_the_application - enterPasswordToLogin
15:13:51.522 [Forwarding findElement on session 13b793ad8154e403d2ef36ceb92e2f23 to remote] DEBUG org.asynchttpclient.netty.request.NettyRequestSender - Using pooled Channel '[id: 0x585a4f37, L:/127.0.0.1:50755 - R:localhost/127.0.0.1:51848]' for 'POST' to 'http://localhost:51848/session/13b793ad8154e403d2ef36ceb92e2f23/element'
15:13:51.523 [Forwarding findElement on session 13b793ad8154e403d2ef36ceb92e2f23 to remote] DEBUG org.asynchttpclient.netty.request.NettyRequestSender - Using open Channel [id: 0x585a4f37, L:/127.0.0.1:50755 - R:localhost/127.0.0.1:51848] for POST '/session/13b793ad8154e403d2ef36ceb92e2f23/element'
15:13:51.531 [AsyncHttpClient-1-2] DEBUG org.asynchttpclient.netty.handler.HttpHandler - 

Request DefaultHttpRequest(decodeResult: success, version: HTTP/1.1)
POST /session/13b793ad8154e403d2ef36ceb92e2f23/element HTTP/1.1
User-Agent: selenium/4.1.2 (java mac)
Content-Length: 56
Content-Type: application/json; charset=utf-8
host: localhost:51848
accept: */*

Response DefaultHttpResponse(decodeResult: success, version: HTTP/1.1)
HTTP/1.1 200 OK
Content-Type: application/json; charset=utf-8
cache-control: no-cache
content-length: 88

15:13:51.531 [AsyncHttpClient-1-2] DEBUG org.asynchttpclient.netty.channel.ChannelManager - Adding key: http://localhost:51848 for channel [id: 0x585a4f37, L:/127.0.0.1:50755 - R:localhost/127.0.0.1:51848]
15:13:51.532 [Forwarding clearElement on session 13b793ad8154e403d2ef36ceb92e2f23 to remote] DEBUG org.asynchttpclient.netty.request.NettyRequestSender - Using pooled Channel '[id: 0x585a4f37, L:/127.0.0.1:50755 - R:localhost/127.0.0.1:51848]' for 'POST' to 'http://localhost:51848/session/13b793ad8154e403d2ef36ceb92e2f23/element/803eb633-6327-4aa3-8548-90950647f020/clear'
15:13:51.532 [Forwarding clearElement on session 13b793ad8154e403d2ef36ceb92e2f23 to remote] DEBUG org.asynchttpclient.netty.request.NettyRequestSender - Using open Channel [id: 0x585a4f37, L:/127.0.0.1:50755 - R:localhost/127.0.0.1:51848] for POST '/session/13b793ad8154e403d2ef36ceb92e2f23/element/803eb633-6327-4aa3-8548-90950647f020/clear'
15:13:51.551 [AsyncHttpClient-1-2] DEBUG org.asynchttpclient.netty.handler.HttpHandler - 

Request DefaultHttpRequest(decodeResult: success, version: HTTP/1.1)
POST /session/13b793ad8154e403d2ef36ceb92e2f23/element/803eb633-6327-4aa3-8548-90950647f020/clear HTTP/1.1
User-Agent: selenium/4.1.2 (java mac)
Content-Length: 50
Content-Type: application/json; charset=utf-8
host: localhost:51848
accept: */*

Response DefaultHttpResponse(decodeResult: success, version: HTTP/1.1)
HTTP/1.1 200 OK
Content-Type: application/json; charset=utf-8
cache-control: no-cache
content-length: 14

15:13:51.551 [AsyncHttpClient-1-2] DEBUG org.asynchttpclient.netty.channel.ChannelManager - Adding key: http://localhost:51848 for channel [id: 0x585a4f37, L:/127.0.0.1:50755 - R:localhost/127.0.0.1:51848]
15:13:51.555 [Forwarding sendKeysToElement on session 13b793ad8154e403d2ef36ceb92e2f23 to remote] DEBUG org.asynchttpclient.netty.request.NettyRequestSender - Using pooled Channel '[id: 0x585a4f37, L:/127.0.0.1:50755 - R:localhost/127.0.0.1:51848]' for 'POST' to 'http://localhost:51848/session/13b793ad8154e403d2ef36ceb92e2f23/element/803eb633-6327-4aa3-8548-90950647f020/value'
15:13:51.555 [Forwarding sendKeysToElement on session 13b793ad8154e403d2ef36ceb92e2f23 to remote] DEBUG org.asynchttpclient.netty.request.NettyRequestSender - Using open Channel [id: 0x585a4f37, L:/127.0.0.1:50755 - R:localhost/127.0.0.1:51848] for POST '/session/13b793ad8154e403d2ef36ceb92e2f23/element/803eb633-6327-4aa3-8548-90950647f020/value'
15:13:51.588 [AsyncHttpClient-1-2] DEBUG org.asynchttpclient.netty.handler.HttpHandler - 

Request DefaultHttpRequest(decodeResult: success, version: HTTP/1.1)
POST /session/13b793ad8154e403d2ef36ceb92e2f23/element/803eb633-6327-4aa3-8548-90950647f020/value HTTP/1.1
User-Agent: selenium/4.1.2 (java mac)
Content-Length: 161
Content-Type: application/json; charset=utf-8
host: localhost:51848
accept: */*

Response DefaultHttpResponse(decodeResult: success, version: HTTP/1.1)
HTTP/1.1 200 OK
Content-Type: application/json; charset=utf-8
cache-control: no-cache
content-length: 14

15:13:51.588 [AsyncHttpClient-1-2] DEBUG org.asynchttpclient.netty.channel.ChannelManager - Adding key: http://localhost:51848 for channel [id: 0x585a4f37, L:/127.0.0.1:50755 - R:localhost/127.0.0.1:51848]
15:13:51.597 [Forwarding screenshot on session 13b793ad8154e403d2ef36ceb92e2f23 to remote] DEBUG org.asynchttpclient.netty.request.NettyRequestSender - Using pooled Channel '[id: 0x585a4f37, L:/127.0.0.1:50755 - R:localhost/127.0.0.1:51848]' for 'GET' to 'http://localhost:51848/session/13b793ad8154e403d2ef36ceb92e2f23/screenshot'
15:13:51.597 [Forwarding screenshot on session 13b793ad8154e403d2ef36ceb92e2f23 to remote] DEBUG org.asynchttpclient.netty.request.NettyRequestSender - Using open Channel [id: 0x585a4f37, L:/127.0.0.1:50755 - R:localhost/127.0.0.1:51848] for GET '/session/13b793ad8154e403d2ef36ceb92e2f23/screenshot'
15:13:51.723 [AsyncHttpClient-1-2] DEBUG org.asynchttpclient.netty.handler.HttpHandler - 

Request DefaultFullHttpRequest(decodeResult: success, version: HTTP/1.1, content: EmptyByteBufBE)
GET /session/13b793ad8154e403d2ef36ceb92e2f23/screenshot HTTP/1.1
User-Agent: selenium/4.1.2 (java mac)
Cache-Control: no-cache
Content-Type: application/json; charset=utf-8
host: localhost:51848
accept: */*

Response DefaultHttpResponse(decodeResult: success, version: HTTP/1.1)
HTTP/1.1 200 OK
Content-Type: application/json; charset=utf-8
cache-control: no-cache
content-length: 122464

15:13:51.724 [AsyncHttpClient-1-2] DEBUG org.asynchttpclient.netty.channel.ChannelManager - Adding key: http://localhost:51848 for channel [id: 0x585a4f37, L:/127.0.0.1:50755 - R:localhost/127.0.0.1:51848]
15:13:51.730 [main] DEBUG net.serenitybdd.core.photography.Darkroom - Send negative for processing for target/site/serenity/ff0cbf00383aa71fba6cbc74e3e53e8388128292a2a49deb37455bf81f0cea79.png
15:13:51.731 [main] DEBUG net.thucydides.core.steps.StepInterceptor - STEP DONE: enterPasswordToLogin
15:13:51.731 [Darkroom Processing Line] DEBUG net.serenitybdd.core.photography.DarkroomProcessingLine - Processing screenshot image in /var/screenshots/screenshot-12201858441183413884
15:13:51.731 [Darkroom Processing Line] DEBUG net.serenitybdd.core.photography.DarkroomProcessingLine - Saving screenshot to target/site/serenity/ff0cbf00383aa71fba6cbc74e3e53e8388128292a2a49deb37455bf81f0cea79.png
15:13:52.049 [AsyncHttpClient-1-1] DEBUG org.asynchttpclient.netty.channel.DefaultChannelPool - Entry count for : http://localhost:50764 : 1
15:13:52.051 [AsyncHttpClient-1-1] DEBUG org.asynchttpclient.netty.channel.DefaultChannelPool - Entry count for : http://localhost:51848 : 1
15:13:53.148 [AsyncHttpClient-1-1] DEBUG org.asynchttpclient.netty.channel.DefaultChannelPool - Entry count for : http://localhost:50764 : 1
15:13:53.150 [AsyncHttpClient-1-1] DEBUG org.asynchttpclient.netty.channel.DefaultChannelPool - Entry count for : http://localhost:51848 : 1
15:13:54.248 [AsyncHttpClient-1-1] DEBUG org.asynchttpclient.netty.channel.DefaultChannelPool - Entry count for : http://localhost:50764 : 1
15:13:54.249 [AsyncHttpClient-1-1] DEBUG org.asynchttpclient.netty.channel.DefaultChannelPool - Entry count for : http://localhost:51848 : 1
15:13:54.767 [Forwarding screenshot on session 13b793ad8154e403d2ef36ceb92e2f23 to remote] DEBUG org.asynchttpclient.netty.request.NettyRequestSender - Using pooled Channel '[id: 0x585a4f37, L:/127.0.0.1:50755 - R:localhost/127.0.0.1:51848]' for 'GET' to 'http://localhost:51848/session/13b793ad8154e403d2ef36ceb92e2f23/screenshot'
15:13:54.769 [Forwarding screenshot on session 13b793ad8154e403d2ef36ceb92e2f23 to remote] DEBUG org.asynchttpclient.netty.request.NettyRequestSender - Using open Channel [id: 0x585a4f37, L:/127.0.0.1:50755 - R:localhost/127.0.0.1:51848] for GET '/session/13b793ad8154e403d2ef36ceb92e2f23/screenshot'
15:13:54.912 [AsyncHttpClient-1-2] DEBUG org.asynchttpclient.netty.handler.HttpHandler - 

Request DefaultFullHttpRequest(decodeResult: success, version: HTTP/1.1, content: EmptyByteBufBE)
GET /session/13b793ad8154e403d2ef36ceb92e2f23/screenshot HTTP/1.1
User-Agent: selenium/4.1.2 (java mac)
Cache-Control: no-cache
Content-Type: application/json; charset=utf-8
host: localhost:51848
accept: */*

Response DefaultHttpResponse(decodeResult: success, version: HTTP/1.1)
HTTP/1.1 200 OK
Content-Type: application/json; charset=utf-8
cache-control: no-cache
content-length: 122512

15:13:54.913 [AsyncHttpClient-1-2] DEBUG org.asynchttpclient.netty.channel.ChannelManager - Adding key: http://localhost:51848 for channel [id: 0x585a4f37, L:/127.0.0.1:50755 - R:localhost/127.0.0.1:51848]
15:13:54.918 [main] DEBUG net.serenitybdd.core.photography.Darkroom - Send negative for processing for target/site/serenity/0a134a36e22d25caf4819fea14d93bb11284e294dd3c40171a5d3be5cd019388.png
15:13:54.919 [Darkroom Processing Line] DEBUG net.serenitybdd.core.photography.DarkroomProcessingLine - Processing screenshot image in /var/screenshots/screenshot-16854111535497574354
15:13:54.920 [Darkroom Processing Line] DEBUG net.serenitybdd.core.photography.DarkroomProcessingLine - Saving screenshot to target/site/serenity/0a134a36e22d25caf4819fea14d93bb11284e294dd3c40171a5d3be5cd019388.png
15:13:54.920 [main] DEBUG net.thucydides.core.steps.StepInterceptor - STARTING STEP: UserCreation.user_should_be_registered_on_the_application - clickLoginButton
15:13:54.926 [Forwarding findElement on session 13b793ad8154e403d2ef36ceb92e2f23 to remote] DEBUG org.asynchttpclient.netty.request.NettyRequestSender - Using pooled Channel '[id: 0x585a4f37, L:/127.0.0.1:50755 - R:localhost/127.0.0.1:51848]' for 'POST' to 'http://localhost:51848/session/13b793ad8154e403d2ef36ceb92e2f23/element'
15:13:54.926 [Forwarding findElement on session 13b793ad8154e403d2ef36ceb92e2f23 to remote] DEBUG org.asynchttpclient.netty.request.NettyRequestSender - Using open Channel [id: 0x585a4f37, L:/127.0.0.1:50755 - R:localhost/127.0.0.1:51848] for POST '/session/13b793ad8154e403d2ef36ceb92e2f23/element'
15:13:54.933 [AsyncHttpClient-1-2] DEBUG org.asynchttpclient.netty.handler.HttpHandler - 

Request DefaultHttpRequest(decodeResult: success, version: HTTP/1.1)
POST /session/13b793ad8154e403d2ef36ceb92e2f23/element HTTP/1.1
User-Agent: selenium/4.1.2 (java mac)
Content-Length: 52
Content-Type: application/json; charset=utf-8
host: localhost:51848
accept: */*

Response DefaultHttpResponse(decodeResult: success, version: HTTP/1.1)
HTTP/1.1 200 OK
Content-Type: application/json; charset=utf-8
cache-control: no-cache
content-length: 88

15:13:54.934 [AsyncHttpClient-1-2] DEBUG org.asynchttpclient.netty.channel.ChannelManager - Adding key: http://localhost:51848 for channel [id: 0x585a4f37, L:/127.0.0.1:50755 - R:localhost/127.0.0.1:51848]
15:13:54.936 [Forwarding getElementTagName on session 13b793ad8154e403d2ef36ceb92e2f23 to remote] DEBUG org.asynchttpclient.netty.request.NettyRequestSender - Using pooled Channel '[id: 0x585a4f37, L:/127.0.0.1:50755 - R:localhost/127.0.0.1:51848]' for 'GET' to 'http://localhost:51848/session/13b793ad8154e403d2ef36ceb92e2f23/element/fbeb8eea-8f0d-4182-a3e7-b1705ad938b4/name'
15:13:54.936 [Forwarding getElementTagName on session 13b793ad8154e403d2ef36ceb92e2f23 to remote] DEBUG org.asynchttpclient.netty.request.NettyRequestSender - Using open Channel [id: 0x585a4f37, L:/127.0.0.1:50755 - R:localhost/127.0.0.1:51848] for GET '/session/13b793ad8154e403d2ef36ceb92e2f23/element/fbeb8eea-8f0d-4182-a3e7-b1705ad938b4/name'
15:13:54.939 [AsyncHttpClient-1-2] DEBUG org.asynchttpclient.netty.handler.HttpHandler - 

Request DefaultFullHttpRequest(decodeResult: success, version: HTTP/1.1, content: EmptyByteBufBE)
GET /session/13b793ad8154e403d2ef36ceb92e2f23/element/fbeb8eea-8f0d-4182-a3e7-b1705ad938b4/name HTTP/1.1
User-Agent: selenium/4.1.2 (java mac)
Cache-Control: no-cache
Content-Type: application/json; charset=utf-8
host: localhost:51848
accept: */*

Response DefaultHttpResponse(decodeResult: success, version: HTTP/1.1)
HTTP/1.1 200 OK
Content-Type: application/json; charset=utf-8
cache-control: no-cache
content-length: 13

15:13:54.939 [AsyncHttpClient-1-2] DEBUG org.asynchttpclient.netty.channel.ChannelManager - Adding key: http://localhost:51848 for channel [id: 0x585a4f37, L:/127.0.0.1:50755 - R:localhost/127.0.0.1:51848]
15:13:54.941 [Forwarding getElementTagName on session 13b793ad8154e403d2ef36ceb92e2f23 to remote] DEBUG org.asynchttpclient.netty.request.NettyRequestSender - Using pooled Channel '[id: 0x585a4f37, L:/127.0.0.1:50755 - R:localhost/127.0.0.1:51848]' for 'GET' to 'http://localhost:51848/session/13b793ad8154e403d2ef36ceb92e2f23/element/fbeb8eea-8f0d-4182-a3e7-b1705ad938b4/name'
15:13:54.942 [Forwarding getElementTagName on session 13b793ad8154e403d2ef36ceb92e2f23 to remote] DEBUG org.asynchttpclient.netty.request.NettyRequestSender - Using open Channel [id: 0x585a4f37, L:/127.0.0.1:50755 - R:localhost/127.0.0.1:51848] for GET '/session/13b793ad8154e403d2ef36ceb92e2f23/element/fbeb8eea-8f0d-4182-a3e7-b1705ad938b4/name'
15:13:54.945 [AsyncHttpClient-1-2] DEBUG org.asynchttpclient.netty.handler.HttpHandler - 

Request DefaultFullHttpRequest(decodeResult: success, version: HTTP/1.1, content: EmptyByteBufBE)
GET /session/13b793ad8154e403d2ef36ceb92e2f23/element/fbeb8eea-8f0d-4182-a3e7-b1705ad938b4/name HTTP/1.1
User-Agent: selenium/4.1.2 (java mac)
Cache-Control: no-cache
Content-Type: application/json; charset=utf-8
host: localhost:51848
accept: */*

Response DefaultHttpResponse(decodeResult: success, version: HTTP/1.1)
HTTP/1.1 200 OK
Content-Type: application/json; charset=utf-8
cache-control: no-cache
content-length: 13

15:13:54.945 [AsyncHttpClient-1-2] DEBUG org.asynchttpclient.netty.channel.ChannelManager - Adding key: http://localhost:51848 for channel [id: 0x585a4f37, L:/127.0.0.1:50755 - R:localhost/127.0.0.1:51848]
15:13:54.947 [Forwarding findElement on session 13b793ad8154e403d2ef36ceb92e2f23 to remote] DEBUG org.asynchttpclient.netty.request.NettyRequestSender - Using pooled Channel '[id: 0x585a4f37, L:/127.0.0.1:50755 - R:localhost/127.0.0.1:51848]' for 'POST' to 'http://localhost:51848/session/13b793ad8154e403d2ef36ceb92e2f23/element'
15:13:54.947 [Forwarding findElement on session 13b793ad8154e403d2ef36ceb92e2f23 to remote] DEBUG org.asynchttpclient.netty.request.NettyRequestSender - Using open Channel [id: 0x585a4f37, L:/127.0.0.1:50755 - R:localhost/127.0.0.1:51848] for POST '/session/13b793ad8154e403d2ef36ceb92e2f23/element'
15:13:54.951 [AsyncHttpClient-1-2] DEBUG org.asynchttpclient.netty.handler.HttpHandler - 

Request DefaultHttpRequest(decodeResult: success, version: HTTP/1.1)
POST /session/13b793ad8154e403d2ef36ceb92e2f23/element HTTP/1.1
User-Agent: selenium/4.1.2 (java mac)
Content-Length: 52
Content-Type: application/json; charset=utf-8
host: localhost:51848
accept: */*

Response DefaultHttpResponse(decodeResult: success, version: HTTP/1.1)
HTTP/1.1 200 OK
Content-Type: application/json; charset=utf-8
cache-control: no-cache
content-length: 88

15:13:54.951 [AsyncHttpClient-1-2] DEBUG org.asynchttpclient.netty.channel.ChannelManager - Adding key: http://localhost:51848 for channel [id: 0x585a4f37, L:/127.0.0.1:50755 - R:localhost/127.0.0.1:51848]
15:13:54.954 [Forwarding clickElement on session 13b793ad8154e403d2ef36ceb92e2f23 to remote] DEBUG org.asynchttpclient.netty.request.NettyRequestSender - Using pooled Channel '[id: 0x585a4f37, L:/127.0.0.1:50755 - R:localhost/127.0.0.1:51848]' for 'POST' to 'http://localhost:51848/session/13b793ad8154e403d2ef36ceb92e2f23/element/fbeb8eea-8f0d-4182-a3e7-b1705ad938b4/click'
15:13:54.954 [Forwarding clickElement on session 13b793ad8154e403d2ef36ceb92e2f23 to remote] DEBUG org.asynchttpclient.netty.request.NettyRequestSender - Using open Channel [id: 0x585a4f37, L:/127.0.0.1:50755 - R:localhost/127.0.0.1:51848] for POST '/session/13b793ad8154e403d2ef36ceb92e2f23/element/fbeb8eea-8f0d-4182-a3e7-b1705ad938b4/click'
15:13:54.994 [AsyncHttpClient-1-2] DEBUG org.asynchttpclient.netty.handler.HttpHandler - 

Request DefaultHttpRequest(decodeResult: success, version: HTTP/1.1)
POST /session/13b793ad8154e403d2ef36ceb92e2f23/element/fbeb8eea-8f0d-4182-a3e7-b1705ad938b4/click HTTP/1.1
User-Agent: selenium/4.1.2 (java mac)
Content-Length: 50
Content-Type: application/json; charset=utf-8
host: localhost:51848
accept: */*

Response DefaultHttpResponse(decodeResult: success, version: HTTP/1.1)
HTTP/1.1 200 OK
Content-Type: application/json; charset=utf-8
cache-control: no-cache
content-length: 14

15:13:54.994 [AsyncHttpClient-1-2] DEBUG org.asynchttpclient.netty.channel.ChannelManager - Adding key: http://localhost:51848 for channel [id: 0x585a4f37, L:/127.0.0.1:50755 - R:localhost/127.0.0.1:51848]
15:13:55.003 [Forwarding screenshot on session 13b793ad8154e403d2ef36ceb92e2f23 to remote] DEBUG org.asynchttpclient.netty.request.NettyRequestSender - Using pooled Channel '[id: 0x585a4f37, L:/127.0.0.1:50755 - R:localhost/127.0.0.1:51848]' for 'GET' to 'http://localhost:51848/session/13b793ad8154e403d2ef36ceb92e2f23/screenshot'
15:13:55.003 [Forwarding screenshot on session 13b793ad8154e403d2ef36ceb92e2f23 to remote] DEBUG org.asynchttpclient.netty.request.NettyRequestSender - Using open Channel [id: 0x585a4f37, L:/127.0.0.1:50755 - R:localhost/127.0.0.1:51848] for GET '/session/13b793ad8154e403d2ef36ceb92e2f23/screenshot'
15:13:55.128 [AsyncHttpClient-1-2] DEBUG org.asynchttpclient.netty.handler.HttpHandler - 

Request DefaultFullHttpRequest(decodeResult: success, version: HTTP/1.1, content: EmptyByteBufBE)
GET /session/13b793ad8154e403d2ef36ceb92e2f23/screenshot HTTP/1.1
User-Agent: selenium/4.1.2 (java mac)
Cache-Control: no-cache
Content-Type: application/json; charset=utf-8
host: localhost:51848
accept: */*

Response DefaultHttpResponse(decodeResult: success, version: HTTP/1.1)
HTTP/1.1 200 OK
Content-Type: application/json; charset=utf-8
cache-control: no-cache
content-length: 122556

15:13:55.130 [AsyncHttpClient-1-2] DEBUG org.asynchttpclient.netty.channel.ChannelManager - Adding key: http://localhost:51848 for channel [id: 0x585a4f37, L:/127.0.0.1:50755 - R:localhost/127.0.0.1:51848]
15:13:55.135 [main] DEBUG net.serenitybdd.core.photography.Darkroom - Send negative for processing for target/site/serenity/1b94f102d085be86655cc2d507fa80b7a07ed1c86a012b2f8628f3e87398dada.png
15:13:55.136 [Darkroom Processing Line] DEBUG net.serenitybdd.core.photography.DarkroomProcessingLine - Processing screenshot image in /var/screenshots/screenshot-12885920381781675324
15:13:55.136 [main] DEBUG net.thucydides.core.steps.StepInterceptor - STEP DONE: clickLoginButton
15:13:55.136 [Darkroom Processing Line] DEBUG net.serenitybdd.core.photography.DarkroomProcessingLine - Saving screenshot to target/site/serenity/1b94f102d085be86655cc2d507fa80b7a07ed1c86a012b2f8628f3e87398dada.png
15:13:55.146 [main] DEBUG net.thucydides.core.steps.StepInterceptor - STARTING STEP: UserCreation.user_should_be_registered_on_the_application - ClickStartJourneyButton
15:13:55.349 [AsyncHttpClient-1-1] DEBUG org.asynchttpclient.netty.channel.DefaultChannelPool - Entry count for : http://localhost:50764 : 1
15:13:55.349 [AsyncHttpClient-1-1] DEBUG org.asynchttpclient.netty.channel.DefaultChannelPool - Entry count for : http://localhost:51848 : 1
15:13:56.447 [AsyncHttpClient-1-1] DEBUG org.asynchttpclient.netty.channel.DefaultChannelPool - Entry count for : http://localhost:50764 : 1
15:13:56.447 [AsyncHttpClient-1-1] DEBUG org.asynchttpclient.netty.channel.DefaultChannelPool - Entry count for : http://localhost:51848 : 1
15:13:57.548 [AsyncHttpClient-1-1] DEBUG org.asynchttpclient.netty.channel.DefaultChannelPool - Entry count for : http://localhost:50764 : 1
15:13:57.548 [AsyncHttpClient-1-1] DEBUG org.asynchttpclient.netty.channel.DefaultChannelPool - Entry count for : http://localhost:51848 : 1
15:13:58.161 [Forwarding findElement on session 13b793ad8154e403d2ef36ceb92e2f23 to remote] DEBUG org.asynchttpclient.netty.request.NettyRequestSender - Using pooled Channel '[id: 0x585a4f37, L:/127.0.0.1:50755 - R:localhost/127.0.0.1:51848]' for 'POST' to 'http://localhost:51848/session/13b793ad8154e403d2ef36ceb92e2f23/element'
15:13:58.161 [Forwarding findElement on session 13b793ad8154e403d2ef36ceb92e2f23 to remote] DEBUG org.asynchttpclient.netty.request.NettyRequestSender - Using open Channel [id: 0x585a4f37, L:/127.0.0.1:50755 - R:localhost/127.0.0.1:51848] for POST '/session/13b793ad8154e403d2ef36ceb92e2f23/element'
15:13:58.178 [AsyncHttpClient-1-2] DEBUG org.asynchttpclient.netty.handler.HttpHandler - 

Request DefaultHttpRequest(decodeResult: success, version: HTTP/1.1)
POST /session/13b793ad8154e403d2ef36ceb92e2f23/element HTTP/1.1
User-Agent: selenium/4.1.2 (java mac)
Content-Length: 50
Content-Type: application/json; charset=utf-8
host: localhost:51848
accept: */*

Response DefaultHttpResponse(decodeResult: success, version: HTTP/1.1)
HTTP/1.1 200 OK
Content-Type: application/json; charset=utf-8
cache-control: no-cache
content-length: 88

15:13:58.179 [AsyncHttpClient-1-2] DEBUG org.asynchttpclient.netty.channel.ChannelManager - Adding key: http://localhost:51848 for channel [id: 0x585a4f37, L:/127.0.0.1:50755 - R:localhost/127.0.0.1:51848]
15:13:58.187 [Forwarding getElementTagName on session 13b793ad8154e403d2ef36ceb92e2f23 to remote] DEBUG org.asynchttpclient.netty.request.NettyRequestSender - Using pooled Channel '[id: 0x585a4f37, L:/127.0.0.1:50755 - R:localhost/127.0.0.1:51848]' for 'GET' to 'http://localhost:51848/session/13b793ad8154e403d2ef36ceb92e2f23/element/632c6e1f-9046-4591-accc-e0ee95d39d60/name'
15:13:58.187 [Forwarding getElementTagName on session 13b793ad8154e403d2ef36ceb92e2f23 to remote] DEBUG org.asynchttpclient.netty.request.NettyRequestSender - Using open Channel [id: 0x585a4f37, L:/127.0.0.1:50755 - R:localhost/127.0.0.1:51848] for GET '/session/13b793ad8154e403d2ef36ceb92e2f23/element/632c6e1f-9046-4591-accc-e0ee95d39d60/name'
15:13:58.194 [AsyncHttpClient-1-2] DEBUG org.asynchttpclient.netty.handler.HttpHandler - 

Request DefaultFullHttpRequest(decodeResult: success, version: HTTP/1.1, content: EmptyByteBufBE)
GET /session/13b793ad8154e403d2ef36ceb92e2f23/element/632c6e1f-9046-4591-accc-e0ee95d39d60/name HTTP/1.1
User-Agent: selenium/4.1.2 (java mac)
Cache-Control: no-cache
Content-Type: application/json; charset=utf-8
host: localhost:51848
accept: */*

Response DefaultHttpResponse(decodeResult: success, version: HTTP/1.1)
HTTP/1.1 200 OK
Content-Type: application/json; charset=utf-8
cache-control: no-cache
content-length: 13

15:13:58.194 [AsyncHttpClient-1-2] DEBUG org.asynchttpclient.netty.channel.ChannelManager - Adding key: http://localhost:51848 for channel [id: 0x585a4f37, L:/127.0.0.1:50755 - R:localhost/127.0.0.1:51848]
15:13:58.196 [Forwarding getElementTagName on session 13b793ad8154e403d2ef36ceb92e2f23 to remote] DEBUG org.asynchttpclient.netty.request.NettyRequestSender - Using pooled Channel '[id: 0x585a4f37, L:/127.0.0.1:50755 - R:localhost/127.0.0.1:51848]' for 'GET' to 'http://localhost:51848/session/13b793ad8154e403d2ef36ceb92e2f23/element/632c6e1f-9046-4591-accc-e0ee95d39d60/name'
15:13:58.197 [Forwarding getElementTagName on session 13b793ad8154e403d2ef36ceb92e2f23 to remote] DEBUG org.asynchttpclient.netty.request.NettyRequestSender - Using open Channel [id: 0x585a4f37, L:/127.0.0.1:50755 - R:localhost/127.0.0.1:51848] for GET '/session/13b793ad8154e403d2ef36ceb92e2f23/element/632c6e1f-9046-4591-accc-e0ee95d39d60/name'
15:13:58.204 [AsyncHttpClient-1-2] DEBUG org.asynchttpclient.netty.handler.HttpHandler - 

Request DefaultFullHttpRequest(decodeResult: success, version: HTTP/1.1, content: EmptyByteBufBE)
GET /session/13b793ad8154e403d2ef36ceb92e2f23/element/632c6e1f-9046-4591-accc-e0ee95d39d60/name HTTP/1.1
User-Agent: selenium/4.1.2 (java mac)
Cache-Control: no-cache
Content-Type: application/json; charset=utf-8
host: localhost:51848
accept: */*

Response DefaultHttpResponse(decodeResult: success, version: HTTP/1.1)
HTTP/1.1 200 OK
Content-Type: application/json; charset=utf-8
cache-control: no-cache
content-length: 13

15:13:58.204 [AsyncHttpClient-1-2] DEBUG org.asynchttpclient.netty.channel.ChannelManager - Adding key: http://localhost:51848 for channel [id: 0x585a4f37, L:/127.0.0.1:50755 - R:localhost/127.0.0.1:51848]
15:13:58.210 [Forwarding findElement on session 13b793ad8154e403d2ef36ceb92e2f23 to remote] DEBUG org.asynchttpclient.netty.request.NettyRequestSender - Using pooled Channel '[id: 0x585a4f37, L:/127.0.0.1:50755 - R:localhost/127.0.0.1:51848]' for 'POST' to 'http://localhost:51848/session/13b793ad8154e403d2ef36ceb92e2f23/element'
15:13:58.212 [Forwarding findElement on session 13b793ad8154e403d2ef36ceb92e2f23 to remote] DEBUG org.asynchttpclient.netty.request.NettyRequestSender - Using open Channel [id: 0x585a4f37, L:/127.0.0.1:50755 - R:localhost/127.0.0.1:51848] for POST '/session/13b793ad8154e403d2ef36ceb92e2f23/element'
15:13:58.219 [AsyncHttpClient-1-2] DEBUG org.asynchttpclient.netty.handler.HttpHandler - 

Request DefaultHttpRequest(decodeResult: success, version: HTTP/1.1)
POST /session/13b793ad8154e403d2ef36ceb92e2f23/element HTTP/1.1
User-Agent: selenium/4.1.2 (java mac)
Content-Length: 50
Content-Type: application/json; charset=utf-8
host: localhost:51848
accept: */*

Response DefaultHttpResponse(decodeResult: success, version: HTTP/1.1)
HTTP/1.1 200 OK
Content-Type: application/json; charset=utf-8
cache-control: no-cache
content-length: 88

15:13:58.219 [AsyncHttpClient-1-2] DEBUG org.asynchttpclient.netty.channel.ChannelManager - Adding key: http://localhost:51848 for channel [id: 0x585a4f37, L:/127.0.0.1:50755 - R:localhost/127.0.0.1:51848]
15:13:58.221 [Forwarding clickElement on session 13b793ad8154e403d2ef36ceb92e2f23 to remote] DEBUG org.asynchttpclient.netty.request.NettyRequestSender - Using pooled Channel '[id: 0x585a4f37, L:/127.0.0.1:50755 - R:localhost/127.0.0.1:51848]' for 'POST' to 'http://localhost:51848/session/13b793ad8154e403d2ef36ceb92e2f23/element/632c6e1f-9046-4591-accc-e0ee95d39d60/click'
15:13:58.221 [Forwarding clickElement on session 13b793ad8154e403d2ef36ceb92e2f23 to remote] DEBUG org.asynchttpclient.netty.request.NettyRequestSender - Using open Channel [id: 0x585a4f37, L:/127.0.0.1:50755 - R:localhost/127.0.0.1:51848] for POST '/session/13b793ad8154e403d2ef36ceb92e2f23/element/632c6e1f-9046-4591-accc-e0ee95d39d60/click'
15:13:58.647 [AsyncHttpClient-1-1] DEBUG org.asynchttpclient.netty.channel.DefaultChannelPool - Entry count for : http://localhost:50764 : 1
15:13:59.749 [AsyncHttpClient-1-1] DEBUG org.asynchttpclient.netty.channel.DefaultChannelPool - Entry count for : http://localhost:50764 : 1
15:14:00.849 [AsyncHttpClient-1-1] DEBUG org.asynchttpclient.netty.channel.DefaultChannelPool - Entry count for : http://localhost:50764 : 1
15:14:01.749 [AsyncHttpClient-1-2] DEBUG org.asynchttpclient.netty.handler.HttpHandler - 

Request DefaultHttpRequest(decodeResult: success, version: HTTP/1.1)
POST /session/13b793ad8154e403d2ef36ceb92e2f23/element/632c6e1f-9046-4591-accc-e0ee95d39d60/click HTTP/1.1
User-Agent: selenium/4.1.2 (java mac)
Content-Length: 50
Content-Type: application/json; charset=utf-8
host: localhost:51848
accept: */*

Response DefaultHttpResponse(decodeResult: success, version: HTTP/1.1)
HTTP/1.1 200 OK
Content-Type: application/json; charset=utf-8
cache-control: no-cache
content-length: 14

15:14:01.753 [AsyncHttpClient-1-2] DEBUG org.asynchttpclient.netty.channel.ChannelManager - Adding key: http://localhost:51848 for channel [id: 0x585a4f37, L:/127.0.0.1:50755 - R:localhost/127.0.0.1:51848]
15:14:01.762 [Forwarding screenshot on session 13b793ad8154e403d2ef36ceb92e2f23 to remote] DEBUG org.asynchttpclient.netty.request.NettyRequestSender - Using pooled Channel '[id: 0x585a4f37, L:/127.0.0.1:50755 - R:localhost/127.0.0.1:51848]' for 'GET' to 'http://localhost:51848/session/13b793ad8154e403d2ef36ceb92e2f23/screenshot'
15:14:01.762 [Forwarding screenshot on session 13b793ad8154e403d2ef36ceb92e2f23 to remote] DEBUG org.asynchttpclient.netty.request.NettyRequestSender - Using open Channel [id: 0x585a4f37, L:/127.0.0.1:50755 - R:localhost/127.0.0.1:51848] for GET '/session/13b793ad8154e403d2ef36ceb92e2f23/screenshot'
15:14:01.949 [AsyncHttpClient-1-1] DEBUG org.asynchttpclient.netty.channel.DefaultChannelPool - Entry count for : http://localhost:50764 : 1
15:14:02.150 [AsyncHttpClient-1-2] DEBUG org.asynchttpclient.netty.handler.HttpHandler - 

Request DefaultFullHttpRequest(decodeResult: success, version: HTTP/1.1, content: EmptyByteBufBE)
GET /session/13b793ad8154e403d2ef36ceb92e2f23/screenshot HTTP/1.1
User-Agent: selenium/4.1.2 (java mac)
Cache-Control: no-cache
Content-Type: application/json; charset=utf-8
host: localhost:51848
accept: */*

Response DefaultHttpResponse(decodeResult: success, version: HTTP/1.1)
HTTP/1.1 200 OK
Content-Type: application/json; charset=utf-8
cache-control: no-cache
content-length: 381564

15:14:02.151 [AsyncHttpClient-1-2] DEBUG org.asynchttpclient.netty.channel.ChannelManager - Adding key: http://localhost:51848 for channel [id: 0x585a4f37, L:/127.0.0.1:50755 - R:localhost/127.0.0.1:51848]
15:14:02.161 [main] DEBUG net.serenitybdd.core.photography.Darkroom - Send negative for processing for target/site/serenity/bd7732a778a1a57a0d69592a15264e3e7fc2ad0fc92fd76660786dedbdacd5b9.png
15:14:02.161 [main] DEBUG net.thucydides.core.steps.StepInterceptor - STEP DONE: ClickStartJourneyButton
15:14:02.161 [Darkroom Processing Line] DEBUG net.serenitybdd.core.photography.DarkroomProcessingLine - Processing screenshot image in /var/screenshots/screenshot-7036874010111504203
15:14:02.161 [Darkroom Processing Line] DEBUG net.serenitybdd.core.photography.DarkroomProcessingLine - Saving screenshot to target/site/serenity/bd7732a778a1a57a0d69592a15264e3e7fc2ad0fc92fd76660786dedbdacd5b9.png
15:14:02.167 [main] DEBUG net.thucydides.core.steps.StepInterceptor - STARTING STEP: UserCreation.user_should_be_registered_on_the_application - verifySuccessfullLogin
15:14:03.048 [AsyncHttpClient-1-1] DEBUG org.asynchttpclient.netty.channel.DefaultChannelPool - Entry count for : http://localhost:50764 : 1
15:14:03.049 [AsyncHttpClient-1-1] DEBUG org.asynchttpclient.netty.channel.DefaultChannelPool - Entry count for : http://localhost:51848 : 1
15:14:04.147 [AsyncHttpClient-1-1] DEBUG org.asynchttpclient.netty.channel.DefaultChannelPool - Entry count for : http://localhost:50764 : 1
15:14:04.148 [AsyncHttpClient-1-1] DEBUG org.asynchttpclient.netty.channel.DefaultChannelPool - Entry count for : http://localhost:51848 : 1
15:14:05.179 [Forwarding getCurrentUrl on session 13b793ad8154e403d2ef36ceb92e2f23 to remote] DEBUG org.asynchttpclient.netty.request.NettyRequestSender - Using pooled Channel '[id: 0x585a4f37, L:/127.0.0.1:50755 - R:localhost/127.0.0.1:51848]' for 'GET' to 'http://localhost:51848/session/13b793ad8154e403d2ef36ceb92e2f23/url'
15:14:05.179 [Forwarding getCurrentUrl on session 13b793ad8154e403d2ef36ceb92e2f23 to remote] DEBUG org.asynchttpclient.netty.request.NettyRequestSender - Using open Channel [id: 0x585a4f37, L:/127.0.0.1:50755 - R:localhost/127.0.0.1:51848] for GET '/session/13b793ad8154e403d2ef36ceb92e2f23/url'
15:14:05.188 [AsyncHttpClient-1-2] DEBUG org.asynchttpclient.netty.handler.HttpHandler - 

Request DefaultFullHttpRequest(decodeResult: success, version: HTTP/1.1, content: EmptyByteBufBE)
GET /session/13b793ad8154e403d2ef36ceb92e2f23/url HTTP/1.1
User-Agent: selenium/4.1.2 (java mac)
Cache-Control: no-cache
Content-Type: application/json; charset=utf-8
host: localhost:51848
accept: */*

Response DefaultHttpResponse(decodeResult: success, version: HTTP/1.1)
HTTP/1.1 200 OK
Content-Type: application/json; charset=utf-8
cache-control: no-cache
content-length: 55

15:14:05.190 [AsyncHttpClient-1-2] DEBUG org.asynchttpclient.netty.channel.ChannelManager - Adding key: http://localhost:51848 for channel [id: 0x585a4f37, L:/127.0.0.1:50755 - R:localhost/127.0.0.1:51848]
15:14:05.209 [Forwarding screenshot on session 13b793ad8154e403d2ef36ceb92e2f23 to remote] DEBUG org.asynchttpclient.netty.request.NettyRequestSender - Using pooled Channel '[id: 0x585a4f37, L:/127.0.0.1:50755 - R:localhost/127.0.0.1:51848]' for 'GET' to 'http://localhost:51848/session/13b793ad8154e403d2ef36ceb92e2f23/screenshot'
15:14:05.210 [Forwarding screenshot on session 13b793ad8154e403d2ef36ceb92e2f23 to remote] DEBUG org.asynchttpclient.netty.request.NettyRequestSender - Using open Channel [id: 0x585a4f37, L:/127.0.0.1:50755 - R:localhost/127.0.0.1:51848] for GET '/session/13b793ad8154e403d2ef36ceb92e2f23/screenshot'
15:14:05.250 [AsyncHttpClient-1-1] DEBUG org.asynchttpclient.netty.channel.DefaultChannelPool - Entry count for : http://localhost:50764 : 1
15:14:05.436 [AsyncHttpClient-1-2] DEBUG org.asynchttpclient.netty.handler.HttpHandler - 

Request DefaultFullHttpRequest(decodeResult: success, version: HTTP/1.1, content: EmptyByteBufBE)
GET /session/13b793ad8154e403d2ef36ceb92e2f23/screenshot HTTP/1.1
User-Agent: selenium/4.1.2 (java mac)
Cache-Control: no-cache
Content-Type: application/json; charset=utf-8
host: localhost:51848
accept: */*

Response DefaultHttpResponse(decodeResult: success, version: HTTP/1.1)
HTTP/1.1 200 OK
Content-Type: application/json; charset=utf-8
cache-control: no-cache
content-length: 387904

15:14:05.438 [AsyncHttpClient-1-2] DEBUG org.asynchttpclient.netty.channel.ChannelManager - Adding key: http://localhost:51848 for channel [id: 0x585a4f37, L:/127.0.0.1:50755 - R:localhost/127.0.0.1:51848]
15:14:05.448 [main] DEBUG net.serenitybdd.core.photography.Darkroom - Send negative for processing for target/site/serenity/b542136a523281d122b4aceab5b062cd654b3414d32c8038573a71cee5abc21f.png
15:14:05.448 [main] DEBUG net.thucydides.core.steps.StepInterceptor - STEP DONE: verifySuccessfullLogin
15:14:05.449 [Darkroom Processing Line] DEBUG net.serenitybdd.core.photography.DarkroomProcessingLine - Processing screenshot image in /var/screenshots/screenshot-5422291205541117274
15:14:05.449 [Darkroom Processing Line] DEBUG net.serenitybdd.core.photography.DarkroomProcessingLine - Saving screenshot to target/site/serenity/b542136a523281d122b4aceab5b062cd654b3414d32c8038573a71cee5abc21f.png
  &amp#27;[32mThen &amp#27;[0m&amp#27;[32mUser should be registered and should be able to login into application&amp#27;[0m                  &amp#27;[90m# starter.stepdefinitions.UserCreation.user_should_be_registered_on_the_application()&amp#27;[0m
15:14:05.457 [main] INFO  - 
  _____   ___   ___   _____     ___     _     ___   ___   ___   ___  
 |_   _| | __| / __| |_   _|   | _ \   /_\   / __| / __| | __| |   \ 
   | |   | _|  \__ \   | |     |  _/  / _ \  \__ \ \__ \ | _|  | |) |
   |_|   |___| |___/   |_|     |_|   /_/ \_\ |___/ |___/ |___| |___/ 

Create a user so that he can login into COVID THE GAME application
----------------------------------------------------------------------
15:14:05.558 [Driver Command Executor] DEBUG org.asynchttpclient.netty.request.NettyRequestSender - Using pooled Channel '[id: 0x585a4f37, L:/127.0.0.1:50755 - R:localhost/127.0.0.1:51848]' for 'DELETE' to 'http://localhost:51848/session/13b793ad8154e403d2ef36ceb92e2f23'
15:14:05.559 [Driver Command Executor] DEBUG org.asynchttpclient.netty.request.NettyRequestSender - Using open Channel [id: 0x585a4f37, L:/127.0.0.1:50755 - R:localhost/127.0.0.1:51848] for DELETE '/session/13b793ad8154e403d2ef36ceb92e2f23'
15:14:05.560 [AsyncHttpClient-1-4] DEBUG org.asynchttpclient.netty.handler.WebSocketHandler - Channel Closed: [id: 0xd0146f07, L:/127.0.0.1:50775 ! R:localhost/127.0.0.1:50764] with attribute NettyResponseFuture{currentRetry=5,
	isDone=1,
	isCancelled=0,
	asyncHandler=org.asynchttpclient.ws.WebSocketUpgradeHandler@67bae50b,
	nettyRequest=org.asynchttpclient.netty.request.NettyRequest@4e469679,
	future=java.util.concurrent.CompletableFuture@3301a2f[Completed normally],
	uri=ws://localhost:50764/devtools/browser/f0a32457-7c9c-4285-aa07-cd7f410af7e9,
	keepAlive=true,
	redirectCount=0,
	timeoutsHolder=null,
	inAuth=0,
	touch=1653110023556}
15:14:05.560 [AsyncHttpClient-1-4] DEBUG org.asynchttpclient.netty.channel.ChannelManager - Closing Channel [id: 0xd0146f07, L:/127.0.0.1:50775 ! R:localhost/127.0.0.1:50764] 
15:14:05.579 [AsyncHttpClient-1-3] DEBUG org.asynchttpclient.netty.handler.HttpHandler - Channel Closed: [id: 0x4ea703d4, L:/127.0.0.1:50774 ! R:localhost/127.0.0.1:50764] with attribute DISCARD
15:14:05.613 [AsyncHttpClient-1-2] DEBUG org.asynchttpclient.netty.handler.HttpHandler - 

Request DefaultFullHttpRequest(decodeResult: success, version: HTTP/1.1, content: EmptyByteBufBE)
DELETE /session/13b793ad8154e403d2ef36ceb92e2f23 HTTP/1.1
User-Agent: selenium/4.1.2 (java mac)
Content-Type: application/json; charset=utf-8
host: localhost:51848
accept: */*

Response DefaultHttpResponse(decodeResult: success, version: HTTP/1.1)
HTTP/1.1 200 OK
Content-Type: application/json; charset=utf-8
cache-control: no-cache
content-length: 14

15:14:05.613 [AsyncHttpClient-1-2] DEBUG org.asynchttpclient.netty.channel.ChannelManager - Adding key: http://localhost:51848 for channel [id: 0x585a4f37, L:/127.0.0.1:50755 - R:localhost/127.0.0.1:51848]
15:14:05.649 [AsyncHttpClient-1-2] DEBUG org.asynchttpclient.netty.handler.HttpHandler - Channel Closed: [id: 0x585a4f37, L:/127.0.0.1:50755 ! R:localhost/127.0.0.1:51848] with attribute DISCARD
15:14:06.349 [AsyncHttpClient-1-1] DEBUG org.asynchttpclient.netty.channel.DefaultChannelPool - Entry count for : http://localhost:50764 : 1
15:14:06.355 [AsyncHttpClient-1-1] DEBUG org.asynchttpclient.netty.channel.DefaultChannelPool - Entry count for : http://localhost:51848 : 1
15:14:06.355 [AsyncHttpClient-1-1] DEBUG org.asynchttpclient.netty.channel.DefaultChannelPool - Adding Candidate expired Channel [id: 0x4ea703d4, L:/127.0.0.1:50774 ! R:localhost/127.0.0.1:50764] isIdleTimeoutExpired=false isRemotelyClosed=true isTtlExpired=false
15:14:06.356 [AsyncHttpClient-1-1] DEBUG org.asynchttpclient.netty.channel.DefaultChannelPool - Closing Idle Channel [id: 0x4ea703d4, L:/127.0.0.1:50774 ! R:localhost/127.0.0.1:50764]
15:14:06.357 [AsyncHttpClient-1-1] DEBUG org.asynchttpclient.netty.channel.DefaultChannelPool - Adding Candidate expired Channel [id: 0x585a4f37, L:/127.0.0.1:50755 ! R:localhost/127.0.0.1:51848] isIdleTimeoutExpired=false isRemotelyClosed=true isTtlExpired=false
15:14:06.357 [AsyncHttpClient-1-1] DEBUG org.asynchttpclient.netty.channel.DefaultChannelPool - Closing Idle Channel [id: 0x585a4f37, L:/127.0.0.1:50755 ! R:localhost/127.0.0.1:51848]
15:14:06.357 [AsyncHttpClient-1-1] DEBUG org.asynchttpclient.netty.channel.DefaultChannelPool - Closed 2 connections out of 2 in 2 ms
]]></system-out>
    <system-err><![CDATA[Starting ChromeDriver 101.0.4951.41 (93c720db8323b3ec10d056025ab95c23a31997c9-refs/branch-heads/4951@{#904}) on port 51848
Only local connections are allowed.
Please see https://chromedriver.chromium.org/security-considerations for suggestions on keeping ChromeDriver safe.
ChromeDriver was started successfully.
May 21, 2022 3:13:43 PM org.openqa.selenium.remote.ProtocolHandshake createSession
INFO: Detected dialect: W3C
May 21, 2022 3:13:43 PM org.openqa.selenium.devtools.CdpVersionFinder findNearestMatch
WARNING: Unable to find an exact match for CDP version 101, so returning the closest version found: 97
May 21, 2022 3:13:43 PM org.openqa.selenium.devtools.CdpVersionFinder findNearestMatch
INFO: Found CDP implementation for version 101 of 97
]]></system-err>
  </testcase>
  <testcase name="Login into application to complete some challenges and verify score in leaderboard" classname="User Creation, complete some challenges and check the leaderboard" time="27.27">
    <system-out><![CDATA[
@RegressionTest
Scenario: Login into application to complete some challenges and verify score in leaderboard &amp#27;[90m# src/test/resources/features/covid19.feature:11&amp#27;[0m
15:14:06.724 [main] INFO io.cucumber.core.plugin.SerenityReporter - Running feature from file:///Users/deepapandey/eclipse-workspace/web/src/test/resources/features/covid19.feature
15:14:06.730 [main] INFO  - 
  _____   ___   ___   _____     ___   _____     _     ___   _____   ___   ___  
 |_   _| | __| / __| |_   _|   / __| |_   _|   /_\   | _ \ |_   _| | __| |   \ 
   | |   | _|  \__ \   | |     \__ \   | |    / _ \  |   /   | |   | _|  | |) |
   |_|   |___| |___/   |_|     |___/   |_|   /_/ \_\ |_|_\   |_|   |___| |___/ 

Login into application to complete some challenges and verify score in leaderboard(user-creation--complete-some-challenges-and-check-the-leaderboard;login-into-application-to-complete-some-challenges-and-verify-score-in-leaderboard)
--------------------------------------------------------------------------------
15:14:06.809 [main] DEBUG net.thucydides.core.steps.StepInterceptor - STARTING STEP: Challenges.user_is_on_home_page_of_covid_game_application - openApplication
15:14:06.814 [main] INFO net.serenitybdd.core.webdriver.driverproviders.ChromeDriverProvider - Using automatically driver download
15:14:06.920 [main] DEBUG io.github.bonigarcia.wdm.cache.ResolutionCache - Resolution chrome=101 in cache (valid until 16:13:35 21/05/2022 AEST)
15:14:06.925 [main] DEBUG io.github.bonigarcia.wdm.cache.ResolutionCache - Resolution chrome101=101.0.4951.41 in cache (valid until 23:50:23 21/05/2022 AEST)
15:14:06.926 [main] INFO io.github.bonigarcia.wdm.WebDriverManager - Using chromedriver 101.0.4951.41 (resolved driver for Chrome 101)
15:14:06.933 [main] DEBUG io.github.bonigarcia.wdm.WebDriverManager - Driver chromedriver 101.0.4951.41 found in cache
15:14:06.934 [main] INFO io.github.bonigarcia.wdm.WebDriverManager - Exporting webdriver.chrome.driver as /Users/deepapandey/.cache/selenium/chromedriver/mac64/101.0.4951.41/chromedriver
15:14:07.022 [main] DEBUG net.serenitybdd.core.webdriver.driverproviders.ProvideNewDriver - Instantiating driver
15:14:07.022 [main] DEBUG net.serenitybdd.core.webdriver.driverproviders.ProvideNewDriver - Driver capabilities: Capabilities {acceptInsecureCerts: false, base.url: https://responsivefight.her..., browserName: chrome, goog:chromeOptions: {args: [], extensions: []}}
15:14:08.139 [AsyncHttpClient-1-5] DEBUG org.asynchttpclient.netty.channel.NettyConnectListener - Using new Channel '[id: 0x29191541, L:/127.0.0.1:50899 - R:localhost/127.0.0.1:52101]' for 'POST' to '/session'
15:14:10.951 [AsyncHttpClient-1-5] DEBUG org.asynchttpclient.netty.handler.HttpHandler - 

Request DefaultHttpRequest(decodeResult: success, version: HTTP/1.1)
POST /session HTTP/1.1
User-Agent: selenium/4.1.2 (java mac)
Content-Length: 510
Content-Type: application/json; charset=utf-8
host: localhost:52101
accept: */*

Response DefaultHttpResponse(decodeResult: success, version: HTTP/1.1)
HTTP/1.1 200 OK
Content-Type: application/json; charset=utf-8
cache-control: no-cache
content-length: 799

15:14:10.957 [AsyncHttpClient-1-5] DEBUG org.asynchttpclient.netty.channel.ChannelManager - Adding key: http://localhost:52101 for channel [id: 0x29191541, L:/127.0.0.1:50899 - R:localhost/127.0.0.1:52101]
15:14:11.018 [AsyncHttpClient-1-6] DEBUG org.asynchttpclient.netty.channel.NettyConnectListener - Using new Channel '[id: 0x25e7881c, L:/127.0.0.1:50917 - R:localhost/127.0.0.1:50904]' for 'GET' to '/json/version'
15:14:11.027 [AsyncHttpClient-1-6] DEBUG org.asynchttpclient.netty.handler.HttpHandler - 

Request DefaultFullHttpRequest(decodeResult: success, version: HTTP/1.1, content: EmptyByteBufBE)
GET /json/version HTTP/1.1
User-Agent: selenium/4.1.2 (java mac)
host: localhost:50904
accept: */*

Response DefaultHttpResponse(decodeResult: success, version: HTTP/1.1)
HTTP/1.1 200 OK
Content-Type: application/json; charset=UTF-8
content-length: 425

15:14:11.027 [AsyncHttpClient-1-6] DEBUG org.asynchttpclient.netty.channel.ChannelManager - Adding key: http://localhost:50904 for channel [id: 0x25e7881c, L:/127.0.0.1:50917 - R:localhost/127.0.0.1:50904]
15:14:11.043 [AsyncHttpClient-1-7] DEBUG org.asynchttpclient.netty.channel.NettyConnectListener - Using new Channel '[id: 0x0fb80e7b, L:/127.0.0.1:50918 - R:localhost/127.0.0.1:50904]' for 'GET' to '/devtools/browser/36f104e8-8acb-43c4-b5cd-6a1657901598'
15:14:11.050 [AsyncHttpClient-1-7] DEBUG org.asynchttpclient.netty.handler.WebSocketHandler - 

Request DefaultFullHttpRequest(decodeResult: success, version: HTTP/1.1, content: EmptyByteBufBE)
GET /devtools/browser/36f104e8-8acb-43c4-b5cd-6a1657901598 HTTP/1.1
upgrade: websocket
connection: upgrade
sec-websocket-key: Dy28Vehah9mcbpz6e2/5Fw==
sec-websocket-version: 13
origin: http://localhost:50904
host: localhost:50904
accept: */*
user-agent: AHC/2.1

Response DefaultHttpResponse(decodeResult: success, version: HTTP/1.1)
HTTP/1.1 101 WebSocket Protocol Handshake
Upgrade: WebSocket
Connection: Upgrade
Sec-WebSocket-Accept: Ebd/pO2HElODLHPdhNc71Nnf6nA=

15:14:11.061 [Forwarding get on session 318d2b5e0bac94d7bdd0a2c19dd6b882 to remote] DEBUG org.asynchttpclient.netty.request.NettyRequestSender - Using pooled Channel '[id: 0x29191541, L:/127.0.0.1:50899 - R:localhost/127.0.0.1:52101]' for 'POST' to 'http://localhost:52101/session/318d2b5e0bac94d7bdd0a2c19dd6b882/url'
15:14:11.062 [Forwarding get on session 318d2b5e0bac94d7bdd0a2c19dd6b882 to remote] DEBUG org.asynchttpclient.netty.request.NettyRequestSender - Using open Channel [id: 0x29191541, L:/127.0.0.1:50899 - R:localhost/127.0.0.1:52101] for POST '/session/318d2b5e0bac94d7bdd0a2c19dd6b882/url'
15:14:11.847 [AsyncHttpClient-1-1] DEBUG org.asynchttpclient.netty.channel.DefaultChannelPool - Entry count for : http://localhost:50904 : 1
15:14:12.948 [AsyncHttpClient-1-1] DEBUG org.asynchttpclient.netty.channel.DefaultChannelPool - Entry count for : http://localhost:50904 : 1
15:14:13.736 [AsyncHttpClient-1-5] DEBUG org.asynchttpclient.netty.handler.HttpHandler - 

Request DefaultHttpRequest(decodeResult: success, version: HTTP/1.1)
POST /session/318d2b5e0bac94d7bdd0a2c19dd6b882/url HTTP/1.1
User-Agent: selenium/4.1.2 (java mac)
Content-Length: 68
Content-Type: application/json; charset=utf-8
host: localhost:52101
accept: */*

Response DefaultHttpResponse(decodeResult: success, version: HTTP/1.1)
HTTP/1.1 200 OK
Content-Type: application/json; charset=utf-8
cache-control: no-cache
content-length: 14

15:14:13.736 [AsyncHttpClient-1-5] DEBUG org.asynchttpclient.netty.channel.ChannelManager - Adding key: http://localhost:52101 for channel [id: 0x29191541, L:/127.0.0.1:50899 - R:localhost/127.0.0.1:52101]
15:14:13.738 [Forwarding setTimeout on session 318d2b5e0bac94d7bdd0a2c19dd6b882 to remote] DEBUG org.asynchttpclient.netty.request.NettyRequestSender - Using pooled Channel '[id: 0x29191541, L:/127.0.0.1:50899 - R:localhost/127.0.0.1:52101]' for 'POST' to 'http://localhost:52101/session/318d2b5e0bac94d7bdd0a2c19dd6b882/timeouts'
15:14:13.739 [Forwarding setTimeout on session 318d2b5e0bac94d7bdd0a2c19dd6b882 to remote] DEBUG org.asynchttpclient.netty.request.NettyRequestSender - Using open Channel [id: 0x29191541, L:/127.0.0.1:50899 - R:localhost/127.0.0.1:52101] for POST '/session/318d2b5e0bac94d7bdd0a2c19dd6b882/timeouts'
15:14:13.740 [AsyncHttpClient-1-5] DEBUG org.asynchttpclient.netty.handler.HttpHandler - 

Request DefaultHttpRequest(decodeResult: success, version: HTTP/1.1)
POST /session/318d2b5e0bac94d7bdd0a2c19dd6b882/timeouts HTTP/1.1
User-Agent: selenium/4.1.2 (java mac)
Content-Length: 22
Content-Type: application/json; charset=utf-8
host: localhost:52101
accept: */*

Response DefaultHttpResponse(decodeResult: success, version: HTTP/1.1)
HTTP/1.1 200 OK
Content-Type: application/json; charset=utf-8
cache-control: no-cache
content-length: 14

15:14:13.740 [AsyncHttpClient-1-5] DEBUG org.asynchttpclient.netty.channel.ChannelManager - Adding key: http://localhost:52101 for channel [id: 0x29191541, L:/127.0.0.1:50899 - R:localhost/127.0.0.1:52101]
15:14:13.743 [Forwarding getCurrentUrl on session 318d2b5e0bac94d7bdd0a2c19dd6b882 to remote] DEBUG org.asynchttpclient.netty.request.NettyRequestSender - Using pooled Channel '[id: 0x29191541, L:/127.0.0.1:50899 - R:localhost/127.0.0.1:52101]' for 'GET' to 'http://localhost:52101/session/318d2b5e0bac94d7bdd0a2c19dd6b882/url'
15:14:13.743 [Forwarding getCurrentUrl on session 318d2b5e0bac94d7bdd0a2c19dd6b882 to remote] DEBUG org.asynchttpclient.netty.request.NettyRequestSender - Using open Channel [id: 0x29191541, L:/127.0.0.1:50899 - R:localhost/127.0.0.1:52101] for GET '/session/318d2b5e0bac94d7bdd0a2c19dd6b882/url'
15:14:13.758 [AsyncHttpClient-1-5] DEBUG org.asynchttpclient.netty.handler.HttpHandler - 

Request DefaultFullHttpRequest(decodeResult: success, version: HTTP/1.1, content: EmptyByteBufBE)
GET /session/318d2b5e0bac94d7bdd0a2c19dd6b882/url HTTP/1.1
User-Agent: selenium/4.1.2 (java mac)
Cache-Control: no-cache
Content-Type: application/json; charset=utf-8
host: localhost:52101
accept: */*

Response DefaultHttpResponse(decodeResult: success, version: HTTP/1.1)
HTTP/1.1 200 OK
Content-Type: application/json; charset=utf-8
cache-control: no-cache
content-length: 50

15:14:13.758 [AsyncHttpClient-1-5] DEBUG org.asynchttpclient.netty.channel.ChannelManager - Adding key: http://localhost:52101 for channel [id: 0x29191541, L:/127.0.0.1:50899 - R:localhost/127.0.0.1:52101]
15:14:13.759 [Forwarding getCurrentUrl on session 318d2b5e0bac94d7bdd0a2c19dd6b882 to remote] DEBUG org.asynchttpclient.netty.request.NettyRequestSender - Using pooled Channel '[id: 0x29191541, L:/127.0.0.1:50899 - R:localhost/127.0.0.1:52101]' for 'GET' to 'http://localhost:52101/session/318d2b5e0bac94d7bdd0a2c19dd6b882/url'
15:14:13.759 [Forwarding getCurrentUrl on session 318d2b5e0bac94d7bdd0a2c19dd6b882 to remote] DEBUG org.asynchttpclient.netty.request.NettyRequestSender - Using open Channel [id: 0x29191541, L:/127.0.0.1:50899 - R:localhost/127.0.0.1:52101] for GET '/session/318d2b5e0bac94d7bdd0a2c19dd6b882/url'
15:14:13.762 [AsyncHttpClient-1-5] DEBUG org.asynchttpclient.netty.handler.HttpHandler - 

Request DefaultFullHttpRequest(decodeResult: success, version: HTTP/1.1, content: EmptyByteBufBE)
GET /session/318d2b5e0bac94d7bdd0a2c19dd6b882/url HTTP/1.1
User-Agent: selenium/4.1.2 (java mac)
Cache-Control: no-cache
Content-Type: application/json; charset=utf-8
host: localhost:52101
accept: */*

Response DefaultHttpResponse(decodeResult: success, version: HTTP/1.1)
HTTP/1.1 200 OK
Content-Type: application/json; charset=utf-8
cache-control: no-cache
content-length: 50

15:14:13.762 [AsyncHttpClient-1-5] DEBUG org.asynchttpclient.netty.channel.ChannelManager - Adding key: http://localhost:52101 for channel [id: 0x29191541, L:/127.0.0.1:50899 - R:localhost/127.0.0.1:52101]
15:14:13.773 [Forwarding screenshot on session 318d2b5e0bac94d7bdd0a2c19dd6b882 to remote] DEBUG org.asynchttpclient.netty.request.NettyRequestSender - Using pooled Channel '[id: 0x29191541, L:/127.0.0.1:50899 - R:localhost/127.0.0.1:52101]' for 'GET' to 'http://localhost:52101/session/318d2b5e0bac94d7bdd0a2c19dd6b882/screenshot'
15:14:13.773 [Forwarding screenshot on session 318d2b5e0bac94d7bdd0a2c19dd6b882 to remote] DEBUG org.asynchttpclient.netty.request.NettyRequestSender - Using open Channel [id: 0x29191541, L:/127.0.0.1:50899 - R:localhost/127.0.0.1:52101] for GET '/session/318d2b5e0bac94d7bdd0a2c19dd6b882/screenshot'
15:14:13.945 [AsyncHttpClient-1-5] DEBUG org.asynchttpclient.netty.handler.HttpHandler - 

Request DefaultFullHttpRequest(decodeResult: success, version: HTTP/1.1, content: EmptyByteBufBE)
GET /session/318d2b5e0bac94d7bdd0a2c19dd6b882/screenshot HTTP/1.1
User-Agent: selenium/4.1.2 (java mac)
Cache-Control: no-cache
Content-Type: application/json; charset=utf-8
host: localhost:52101
accept: */*

Response DefaultHttpResponse(decodeResult: success, version: HTTP/1.1)
HTTP/1.1 200 OK
Content-Type: application/json; charset=utf-8
cache-control: no-cache
content-length: 213688

15:14:13.946 [AsyncHttpClient-1-5] DEBUG org.asynchttpclient.netty.channel.ChannelManager - Adding key: http://localhost:52101 for channel [id: 0x29191541, L:/127.0.0.1:50899 - R:localhost/127.0.0.1:52101]
15:14:13.958 [main] DEBUG net.serenitybdd.core.photography.Darkroom - Send negative for processing for target/site/serenity/9d2a01290ec40f04c6cb55f683549e155894568927de01d3b801071c65cfc17d.png
15:14:13.958 [Darkroom Processing Line] DEBUG net.serenitybdd.core.photography.DarkroomProcessingLine - Processing screenshot image in /var/screenshots/screenshot-11790536355807633434
15:14:13.959 [Darkroom Processing Line] DEBUG net.serenitybdd.core.photography.DarkroomProcessingLine - Saving screenshot to target/site/serenity/9d2a01290ec40f04c6cb55f683549e155894568927de01d3b801071c65cfc17d.png
15:14:13.959 [main] DEBUG net.thucydides.core.steps.StepInterceptor - STEP DONE: openApplication
  &amp#27;[32mGiven &amp#27;[0m&amp#27;[32mUser is on home page of COVID GAME application&amp#27;[0m                                       &amp#27;[90m# starter.stepdefinitions.Challenges.user_is_on_home_page_of_covid_game_application()&amp#27;[0m
15:14:13.981 [main] DEBUG net.thucydides.core.steps.StepInterceptor - STARTING STEP: Challenges.he_clicks_on_login_button - clickLogin
15:14:13.985 [Forwarding findElement on session 318d2b5e0bac94d7bdd0a2c19dd6b882 to remote] DEBUG org.asynchttpclient.netty.request.NettyRequestSender - Using pooled Channel '[id: 0x29191541, L:/127.0.0.1:50899 - R:localhost/127.0.0.1:52101]' for 'POST' to 'http://localhost:52101/session/318d2b5e0bac94d7bdd0a2c19dd6b882/element'
15:14:13.985 [Forwarding findElement on session 318d2b5e0bac94d7bdd0a2c19dd6b882 to remote] DEBUG org.asynchttpclient.netty.request.NettyRequestSender - Using open Channel [id: 0x29191541, L:/127.0.0.1:50899 - R:localhost/127.0.0.1:52101] for POST '/session/318d2b5e0bac94d7bdd0a2c19dd6b882/element'
15:14:14.009 [AsyncHttpClient-1-5] DEBUG org.asynchttpclient.netty.handler.HttpHandler - 

Request DefaultHttpRequest(decodeResult: success, version: HTTP/1.1)
POST /session/318d2b5e0bac94d7bdd0a2c19dd6b882/element HTTP/1.1
User-Agent: selenium/4.1.2 (java mac)
Content-Length: 50
Content-Type: application/json; charset=utf-8
host: localhost:52101
accept: */*

Response DefaultHttpResponse(decodeResult: success, version: HTTP/1.1)
HTTP/1.1 200 OK
Content-Type: application/json; charset=utf-8
cache-control: no-cache
content-length: 88

15:14:14.010 [AsyncHttpClient-1-5] DEBUG org.asynchttpclient.netty.channel.ChannelManager - Adding key: http://localhost:52101 for channel [id: 0x29191541, L:/127.0.0.1:50899 - R:localhost/127.0.0.1:52101]
15:14:14.012 [Forwarding getElementTagName on session 318d2b5e0bac94d7bdd0a2c19dd6b882 to remote] DEBUG org.asynchttpclient.netty.request.NettyRequestSender - Using pooled Channel '[id: 0x29191541, L:/127.0.0.1:50899 - R:localhost/127.0.0.1:52101]' for 'GET' to 'http://localhost:52101/session/318d2b5e0bac94d7bdd0a2c19dd6b882/element/abf50fe4-0c3a-4836-9106-6f9290a6da1c/name'
15:14:14.012 [Forwarding getElementTagName on session 318d2b5e0bac94d7bdd0a2c19dd6b882 to remote] DEBUG org.asynchttpclient.netty.request.NettyRequestSender - Using open Channel [id: 0x29191541, L:/127.0.0.1:50899 - R:localhost/127.0.0.1:52101] for GET '/session/318d2b5e0bac94d7bdd0a2c19dd6b882/element/abf50fe4-0c3a-4836-9106-6f9290a6da1c/name'
15:14:14.017 [AsyncHttpClient-1-5] DEBUG org.asynchttpclient.netty.handler.HttpHandler - 

Request DefaultFullHttpRequest(decodeResult: success, version: HTTP/1.1, content: EmptyByteBufBE)
GET /session/318d2b5e0bac94d7bdd0a2c19dd6b882/element/abf50fe4-0c3a-4836-9106-6f9290a6da1c/name HTTP/1.1
User-Agent: selenium/4.1.2 (java mac)
Cache-Control: no-cache
Content-Type: application/json; charset=utf-8
host: localhost:52101
accept: */*

Response DefaultHttpResponse(decodeResult: success, version: HTTP/1.1)
HTTP/1.1 200 OK
Content-Type: application/json; charset=utf-8
cache-control: no-cache
content-length: 13

15:14:14.017 [AsyncHttpClient-1-5] DEBUG org.asynchttpclient.netty.channel.ChannelManager - Adding key: http://localhost:52101 for channel [id: 0x29191541, L:/127.0.0.1:50899 - R:localhost/127.0.0.1:52101]
15:14:14.018 [Forwarding getElementTagName on session 318d2b5e0bac94d7bdd0a2c19dd6b882 to remote] DEBUG org.asynchttpclient.netty.request.NettyRequestSender - Using pooled Channel '[id: 0x29191541, L:/127.0.0.1:50899 - R:localhost/127.0.0.1:52101]' for 'GET' to 'http://localhost:52101/session/318d2b5e0bac94d7bdd0a2c19dd6b882/element/abf50fe4-0c3a-4836-9106-6f9290a6da1c/name'
15:14:14.018 [Forwarding getElementTagName on session 318d2b5e0bac94d7bdd0a2c19dd6b882 to remote] DEBUG org.asynchttpclient.netty.request.NettyRequestSender - Using open Channel [id: 0x29191541, L:/127.0.0.1:50899 - R:localhost/127.0.0.1:52101] for GET '/session/318d2b5e0bac94d7bdd0a2c19dd6b882/element/abf50fe4-0c3a-4836-9106-6f9290a6da1c/name'
15:14:14.047 [AsyncHttpClient-1-1] DEBUG org.asynchttpclient.netty.channel.DefaultChannelPool - Entry count for : http://localhost:50904 : 1
15:14:14.049 [AsyncHttpClient-1-5] DEBUG org.asynchttpclient.netty.handler.HttpHandler - 

Request DefaultFullHttpRequest(decodeResult: success, version: HTTP/1.1, content: EmptyByteBufBE)
GET /session/318d2b5e0bac94d7bdd0a2c19dd6b882/element/abf50fe4-0c3a-4836-9106-6f9290a6da1c/name HTTP/1.1
User-Agent: selenium/4.1.2 (java mac)
Cache-Control: no-cache
Content-Type: application/json; charset=utf-8
host: localhost:52101
accept: */*

Response DefaultHttpResponse(decodeResult: success, version: HTTP/1.1)
HTTP/1.1 200 OK
Content-Type: application/json; charset=utf-8
cache-control: no-cache
content-length: 13

15:14:14.049 [AsyncHttpClient-1-5] DEBUG org.asynchttpclient.netty.channel.ChannelManager - Adding key: http://localhost:52101 for channel [id: 0x29191541, L:/127.0.0.1:50899 - R:localhost/127.0.0.1:52101]
15:14:14.056 [Forwarding findElement on session 318d2b5e0bac94d7bdd0a2c19dd6b882 to remote] DEBUG org.asynchttpclient.netty.request.NettyRequestSender - Using pooled Channel '[id: 0x29191541, L:/127.0.0.1:50899 - R:localhost/127.0.0.1:52101]' for 'POST' to 'http://localhost:52101/session/318d2b5e0bac94d7bdd0a2c19dd6b882/element'
15:14:14.056 [Forwarding findElement on session 318d2b5e0bac94d7bdd0a2c19dd6b882 to remote] DEBUG org.asynchttpclient.netty.request.NettyRequestSender - Using open Channel [id: 0x29191541, L:/127.0.0.1:50899 - R:localhost/127.0.0.1:52101] for POST '/session/318d2b5e0bac94d7bdd0a2c19dd6b882/element'
15:14:14.080 [AsyncHttpClient-1-5] DEBUG org.asynchttpclient.netty.handler.HttpHandler - 

Request DefaultHttpRequest(decodeResult: success, version: HTTP/1.1)
POST /session/318d2b5e0bac94d7bdd0a2c19dd6b882/element HTTP/1.1
User-Agent: selenium/4.1.2 (java mac)
Content-Length: 50
Content-Type: application/json; charset=utf-8
host: localhost:52101
accept: */*

Response DefaultHttpResponse(decodeResult: success, version: HTTP/1.1)
HTTP/1.1 200 OK
Content-Type: application/json; charset=utf-8
cache-control: no-cache
content-length: 88

15:14:14.080 [AsyncHttpClient-1-5] DEBUG org.asynchttpclient.netty.channel.ChannelManager - Adding key: http://localhost:52101 for channel [id: 0x29191541, L:/127.0.0.1:50899 - R:localhost/127.0.0.1:52101]
15:14:14.082 [Forwarding clickElement on session 318d2b5e0bac94d7bdd0a2c19dd6b882 to remote] DEBUG org.asynchttpclient.netty.request.NettyRequestSender - Using pooled Channel '[id: 0x29191541, L:/127.0.0.1:50899 - R:localhost/127.0.0.1:52101]' for 'POST' to 'http://localhost:52101/session/318d2b5e0bac94d7bdd0a2c19dd6b882/element/abf50fe4-0c3a-4836-9106-6f9290a6da1c/click'
15:14:14.082 [Forwarding clickElement on session 318d2b5e0bac94d7bdd0a2c19dd6b882 to remote] DEBUG org.asynchttpclient.netty.request.NettyRequestSender - Using open Channel [id: 0x29191541, L:/127.0.0.1:50899 - R:localhost/127.0.0.1:52101] for POST '/session/318d2b5e0bac94d7bdd0a2c19dd6b882/element/abf50fe4-0c3a-4836-9106-6f9290a6da1c/click'
15:14:14.259 [AsyncHttpClient-1-5] DEBUG org.asynchttpclient.netty.handler.HttpHandler - 

Request DefaultHttpRequest(decodeResult: success, version: HTTP/1.1)
POST /session/318d2b5e0bac94d7bdd0a2c19dd6b882/element/abf50fe4-0c3a-4836-9106-6f9290a6da1c/click HTTP/1.1
User-Agent: selenium/4.1.2 (java mac)
Content-Length: 50
Content-Type: application/json; charset=utf-8
host: localhost:52101
accept: */*

Response DefaultHttpResponse(decodeResult: success, version: HTTP/1.1)
HTTP/1.1 200 OK
Content-Type: application/json; charset=utf-8
cache-control: no-cache
content-length: 14

15:14:14.260 [AsyncHttpClient-1-5] DEBUG org.asynchttpclient.netty.channel.ChannelManager - Adding key: http://localhost:52101 for channel [id: 0x29191541, L:/127.0.0.1:50899 - R:localhost/127.0.0.1:52101]
15:14:14.268 [Forwarding screenshot on session 318d2b5e0bac94d7bdd0a2c19dd6b882 to remote] DEBUG org.asynchttpclient.netty.request.NettyRequestSender - Using pooled Channel '[id: 0x29191541, L:/127.0.0.1:50899 - R:localhost/127.0.0.1:52101]' for 'GET' to 'http://localhost:52101/session/318d2b5e0bac94d7bdd0a2c19dd6b882/screenshot'
15:14:14.268 [Forwarding screenshot on session 318d2b5e0bac94d7bdd0a2c19dd6b882 to remote] DEBUG org.asynchttpclient.netty.request.NettyRequestSender - Using open Channel [id: 0x29191541, L:/127.0.0.1:50899 - R:localhost/127.0.0.1:52101] for GET '/session/318d2b5e0bac94d7bdd0a2c19dd6b882/screenshot'
15:14:14.439 [AsyncHttpClient-1-5] DEBUG org.asynchttpclient.netty.handler.HttpHandler - 

Request DefaultFullHttpRequest(decodeResult: success, version: HTTP/1.1, content: EmptyByteBufBE)
GET /session/318d2b5e0bac94d7bdd0a2c19dd6b882/screenshot HTTP/1.1
User-Agent: selenium/4.1.2 (java mac)
Cache-Control: no-cache
Content-Type: application/json; charset=utf-8
host: localhost:52101
accept: */*

Response DefaultHttpResponse(decodeResult: success, version: HTTP/1.1)
HTTP/1.1 200 OK
Content-Type: application/json; charset=utf-8
cache-control: no-cache
content-length: 119744

15:14:14.440 [AsyncHttpClient-1-5] DEBUG org.asynchttpclient.netty.channel.ChannelManager - Adding key: http://localhost:52101 for channel [id: 0x29191541, L:/127.0.0.1:50899 - R:localhost/127.0.0.1:52101]
15:14:14.444 [main] DEBUG net.serenitybdd.core.photography.Darkroom - Send negative for processing for target/site/serenity/603a0dd51c3c4983886f26019c8f102e547372f95ce755bd06484fcecd7de657.png
15:14:14.445 [Darkroom Processing Line] DEBUG net.serenitybdd.core.photography.DarkroomProcessingLine - Processing screenshot image in /var/screenshots/screenshot-6266841466426801970
15:14:14.445 [Darkroom Processing Line] DEBUG net.serenitybdd.core.photography.DarkroomProcessingLine - Saving screenshot to target/site/serenity/603a0dd51c3c4983886f26019c8f102e547372f95ce755bd06484fcecd7de657.png
15:14:14.445 [main] DEBUG net.thucydides.core.steps.StepInterceptor - STEP DONE: clickLogin
  &amp#27;[32mWhen &amp#27;[0m&amp#27;[32mhe clicks on Login button&amp#27;[0m                                                             &amp#27;[90m# starter.stepdefinitions.Challenges.he_clicks_on_login_button()&amp#27;[0m
15:14:14.471 [main] DEBUG net.thucydides.core.steps.StepInterceptor - STARTING STEP: Challenges.he_enters_username_as_and_password_as_to_login_into_application - enterUsernameForChallenge
15:14:14.476 [Forwarding findElement on session 318d2b5e0bac94d7bdd0a2c19dd6b882 to remote] DEBUG org.asynchttpclient.netty.request.NettyRequestSender - Using pooled Channel '[id: 0x29191541, L:/127.0.0.1:50899 - R:localhost/127.0.0.1:52101]' for 'POST' to 'http://localhost:52101/session/318d2b5e0bac94d7bdd0a2c19dd6b882/element'
15:14:14.476 [Forwarding findElement on session 318d2b5e0bac94d7bdd0a2c19dd6b882 to remote] DEBUG org.asynchttpclient.netty.request.NettyRequestSender - Using open Channel [id: 0x29191541, L:/127.0.0.1:50899 - R:localhost/127.0.0.1:52101] for POST '/session/318d2b5e0bac94d7bdd0a2c19dd6b882/element'
15:14:14.536 [AsyncHttpClient-1-5] DEBUG org.asynchttpclient.netty.handler.HttpHandler - 

Request DefaultHttpRequest(decodeResult: success, version: HTTP/1.1)
POST /session/318d2b5e0bac94d7bdd0a2c19dd6b882/element HTTP/1.1
User-Agent: selenium/4.1.2 (java mac)
Content-Length: 61
Content-Type: application/json; charset=utf-8
host: localhost:52101
accept: */*

Response DefaultHttpResponse(decodeResult: success, version: HTTP/1.1)
HTTP/1.1 200 OK
Content-Type: application/json; charset=utf-8
cache-control: no-cache
content-length: 88

15:14:14.537 [AsyncHttpClient-1-5] DEBUG org.asynchttpclient.netty.channel.ChannelManager - Adding key: http://localhost:52101 for channel [id: 0x29191541, L:/127.0.0.1:50899 - R:localhost/127.0.0.1:52101]
15:14:14.539 [Forwarding clearElement on session 318d2b5e0bac94d7bdd0a2c19dd6b882 to remote] DEBUG org.asynchttpclient.netty.request.NettyRequestSender - Using pooled Channel '[id: 0x29191541, L:/127.0.0.1:50899 - R:localhost/127.0.0.1:52101]' for 'POST' to 'http://localhost:52101/session/318d2b5e0bac94d7bdd0a2c19dd6b882/element/568a1d17-6ec3-446c-91aa-f2c12d74e6a8/clear'
15:14:14.539 [Forwarding clearElement on session 318d2b5e0bac94d7bdd0a2c19dd6b882 to remote] DEBUG org.asynchttpclient.netty.request.NettyRequestSender - Using open Channel [id: 0x29191541, L:/127.0.0.1:50899 - R:localhost/127.0.0.1:52101] for POST '/session/318d2b5e0bac94d7bdd0a2c19dd6b882/element/568a1d17-6ec3-446c-91aa-f2c12d74e6a8/clear'
15:14:14.567 [AsyncHttpClient-1-5] DEBUG org.asynchttpclient.netty.handler.HttpHandler - 

Request DefaultHttpRequest(decodeResult: success, version: HTTP/1.1)
POST /session/318d2b5e0bac94d7bdd0a2c19dd6b882/element/568a1d17-6ec3-446c-91aa-f2c12d74e6a8/clear HTTP/1.1
User-Agent: selenium/4.1.2 (java mac)
Content-Length: 50
Content-Type: application/json; charset=utf-8
host: localhost:52101
accept: */*

Response DefaultHttpResponse(decodeResult: success, version: HTTP/1.1)
HTTP/1.1 200 OK
Content-Type: application/json; charset=utf-8
cache-control: no-cache
content-length: 14

15:14:14.567 [AsyncHttpClient-1-5] DEBUG org.asynchttpclient.netty.channel.ChannelManager - Adding key: http://localhost:52101 for channel [id: 0x29191541, L:/127.0.0.1:50899 - R:localhost/127.0.0.1:52101]
15:14:14.569 [Forwarding sendKeysToElement on session 318d2b5e0bac94d7bdd0a2c19dd6b882 to remote] DEBUG org.asynchttpclient.netty.request.NettyRequestSender - Using pooled Channel '[id: 0x29191541, L:/127.0.0.1:50899 - R:localhost/127.0.0.1:52101]' for 'POST' to 'http://localhost:52101/session/318d2b5e0bac94d7bdd0a2c19dd6b882/element/568a1d17-6ec3-446c-91aa-f2c12d74e6a8/value'
15:14:14.569 [Forwarding sendKeysToElement on session 318d2b5e0bac94d7bdd0a2c19dd6b882 to remote] DEBUG org.asynchttpclient.netty.request.NettyRequestSender - Using open Channel [id: 0x29191541, L:/127.0.0.1:50899 - R:localhost/127.0.0.1:52101] for POST '/session/318d2b5e0bac94d7bdd0a2c19dd6b882/element/568a1d17-6ec3-446c-91aa-f2c12d74e6a8/value'
15:14:14.739 [AsyncHttpClient-1-5] DEBUG org.asynchttpclient.netty.handler.HttpHandler - 

Request DefaultHttpRequest(decodeResult: success, version: HTTP/1.1)
POST /session/318d2b5e0bac94d7bdd0a2c19dd6b882/element/568a1d17-6ec3-446c-91aa-f2c12d74e6a8/value HTTP/1.1
User-Agent: selenium/4.1.2 (java mac)
Content-Length: 141
Content-Type: application/json; charset=utf-8
host: localhost:52101
accept: */*

Response DefaultHttpResponse(decodeResult: success, version: HTTP/1.1)
HTTP/1.1 200 OK
Content-Type: application/json; charset=utf-8
cache-control: no-cache
content-length: 14

15:14:14.739 [AsyncHttpClient-1-5] DEBUG org.asynchttpclient.netty.channel.ChannelManager - Adding key: http://localhost:52101 for channel [id: 0x29191541, L:/127.0.0.1:50899 - R:localhost/127.0.0.1:52101]
15:14:14.744 [Forwarding screenshot on session 318d2b5e0bac94d7bdd0a2c19dd6b882 to remote] DEBUG org.asynchttpclient.netty.request.NettyRequestSender - Using pooled Channel '[id: 0x29191541, L:/127.0.0.1:50899 - R:localhost/127.0.0.1:52101]' for 'GET' to 'http://localhost:52101/session/318d2b5e0bac94d7bdd0a2c19dd6b882/screenshot'
15:14:14.744 [Forwarding screenshot on session 318d2b5e0bac94d7bdd0a2c19dd6b882 to remote] DEBUG org.asynchttpclient.netty.request.NettyRequestSender - Using open Channel [id: 0x29191541, L:/127.0.0.1:50899 - R:localhost/127.0.0.1:52101] for GET '/session/318d2b5e0bac94d7bdd0a2c19dd6b882/screenshot'
15:14:14.875 [AsyncHttpClient-1-5] DEBUG org.asynchttpclient.netty.handler.HttpHandler - 

Request DefaultFullHttpRequest(decodeResult: success, version: HTTP/1.1, content: EmptyByteBufBE)
GET /session/318d2b5e0bac94d7bdd0a2c19dd6b882/screenshot HTTP/1.1
User-Agent: selenium/4.1.2 (java mac)
Cache-Control: no-cache
Content-Type: application/json; charset=utf-8
host: localhost:52101
accept: */*

Response DefaultHttpResponse(decodeResult: success, version: HTTP/1.1)
HTTP/1.1 200 OK
Content-Type: application/json; charset=utf-8
cache-control: no-cache
content-length: 121296

15:14:14.875 [AsyncHttpClient-1-5] DEBUG org.asynchttpclient.netty.channel.ChannelManager - Adding key: http://localhost:52101 for channel [id: 0x29191541, L:/127.0.0.1:50899 - R:localhost/127.0.0.1:52101]
15:14:14.880 [main] DEBUG net.serenitybdd.core.photography.Darkroom - Send negative for processing for target/site/serenity/77c1fee4c25646f702d35f56c646a942b3c5af8a58127c73acb9d37d325e4689.png
15:14:14.880 [Darkroom Processing Line] DEBUG net.serenitybdd.core.photography.DarkroomProcessingLine - Processing screenshot image in /var/screenshots/screenshot-14667766657945005763
15:14:14.880 [Darkroom Processing Line] DEBUG net.serenitybdd.core.photography.DarkroomProcessingLine - Saving screenshot to target/site/serenity/77c1fee4c25646f702d35f56c646a942b3c5af8a58127c73acb9d37d325e4689.png
15:14:14.880 [main] DEBUG net.thucydides.core.steps.StepInterceptor - STEP DONE: enterUsernameForChallenge
15:14:14.884 [main] DEBUG net.thucydides.core.steps.StepInterceptor - STARTING STEP: Challenges.he_enters_username_as_and_password_as_to_login_into_application - enterPasswordForChallenge
15:14:14.885 [Forwarding findElement on session 318d2b5e0bac94d7bdd0a2c19dd6b882 to remote] DEBUG org.asynchttpclient.netty.request.NettyRequestSender - Using pooled Channel '[id: 0x29191541, L:/127.0.0.1:50899 - R:localhost/127.0.0.1:52101]' for 'POST' to 'http://localhost:52101/session/318d2b5e0bac94d7bdd0a2c19dd6b882/element'
15:14:14.885 [Forwarding findElement on session 318d2b5e0bac94d7bdd0a2c19dd6b882 to remote] DEBUG org.asynchttpclient.netty.request.NettyRequestSender - Using open Channel [id: 0x29191541, L:/127.0.0.1:50899 - R:localhost/127.0.0.1:52101] for POST '/session/318d2b5e0bac94d7bdd0a2c19dd6b882/element'
15:14:14.894 [AsyncHttpClient-1-5] DEBUG org.asynchttpclient.netty.handler.HttpHandler - 

Request DefaultHttpRequest(decodeResult: success, version: HTTP/1.1)
POST /session/318d2b5e0bac94d7bdd0a2c19dd6b882/element HTTP/1.1
User-Agent: selenium/4.1.2 (java mac)
Content-Length: 56
Content-Type: application/json; charset=utf-8
host: localhost:52101
accept: */*

Response DefaultHttpResponse(decodeResult: success, version: HTTP/1.1)
HTTP/1.1 200 OK
Content-Type: application/json; charset=utf-8
cache-control: no-cache
content-length: 88

15:14:14.895 [AsyncHttpClient-1-5] DEBUG org.asynchttpclient.netty.channel.ChannelManager - Adding key: http://localhost:52101 for channel [id: 0x29191541, L:/127.0.0.1:50899 - R:localhost/127.0.0.1:52101]
15:14:14.896 [Forwarding clearElement on session 318d2b5e0bac94d7bdd0a2c19dd6b882 to remote] DEBUG org.asynchttpclient.netty.request.NettyRequestSender - Using pooled Channel '[id: 0x29191541, L:/127.0.0.1:50899 - R:localhost/127.0.0.1:52101]' for 'POST' to 'http://localhost:52101/session/318d2b5e0bac94d7bdd0a2c19dd6b882/element/64af9974-e857-46e2-b701-7489fe163918/clear'
15:14:14.896 [Forwarding clearElement on session 318d2b5e0bac94d7bdd0a2c19dd6b882 to remote] DEBUG org.asynchttpclient.netty.request.NettyRequestSender - Using open Channel [id: 0x29191541, L:/127.0.0.1:50899 - R:localhost/127.0.0.1:52101] for POST '/session/318d2b5e0bac94d7bdd0a2c19dd6b882/element/64af9974-e857-46e2-b701-7489fe163918/clear'
15:14:14.916 [AsyncHttpClient-1-5] DEBUG org.asynchttpclient.netty.handler.HttpHandler - 

Request DefaultHttpRequest(decodeResult: success, version: HTTP/1.1)
POST /session/318d2b5e0bac94d7bdd0a2c19dd6b882/element/64af9974-e857-46e2-b701-7489fe163918/clear HTTP/1.1
User-Agent: selenium/4.1.2 (java mac)
Content-Length: 50
Content-Type: application/json; charset=utf-8
host: localhost:52101
accept: */*

Response DefaultHttpResponse(decodeResult: success, version: HTTP/1.1)
HTTP/1.1 200 OK
Content-Type: application/json; charset=utf-8
cache-control: no-cache
content-length: 14

15:14:14.917 [AsyncHttpClient-1-5] DEBUG org.asynchttpclient.netty.channel.ChannelManager - Adding key: http://localhost:52101 for channel [id: 0x29191541, L:/127.0.0.1:50899 - R:localhost/127.0.0.1:52101]
15:14:14.918 [Forwarding sendKeysToElement on session 318d2b5e0bac94d7bdd0a2c19dd6b882 to remote] DEBUG org.asynchttpclient.netty.request.NettyRequestSender - Using pooled Channel '[id: 0x29191541, L:/127.0.0.1:50899 - R:localhost/127.0.0.1:52101]' for 'POST' to 'http://localhost:52101/session/318d2b5e0bac94d7bdd0a2c19dd6b882/element/64af9974-e857-46e2-b701-7489fe163918/value'
15:14:14.918 [Forwarding sendKeysToElement on session 318d2b5e0bac94d7bdd0a2c19dd6b882 to remote] DEBUG org.asynchttpclient.netty.request.NettyRequestSender - Using open Channel [id: 0x29191541, L:/127.0.0.1:50899 - R:localhost/127.0.0.1:52101] for POST '/session/318d2b5e0bac94d7bdd0a2c19dd6b882/element/64af9974-e857-46e2-b701-7489fe163918/value'
15:14:14.969 [AsyncHttpClient-1-5] DEBUG org.asynchttpclient.netty.handler.HttpHandler - 

Request DefaultHttpRequest(decodeResult: success, version: HTTP/1.1)
POST /session/318d2b5e0bac94d7bdd0a2c19dd6b882/element/64af9974-e857-46e2-b701-7489fe163918/value HTTP/1.1
User-Agent: selenium/4.1.2 (java mac)
Content-Length: 141
Content-Type: application/json; charset=utf-8
host: localhost:52101
accept: */*

Response DefaultHttpResponse(decodeResult: success, version: HTTP/1.1)
HTTP/1.1 200 OK
Content-Type: application/json; charset=utf-8
cache-control: no-cache
content-length: 14

15:14:14.970 [AsyncHttpClient-1-5] DEBUG org.asynchttpclient.netty.channel.ChannelManager - Adding key: http://localhost:52101 for channel [id: 0x29191541, L:/127.0.0.1:50899 - R:localhost/127.0.0.1:52101]
15:14:14.978 [Forwarding screenshot on session 318d2b5e0bac94d7bdd0a2c19dd6b882 to remote] DEBUG org.asynchttpclient.netty.request.NettyRequestSender - Using pooled Channel '[id: 0x29191541, L:/127.0.0.1:50899 - R:localhost/127.0.0.1:52101]' for 'GET' to 'http://localhost:52101/session/318d2b5e0bac94d7bdd0a2c19dd6b882/screenshot'
15:14:14.978 [Forwarding screenshot on session 318d2b5e0bac94d7bdd0a2c19dd6b882 to remote] DEBUG org.asynchttpclient.netty.request.NettyRequestSender - Using open Channel [id: 0x29191541, L:/127.0.0.1:50899 - R:localhost/127.0.0.1:52101] for GET '/session/318d2b5e0bac94d7bdd0a2c19dd6b882/screenshot'
15:14:15.104 [AsyncHttpClient-1-5] DEBUG org.asynchttpclient.netty.handler.HttpHandler - 

Request DefaultFullHttpRequest(decodeResult: success, version: HTTP/1.1, content: EmptyByteBufBE)
GET /session/318d2b5e0bac94d7bdd0a2c19dd6b882/screenshot HTTP/1.1
User-Agent: selenium/4.1.2 (java mac)
Cache-Control: no-cache
Content-Type: application/json; charset=utf-8
host: localhost:52101
accept: */*

Response DefaultHttpResponse(decodeResult: success, version: HTTP/1.1)
HTTP/1.1 200 OK
Content-Type: application/json; charset=utf-8
cache-control: no-cache
content-length: 121764

15:14:15.104 [AsyncHttpClient-1-5] DEBUG org.asynchttpclient.netty.channel.ChannelManager - Adding key: http://localhost:52101 for channel [id: 0x29191541, L:/127.0.0.1:50899 - R:localhost/127.0.0.1:52101]
15:14:15.111 [main] DEBUG net.serenitybdd.core.photography.Darkroom - Send negative for processing for target/site/serenity/6b2caab5e5984263743b04f17e5f7a3d786c3505705d6275123d0cd5350bee5d.png
15:14:15.111 [Darkroom Processing Line] DEBUG net.serenitybdd.core.photography.DarkroomProcessingLine - Processing screenshot image in /var/screenshots/screenshot-1570397458250441434
15:14:15.111 [Darkroom Processing Line] DEBUG net.serenitybdd.core.photography.DarkroomProcessingLine - Saving screenshot to target/site/serenity/6b2caab5e5984263743b04f17e5f7a3d786c3505705d6275123d0cd5350bee5d.png
15:14:15.111 [main] DEBUG net.thucydides.core.steps.StepInterceptor - STEP DONE: enterPasswordForChallenge
15:14:15.116 [main] DEBUG net.thucydides.core.steps.StepInterceptor - STARTING STEP: Challenges.he_enters_username_as_and_password_as_to_login_into_application - clickLoginButton
15:14:15.117 [Forwarding findElement on session 318d2b5e0bac94d7bdd0a2c19dd6b882 to remote] DEBUG org.asynchttpclient.netty.request.NettyRequestSender - Using pooled Channel '[id: 0x29191541, L:/127.0.0.1:50899 - R:localhost/127.0.0.1:52101]' for 'POST' to 'http://localhost:52101/session/318d2b5e0bac94d7bdd0a2c19dd6b882/element'
15:14:15.118 [Forwarding findElement on session 318d2b5e0bac94d7bdd0a2c19dd6b882 to remote] DEBUG org.asynchttpclient.netty.request.NettyRequestSender - Using open Channel [id: 0x29191541, L:/127.0.0.1:50899 - R:localhost/127.0.0.1:52101] for POST '/session/318d2b5e0bac94d7bdd0a2c19dd6b882/element'
15:14:15.125 [AsyncHttpClient-1-5] DEBUG org.asynchttpclient.netty.handler.HttpHandler - 

Request DefaultHttpRequest(decodeResult: success, version: HTTP/1.1)
POST /session/318d2b5e0bac94d7bdd0a2c19dd6b882/element HTTP/1.1
User-Agent: selenium/4.1.2 (java mac)
Content-Length: 52
Content-Type: application/json; charset=utf-8
host: localhost:52101
accept: */*

Response DefaultHttpResponse(decodeResult: success, version: HTTP/1.1)
HTTP/1.1 200 OK
Content-Type: application/json; charset=utf-8
cache-control: no-cache
content-length: 88

15:14:15.126 [AsyncHttpClient-1-5] DEBUG org.asynchttpclient.netty.channel.ChannelManager - Adding key: http://localhost:52101 for channel [id: 0x29191541, L:/127.0.0.1:50899 - R:localhost/127.0.0.1:52101]
15:14:15.127 [Forwarding getElementTagName on session 318d2b5e0bac94d7bdd0a2c19dd6b882 to remote] DEBUG org.asynchttpclient.netty.request.NettyRequestSender - Using pooled Channel '[id: 0x29191541, L:/127.0.0.1:50899 - R:localhost/127.0.0.1:52101]' for 'GET' to 'http://localhost:52101/session/318d2b5e0bac94d7bdd0a2c19dd6b882/element/13ad46a9-9ec2-436d-96dd-e0473f49ac49/name'
15:14:15.127 [Forwarding getElementTagName on session 318d2b5e0bac94d7bdd0a2c19dd6b882 to remote] DEBUG org.asynchttpclient.netty.request.NettyRequestSender - Using open Channel [id: 0x29191541, L:/127.0.0.1:50899 - R:localhost/127.0.0.1:52101] for GET '/session/318d2b5e0bac94d7bdd0a2c19dd6b882/element/13ad46a9-9ec2-436d-96dd-e0473f49ac49/name'
15:14:15.131 [AsyncHttpClient-1-5] DEBUG org.asynchttpclient.netty.handler.HttpHandler - 

Request DefaultFullHttpRequest(decodeResult: success, version: HTTP/1.1, content: EmptyByteBufBE)
GET /session/318d2b5e0bac94d7bdd0a2c19dd6b882/element/13ad46a9-9ec2-436d-96dd-e0473f49ac49/name HTTP/1.1
User-Agent: selenium/4.1.2 (java mac)
Cache-Control: no-cache
Content-Type: application/json; charset=utf-8
host: localhost:52101
accept: */*

Response DefaultHttpResponse(decodeResult: success, version: HTTP/1.1)
HTTP/1.1 200 OK
Content-Type: application/json; charset=utf-8
cache-control: no-cache
content-length: 13

15:14:15.131 [AsyncHttpClient-1-5] DEBUG org.asynchttpclient.netty.channel.ChannelManager - Adding key: http://localhost:52101 for channel [id: 0x29191541, L:/127.0.0.1:50899 - R:localhost/127.0.0.1:52101]
15:14:15.133 [Forwarding getElementTagName on session 318d2b5e0bac94d7bdd0a2c19dd6b882 to remote] DEBUG org.asynchttpclient.netty.request.NettyRequestSender - Using pooled Channel '[id: 0x29191541, L:/127.0.0.1:50899 - R:localhost/127.0.0.1:52101]' for 'GET' to 'http://localhost:52101/session/318d2b5e0bac94d7bdd0a2c19dd6b882/element/13ad46a9-9ec2-436d-96dd-e0473f49ac49/name'
15:14:15.133 [Forwarding getElementTagName on session 318d2b5e0bac94d7bdd0a2c19dd6b882 to remote] DEBUG org.asynchttpclient.netty.request.NettyRequestSender - Using open Channel [id: 0x29191541, L:/127.0.0.1:50899 - R:localhost/127.0.0.1:52101] for GET '/session/318d2b5e0bac94d7bdd0a2c19dd6b882/element/13ad46a9-9ec2-436d-96dd-e0473f49ac49/name'
15:14:15.136 [AsyncHttpClient-1-5] DEBUG org.asynchttpclient.netty.handler.HttpHandler - 

Request DefaultFullHttpRequest(decodeResult: success, version: HTTP/1.1, content: EmptyByteBufBE)
GET /session/318d2b5e0bac94d7bdd0a2c19dd6b882/element/13ad46a9-9ec2-436d-96dd-e0473f49ac49/name HTTP/1.1
User-Agent: selenium/4.1.2 (java mac)
Cache-Control: no-cache
Content-Type: application/json; charset=utf-8
host: localhost:52101
accept: */*

Response DefaultHttpResponse(decodeResult: success, version: HTTP/1.1)
HTTP/1.1 200 OK
Content-Type: application/json; charset=utf-8
cache-control: no-cache
content-length: 13

15:14:15.136 [AsyncHttpClient-1-5] DEBUG org.asynchttpclient.netty.channel.ChannelManager - Adding key: http://localhost:52101 for channel [id: 0x29191541, L:/127.0.0.1:50899 - R:localhost/127.0.0.1:52101]
15:14:15.138 [Forwarding findElement on session 318d2b5e0bac94d7bdd0a2c19dd6b882 to remote] DEBUG org.asynchttpclient.netty.request.NettyRequestSender - Using pooled Channel '[id: 0x29191541, L:/127.0.0.1:50899 - R:localhost/127.0.0.1:52101]' for 'POST' to 'http://localhost:52101/session/318d2b5e0bac94d7bdd0a2c19dd6b882/element'
15:14:15.138 [Forwarding findElement on session 318d2b5e0bac94d7bdd0a2c19dd6b882 to remote] DEBUG org.asynchttpclient.netty.request.NettyRequestSender - Using open Channel [id: 0x29191541, L:/127.0.0.1:50899 - R:localhost/127.0.0.1:52101] for POST '/session/318d2b5e0bac94d7bdd0a2c19dd6b882/element'
15:14:15.144 [AsyncHttpClient-1-5] DEBUG org.asynchttpclient.netty.handler.HttpHandler - 

Request DefaultHttpRequest(decodeResult: success, version: HTTP/1.1)
POST /session/318d2b5e0bac94d7bdd0a2c19dd6b882/element HTTP/1.1
User-Agent: selenium/4.1.2 (java mac)
Content-Length: 52
Content-Type: application/json; charset=utf-8
host: localhost:52101
accept: */*

Response DefaultHttpResponse(decodeResult: success, version: HTTP/1.1)
HTTP/1.1 200 OK
Content-Type: application/json; charset=utf-8
cache-control: no-cache
content-length: 88

15:14:15.144 [AsyncHttpClient-1-5] DEBUG org.asynchttpclient.netty.channel.ChannelManager - Adding key: http://localhost:52101 for channel [id: 0x29191541, L:/127.0.0.1:50899 - R:localhost/127.0.0.1:52101]
15:14:15.146 [Forwarding clickElement on session 318d2b5e0bac94d7bdd0a2c19dd6b882 to remote] DEBUG org.asynchttpclient.netty.request.NettyRequestSender - Using pooled Channel '[id: 0x29191541, L:/127.0.0.1:50899 - R:localhost/127.0.0.1:52101]' for 'POST' to 'http://localhost:52101/session/318d2b5e0bac94d7bdd0a2c19dd6b882/element/13ad46a9-9ec2-436d-96dd-e0473f49ac49/click'
15:14:15.146 [Forwarding clickElement on session 318d2b5e0bac94d7bdd0a2c19dd6b882 to remote] DEBUG org.asynchttpclient.netty.request.NettyRequestSender - Using open Channel [id: 0x29191541, L:/127.0.0.1:50899 - R:localhost/127.0.0.1:52101] for POST '/session/318d2b5e0bac94d7bdd0a2c19dd6b882/element/13ad46a9-9ec2-436d-96dd-e0473f49ac49/click'
15:14:15.148 [AsyncHttpClient-1-1] DEBUG org.asynchttpclient.netty.channel.DefaultChannelPool - Entry count for : http://localhost:50904 : 1
15:14:15.211 [AsyncHttpClient-1-5] DEBUG org.asynchttpclient.netty.handler.HttpHandler - 

Request DefaultHttpRequest(decodeResult: success, version: HTTP/1.1)
POST /session/318d2b5e0bac94d7bdd0a2c19dd6b882/element/13ad46a9-9ec2-436d-96dd-e0473f49ac49/click HTTP/1.1
User-Agent: selenium/4.1.2 (java mac)
Content-Length: 50
Content-Type: application/json; charset=utf-8
host: localhost:52101
accept: */*

Response DefaultHttpResponse(decodeResult: success, version: HTTP/1.1)
HTTP/1.1 200 OK
Content-Type: application/json; charset=utf-8
cache-control: no-cache
content-length: 14

15:14:15.211 [AsyncHttpClient-1-5] DEBUG org.asynchttpclient.netty.channel.ChannelManager - Adding key: http://localhost:52101 for channel [id: 0x29191541, L:/127.0.0.1:50899 - R:localhost/127.0.0.1:52101]
15:14:15.216 [Forwarding screenshot on session 318d2b5e0bac94d7bdd0a2c19dd6b882 to remote] DEBUG org.asynchttpclient.netty.request.NettyRequestSender - Using pooled Channel '[id: 0x29191541, L:/127.0.0.1:50899 - R:localhost/127.0.0.1:52101]' for 'GET' to 'http://localhost:52101/session/318d2b5e0bac94d7bdd0a2c19dd6b882/screenshot'
15:14:15.216 [Forwarding screenshot on session 318d2b5e0bac94d7bdd0a2c19dd6b882 to remote] DEBUG org.asynchttpclient.netty.request.NettyRequestSender - Using open Channel [id: 0x29191541, L:/127.0.0.1:50899 - R:localhost/127.0.0.1:52101] for GET '/session/318d2b5e0bac94d7bdd0a2c19dd6b882/screenshot'
15:14:15.356 [AsyncHttpClient-1-5] DEBUG org.asynchttpclient.netty.handler.HttpHandler - 

Request DefaultFullHttpRequest(decodeResult: success, version: HTTP/1.1, content: EmptyByteBufBE)
GET /session/318d2b5e0bac94d7bdd0a2c19dd6b882/screenshot HTTP/1.1
User-Agent: selenium/4.1.2 (java mac)
Cache-Control: no-cache
Content-Type: application/json; charset=utf-8
host: localhost:52101
accept: */*

Response DefaultHttpResponse(decodeResult: success, version: HTTP/1.1)
HTTP/1.1 200 OK
Content-Type: application/json; charset=utf-8
cache-control: no-cache
content-length: 121396

15:14:15.357 [AsyncHttpClient-1-5] DEBUG org.asynchttpclient.netty.channel.ChannelManager - Adding key: http://localhost:52101 for channel [id: 0x29191541, L:/127.0.0.1:50899 - R:localhost/127.0.0.1:52101]
15:14:15.361 [main] DEBUG net.serenitybdd.core.photography.Darkroom - Send negative for processing for target/site/serenity/8b1b54ab75bb906008e6f20dce3d69f38e269a2613bc0c4e836ff40a5efa5bb9.png
15:14:15.362 [Darkroom Processing Line] DEBUG net.serenitybdd.core.photography.DarkroomProcessingLine - Processing screenshot image in /var/screenshots/screenshot-11649401721584677339
15:14:15.362 [main] DEBUG net.thucydides.core.steps.StepInterceptor - STEP DONE: clickLoginButton
15:14:15.362 [Darkroom Processing Line] DEBUG net.serenitybdd.core.photography.DarkroomProcessingLine - Saving screenshot to target/site/serenity/8b1b54ab75bb906008e6f20dce3d69f38e269a2613bc0c4e836ff40a5efa5bb9.png
15:14:15.366 [main] DEBUG net.thucydides.core.steps.StepInterceptor - STARTING STEP: Challenges.he_enters_username_as_and_password_as_to_login_into_application - ClickStartJourneyButton
15:14:16.249 [AsyncHttpClient-1-1] DEBUG org.asynchttpclient.netty.channel.DefaultChannelPool - Entry count for : http://localhost:50904 : 1
15:14:16.249 [AsyncHttpClient-1-1] DEBUG org.asynchttpclient.netty.channel.DefaultChannelPool - Entry count for : http://localhost:52101 : 1
15:14:17.348 [AsyncHttpClient-1-1] DEBUG org.asynchttpclient.netty.channel.DefaultChannelPool - Entry count for : http://localhost:50904 : 1
15:14:17.348 [AsyncHttpClient-1-1] DEBUG org.asynchttpclient.netty.channel.DefaultChannelPool - Entry count for : http://localhost:52101 : 1
15:14:18.382 [Forwarding findElement on session 318d2b5e0bac94d7bdd0a2c19dd6b882 to remote] DEBUG org.asynchttpclient.netty.request.NettyRequestSender - Using pooled Channel '[id: 0x29191541, L:/127.0.0.1:50899 - R:localhost/127.0.0.1:52101]' for 'POST' to 'http://localhost:52101/session/318d2b5e0bac94d7bdd0a2c19dd6b882/element'
15:14:18.383 [Forwarding findElement on session 318d2b5e0bac94d7bdd0a2c19dd6b882 to remote] DEBUG org.asynchttpclient.netty.request.NettyRequestSender - Using open Channel [id: 0x29191541, L:/127.0.0.1:50899 - R:localhost/127.0.0.1:52101] for POST '/session/318d2b5e0bac94d7bdd0a2c19dd6b882/element'
15:14:18.412 [AsyncHttpClient-1-5] DEBUG org.asynchttpclient.netty.handler.HttpHandler - 

Request DefaultHttpRequest(decodeResult: success, version: HTTP/1.1)
POST /session/318d2b5e0bac94d7bdd0a2c19dd6b882/element HTTP/1.1
User-Agent: selenium/4.1.2 (java mac)
Content-Length: 50
Content-Type: application/json; charset=utf-8
host: localhost:52101
accept: */*

Response DefaultHttpResponse(decodeResult: success, version: HTTP/1.1)
HTTP/1.1 200 OK
Content-Type: application/json; charset=utf-8
cache-control: no-cache
content-length: 88

15:14:18.414 [AsyncHttpClient-1-5] DEBUG org.asynchttpclient.netty.channel.ChannelManager - Adding key: http://localhost:52101 for channel [id: 0x29191541, L:/127.0.0.1:50899 - R:localhost/127.0.0.1:52101]
15:14:18.421 [Forwarding getElementTagName on session 318d2b5e0bac94d7bdd0a2c19dd6b882 to remote] DEBUG org.asynchttpclient.netty.request.NettyRequestSender - Using pooled Channel '[id: 0x29191541, L:/127.0.0.1:50899 - R:localhost/127.0.0.1:52101]' for 'GET' to 'http://localhost:52101/session/318d2b5e0bac94d7bdd0a2c19dd6b882/element/e833839e-5c11-462e-9445-f6c5093f5e4b/name'
15:14:18.421 [Forwarding getElementTagName on session 318d2b5e0bac94d7bdd0a2c19dd6b882 to remote] DEBUG org.asynchttpclient.netty.request.NettyRequestSender - Using open Channel [id: 0x29191541, L:/127.0.0.1:50899 - R:localhost/127.0.0.1:52101] for GET '/session/318d2b5e0bac94d7bdd0a2c19dd6b882/element/e833839e-5c11-462e-9445-f6c5093f5e4b/name'
15:14:18.426 [AsyncHttpClient-1-5] DEBUG org.asynchttpclient.netty.handler.HttpHandler - 

Request DefaultFullHttpRequest(decodeResult: success, version: HTTP/1.1, content: EmptyByteBufBE)
GET /session/318d2b5e0bac94d7bdd0a2c19dd6b882/element/e833839e-5c11-462e-9445-f6c5093f5e4b/name HTTP/1.1
User-Agent: selenium/4.1.2 (java mac)
Cache-Control: no-cache
Content-Type: application/json; charset=utf-8
host: localhost:52101
accept: */*

Response DefaultHttpResponse(decodeResult: success, version: HTTP/1.1)
HTTP/1.1 200 OK
Content-Type: application/json; charset=utf-8
cache-control: no-cache
content-length: 13

15:14:18.426 [AsyncHttpClient-1-5] DEBUG org.asynchttpclient.netty.channel.ChannelManager - Adding key: http://localhost:52101 for channel [id: 0x29191541, L:/127.0.0.1:50899 - R:localhost/127.0.0.1:52101]
15:14:18.429 [Forwarding getElementTagName on session 318d2b5e0bac94d7bdd0a2c19dd6b882 to remote] DEBUG org.asynchttpclient.netty.request.NettyRequestSender - Using pooled Channel '[id: 0x29191541, L:/127.0.0.1:50899 - R:localhost/127.0.0.1:52101]' for 'GET' to 'http://localhost:52101/session/318d2b5e0bac94d7bdd0a2c19dd6b882/element/e833839e-5c11-462e-9445-f6c5093f5e4b/name'
15:14:18.429 [Forwarding getElementTagName on session 318d2b5e0bac94d7bdd0a2c19dd6b882 to remote] DEBUG org.asynchttpclient.netty.request.NettyRequestSender - Using open Channel [id: 0x29191541, L:/127.0.0.1:50899 - R:localhost/127.0.0.1:52101] for GET '/session/318d2b5e0bac94d7bdd0a2c19dd6b882/element/e833839e-5c11-462e-9445-f6c5093f5e4b/name'
15:14:18.432 [AsyncHttpClient-1-5] DEBUG org.asynchttpclient.netty.handler.HttpHandler - 

Request DefaultFullHttpRequest(decodeResult: success, version: HTTP/1.1, content: EmptyByteBufBE)
GET /session/318d2b5e0bac94d7bdd0a2c19dd6b882/element/e833839e-5c11-462e-9445-f6c5093f5e4b/name HTTP/1.1
User-Agent: selenium/4.1.2 (java mac)
Cache-Control: no-cache
Content-Type: application/json; charset=utf-8
host: localhost:52101
accept: */*

Response DefaultHttpResponse(decodeResult: success, version: HTTP/1.1)
HTTP/1.1 200 OK
Content-Type: application/json; charset=utf-8
cache-control: no-cache
content-length: 13

15:14:18.432 [AsyncHttpClient-1-5] DEBUG org.asynchttpclient.netty.channel.ChannelManager - Adding key: http://localhost:52101 for channel [id: 0x29191541, L:/127.0.0.1:50899 - R:localhost/127.0.0.1:52101]
15:14:18.439 [Forwarding findElement on session 318d2b5e0bac94d7bdd0a2c19dd6b882 to remote] DEBUG org.asynchttpclient.netty.request.NettyRequestSender - Using pooled Channel '[id: 0x29191541, L:/127.0.0.1:50899 - R:localhost/127.0.0.1:52101]' for 'POST' to 'http://localhost:52101/session/318d2b5e0bac94d7bdd0a2c19dd6b882/element'
15:14:18.439 [Forwarding findElement on session 318d2b5e0bac94d7bdd0a2c19dd6b882 to remote] DEBUG org.asynchttpclient.netty.request.NettyRequestSender - Using open Channel [id: 0x29191541, L:/127.0.0.1:50899 - R:localhost/127.0.0.1:52101] for POST '/session/318d2b5e0bac94d7bdd0a2c19dd6b882/element'
15:14:18.444 [AsyncHttpClient-1-5] DEBUG org.asynchttpclient.netty.handler.HttpHandler - 

Request DefaultHttpRequest(decodeResult: success, version: HTTP/1.1)
POST /session/318d2b5e0bac94d7bdd0a2c19dd6b882/element HTTP/1.1
User-Agent: selenium/4.1.2 (java mac)
Content-Length: 50
Content-Type: application/json; charset=utf-8
host: localhost:52101
accept: */*

Response DefaultHttpResponse(decodeResult: success, version: HTTP/1.1)
HTTP/1.1 200 OK
Content-Type: application/json; charset=utf-8
cache-control: no-cache
content-length: 88

15:14:18.444 [AsyncHttpClient-1-5] DEBUG org.asynchttpclient.netty.channel.ChannelManager - Adding key: http://localhost:52101 for channel [id: 0x29191541, L:/127.0.0.1:50899 - R:localhost/127.0.0.1:52101]
15:14:18.448 [Forwarding clickElement on session 318d2b5e0bac94d7bdd0a2c19dd6b882 to remote] DEBUG org.asynchttpclient.netty.request.NettyRequestSender - Using pooled Channel '[id: 0x29191541, L:/127.0.0.1:50899 - R:localhost/127.0.0.1:52101]' for 'POST' to 'http://localhost:52101/session/318d2b5e0bac94d7bdd0a2c19dd6b882/element/e833839e-5c11-462e-9445-f6c5093f5e4b/click'
15:14:18.448 [Forwarding clickElement on session 318d2b5e0bac94d7bdd0a2c19dd6b882 to remote] DEBUG org.asynchttpclient.netty.request.NettyRequestSender - Using open Channel [id: 0x29191541, L:/127.0.0.1:50899 - R:localhost/127.0.0.1:52101] for POST '/session/318d2b5e0bac94d7bdd0a2c19dd6b882/element/e833839e-5c11-462e-9445-f6c5093f5e4b/click'
15:14:18.449 [AsyncHttpClient-1-1] DEBUG org.asynchttpclient.netty.channel.DefaultChannelPool - Entry count for : http://localhost:50904 : 1
15:14:19.546 [AsyncHttpClient-1-1] DEBUG org.asynchttpclient.netty.channel.DefaultChannelPool - Entry count for : http://localhost:50904 : 1
15:14:20.646 [AsyncHttpClient-1-1] DEBUG org.asynchttpclient.netty.channel.DefaultChannelPool - Entry count for : http://localhost:50904 : 1
15:14:21.748 [AsyncHttpClient-1-1] DEBUG org.asynchttpclient.netty.channel.DefaultChannelPool - Entry count for : http://localhost:50904 : 1
15:14:22.672 [AsyncHttpClient-1-5] DEBUG org.asynchttpclient.netty.handler.HttpHandler - 

Request DefaultHttpRequest(decodeResult: success, version: HTTP/1.1)
POST /session/318d2b5e0bac94d7bdd0a2c19dd6b882/element/e833839e-5c11-462e-9445-f6c5093f5e4b/click HTTP/1.1
User-Agent: selenium/4.1.2 (java mac)
Content-Length: 50
Content-Type: application/json; charset=utf-8
host: localhost:52101
accept: */*

Response DefaultHttpResponse(decodeResult: success, version: HTTP/1.1)
HTTP/1.1 200 OK
Content-Type: application/json; charset=utf-8
cache-control: no-cache
content-length: 14

15:14:22.672 [AsyncHttpClient-1-5] DEBUG org.asynchttpclient.netty.channel.ChannelManager - Adding key: http://localhost:52101 for channel [id: 0x29191541, L:/127.0.0.1:50899 - R:localhost/127.0.0.1:52101]
15:14:22.687 [Forwarding screenshot on session 318d2b5e0bac94d7bdd0a2c19dd6b882 to remote] DEBUG org.asynchttpclient.netty.request.NettyRequestSender - Using pooled Channel '[id: 0x29191541, L:/127.0.0.1:50899 - R:localhost/127.0.0.1:52101]' for 'GET' to 'http://localhost:52101/session/318d2b5e0bac94d7bdd0a2c19dd6b882/screenshot'
15:14:22.687 [Forwarding screenshot on session 318d2b5e0bac94d7bdd0a2c19dd6b882 to remote] DEBUG org.asynchttpclient.netty.request.NettyRequestSender - Using open Channel [id: 0x29191541, L:/127.0.0.1:50899 - R:localhost/127.0.0.1:52101] for GET '/session/318d2b5e0bac94d7bdd0a2c19dd6b882/screenshot'
15:14:22.848 [AsyncHttpClient-1-1] DEBUG org.asynchttpclient.netty.channel.DefaultChannelPool - Entry count for : http://localhost:50904 : 1
15:14:23.064 [AsyncHttpClient-1-5] DEBUG org.asynchttpclient.netty.handler.HttpHandler - 

Request DefaultFullHttpRequest(decodeResult: success, version: HTTP/1.1, content: EmptyByteBufBE)
GET /session/318d2b5e0bac94d7bdd0a2c19dd6b882/screenshot HTTP/1.1
User-Agent: selenium/4.1.2 (java mac)
Cache-Control: no-cache
Content-Type: application/json; charset=utf-8
host: localhost:52101
accept: */*

Response DefaultHttpResponse(decodeResult: success, version: HTTP/1.1)
HTTP/1.1 200 OK
Content-Type: application/json; charset=utf-8
cache-control: no-cache
content-length: 381308

15:14:23.065 [AsyncHttpClient-1-5] DEBUG org.asynchttpclient.netty.channel.ChannelManager - Adding key: http://localhost:52101 for channel [id: 0x29191541, L:/127.0.0.1:50899 - R:localhost/127.0.0.1:52101]
15:14:23.077 [main] DEBUG net.serenitybdd.core.photography.Darkroom - Send negative for processing for target/site/serenity/a4267259ed3b2e94001158d45f0b2c61f4638a4356e426049596c128c939473e.png
15:14:23.077 [Darkroom Processing Line] DEBUG net.serenitybdd.core.photography.DarkroomProcessingLine - Processing screenshot image in /var/screenshots/screenshot-5672333191341026033
15:14:23.077 [Darkroom Processing Line] DEBUG net.serenitybdd.core.photography.DarkroomProcessingLine - Saving screenshot to target/site/serenity/a4267259ed3b2e94001158d45f0b2c61f4638a4356e426049596c128c939473e.png
15:14:23.077 [main] DEBUG net.thucydides.core.steps.StepInterceptor - STEP DONE: ClickStartJourneyButton
  &amp#27;[32mAnd &amp#27;[0m&amp#27;[32mhe enters username as &amp#27;[0m&amp#27;[32m&amp#27;[1m"crypto"&amp#27;[0m&amp#27;[32m and password as &amp#27;[0m&amp#27;[32m&amp#27;[1m"crypto"&amp#27;[0m&amp#27;[32m to login into application&amp#27;[0m      &amp#27;[90m# starter.stepdefinitions.Challenges.he_enters_username_as_and_password_as_to_login_into_application(java.lang.String,java.lang.String)&amp#27;[0m
15:14:23.090 [main] DEBUG net.thucydides.core.steps.StepInterceptor - STARTING STEP: Challenges.plays_go_to_a_public_place_challenge - publicPlaceChallenge
15:14:23.092 [Forwarding findElement on session 318d2b5e0bac94d7bdd0a2c19dd6b882 to remote] DEBUG org.asynchttpclient.netty.request.NettyRequestSender - Using pooled Channel '[id: 0x29191541, L:/127.0.0.1:50899 - R:localhost/127.0.0.1:52101]' for 'POST' to 'http://localhost:52101/session/318d2b5e0bac94d7bdd0a2c19dd6b882/element'
15:14:23.092 [Forwarding findElement on session 318d2b5e0bac94d7bdd0a2c19dd6b882 to remote] DEBUG org.asynchttpclient.netty.request.NettyRequestSender - Using open Channel [id: 0x29191541, L:/127.0.0.1:50899 - R:localhost/127.0.0.1:52101] for POST '/session/318d2b5e0bac94d7bdd0a2c19dd6b882/element'
15:14:23.101 [AsyncHttpClient-1-5] DEBUG org.asynchttpclient.netty.handler.HttpHandler - 

Request DefaultHttpRequest(decodeResult: success, version: HTTP/1.1)
POST /session/318d2b5e0bac94d7bdd0a2c19dd6b882/element HTTP/1.1
User-Agent: selenium/4.1.2 (java mac)
Content-Length: 55
Content-Type: application/json; charset=utf-8
host: localhost:52101
accept: */*

Response DefaultHttpResponse(decodeResult: success, version: HTTP/1.1)
HTTP/1.1 200 OK
Content-Type: application/json; charset=utf-8
cache-control: no-cache
content-length: 88

15:14:23.103 [AsyncHttpClient-1-5] DEBUG org.asynchttpclient.netty.channel.ChannelManager - Adding key: http://localhost:52101 for channel [id: 0x29191541, L:/127.0.0.1:50899 - R:localhost/127.0.0.1:52101]
15:14:23.108 [Forwarding getElementTagName on session 318d2b5e0bac94d7bdd0a2c19dd6b882 to remote] DEBUG org.asynchttpclient.netty.request.NettyRequestSender - Using pooled Channel '[id: 0x29191541, L:/127.0.0.1:50899 - R:localhost/127.0.0.1:52101]' for 'GET' to 'http://localhost:52101/session/318d2b5e0bac94d7bdd0a2c19dd6b882/element/354677a5-c55a-4856-b0d7-108c6657010e/name'
15:14:23.108 [Forwarding getElementTagName on session 318d2b5e0bac94d7bdd0a2c19dd6b882 to remote] DEBUG org.asynchttpclient.netty.request.NettyRequestSender - Using open Channel [id: 0x29191541, L:/127.0.0.1:50899 - R:localhost/127.0.0.1:52101] for GET '/session/318d2b5e0bac94d7bdd0a2c19dd6b882/element/354677a5-c55a-4856-b0d7-108c6657010e/name'
15:14:23.112 [AsyncHttpClient-1-5] DEBUG org.asynchttpclient.netty.handler.HttpHandler - 

Request DefaultFullHttpRequest(decodeResult: success, version: HTTP/1.1, content: EmptyByteBufBE)
GET /session/318d2b5e0bac94d7bdd0a2c19dd6b882/element/354677a5-c55a-4856-b0d7-108c6657010e/name HTTP/1.1
User-Agent: selenium/4.1.2 (java mac)
Cache-Control: no-cache
Content-Type: application/json; charset=utf-8
host: localhost:52101
accept: */*

Response DefaultHttpResponse(decodeResult: success, version: HTTP/1.1)
HTTP/1.1 200 OK
Content-Type: application/json; charset=utf-8
cache-control: no-cache
content-length: 13

15:14:23.112 [AsyncHttpClient-1-5] DEBUG org.asynchttpclient.netty.channel.ChannelManager - Adding key: http://localhost:52101 for channel [id: 0x29191541, L:/127.0.0.1:50899 - R:localhost/127.0.0.1:52101]
15:14:23.113 [Forwarding getElementTagName on session 318d2b5e0bac94d7bdd0a2c19dd6b882 to remote] DEBUG org.asynchttpclient.netty.request.NettyRequestSender - Using pooled Channel '[id: 0x29191541, L:/127.0.0.1:50899 - R:localhost/127.0.0.1:52101]' for 'GET' to 'http://localhost:52101/session/318d2b5e0bac94d7bdd0a2c19dd6b882/element/354677a5-c55a-4856-b0d7-108c6657010e/name'
15:14:23.113 [Forwarding getElementTagName on session 318d2b5e0bac94d7bdd0a2c19dd6b882 to remote] DEBUG org.asynchttpclient.netty.request.NettyRequestSender - Using open Channel [id: 0x29191541, L:/127.0.0.1:50899 - R:localhost/127.0.0.1:52101] for GET '/session/318d2b5e0bac94d7bdd0a2c19dd6b882/element/354677a5-c55a-4856-b0d7-108c6657010e/name'
15:14:23.115 [AsyncHttpClient-1-5] DEBUG org.asynchttpclient.netty.handler.HttpHandler - 

Request DefaultFullHttpRequest(decodeResult: success, version: HTTP/1.1, content: EmptyByteBufBE)
GET /session/318d2b5e0bac94d7bdd0a2c19dd6b882/element/354677a5-c55a-4856-b0d7-108c6657010e/name HTTP/1.1
User-Agent: selenium/4.1.2 (java mac)
Cache-Control: no-cache
Content-Type: application/json; charset=utf-8
host: localhost:52101
accept: */*

Response DefaultHttpResponse(decodeResult: success, version: HTTP/1.1)
HTTP/1.1 200 OK
Content-Type: application/json; charset=utf-8
cache-control: no-cache
content-length: 13

15:14:23.116 [AsyncHttpClient-1-5] DEBUG org.asynchttpclient.netty.channel.ChannelManager - Adding key: http://localhost:52101 for channel [id: 0x29191541, L:/127.0.0.1:50899 - R:localhost/127.0.0.1:52101]
15:14:23.117 [Forwarding findElement on session 318d2b5e0bac94d7bdd0a2c19dd6b882 to remote] DEBUG org.asynchttpclient.netty.request.NettyRequestSender - Using pooled Channel '[id: 0x29191541, L:/127.0.0.1:50899 - R:localhost/127.0.0.1:52101]' for 'POST' to 'http://localhost:52101/session/318d2b5e0bac94d7bdd0a2c19dd6b882/element'
15:14:23.117 [Forwarding findElement on session 318d2b5e0bac94d7bdd0a2c19dd6b882 to remote] DEBUG org.asynchttpclient.netty.request.NettyRequestSender - Using open Channel [id: 0x29191541, L:/127.0.0.1:50899 - R:localhost/127.0.0.1:52101] for POST '/session/318d2b5e0bac94d7bdd0a2c19dd6b882/element'
15:14:23.121 [AsyncHttpClient-1-5] DEBUG org.asynchttpclient.netty.handler.HttpHandler - 

Request DefaultHttpRequest(decodeResult: success, version: HTTP/1.1)
POST /session/318d2b5e0bac94d7bdd0a2c19dd6b882/element HTTP/1.1
User-Agent: selenium/4.1.2 (java mac)
Content-Length: 55
Content-Type: application/json; charset=utf-8
host: localhost:52101
accept: */*

Response DefaultHttpResponse(decodeResult: success, version: HTTP/1.1)
HTTP/1.1 200 OK
Content-Type: application/json; charset=utf-8
cache-control: no-cache
content-length: 88

15:14:23.121 [AsyncHttpClient-1-5] DEBUG org.asynchttpclient.netty.channel.ChannelManager - Adding key: http://localhost:52101 for channel [id: 0x29191541, L:/127.0.0.1:50899 - R:localhost/127.0.0.1:52101]
15:14:23.122 [Forwarding clickElement on session 318d2b5e0bac94d7bdd0a2c19dd6b882 to remote] DEBUG org.asynchttpclient.netty.request.NettyRequestSender - Using pooled Channel '[id: 0x29191541, L:/127.0.0.1:50899 - R:localhost/127.0.0.1:52101]' for 'POST' to 'http://localhost:52101/session/318d2b5e0bac94d7bdd0a2c19dd6b882/element/354677a5-c55a-4856-b0d7-108c6657010e/click'
15:14:23.122 [Forwarding clickElement on session 318d2b5e0bac94d7bdd0a2c19dd6b882 to remote] DEBUG org.asynchttpclient.netty.request.NettyRequestSender - Using open Channel [id: 0x29191541, L:/127.0.0.1:50899 - R:localhost/127.0.0.1:52101] for POST '/session/318d2b5e0bac94d7bdd0a2c19dd6b882/element/354677a5-c55a-4856-b0d7-108c6657010e/click'
15:14:23.948 [AsyncHttpClient-1-1] DEBUG org.asynchttpclient.netty.channel.DefaultChannelPool - Entry count for : http://localhost:50904 : 1
15:14:24.556 [AsyncHttpClient-1-5] DEBUG org.asynchttpclient.netty.handler.HttpHandler - 

Request DefaultHttpRequest(decodeResult: success, version: HTTP/1.1)
POST /session/318d2b5e0bac94d7bdd0a2c19dd6b882/element/354677a5-c55a-4856-b0d7-108c6657010e/click HTTP/1.1
User-Agent: selenium/4.1.2 (java mac)
Content-Length: 50
Content-Type: application/json; charset=utf-8
host: localhost:52101
accept: */*

Response DefaultHttpResponse(decodeResult: success, version: HTTP/1.1)
HTTP/1.1 200 OK
Content-Type: application/json; charset=utf-8
cache-control: no-cache
content-length: 14

15:14:24.557 [AsyncHttpClient-1-5] DEBUG org.asynchttpclient.netty.channel.ChannelManager - Adding key: http://localhost:52101 for channel [id: 0x29191541, L:/127.0.0.1:50899 - R:localhost/127.0.0.1:52101]
15:14:24.565 [Forwarding screenshot on session 318d2b5e0bac94d7bdd0a2c19dd6b882 to remote] DEBUG org.asynchttpclient.netty.request.NettyRequestSender - Using pooled Channel '[id: 0x29191541, L:/127.0.0.1:50899 - R:localhost/127.0.0.1:52101]' for 'GET' to 'http://localhost:52101/session/318d2b5e0bac94d7bdd0a2c19dd6b882/screenshot'
15:14:24.565 [Forwarding screenshot on session 318d2b5e0bac94d7bdd0a2c19dd6b882 to remote] DEBUG org.asynchttpclient.netty.request.NettyRequestSender - Using open Channel [id: 0x29191541, L:/127.0.0.1:50899 - R:localhost/127.0.0.1:52101] for GET '/session/318d2b5e0bac94d7bdd0a2c19dd6b882/screenshot'
15:14:24.726 [AsyncHttpClient-1-5] DEBUG org.asynchttpclient.netty.handler.HttpHandler - 

Request DefaultFullHttpRequest(decodeResult: success, version: HTTP/1.1, content: EmptyByteBufBE)
GET /session/318d2b5e0bac94d7bdd0a2c19dd6b882/screenshot HTTP/1.1
User-Agent: selenium/4.1.2 (java mac)
Cache-Control: no-cache
Content-Type: application/json; charset=utf-8
host: localhost:52101
accept: */*

Response DefaultHttpResponse(decodeResult: success, version: HTTP/1.1)
HTTP/1.1 200 OK
Content-Type: application/json; charset=utf-8
cache-control: no-cache
content-length: 321176

15:14:24.728 [AsyncHttpClient-1-5] DEBUG org.asynchttpclient.netty.channel.ChannelManager - Adding key: http://localhost:52101 for channel [id: 0x29191541, L:/127.0.0.1:50899 - R:localhost/127.0.0.1:52101]
15:14:24.737 [main] DEBUG net.serenitybdd.core.photography.Darkroom - Send negative for processing for target/site/serenity/99426c9c0873b08c96809bcf1fd9a56b6b39d0f2b3620fb6cc2197c19e2567ae.png
15:14:24.738 [Darkroom Processing Line] DEBUG net.serenitybdd.core.photography.DarkroomProcessingLine - Processing screenshot image in /var/screenshots/screenshot-4914527212636500408
15:14:24.738 [Darkroom Processing Line] DEBUG net.serenitybdd.core.photography.DarkroomProcessingLine - Saving screenshot to target/site/serenity/99426c9c0873b08c96809bcf1fd9a56b6b39d0f2b3620fb6cc2197c19e2567ae.png
15:14:24.738 [main] DEBUG net.thucydides.core.steps.StepInterceptor - STEP DONE: publicPlaceChallenge
15:14:24.743 [main] DEBUG net.thucydides.core.steps.StepInterceptor - STARTING STEP: Challenges.plays_go_to_a_public_place_challenge - clickToStartChallenge
15:14:24.745 [Forwarding findElement on session 318d2b5e0bac94d7bdd0a2c19dd6b882 to remote] DEBUG org.asynchttpclient.netty.request.NettyRequestSender - Using pooled Channel '[id: 0x29191541, L:/127.0.0.1:50899 - R:localhost/127.0.0.1:52101]' for 'POST' to 'http://localhost:52101/session/318d2b5e0bac94d7bdd0a2c19dd6b882/element'
15:14:24.745 [Forwarding findElement on session 318d2b5e0bac94d7bdd0a2c19dd6b882 to remote] DEBUG org.asynchttpclient.netty.request.NettyRequestSender - Using open Channel [id: 0x29191541, L:/127.0.0.1:50899 - R:localhost/127.0.0.1:52101] for POST '/session/318d2b5e0bac94d7bdd0a2c19dd6b882/element'
15:14:24.753 [AsyncHttpClient-1-5] DEBUG org.asynchttpclient.netty.handler.HttpHandler - 

Request DefaultHttpRequest(decodeResult: success, version: HTTP/1.1)
POST /session/318d2b5e0bac94d7bdd0a2c19dd6b882/element HTTP/1.1
User-Agent: selenium/4.1.2 (java mac)
Content-Length: 67
Content-Type: application/json; charset=utf-8
host: localhost:52101
accept: */*

Response DefaultHttpResponse(decodeResult: success, version: HTTP/1.1)
HTTP/1.1 200 OK
Content-Type: application/json; charset=utf-8
cache-control: no-cache
content-length: 88

15:14:24.754 [AsyncHttpClient-1-5] DEBUG org.asynchttpclient.netty.channel.ChannelManager - Adding key: http://localhost:52101 for channel [id: 0x29191541, L:/127.0.0.1:50899 - R:localhost/127.0.0.1:52101]
15:14:24.756 [Forwarding getElementTagName on session 318d2b5e0bac94d7bdd0a2c19dd6b882 to remote] DEBUG org.asynchttpclient.netty.request.NettyRequestSender - Using pooled Channel '[id: 0x29191541, L:/127.0.0.1:50899 - R:localhost/127.0.0.1:52101]' for 'GET' to 'http://localhost:52101/session/318d2b5e0bac94d7bdd0a2c19dd6b882/element/35ec45c0-917e-45f8-bb39-c1141e3a4ad6/name'
15:14:24.756 [Forwarding getElementTagName on session 318d2b5e0bac94d7bdd0a2c19dd6b882 to remote] DEBUG org.asynchttpclient.netty.request.NettyRequestSender - Using open Channel [id: 0x29191541, L:/127.0.0.1:50899 - R:localhost/127.0.0.1:52101] for GET '/session/318d2b5e0bac94d7bdd0a2c19dd6b882/element/35ec45c0-917e-45f8-bb39-c1141e3a4ad6/name'
15:14:24.759 [AsyncHttpClient-1-5] DEBUG org.asynchttpclient.netty.handler.HttpHandler - 

Request DefaultFullHttpRequest(decodeResult: success, version: HTTP/1.1, content: EmptyByteBufBE)
GET /session/318d2b5e0bac94d7bdd0a2c19dd6b882/element/35ec45c0-917e-45f8-bb39-c1141e3a4ad6/name HTTP/1.1
User-Agent: selenium/4.1.2 (java mac)
Cache-Control: no-cache
Content-Type: application/json; charset=utf-8
host: localhost:52101
accept: */*

Response DefaultHttpResponse(decodeResult: success, version: HTTP/1.1)
HTTP/1.1 200 OK
Content-Type: application/json; charset=utf-8
cache-control: no-cache
content-length: 18

15:14:24.759 [AsyncHttpClient-1-5] DEBUG org.asynchttpclient.netty.channel.ChannelManager - Adding key: http://localhost:52101 for channel [id: 0x29191541, L:/127.0.0.1:50899 - R:localhost/127.0.0.1:52101]
15:14:24.761 [Forwarding getElementTagName on session 318d2b5e0bac94d7bdd0a2c19dd6b882 to remote] DEBUG org.asynchttpclient.netty.request.NettyRequestSender - Using pooled Channel '[id: 0x29191541, L:/127.0.0.1:50899 - R:localhost/127.0.0.1:52101]' for 'GET' to 'http://localhost:52101/session/318d2b5e0bac94d7bdd0a2c19dd6b882/element/35ec45c0-917e-45f8-bb39-c1141e3a4ad6/name'
15:14:24.761 [Forwarding getElementTagName on session 318d2b5e0bac94d7bdd0a2c19dd6b882 to remote] DEBUG org.asynchttpclient.netty.request.NettyRequestSender - Using open Channel [id: 0x29191541, L:/127.0.0.1:50899 - R:localhost/127.0.0.1:52101] for GET '/session/318d2b5e0bac94d7bdd0a2c19dd6b882/element/35ec45c0-917e-45f8-bb39-c1141e3a4ad6/name'
15:14:24.763 [AsyncHttpClient-1-5] DEBUG org.asynchttpclient.netty.handler.HttpHandler - 

Request DefaultFullHttpRequest(decodeResult: success, version: HTTP/1.1, content: EmptyByteBufBE)
GET /session/318d2b5e0bac94d7bdd0a2c19dd6b882/element/35ec45c0-917e-45f8-bb39-c1141e3a4ad6/name HTTP/1.1
User-Agent: selenium/4.1.2 (java mac)
Cache-Control: no-cache
Content-Type: application/json; charset=utf-8
host: localhost:52101
accept: */*

Response DefaultHttpResponse(decodeResult: success, version: HTTP/1.1)
HTTP/1.1 200 OK
Content-Type: application/json; charset=utf-8
cache-control: no-cache
content-length: 18

15:14:24.763 [AsyncHttpClient-1-5] DEBUG org.asynchttpclient.netty.channel.ChannelManager - Adding key: http://localhost:52101 for channel [id: 0x29191541, L:/127.0.0.1:50899 - R:localhost/127.0.0.1:52101]
15:14:24.764 [Forwarding isElementEnabled on session 318d2b5e0bac94d7bdd0a2c19dd6b882 to remote] DEBUG org.asynchttpclient.netty.request.NettyRequestSender - Using pooled Channel '[id: 0x29191541, L:/127.0.0.1:50899 - R:localhost/127.0.0.1:52101]' for 'GET' to 'http://localhost:52101/session/318d2b5e0bac94d7bdd0a2c19dd6b882/element/35ec45c0-917e-45f8-bb39-c1141e3a4ad6/enabled'
15:14:24.764 [Forwarding isElementEnabled on session 318d2b5e0bac94d7bdd0a2c19dd6b882 to remote] DEBUG org.asynchttpclient.netty.request.NettyRequestSender - Using open Channel [id: 0x29191541, L:/127.0.0.1:50899 - R:localhost/127.0.0.1:52101] for GET '/session/318d2b5e0bac94d7bdd0a2c19dd6b882/element/35ec45c0-917e-45f8-bb39-c1141e3a4ad6/enabled'
15:14:24.770 [AsyncHttpClient-1-5] DEBUG org.asynchttpclient.netty.handler.HttpHandler - 

Request DefaultFullHttpRequest(decodeResult: success, version: HTTP/1.1, content: EmptyByteBufBE)
GET /session/318d2b5e0bac94d7bdd0a2c19dd6b882/element/35ec45c0-917e-45f8-bb39-c1141e3a4ad6/enabled HTTP/1.1
User-Agent: selenium/4.1.2 (java mac)
Cache-Control: no-cache
Content-Type: application/json; charset=utf-8
host: localhost:52101
accept: */*

Response DefaultHttpResponse(decodeResult: success, version: HTTP/1.1)
HTTP/1.1 200 OK
Content-Type: application/json; charset=utf-8
cache-control: no-cache
content-length: 14

15:14:24.770 [AsyncHttpClient-1-5] DEBUG org.asynchttpclient.netty.channel.ChannelManager - Adding key: http://localhost:52101 for channel [id: 0x29191541, L:/127.0.0.1:50899 - R:localhost/127.0.0.1:52101]
15:14:24.772 [Forwarding isElementEnabled on session 318d2b5e0bac94d7bdd0a2c19dd6b882 to remote] DEBUG org.asynchttpclient.netty.request.NettyRequestSender - Using pooled Channel '[id: 0x29191541, L:/127.0.0.1:50899 - R:localhost/127.0.0.1:52101]' for 'GET' to 'http://localhost:52101/session/318d2b5e0bac94d7bdd0a2c19dd6b882/element/35ec45c0-917e-45f8-bb39-c1141e3a4ad6/enabled'
15:14:24.772 [Forwarding isElementEnabled on session 318d2b5e0bac94d7bdd0a2c19dd6b882 to remote] DEBUG org.asynchttpclient.netty.request.NettyRequestSender - Using open Channel [id: 0x29191541, L:/127.0.0.1:50899 - R:localhost/127.0.0.1:52101] for GET '/session/318d2b5e0bac94d7bdd0a2c19dd6b882/element/35ec45c0-917e-45f8-bb39-c1141e3a4ad6/enabled'
15:14:24.776 [AsyncHttpClient-1-5] DEBUG org.asynchttpclient.netty.handler.HttpHandler - 

Request DefaultFullHttpRequest(decodeResult: success, version: HTTP/1.1, content: EmptyByteBufBE)
GET /session/318d2b5e0bac94d7bdd0a2c19dd6b882/element/35ec45c0-917e-45f8-bb39-c1141e3a4ad6/enabled HTTP/1.1
User-Agent: selenium/4.1.2 (java mac)
Cache-Control: no-cache
Content-Type: application/json; charset=utf-8
host: localhost:52101
accept: */*

Response DefaultHttpResponse(decodeResult: success, version: HTTP/1.1)
HTTP/1.1 200 OK
Content-Type: application/json; charset=utf-8
cache-control: no-cache
content-length: 14

15:14:24.776 [AsyncHttpClient-1-5] DEBUG org.asynchttpclient.netty.channel.ChannelManager - Adding key: http://localhost:52101 for channel [id: 0x29191541, L:/127.0.0.1:50899 - R:localhost/127.0.0.1:52101]
15:14:24.778 [Forwarding findElement on session 318d2b5e0bac94d7bdd0a2c19dd6b882 to remote] DEBUG org.asynchttpclient.netty.request.NettyRequestSender - Using pooled Channel '[id: 0x29191541, L:/127.0.0.1:50899 - R:localhost/127.0.0.1:52101]' for 'POST' to 'http://localhost:52101/session/318d2b5e0bac94d7bdd0a2c19dd6b882/element'
15:14:24.778 [Forwarding findElement on session 318d2b5e0bac94d7bdd0a2c19dd6b882 to remote] DEBUG org.asynchttpclient.netty.request.NettyRequestSender - Using open Channel [id: 0x29191541, L:/127.0.0.1:50899 - R:localhost/127.0.0.1:52101] for POST '/session/318d2b5e0bac94d7bdd0a2c19dd6b882/element'
15:14:24.783 [AsyncHttpClient-1-5] DEBUG org.asynchttpclient.netty.handler.HttpHandler - 

Request DefaultHttpRequest(decodeResult: success, version: HTTP/1.1)
POST /session/318d2b5e0bac94d7bdd0a2c19dd6b882/element HTTP/1.1
User-Agent: selenium/4.1.2 (java mac)
Content-Length: 67
Content-Type: application/json; charset=utf-8
host: localhost:52101
accept: */*

Response DefaultHttpResponse(decodeResult: success, version: HTTP/1.1)
HTTP/1.1 200 OK
Content-Type: application/json; charset=utf-8
cache-control: no-cache
content-length: 88

15:14:24.784 [AsyncHttpClient-1-5] DEBUG org.asynchttpclient.netty.channel.ChannelManager - Adding key: http://localhost:52101 for channel [id: 0x29191541, L:/127.0.0.1:50899 - R:localhost/127.0.0.1:52101]
15:14:24.785 [Forwarding clickElement on session 318d2b5e0bac94d7bdd0a2c19dd6b882 to remote] DEBUG org.asynchttpclient.netty.request.NettyRequestSender - Using pooled Channel '[id: 0x29191541, L:/127.0.0.1:50899 - R:localhost/127.0.0.1:52101]' for 'POST' to 'http://localhost:52101/session/318d2b5e0bac94d7bdd0a2c19dd6b882/element/35ec45c0-917e-45f8-bb39-c1141e3a4ad6/click'
15:14:24.785 [Forwarding clickElement on session 318d2b5e0bac94d7bdd0a2c19dd6b882 to remote] DEBUG org.asynchttpclient.netty.request.NettyRequestSender - Using open Channel [id: 0x29191541, L:/127.0.0.1:50899 - R:localhost/127.0.0.1:52101] for POST '/session/318d2b5e0bac94d7bdd0a2c19dd6b882/element/35ec45c0-917e-45f8-bb39-c1141e3a4ad6/click'
15:14:24.870 [AsyncHttpClient-1-5] DEBUG org.asynchttpclient.netty.handler.HttpHandler - 

Request DefaultHttpRequest(decodeResult: success, version: HTTP/1.1)
POST /session/318d2b5e0bac94d7bdd0a2c19dd6b882/element/35ec45c0-917e-45f8-bb39-c1141e3a4ad6/click HTTP/1.1
User-Agent: selenium/4.1.2 (java mac)
Content-Length: 50
Content-Type: application/json; charset=utf-8
host: localhost:52101
accept: */*

Response DefaultHttpResponse(decodeResult: success, version: HTTP/1.1)
HTTP/1.1 200 OK
Content-Type: application/json; charset=utf-8
cache-control: no-cache
content-length: 14

15:14:24.870 [AsyncHttpClient-1-5] DEBUG org.asynchttpclient.netty.channel.ChannelManager - Adding key: http://localhost:52101 for channel [id: 0x29191541, L:/127.0.0.1:50899 - R:localhost/127.0.0.1:52101]
15:14:24.875 [Forwarding screenshot on session 318d2b5e0bac94d7bdd0a2c19dd6b882 to remote] DEBUG org.asynchttpclient.netty.request.NettyRequestSender - Using pooled Channel '[id: 0x29191541, L:/127.0.0.1:50899 - R:localhost/127.0.0.1:52101]' for 'GET' to 'http://localhost:52101/session/318d2b5e0bac94d7bdd0a2c19dd6b882/screenshot'
15:14:24.875 [Forwarding screenshot on session 318d2b5e0bac94d7bdd0a2c19dd6b882 to remote] DEBUG org.asynchttpclient.netty.request.NettyRequestSender - Using open Channel [id: 0x29191541, L:/127.0.0.1:50899 - R:localhost/127.0.0.1:52101] for GET '/session/318d2b5e0bac94d7bdd0a2c19dd6b882/screenshot'
15:14:25.048 [AsyncHttpClient-1-1] DEBUG org.asynchttpclient.netty.channel.DefaultChannelPool - Entry count for : http://localhost:50904 : 1
15:14:25.067 [AsyncHttpClient-1-5] DEBUG org.asynchttpclient.netty.handler.HttpHandler - 

Request DefaultFullHttpRequest(decodeResult: success, version: HTTP/1.1, content: EmptyByteBufBE)
GET /session/318d2b5e0bac94d7bdd0a2c19dd6b882/screenshot HTTP/1.1
User-Agent: selenium/4.1.2 (java mac)
Cache-Control: no-cache
Content-Type: application/json; charset=utf-8
host: localhost:52101
accept: */*

Response DefaultHttpResponse(decodeResult: success, version: HTTP/1.1)
HTTP/1.1 200 OK
Content-Type: application/json; charset=utf-8
cache-control: no-cache
content-length: 338520

15:14:25.070 [AsyncHttpClient-1-5] DEBUG org.asynchttpclient.netty.channel.ChannelManager - Adding key: http://localhost:52101 for channel [id: 0x29191541, L:/127.0.0.1:50899 - R:localhost/127.0.0.1:52101]
15:14:25.079 [main] DEBUG net.serenitybdd.core.photography.Darkroom - Send negative for processing for target/site/serenity/2568b1da61c3ab35e49b5e032344fabc0b0972140d4c73a66982effa71e0a4ef.png
15:14:25.079 [Darkroom Processing Line] DEBUG net.serenitybdd.core.photography.DarkroomProcessingLine - Processing screenshot image in /var/screenshots/screenshot-13650454047802403469
15:14:25.079 [Darkroom Processing Line] DEBUG net.serenitybdd.core.photography.DarkroomProcessingLine - Saving screenshot to target/site/serenity/2568b1da61c3ab35e49b5e032344fabc0b0972140d4c73a66982effa71e0a4ef.png
15:14:25.079 [main] DEBUG net.thucydides.core.steps.StepInterceptor - STEP DONE: clickToStartChallenge
15:14:25.084 [main] DEBUG net.thucydides.core.steps.StepInterceptor - STARTING STEP: Challenges.plays_go_to_a_public_place_challenge - verifyCorrectAnswer
15:14:25.086 [Forwarding findElement on session 318d2b5e0bac94d7bdd0a2c19dd6b882 to remote] DEBUG org.asynchttpclient.netty.request.NettyRequestSender - Using pooled Channel '[id: 0x29191541, L:/127.0.0.1:50899 - R:localhost/127.0.0.1:52101]' for 'POST' to 'http://localhost:52101/session/318d2b5e0bac94d7bdd0a2c19dd6b882/element'
15:14:25.086 [Forwarding findElement on session 318d2b5e0bac94d7bdd0a2c19dd6b882 to remote] DEBUG org.asynchttpclient.netty.request.NettyRequestSender - Using open Channel [id: 0x29191541, L:/127.0.0.1:50899 - R:localhost/127.0.0.1:52101] for POST '/session/318d2b5e0bac94d7bdd0a2c19dd6b882/element'
15:14:25.093 [AsyncHttpClient-1-5] DEBUG org.asynchttpclient.netty.handler.HttpHandler - 

Request DefaultHttpRequest(decodeResult: success, version: HTTP/1.1)
POST /session/318d2b5e0bac94d7bdd0a2c19dd6b882/element HTTP/1.1
User-Agent: selenium/4.1.2 (java mac)
Content-Length: 64
Content-Type: application/json; charset=utf-8
host: localhost:52101
accept: */*

Response DefaultHttpResponse(decodeResult: success, version: HTTP/1.1)
HTTP/1.1 200 OK
Content-Type: application/json; charset=utf-8
cache-control: no-cache
content-length: 88

15:14:25.093 [AsyncHttpClient-1-5] DEBUG org.asynchttpclient.netty.channel.ChannelManager - Adding key: http://localhost:52101 for channel [id: 0x29191541, L:/127.0.0.1:50899 - R:localhost/127.0.0.1:52101]
15:14:25.095 [Forwarding getElementTagName on session 318d2b5e0bac94d7bdd0a2c19dd6b882 to remote] DEBUG org.asynchttpclient.netty.request.NettyRequestSender - Using pooled Channel '[id: 0x29191541, L:/127.0.0.1:50899 - R:localhost/127.0.0.1:52101]' for 'GET' to 'http://localhost:52101/session/318d2b5e0bac94d7bdd0a2c19dd6b882/element/af16e2df-8eae-4bfc-88d1-f91c90a28b04/name'
15:14:25.095 [Forwarding getElementTagName on session 318d2b5e0bac94d7bdd0a2c19dd6b882 to remote] DEBUG org.asynchttpclient.netty.request.NettyRequestSender - Using open Channel [id: 0x29191541, L:/127.0.0.1:50899 - R:localhost/127.0.0.1:52101] for GET '/session/318d2b5e0bac94d7bdd0a2c19dd6b882/element/af16e2df-8eae-4bfc-88d1-f91c90a28b04/name'
15:14:25.099 [AsyncHttpClient-1-5] DEBUG org.asynchttpclient.netty.handler.HttpHandler - 

Request DefaultFullHttpRequest(decodeResult: success, version: HTTP/1.1, content: EmptyByteBufBE)
GET /session/318d2b5e0bac94d7bdd0a2c19dd6b882/element/af16e2df-8eae-4bfc-88d1-f91c90a28b04/name HTTP/1.1
User-Agent: selenium/4.1.2 (java mac)
Cache-Control: no-cache
Content-Type: application/json; charset=utf-8
host: localhost:52101
accept: */*

Response DefaultHttpResponse(decodeResult: success, version: HTTP/1.1)
HTTP/1.1 200 OK
Content-Type: application/json; charset=utf-8
cache-control: no-cache
content-length: 13

15:14:25.099 [AsyncHttpClient-1-5] DEBUG org.asynchttpclient.netty.channel.ChannelManager - Adding key: http://localhost:52101 for channel [id: 0x29191541, L:/127.0.0.1:50899 - R:localhost/127.0.0.1:52101]
15:14:25.100 [Forwarding getElementTagName on session 318d2b5e0bac94d7bdd0a2c19dd6b882 to remote] DEBUG org.asynchttpclient.netty.request.NettyRequestSender - Using pooled Channel '[id: 0x29191541, L:/127.0.0.1:50899 - R:localhost/127.0.0.1:52101]' for 'GET' to 'http://localhost:52101/session/318d2b5e0bac94d7bdd0a2c19dd6b882/element/af16e2df-8eae-4bfc-88d1-f91c90a28b04/name'
15:14:25.100 [Forwarding getElementTagName on session 318d2b5e0bac94d7bdd0a2c19dd6b882 to remote] DEBUG org.asynchttpclient.netty.request.NettyRequestSender - Using open Channel [id: 0x29191541, L:/127.0.0.1:50899 - R:localhost/127.0.0.1:52101] for GET '/session/318d2b5e0bac94d7bdd0a2c19dd6b882/element/af16e2df-8eae-4bfc-88d1-f91c90a28b04/name'
15:14:25.104 [AsyncHttpClient-1-5] DEBUG org.asynchttpclient.netty.handler.HttpHandler - 

Request DefaultFullHttpRequest(decodeResult: success, version: HTTP/1.1, content: EmptyByteBufBE)
GET /session/318d2b5e0bac94d7bdd0a2c19dd6b882/element/af16e2df-8eae-4bfc-88d1-f91c90a28b04/name HTTP/1.1
User-Agent: selenium/4.1.2 (java mac)
Cache-Control: no-cache
Content-Type: application/json; charset=utf-8
host: localhost:52101
accept: */*

Response DefaultHttpResponse(decodeResult: success, version: HTTP/1.1)
HTTP/1.1 200 OK
Content-Type: application/json; charset=utf-8
cache-control: no-cache
content-length: 13

15:14:25.104 [AsyncHttpClient-1-5] DEBUG org.asynchttpclient.netty.channel.ChannelManager - Adding key: http://localhost:52101 for channel [id: 0x29191541, L:/127.0.0.1:50899 - R:localhost/127.0.0.1:52101]
15:14:25.106 [Forwarding findElement on session 318d2b5e0bac94d7bdd0a2c19dd6b882 to remote] DEBUG org.asynchttpclient.netty.request.NettyRequestSender - Using pooled Channel '[id: 0x29191541, L:/127.0.0.1:50899 - R:localhost/127.0.0.1:52101]' for 'POST' to 'http://localhost:52101/session/318d2b5e0bac94d7bdd0a2c19dd6b882/element'
15:14:25.106 [Forwarding findElement on session 318d2b5e0bac94d7bdd0a2c19dd6b882 to remote] DEBUG org.asynchttpclient.netty.request.NettyRequestSender - Using open Channel [id: 0x29191541, L:/127.0.0.1:50899 - R:localhost/127.0.0.1:52101] for POST '/session/318d2b5e0bac94d7bdd0a2c19dd6b882/element'
15:14:25.111 [AsyncHttpClient-1-5] DEBUG org.asynchttpclient.netty.handler.HttpHandler - 

Request DefaultHttpRequest(decodeResult: success, version: HTTP/1.1)
POST /session/318d2b5e0bac94d7bdd0a2c19dd6b882/element HTTP/1.1
User-Agent: selenium/4.1.2 (java mac)
Content-Length: 64
Content-Type: application/json; charset=utf-8
host: localhost:52101
accept: */*

Response DefaultHttpResponse(decodeResult: success, version: HTTP/1.1)
HTTP/1.1 200 OK
Content-Type: application/json; charset=utf-8
cache-control: no-cache
content-length: 88

15:14:25.111 [AsyncHttpClient-1-5] DEBUG org.asynchttpclient.netty.channel.ChannelManager - Adding key: http://localhost:52101 for channel [id: 0x29191541, L:/127.0.0.1:50899 - R:localhost/127.0.0.1:52101]
15:14:25.112 [Forwarding clickElement on session 318d2b5e0bac94d7bdd0a2c19dd6b882 to remote] DEBUG org.asynchttpclient.netty.request.NettyRequestSender - Using pooled Channel '[id: 0x29191541, L:/127.0.0.1:50899 - R:localhost/127.0.0.1:52101]' for 'POST' to 'http://localhost:52101/session/318d2b5e0bac94d7bdd0a2c19dd6b882/element/af16e2df-8eae-4bfc-88d1-f91c90a28b04/click'
15:14:25.112 [Forwarding clickElement on session 318d2b5e0bac94d7bdd0a2c19dd6b882 to remote] DEBUG org.asynchttpclient.netty.request.NettyRequestSender - Using open Channel [id: 0x29191541, L:/127.0.0.1:50899 - R:localhost/127.0.0.1:52101] for POST '/session/318d2b5e0bac94d7bdd0a2c19dd6b882/element/af16e2df-8eae-4bfc-88d1-f91c90a28b04/click'
15:14:25.208 [AsyncHttpClient-1-5] DEBUG org.asynchttpclient.netty.handler.HttpHandler - 

Request DefaultHttpRequest(decodeResult: success, version: HTTP/1.1)
POST /session/318d2b5e0bac94d7bdd0a2c19dd6b882/element/af16e2df-8eae-4bfc-88d1-f91c90a28b04/click HTTP/1.1
User-Agent: selenium/4.1.2 (java mac)
Content-Length: 50
Content-Type: application/json; charset=utf-8
host: localhost:52101
accept: */*

Response DefaultHttpResponse(decodeResult: success, version: HTTP/1.1)
HTTP/1.1 200 OK
Content-Type: application/json; charset=utf-8
cache-control: no-cache
content-length: 14

15:14:25.208 [AsyncHttpClient-1-5] DEBUG org.asynchttpclient.netty.channel.ChannelManager - Adding key: http://localhost:52101 for channel [id: 0x29191541, L:/127.0.0.1:50899 - R:localhost/127.0.0.1:52101]
15:14:26.147 [AsyncHttpClient-1-1] DEBUG org.asynchttpclient.netty.channel.DefaultChannelPool - Entry count for : http://localhost:50904 : 1
15:14:26.148 [AsyncHttpClient-1-1] DEBUG org.asynchttpclient.netty.channel.DefaultChannelPool - Entry count for : http://localhost:52101 : 1
15:14:27.246 [AsyncHttpClient-1-1] DEBUG org.asynchttpclient.netty.channel.DefaultChannelPool - Entry count for : http://localhost:50904 : 1
15:14:27.246 [AsyncHttpClient-1-1] DEBUG org.asynchttpclient.netty.channel.DefaultChannelPool - Entry count for : http://localhost:52101 : 1
15:14:28.223 [Forwarding findElement on session 318d2b5e0bac94d7bdd0a2c19dd6b882 to remote] DEBUG org.asynchttpclient.netty.request.NettyRequestSender - Using pooled Channel '[id: 0x29191541, L:/127.0.0.1:50899 - R:localhost/127.0.0.1:52101]' for 'POST' to 'http://localhost:52101/session/318d2b5e0bac94d7bdd0a2c19dd6b882/element'
15:14:28.223 [Forwarding findElement on session 318d2b5e0bac94d7bdd0a2c19dd6b882 to remote] DEBUG org.asynchttpclient.netty.request.NettyRequestSender - Using open Channel [id: 0x29191541, L:/127.0.0.1:50899 - R:localhost/127.0.0.1:52101] for POST '/session/318d2b5e0bac94d7bdd0a2c19dd6b882/element'
15:14:28.244 [AsyncHttpClient-1-5] DEBUG org.asynchttpclient.netty.handler.HttpHandler - 

Request DefaultHttpRequest(decodeResult: success, version: HTTP/1.1)
POST /session/318d2b5e0bac94d7bdd0a2c19dd6b882/element HTTP/1.1
User-Agent: selenium/4.1.2 (java mac)
Content-Length: 61
Content-Type: application/json; charset=utf-8
host: localhost:52101
accept: */*

Response DefaultHttpResponse(decodeResult: success, version: HTTP/1.1)
HTTP/1.1 200 OK
Content-Type: application/json; charset=utf-8
cache-control: no-cache
content-length: 88

15:14:28.244 [AsyncHttpClient-1-5] DEBUG org.asynchttpclient.netty.channel.ChannelManager - Adding key: http://localhost:52101 for channel [id: 0x29191541, L:/127.0.0.1:50899 - R:localhost/127.0.0.1:52101]
15:14:28.268 [Forwarding isElementDisplayed on session 318d2b5e0bac94d7bdd0a2c19dd6b882 to remote] DEBUG org.asynchttpclient.netty.request.NettyRequestSender - Using pooled Channel '[id: 0x29191541, L:/127.0.0.1:50899 - R:localhost/127.0.0.1:52101]' for 'POST' to 'http://localhost:52101/session/318d2b5e0bac94d7bdd0a2c19dd6b882/execute/sync'
15:14:28.270 [Forwarding isElementDisplayed on session 318d2b5e0bac94d7bdd0a2c19dd6b882 to remote] DEBUG org.asynchttpclient.netty.request.NettyRequestSender - Using open Channel [id: 0x29191541, L:/127.0.0.1:50899 - R:localhost/127.0.0.1:52101] for POST '/session/318d2b5e0bac94d7bdd0a2c19dd6b882/execute/sync'
15:14:28.299 [AsyncHttpClient-1-5] DEBUG org.asynchttpclient.netty.handler.HttpHandler - 

Request DefaultHttpRequest(decodeResult: success, version: HTTP/1.1)
POST /session/318d2b5e0bac94d7bdd0a2c19dd6b882/execute/sync HTTP/1.1
User-Agent: selenium/4.1.2 (java mac)
Content-Length: 48780
Content-Type: application/json; charset=utf-8
host: localhost:52101
accept: */*

Response DefaultHttpResponse(decodeResult: success, version: HTTP/1.1)
HTTP/1.1 200 OK
Content-Type: application/json; charset=utf-8
cache-control: no-cache
content-length: 14

15:14:28.299 [AsyncHttpClient-1-5] DEBUG org.asynchttpclient.netty.channel.ChannelManager - Adding key: http://localhost:52101 for channel [id: 0x29191541, L:/127.0.0.1:50899 - R:localhost/127.0.0.1:52101]
15:14:28.304 [Forwarding findElement on session 318d2b5e0bac94d7bdd0a2c19dd6b882 to remote] DEBUG org.asynchttpclient.netty.request.NettyRequestSender - Using pooled Channel '[id: 0x29191541, L:/127.0.0.1:50899 - R:localhost/127.0.0.1:52101]' for 'POST' to 'http://localhost:52101/session/318d2b5e0bac94d7bdd0a2c19dd6b882/element'
15:14:28.304 [Forwarding findElement on session 318d2b5e0bac94d7bdd0a2c19dd6b882 to remote] DEBUG org.asynchttpclient.netty.request.NettyRequestSender - Using open Channel [id: 0x29191541, L:/127.0.0.1:50899 - R:localhost/127.0.0.1:52101] for POST '/session/318d2b5e0bac94d7bdd0a2c19dd6b882/element'
15:14:28.310 [AsyncHttpClient-1-5] DEBUG org.asynchttpclient.netty.handler.HttpHandler - 

Request DefaultHttpRequest(decodeResult: success, version: HTTP/1.1)
POST /session/318d2b5e0bac94d7bdd0a2c19dd6b882/element HTTP/1.1
User-Agent: selenium/4.1.2 (java mac)
Content-Length: 61
Content-Type: application/json; charset=utf-8
host: localhost:52101
accept: */*

Response DefaultHttpResponse(decodeResult: success, version: HTTP/1.1)
HTTP/1.1 200 OK
Content-Type: application/json; charset=utf-8
cache-control: no-cache
content-length: 88

15:14:28.310 [AsyncHttpClient-1-5] DEBUG org.asynchttpclient.netty.channel.ChannelManager - Adding key: http://localhost:52101 for channel [id: 0x29191541, L:/127.0.0.1:50899 - R:localhost/127.0.0.1:52101]
15:14:28.311 [Forwarding getElementTagName on session 318d2b5e0bac94d7bdd0a2c19dd6b882 to remote] DEBUG org.asynchttpclient.netty.request.NettyRequestSender - Using pooled Channel '[id: 0x29191541, L:/127.0.0.1:50899 - R:localhost/127.0.0.1:52101]' for 'GET' to 'http://localhost:52101/session/318d2b5e0bac94d7bdd0a2c19dd6b882/element/83991468-70ad-4272-905d-ddf666b2847e/name'
15:14:28.312 [Forwarding getElementTagName on session 318d2b5e0bac94d7bdd0a2c19dd6b882 to remote] DEBUG org.asynchttpclient.netty.request.NettyRequestSender - Using open Channel [id: 0x29191541, L:/127.0.0.1:50899 - R:localhost/127.0.0.1:52101] for GET '/session/318d2b5e0bac94d7bdd0a2c19dd6b882/element/83991468-70ad-4272-905d-ddf666b2847e/name'
15:14:28.315 [AsyncHttpClient-1-5] DEBUG org.asynchttpclient.netty.handler.HttpHandler - 

Request DefaultFullHttpRequest(decodeResult: success, version: HTTP/1.1, content: EmptyByteBufBE)
GET /session/318d2b5e0bac94d7bdd0a2c19dd6b882/element/83991468-70ad-4272-905d-ddf666b2847e/name HTTP/1.1
User-Agent: selenium/4.1.2 (java mac)
Cache-Control: no-cache
Content-Type: application/json; charset=utf-8
host: localhost:52101
accept: */*

Response DefaultHttpResponse(decodeResult: success, version: HTTP/1.1)
HTTP/1.1 200 OK
Content-Type: application/json; charset=utf-8
cache-control: no-cache
content-length: 18

15:14:28.315 [AsyncHttpClient-1-5] DEBUG org.asynchttpclient.netty.channel.ChannelManager - Adding key: http://localhost:52101 for channel [id: 0x29191541, L:/127.0.0.1:50899 - R:localhost/127.0.0.1:52101]
15:14:28.315 [Forwarding getElementTagName on session 318d2b5e0bac94d7bdd0a2c19dd6b882 to remote] DEBUG org.asynchttpclient.netty.request.NettyRequestSender - Using pooled Channel '[id: 0x29191541, L:/127.0.0.1:50899 - R:localhost/127.0.0.1:52101]' for 'GET' to 'http://localhost:52101/session/318d2b5e0bac94d7bdd0a2c19dd6b882/element/83991468-70ad-4272-905d-ddf666b2847e/name'
15:14:28.315 [Forwarding getElementTagName on session 318d2b5e0bac94d7bdd0a2c19dd6b882 to remote] DEBUG org.asynchttpclient.netty.request.NettyRequestSender - Using open Channel [id: 0x29191541, L:/127.0.0.1:50899 - R:localhost/127.0.0.1:52101] for GET '/session/318d2b5e0bac94d7bdd0a2c19dd6b882/element/83991468-70ad-4272-905d-ddf666b2847e/name'
15:14:28.318 [AsyncHttpClient-1-5] DEBUG org.asynchttpclient.netty.handler.HttpHandler - 

Request DefaultFullHttpRequest(decodeResult: success, version: HTTP/1.1, content: EmptyByteBufBE)
GET /session/318d2b5e0bac94d7bdd0a2c19dd6b882/element/83991468-70ad-4272-905d-ddf666b2847e/name HTTP/1.1
User-Agent: selenium/4.1.2 (java mac)
Cache-Control: no-cache
Content-Type: application/json; charset=utf-8
host: localhost:52101
accept: */*

Response DefaultHttpResponse(decodeResult: success, version: HTTP/1.1)
HTTP/1.1 200 OK
Content-Type: application/json; charset=utf-8
cache-control: no-cache
content-length: 18

15:14:28.319 [AsyncHttpClient-1-5] DEBUG org.asynchttpclient.netty.channel.ChannelManager - Adding key: http://localhost:52101 for channel [id: 0x29191541, L:/127.0.0.1:50899 - R:localhost/127.0.0.1:52101]
15:14:28.320 [Forwarding isElementEnabled on session 318d2b5e0bac94d7bdd0a2c19dd6b882 to remote] DEBUG org.asynchttpclient.netty.request.NettyRequestSender - Using pooled Channel '[id: 0x29191541, L:/127.0.0.1:50899 - R:localhost/127.0.0.1:52101]' for 'GET' to 'http://localhost:52101/session/318d2b5e0bac94d7bdd0a2c19dd6b882/element/83991468-70ad-4272-905d-ddf666b2847e/enabled'
15:14:28.320 [Forwarding isElementEnabled on session 318d2b5e0bac94d7bdd0a2c19dd6b882 to remote] DEBUG org.asynchttpclient.netty.request.NettyRequestSender - Using open Channel [id: 0x29191541, L:/127.0.0.1:50899 - R:localhost/127.0.0.1:52101] for GET '/session/318d2b5e0bac94d7bdd0a2c19dd6b882/element/83991468-70ad-4272-905d-ddf666b2847e/enabled'
15:14:28.325 [AsyncHttpClient-1-5] DEBUG org.asynchttpclient.netty.handler.HttpHandler - 

Request DefaultFullHttpRequest(decodeResult: success, version: HTTP/1.1, content: EmptyByteBufBE)
GET /session/318d2b5e0bac94d7bdd0a2c19dd6b882/element/83991468-70ad-4272-905d-ddf666b2847e/enabled HTTP/1.1
User-Agent: selenium/4.1.2 (java mac)
Cache-Control: no-cache
Content-Type: application/json; charset=utf-8
host: localhost:52101
accept: */*

Response DefaultHttpResponse(decodeResult: success, version: HTTP/1.1)
HTTP/1.1 200 OK
Content-Type: application/json; charset=utf-8
cache-control: no-cache
content-length: 14

15:14:28.325 [AsyncHttpClient-1-5] DEBUG org.asynchttpclient.netty.channel.ChannelManager - Adding key: http://localhost:52101 for channel [id: 0x29191541, L:/127.0.0.1:50899 - R:localhost/127.0.0.1:52101]
15:14:28.326 [Forwarding isElementEnabled on session 318d2b5e0bac94d7bdd0a2c19dd6b882 to remote] DEBUG org.asynchttpclient.netty.request.NettyRequestSender - Using pooled Channel '[id: 0x29191541, L:/127.0.0.1:50899 - R:localhost/127.0.0.1:52101]' for 'GET' to 'http://localhost:52101/session/318d2b5e0bac94d7bdd0a2c19dd6b882/element/83991468-70ad-4272-905d-ddf666b2847e/enabled'
15:14:28.326 [Forwarding isElementEnabled on session 318d2b5e0bac94d7bdd0a2c19dd6b882 to remote] DEBUG org.asynchttpclient.netty.request.NettyRequestSender - Using open Channel [id: 0x29191541, L:/127.0.0.1:50899 - R:localhost/127.0.0.1:52101] for GET '/session/318d2b5e0bac94d7bdd0a2c19dd6b882/element/83991468-70ad-4272-905d-ddf666b2847e/enabled'
15:14:28.330 [AsyncHttpClient-1-5] DEBUG org.asynchttpclient.netty.handler.HttpHandler - 

Request DefaultFullHttpRequest(decodeResult: success, version: HTTP/1.1, content: EmptyByteBufBE)
GET /session/318d2b5e0bac94d7bdd0a2c19dd6b882/element/83991468-70ad-4272-905d-ddf666b2847e/enabled HTTP/1.1
User-Agent: selenium/4.1.2 (java mac)
Cache-Control: no-cache
Content-Type: application/json; charset=utf-8
host: localhost:52101
accept: */*

Response DefaultHttpResponse(decodeResult: success, version: HTTP/1.1)
HTTP/1.1 200 OK
Content-Type: application/json; charset=utf-8
cache-control: no-cache
content-length: 14

15:14:28.330 [AsyncHttpClient-1-5] DEBUG org.asynchttpclient.netty.channel.ChannelManager - Adding key: http://localhost:52101 for channel [id: 0x29191541, L:/127.0.0.1:50899 - R:localhost/127.0.0.1:52101]
15:14:28.334 [Forwarding findElement on session 318d2b5e0bac94d7bdd0a2c19dd6b882 to remote] DEBUG org.asynchttpclient.netty.request.NettyRequestSender - Using pooled Channel '[id: 0x29191541, L:/127.0.0.1:50899 - R:localhost/127.0.0.1:52101]' for 'POST' to 'http://localhost:52101/session/318d2b5e0bac94d7bdd0a2c19dd6b882/element'
15:14:28.334 [Forwarding findElement on session 318d2b5e0bac94d7bdd0a2c19dd6b882 to remote] DEBUG org.asynchttpclient.netty.request.NettyRequestSender - Using open Channel [id: 0x29191541, L:/127.0.0.1:50899 - R:localhost/127.0.0.1:52101] for POST '/session/318d2b5e0bac94d7bdd0a2c19dd6b882/element'
15:14:28.338 [AsyncHttpClient-1-5] DEBUG org.asynchttpclient.netty.handler.HttpHandler - 

Request DefaultHttpRequest(decodeResult: success, version: HTTP/1.1)
POST /session/318d2b5e0bac94d7bdd0a2c19dd6b882/element HTTP/1.1
User-Agent: selenium/4.1.2 (java mac)
Content-Length: 61
Content-Type: application/json; charset=utf-8
host: localhost:52101
accept: */*

Response DefaultHttpResponse(decodeResult: success, version: HTTP/1.1)
HTTP/1.1 200 OK
Content-Type: application/json; charset=utf-8
cache-control: no-cache
content-length: 88

15:14:28.338 [AsyncHttpClient-1-5] DEBUG org.asynchttpclient.netty.channel.ChannelManager - Adding key: http://localhost:52101 for channel [id: 0x29191541, L:/127.0.0.1:50899 - R:localhost/127.0.0.1:52101]
15:14:28.339 [Forwarding clickElement on session 318d2b5e0bac94d7bdd0a2c19dd6b882 to remote] DEBUG org.asynchttpclient.netty.request.NettyRequestSender - Using pooled Channel '[id: 0x29191541, L:/127.0.0.1:50899 - R:localhost/127.0.0.1:52101]' for 'POST' to 'http://localhost:52101/session/318d2b5e0bac94d7bdd0a2c19dd6b882/element/83991468-70ad-4272-905d-ddf666b2847e/click'
15:14:28.339 [Forwarding clickElement on session 318d2b5e0bac94d7bdd0a2c19dd6b882 to remote] DEBUG org.asynchttpclient.netty.request.NettyRequestSender - Using open Channel [id: 0x29191541, L:/127.0.0.1:50899 - R:localhost/127.0.0.1:52101] for POST '/session/318d2b5e0bac94d7bdd0a2c19dd6b882/element/83991468-70ad-4272-905d-ddf666b2847e/click'
15:14:28.347 [AsyncHttpClient-1-1] DEBUG org.asynchttpclient.netty.channel.DefaultChannelPool - Entry count for : http://localhost:50904 : 1
15:14:29.002 [AsyncHttpClient-1-5] DEBUG org.asynchttpclient.netty.handler.HttpHandler - 

Request DefaultHttpRequest(decodeResult: success, version: HTTP/1.1)
POST /session/318d2b5e0bac94d7bdd0a2c19dd6b882/element/83991468-70ad-4272-905d-ddf666b2847e/click HTTP/1.1
User-Agent: selenium/4.1.2 (java mac)
Content-Length: 50
Content-Type: application/json; charset=utf-8
host: localhost:52101
accept: */*

Response DefaultHttpResponse(decodeResult: success, version: HTTP/1.1)
HTTP/1.1 200 OK
Content-Type: application/json; charset=utf-8
cache-control: no-cache
content-length: 14

15:14:29.002 [AsyncHttpClient-1-5] DEBUG org.asynchttpclient.netty.channel.ChannelManager - Adding key: http://localhost:52101 for channel [id: 0x29191541, L:/127.0.0.1:50899 - R:localhost/127.0.0.1:52101]
15:14:29.447 [AsyncHttpClient-1-1] DEBUG org.asynchttpclient.netty.channel.DefaultChannelPool - Entry count for : http://localhost:50904 : 1
15:14:29.447 [AsyncHttpClient-1-1] DEBUG org.asynchttpclient.netty.channel.DefaultChannelPool - Entry count for : http://localhost:52101 : 1
15:14:30.547 [AsyncHttpClient-1-1] DEBUG org.asynchttpclient.netty.channel.DefaultChannelPool - Entry count for : http://localhost:50904 : 1
15:14:30.547 [AsyncHttpClient-1-1] DEBUG org.asynchttpclient.netty.channel.DefaultChannelPool - Entry count for : http://localhost:52101 : 1
15:14:31.648 [AsyncHttpClient-1-1] DEBUG org.asynchttpclient.netty.channel.DefaultChannelPool - Entry count for : http://localhost:50904 : 1
15:14:31.648 [AsyncHttpClient-1-1] DEBUG org.asynchttpclient.netty.channel.DefaultChannelPool - Entry count for : http://localhost:52101 : 1
15:14:32.025 [Forwarding screenshot on session 318d2b5e0bac94d7bdd0a2c19dd6b882 to remote] DEBUG org.asynchttpclient.netty.request.NettyRequestSender - Using pooled Channel '[id: 0x29191541, L:/127.0.0.1:50899 - R:localhost/127.0.0.1:52101]' for 'GET' to 'http://localhost:52101/session/318d2b5e0bac94d7bdd0a2c19dd6b882/screenshot'
15:14:32.026 [Forwarding screenshot on session 318d2b5e0bac94d7bdd0a2c19dd6b882 to remote] DEBUG org.asynchttpclient.netty.request.NettyRequestSender - Using open Channel [id: 0x29191541, L:/127.0.0.1:50899 - R:localhost/127.0.0.1:52101] for GET '/session/318d2b5e0bac94d7bdd0a2c19dd6b882/screenshot'
15:14:32.210 [AsyncHttpClient-1-5] DEBUG org.asynchttpclient.netty.handler.HttpHandler - 

Request DefaultFullHttpRequest(decodeResult: success, version: HTTP/1.1, content: EmptyByteBufBE)
GET /session/318d2b5e0bac94d7bdd0a2c19dd6b882/screenshot HTTP/1.1
User-Agent: selenium/4.1.2 (java mac)
Cache-Control: no-cache
Content-Type: application/json; charset=utf-8
host: localhost:52101
accept: */*

Response DefaultHttpResponse(decodeResult: success, version: HTTP/1.1)
HTTP/1.1 200 OK
Content-Type: application/json; charset=utf-8
cache-control: no-cache
content-length: 62356

15:14:32.210 [AsyncHttpClient-1-5] DEBUG org.asynchttpclient.netty.channel.ChannelManager - Adding key: http://localhost:52101 for channel [id: 0x29191541, L:/127.0.0.1:50899 - R:localhost/127.0.0.1:52101]
15:14:32.213 [main] DEBUG net.serenitybdd.core.photography.Darkroom - Send negative for processing for target/site/serenity/5ba0d65597ebc48c87174cd2e515178fed8d389574d6f609cd0b642c0083f392.png
15:14:32.213 [Darkroom Processing Line] DEBUG net.serenitybdd.core.photography.DarkroomProcessingLine - Processing screenshot image in /var/screenshots/screenshot-10533960865235298293
15:14:32.213 [Darkroom Processing Line] DEBUG net.serenitybdd.core.photography.DarkroomProcessingLine - Saving screenshot to target/site/serenity/5ba0d65597ebc48c87174cd2e515178fed8d389574d6f609cd0b642c0083f392.png
15:14:32.213 [main] DEBUG net.thucydides.core.steps.StepInterceptor - STEP DONE: verifyCorrectAnswer
  &amp#27;[32mAnd &amp#27;[0m&amp#27;[32mcompletes public place challenge&amp#27;[0m                                                       &amp#27;[90m# starter.stepdefinitions.Challenges.plays_go_to_a_public_place_challenge()&amp#27;[0m
15:14:32.228 [main] DEBUG net.thucydides.core.steps.StepInterceptor - STARTING STEP: Challenges.verify_that_score_in_leaderboard_is_correct - scoreOnPage
15:14:32.231 [Forwarding findElements on session 318d2b5e0bac94d7bdd0a2c19dd6b882 to remote] DEBUG org.asynchttpclient.netty.request.NettyRequestSender - Using pooled Channel '[id: 0x29191541, L:/127.0.0.1:50899 - R:localhost/127.0.0.1:52101]' for 'POST' to 'http://localhost:52101/session/318d2b5e0bac94d7bdd0a2c19dd6b882/elements'
15:14:32.231 [Forwarding findElements on session 318d2b5e0bac94d7bdd0a2c19dd6b882 to remote] DEBUG org.asynchttpclient.netty.request.NettyRequestSender - Using open Channel [id: 0x29191541, L:/127.0.0.1:50899 - R:localhost/127.0.0.1:52101] for POST '/session/318d2b5e0bac94d7bdd0a2c19dd6b882/elements'
15:14:32.254 [AsyncHttpClient-1-5] DEBUG org.asynchttpclient.netty.handler.HttpHandler - 

Request DefaultHttpRequest(decodeResult: success, version: HTTP/1.1)
POST /session/318d2b5e0bac94d7bdd0a2c19dd6b882/elements HTTP/1.1
User-Agent: selenium/4.1.2 (java mac)
Content-Length: 115
Content-Type: application/json; charset=utf-8
host: localhost:52101
accept: */*

Response DefaultHttpResponse(decodeResult: success, version: HTTP/1.1)
HTTP/1.1 200 OK
Content-Type: application/json; charset=utf-8
cache-control: no-cache
content-length: 327

15:14:32.254 [AsyncHttpClient-1-5] DEBUG org.asynchttpclient.netty.channel.ChannelManager - Adding key: http://localhost:52101 for channel [id: 0x29191541, L:/127.0.0.1:50899 - R:localhost/127.0.0.1:52101]
15:14:32.259 [Forwarding findElement on session 318d2b5e0bac94d7bdd0a2c19dd6b882 to remote] DEBUG org.asynchttpclient.netty.request.NettyRequestSender - Using pooled Channel '[id: 0x29191541, L:/127.0.0.1:50899 - R:localhost/127.0.0.1:52101]' for 'POST' to 'http://localhost:52101/session/318d2b5e0bac94d7bdd0a2c19dd6b882/element'
15:14:32.259 [Forwarding findElement on session 318d2b5e0bac94d7bdd0a2c19dd6b882 to remote] DEBUG org.asynchttpclient.netty.request.NettyRequestSender - Using open Channel [id: 0x29191541, L:/127.0.0.1:50899 - R:localhost/127.0.0.1:52101] for POST '/session/318d2b5e0bac94d7bdd0a2c19dd6b882/element'
15:14:32.267 [AsyncHttpClient-1-5] DEBUG org.asynchttpclient.netty.handler.HttpHandler - 

Request DefaultHttpRequest(decodeResult: success, version: HTTP/1.1)
POST /session/318d2b5e0bac94d7bdd0a2c19dd6b882/element HTTP/1.1
User-Agent: selenium/4.1.2 (java mac)
Content-Length: 129
Content-Type: application/json; charset=utf-8
host: localhost:52101
accept: */*

Response DefaultHttpResponse(decodeResult: success, version: HTTP/1.1)
HTTP/1.1 200 OK
Content-Type: application/json; charset=utf-8
cache-control: no-cache
content-length: 88

15:14:32.267 [AsyncHttpClient-1-5] DEBUG org.asynchttpclient.netty.channel.ChannelManager - Adding key: http://localhost:52101 for channel [id: 0x29191541, L:/127.0.0.1:50899 - R:localhost/127.0.0.1:52101]
15:14:32.271 [Forwarding isElementDisplayed on session 318d2b5e0bac94d7bdd0a2c19dd6b882 to remote] DEBUG org.asynchttpclient.netty.request.NettyRequestSender - Using pooled Channel '[id: 0x29191541, L:/127.0.0.1:50899 - R:localhost/127.0.0.1:52101]' for 'POST' to 'http://localhost:52101/session/318d2b5e0bac94d7bdd0a2c19dd6b882/execute/sync'
15:14:32.271 [Forwarding isElementDisplayed on session 318d2b5e0bac94d7bdd0a2c19dd6b882 to remote] DEBUG org.asynchttpclient.netty.request.NettyRequestSender - Using open Channel [id: 0x29191541, L:/127.0.0.1:50899 - R:localhost/127.0.0.1:52101] for POST '/session/318d2b5e0bac94d7bdd0a2c19dd6b882/execute/sync'
15:14:32.282 [AsyncHttpClient-1-5] DEBUG org.asynchttpclient.netty.handler.HttpHandler - 

Request DefaultHttpRequest(decodeResult: success, version: HTTP/1.1)
POST /session/318d2b5e0bac94d7bdd0a2c19dd6b882/execute/sync HTTP/1.1
User-Agent: selenium/4.1.2 (java mac)
Content-Length: 48780
Content-Type: application/json; charset=utf-8
host: localhost:52101
accept: */*

Response DefaultHttpResponse(decodeResult: success, version: HTTP/1.1)
HTTP/1.1 200 OK
Content-Type: application/json; charset=utf-8
cache-control: no-cache
content-length: 14

15:14:32.283 [AsyncHttpClient-1-5] DEBUG org.asynchttpclient.netty.channel.ChannelManager - Adding key: http://localhost:52101 for channel [id: 0x29191541, L:/127.0.0.1:50899 - R:localhost/127.0.0.1:52101]
15:14:32.288 [Forwarding isElementDisplayed on session 318d2b5e0bac94d7bdd0a2c19dd6b882 to remote] DEBUG org.asynchttpclient.netty.request.NettyRequestSender - Using pooled Channel '[id: 0x29191541, L:/127.0.0.1:50899 - R:localhost/127.0.0.1:52101]' for 'POST' to 'http://localhost:52101/session/318d2b5e0bac94d7bdd0a2c19dd6b882/execute/sync'
15:14:32.288 [Forwarding isElementDisplayed on session 318d2b5e0bac94d7bdd0a2c19dd6b882 to remote] DEBUG org.asynchttpclient.netty.request.NettyRequestSender - Using open Channel [id: 0x29191541, L:/127.0.0.1:50899 - R:localhost/127.0.0.1:52101] for POST '/session/318d2b5e0bac94d7bdd0a2c19dd6b882/execute/sync'
15:14:32.299 [AsyncHttpClient-1-5] DEBUG org.asynchttpclient.netty.handler.HttpHandler - 

Request DefaultHttpRequest(decodeResult: success, version: HTTP/1.1)
POST /session/318d2b5e0bac94d7bdd0a2c19dd6b882/execute/sync HTTP/1.1
User-Agent: selenium/4.1.2 (java mac)
Content-Length: 48780
Content-Type: application/json; charset=utf-8
host: localhost:52101
accept: */*

Response DefaultHttpResponse(decodeResult: success, version: HTTP/1.1)
HTTP/1.1 200 OK
Content-Type: application/json; charset=utf-8
cache-control: no-cache
content-length: 14

15:14:32.300 [AsyncHttpClient-1-5] DEBUG org.asynchttpclient.netty.channel.ChannelManager - Adding key: http://localhost:52101 for channel [id: 0x29191541, L:/127.0.0.1:50899 - R:localhost/127.0.0.1:52101]
15:14:32.304 [Forwarding isElementDisplayed on session 318d2b5e0bac94d7bdd0a2c19dd6b882 to remote] DEBUG org.asynchttpclient.netty.request.NettyRequestSender - Using pooled Channel '[id: 0x29191541, L:/127.0.0.1:50899 - R:localhost/127.0.0.1:52101]' for 'POST' to 'http://localhost:52101/session/318d2b5e0bac94d7bdd0a2c19dd6b882/execute/sync'
15:14:32.304 [Forwarding isElementDisplayed on session 318d2b5e0bac94d7bdd0a2c19dd6b882 to remote] DEBUG org.asynchttpclient.netty.request.NettyRequestSender - Using open Channel [id: 0x29191541, L:/127.0.0.1:50899 - R:localhost/127.0.0.1:52101] for POST '/session/318d2b5e0bac94d7bdd0a2c19dd6b882/execute/sync'
15:14:32.311 [AsyncHttpClient-1-5] DEBUG org.asynchttpclient.netty.handler.HttpHandler - 

Request DefaultHttpRequest(decodeResult: success, version: HTTP/1.1)
POST /session/318d2b5e0bac94d7bdd0a2c19dd6b882/execute/sync HTTP/1.1
User-Agent: selenium/4.1.2 (java mac)
Content-Length: 48780
Content-Type: application/json; charset=utf-8
host: localhost:52101
accept: */*

Response DefaultHttpResponse(decodeResult: success, version: HTTP/1.1)
HTTP/1.1 200 OK
Content-Type: application/json; charset=utf-8
cache-control: no-cache
content-length: 14

15:14:32.311 [AsyncHttpClient-1-5] DEBUG org.asynchttpclient.netty.channel.ChannelManager - Adding key: http://localhost:52101 for channel [id: 0x29191541, L:/127.0.0.1:50899 - R:localhost/127.0.0.1:52101]
15:14:32.318 [Forwarding getElementAttribute on session 318d2b5e0bac94d7bdd0a2c19dd6b882 to remote] DEBUG org.asynchttpclient.netty.request.NettyRequestSender - Using pooled Channel '[id: 0x29191541, L:/127.0.0.1:50899 - R:localhost/127.0.0.1:52101]' for 'POST' to 'http://localhost:52101/session/318d2b5e0bac94d7bdd0a2c19dd6b882/execute/sync'
15:14:32.318 [Forwarding getElementAttribute on session 318d2b5e0bac94d7bdd0a2c19dd6b882 to remote] DEBUG org.asynchttpclient.netty.request.NettyRequestSender - Using open Channel [id: 0x29191541, L:/127.0.0.1:50899 - R:localhost/127.0.0.1:52101] for POST '/session/318d2b5e0bac94d7bdd0a2c19dd6b882/execute/sync'
15:14:32.329 [AsyncHttpClient-1-5] DEBUG org.asynchttpclient.netty.handler.HttpHandler - 

Request DefaultHttpRequest(decodeResult: success, version: HTTP/1.1)
POST /session/318d2b5e0bac94d7bdd0a2c19dd6b882/execute/sync HTTP/1.1
User-Agent: selenium/4.1.2 (java mac)
Content-Length: 47340
Content-Type: application/json; charset=utf-8
host: localhost:52101
accept: */*

Response DefaultHttpResponse(decodeResult: success, version: HTTP/1.1)
HTTP/1.1 200 OK
Content-Type: application/json; charset=utf-8
cache-control: no-cache
content-length: 14

15:14:32.330 [AsyncHttpClient-1-5] DEBUG org.asynchttpclient.netty.channel.ChannelManager - Adding key: http://localhost:52101 for channel [id: 0x29191541, L:/127.0.0.1:50899 - R:localhost/127.0.0.1:52101]
15:14:32.331 [Forwarding getElementText on session 318d2b5e0bac94d7bdd0a2c19dd6b882 to remote] DEBUG org.asynchttpclient.netty.request.NettyRequestSender - Using pooled Channel '[id: 0x29191541, L:/127.0.0.1:50899 - R:localhost/127.0.0.1:52101]' for 'GET' to 'http://localhost:52101/session/318d2b5e0bac94d7bdd0a2c19dd6b882/element/5d497177-1a38-43e1-9204-2dcbd991790a/text'
15:14:32.331 [Forwarding getElementText on session 318d2b5e0bac94d7bdd0a2c19dd6b882 to remote] DEBUG org.asynchttpclient.netty.request.NettyRequestSender - Using open Channel [id: 0x29191541, L:/127.0.0.1:50899 - R:localhost/127.0.0.1:52101] for GET '/session/318d2b5e0bac94d7bdd0a2c19dd6b882/element/5d497177-1a38-43e1-9204-2dcbd991790a/text'
15:14:32.347 [AsyncHttpClient-1-5] DEBUG org.asynchttpclient.netty.handler.HttpHandler - 

Request DefaultFullHttpRequest(decodeResult: success, version: HTTP/1.1, content: EmptyByteBufBE)
GET /session/318d2b5e0bac94d7bdd0a2c19dd6b882/element/5d497177-1a38-43e1-9204-2dcbd991790a/text HTTP/1.1
User-Agent: selenium/4.1.2 (java mac)
Cache-Control: no-cache
Content-Type: application/json; charset=utf-8
host: localhost:52101
accept: */*

Response DefaultHttpResponse(decodeResult: success, version: HTTP/1.1)
HTTP/1.1 200 OK
Content-Type: application/json; charset=utf-8
cache-control: no-cache
content-length: 20

15:14:32.347 [AsyncHttpClient-1-5] DEBUG org.asynchttpclient.netty.channel.ChannelManager - Adding key: http://localhost:52101 for channel [id: 0x29191541, L:/127.0.0.1:50899 - R:localhost/127.0.0.1:52101]
15:14:32.349 [Forwarding getElementText on session 318d2b5e0bac94d7bdd0a2c19dd6b882 to remote] DEBUG org.asynchttpclient.netty.request.NettyRequestSender - Using pooled Channel '[id: 0x29191541, L:/127.0.0.1:50899 - R:localhost/127.0.0.1:52101]' for 'GET' to 'http://localhost:52101/session/318d2b5e0bac94d7bdd0a2c19dd6b882/element/5d497177-1a38-43e1-9204-2dcbd991790a/text'
15:14:32.349 [Forwarding getElementText on session 318d2b5e0bac94d7bdd0a2c19dd6b882 to remote] DEBUG org.asynchttpclient.netty.request.NettyRequestSender - Using open Channel [id: 0x29191541, L:/127.0.0.1:50899 - R:localhost/127.0.0.1:52101] for GET '/session/318d2b5e0bac94d7bdd0a2c19dd6b882/element/5d497177-1a38-43e1-9204-2dcbd991790a/text'
15:14:32.355 [AsyncHttpClient-1-5] DEBUG org.asynchttpclient.netty.handler.HttpHandler - 

Request DefaultFullHttpRequest(decodeResult: success, version: HTTP/1.1, content: EmptyByteBufBE)
GET /session/318d2b5e0bac94d7bdd0a2c19dd6b882/element/5d497177-1a38-43e1-9204-2dcbd991790a/text HTTP/1.1
User-Agent: selenium/4.1.2 (java mac)
Cache-Control: no-cache
Content-Type: application/json; charset=utf-8
host: localhost:52101
accept: */*

Response DefaultHttpResponse(decodeResult: success, version: HTTP/1.1)
HTTP/1.1 200 OK
Content-Type: application/json; charset=utf-8
cache-control: no-cache
content-length: 20

15:14:32.355 [AsyncHttpClient-1-5] DEBUG org.asynchttpclient.netty.channel.ChannelManager - Adding key: http://localhost:52101 for channel [id: 0x29191541, L:/127.0.0.1:50899 - R:localhost/127.0.0.1:52101]
15:14:32.358 [Forwarding findElement on session 318d2b5e0bac94d7bdd0a2c19dd6b882 to remote] DEBUG org.asynchttpclient.netty.request.NettyRequestSender - Using pooled Channel '[id: 0x29191541, L:/127.0.0.1:50899 - R:localhost/127.0.0.1:52101]' for 'POST' to 'http://localhost:52101/session/318d2b5e0bac94d7bdd0a2c19dd6b882/element'
15:14:32.358 [Forwarding findElement on session 318d2b5e0bac94d7bdd0a2c19dd6b882 to remote] DEBUG org.asynchttpclient.netty.request.NettyRequestSender - Using open Channel [id: 0x29191541, L:/127.0.0.1:50899 - R:localhost/127.0.0.1:52101] for POST '/session/318d2b5e0bac94d7bdd0a2c19dd6b882/element'
15:14:32.367 [AsyncHttpClient-1-5] DEBUG org.asynchttpclient.netty.handler.HttpHandler - 

Request DefaultHttpRequest(decodeResult: success, version: HTTP/1.1)
POST /session/318d2b5e0bac94d7bdd0a2c19dd6b882/element HTTP/1.1
User-Agent: selenium/4.1.2 (java mac)
Content-Length: 129
Content-Type: application/json; charset=utf-8
host: localhost:52101
accept: */*

Response DefaultHttpResponse(decodeResult: success, version: HTTP/1.1)
HTTP/1.1 200 OK
Content-Type: application/json; charset=utf-8
cache-control: no-cache
content-length: 88

15:14:32.368 [AsyncHttpClient-1-5] DEBUG org.asynchttpclient.netty.channel.ChannelManager - Adding key: http://localhost:52101 for channel [id: 0x29191541, L:/127.0.0.1:50899 - R:localhost/127.0.0.1:52101]
15:14:32.376 [Forwarding isElementDisplayed on session 318d2b5e0bac94d7bdd0a2c19dd6b882 to remote] DEBUG org.asynchttpclient.netty.request.NettyRequestSender - Using pooled Channel '[id: 0x29191541, L:/127.0.0.1:50899 - R:localhost/127.0.0.1:52101]' for 'POST' to 'http://localhost:52101/session/318d2b5e0bac94d7bdd0a2c19dd6b882/execute/sync'
15:14:32.376 [Forwarding isElementDisplayed on session 318d2b5e0bac94d7bdd0a2c19dd6b882 to remote] DEBUG org.asynchttpclient.netty.request.NettyRequestSender - Using open Channel [id: 0x29191541, L:/127.0.0.1:50899 - R:localhost/127.0.0.1:52101] for POST '/session/318d2b5e0bac94d7bdd0a2c19dd6b882/execute/sync'
15:14:32.384 [AsyncHttpClient-1-5] DEBUG org.asynchttpclient.netty.handler.HttpHandler - 

Request DefaultHttpRequest(decodeResult: success, version: HTTP/1.1)
POST /session/318d2b5e0bac94d7bdd0a2c19dd6b882/execute/sync HTTP/1.1
User-Agent: selenium/4.1.2 (java mac)
Content-Length: 48780
Content-Type: application/json; charset=utf-8
host: localhost:52101
accept: */*

Response DefaultHttpResponse(decodeResult: success, version: HTTP/1.1)
HTTP/1.1 200 OK
Content-Type: application/json; charset=utf-8
cache-control: no-cache
content-length: 14

15:14:32.385 [AsyncHttpClient-1-5] DEBUG org.asynchttpclient.netty.channel.ChannelManager - Adding key: http://localhost:52101 for channel [id: 0x29191541, L:/127.0.0.1:50899 - R:localhost/127.0.0.1:52101]
15:14:32.390 [Forwarding isElementDisplayed on session 318d2b5e0bac94d7bdd0a2c19dd6b882 to remote] DEBUG org.asynchttpclient.netty.request.NettyRequestSender - Using pooled Channel '[id: 0x29191541, L:/127.0.0.1:50899 - R:localhost/127.0.0.1:52101]' for 'POST' to 'http://localhost:52101/session/318d2b5e0bac94d7bdd0a2c19dd6b882/execute/sync'
15:14:32.390 [Forwarding isElementDisplayed on session 318d2b5e0bac94d7bdd0a2c19dd6b882 to remote] DEBUG org.asynchttpclient.netty.request.NettyRequestSender - Using open Channel [id: 0x29191541, L:/127.0.0.1:50899 - R:localhost/127.0.0.1:52101] for POST '/session/318d2b5e0bac94d7bdd0a2c19dd6b882/execute/sync'
15:14:32.396 [AsyncHttpClient-1-5] DEBUG org.asynchttpclient.netty.handler.HttpHandler - 

Request DefaultHttpRequest(decodeResult: success, version: HTTP/1.1)
POST /session/318d2b5e0bac94d7bdd0a2c19dd6b882/execute/sync HTTP/1.1
User-Agent: selenium/4.1.2 (java mac)
Content-Length: 48780
Content-Type: application/json; charset=utf-8
host: localhost:52101
accept: */*

Response DefaultHttpResponse(decodeResult: success, version: HTTP/1.1)
HTTP/1.1 200 OK
Content-Type: application/json; charset=utf-8
cache-control: no-cache
content-length: 14

15:14:32.397 [AsyncHttpClient-1-5] DEBUG org.asynchttpclient.netty.channel.ChannelManager - Adding key: http://localhost:52101 for channel [id: 0x29191541, L:/127.0.0.1:50899 - R:localhost/127.0.0.1:52101]
15:14:32.401 [Forwarding isElementDisplayed on session 318d2b5e0bac94d7bdd0a2c19dd6b882 to remote] DEBUG org.asynchttpclient.netty.request.NettyRequestSender - Using pooled Channel '[id: 0x29191541, L:/127.0.0.1:50899 - R:localhost/127.0.0.1:52101]' for 'POST' to 'http://localhost:52101/session/318d2b5e0bac94d7bdd0a2c19dd6b882/execute/sync'
15:14:32.401 [Forwarding isElementDisplayed on session 318d2b5e0bac94d7bdd0a2c19dd6b882 to remote] DEBUG org.asynchttpclient.netty.request.NettyRequestSender - Using open Channel [id: 0x29191541, L:/127.0.0.1:50899 - R:localhost/127.0.0.1:52101] for POST '/session/318d2b5e0bac94d7bdd0a2c19dd6b882/execute/sync'
15:14:32.407 [AsyncHttpClient-1-5] DEBUG org.asynchttpclient.netty.handler.HttpHandler - 

Request DefaultHttpRequest(decodeResult: success, version: HTTP/1.1)
POST /session/318d2b5e0bac94d7bdd0a2c19dd6b882/execute/sync HTTP/1.1
User-Agent: selenium/4.1.2 (java mac)
Content-Length: 48780
Content-Type: application/json; charset=utf-8
host: localhost:52101
accept: */*

Response DefaultHttpResponse(decodeResult: success, version: HTTP/1.1)
HTTP/1.1 200 OK
Content-Type: application/json; charset=utf-8
cache-control: no-cache
content-length: 14

15:14:32.407 [AsyncHttpClient-1-5] DEBUG org.asynchttpclient.netty.channel.ChannelManager - Adding key: http://localhost:52101 for channel [id: 0x29191541, L:/127.0.0.1:50899 - R:localhost/127.0.0.1:52101]
15:14:32.410 [Forwarding getElementAttribute on session 318d2b5e0bac94d7bdd0a2c19dd6b882 to remote] DEBUG org.asynchttpclient.netty.request.NettyRequestSender - Using pooled Channel '[id: 0x29191541, L:/127.0.0.1:50899 - R:localhost/127.0.0.1:52101]' for 'POST' to 'http://localhost:52101/session/318d2b5e0bac94d7bdd0a2c19dd6b882/execute/sync'
15:14:32.410 [Forwarding getElementAttribute on session 318d2b5e0bac94d7bdd0a2c19dd6b882 to remote] DEBUG org.asynchttpclient.netty.request.NettyRequestSender - Using open Channel [id: 0x29191541, L:/127.0.0.1:50899 - R:localhost/127.0.0.1:52101] for POST '/session/318d2b5e0bac94d7bdd0a2c19dd6b882/execute/sync'
15:14:32.425 [AsyncHttpClient-1-5] DEBUG org.asynchttpclient.netty.handler.HttpHandler - 

Request DefaultHttpRequest(decodeResult: success, version: HTTP/1.1)
POST /session/318d2b5e0bac94d7bdd0a2c19dd6b882/execute/sync HTTP/1.1
User-Agent: selenium/4.1.2 (java mac)
Content-Length: 47340
Content-Type: application/json; charset=utf-8
host: localhost:52101
accept: */*

Response DefaultHttpResponse(decodeResult: success, version: HTTP/1.1)
HTTP/1.1 200 OK
Content-Type: application/json; charset=utf-8
cache-control: no-cache
content-length: 14

15:14:32.426 [AsyncHttpClient-1-5] DEBUG org.asynchttpclient.netty.channel.ChannelManager - Adding key: http://localhost:52101 for channel [id: 0x29191541, L:/127.0.0.1:50899 - R:localhost/127.0.0.1:52101]
15:14:32.467 [Forwarding getElementText on session 318d2b5e0bac94d7bdd0a2c19dd6b882 to remote] DEBUG org.asynchttpclient.netty.request.NettyRequestSender - Using pooled Channel '[id: 0x29191541, L:/127.0.0.1:50899 - R:localhost/127.0.0.1:52101]' for 'GET' to 'http://localhost:52101/session/318d2b5e0bac94d7bdd0a2c19dd6b882/element/fb5fc94e-93bb-4be9-88c8-ae203a6a589d/text'
15:14:32.467 [Forwarding getElementText on session 318d2b5e0bac94d7bdd0a2c19dd6b882 to remote] DEBUG org.asynchttpclient.netty.request.NettyRequestSender - Using open Channel [id: 0x29191541, L:/127.0.0.1:50899 - R:localhost/127.0.0.1:52101] for GET '/session/318d2b5e0bac94d7bdd0a2c19dd6b882/element/fb5fc94e-93bb-4be9-88c8-ae203a6a589d/text'
15:14:32.475 [AsyncHttpClient-1-5] DEBUG org.asynchttpclient.netty.handler.HttpHandler - 

Request DefaultFullHttpRequest(decodeResult: success, version: HTTP/1.1, content: EmptyByteBufBE)
GET /session/318d2b5e0bac94d7bdd0a2c19dd6b882/element/fb5fc94e-93bb-4be9-88c8-ae203a6a589d/text HTTP/1.1
User-Agent: selenium/4.1.2 (java mac)
Cache-Control: no-cache
Content-Type: application/json; charset=utf-8
host: localhost:52101
accept: */*

Response DefaultHttpResponse(decodeResult: success, version: HTTP/1.1)
HTTP/1.1 200 OK
Content-Type: application/json; charset=utf-8
cache-control: no-cache
content-length: 15

15:14:32.476 [AsyncHttpClient-1-5] DEBUG org.asynchttpclient.netty.channel.ChannelManager - Adding key: http://localhost:52101 for channel [id: 0x29191541, L:/127.0.0.1:50899 - R:localhost/127.0.0.1:52101]
15:14:32.477 [Forwarding getElementText on session 318d2b5e0bac94d7bdd0a2c19dd6b882 to remote] DEBUG org.asynchttpclient.netty.request.NettyRequestSender - Using pooled Channel '[id: 0x29191541, L:/127.0.0.1:50899 - R:localhost/127.0.0.1:52101]' for 'GET' to 'http://localhost:52101/session/318d2b5e0bac94d7bdd0a2c19dd6b882/element/fb5fc94e-93bb-4be9-88c8-ae203a6a589d/text'
15:14:32.477 [Forwarding getElementText on session 318d2b5e0bac94d7bdd0a2c19dd6b882 to remote] DEBUG org.asynchttpclient.netty.request.NettyRequestSender - Using open Channel [id: 0x29191541, L:/127.0.0.1:50899 - R:localhost/127.0.0.1:52101] for GET '/session/318d2b5e0bac94d7bdd0a2c19dd6b882/element/fb5fc94e-93bb-4be9-88c8-ae203a6a589d/text'
15:14:32.482 [AsyncHttpClient-1-5] DEBUG org.asynchttpclient.netty.handler.HttpHandler - 

Request DefaultFullHttpRequest(decodeResult: success, version: HTTP/1.1, content: EmptyByteBufBE)
GET /session/318d2b5e0bac94d7bdd0a2c19dd6b882/element/fb5fc94e-93bb-4be9-88c8-ae203a6a589d/text HTTP/1.1
User-Agent: selenium/4.1.2 (java mac)
Cache-Control: no-cache
Content-Type: application/json; charset=utf-8
host: localhost:52101
accept: */*

Response DefaultHttpResponse(decodeResult: success, version: HTTP/1.1)
HTTP/1.1 200 OK
Content-Type: application/json; charset=utf-8
cache-control: no-cache
content-length: 15

15:14:32.482 [AsyncHttpClient-1-5] DEBUG org.asynchttpclient.netty.channel.ChannelManager - Adding key: http://localhost:52101 for channel [id: 0x29191541, L:/127.0.0.1:50899 - R:localhost/127.0.0.1:52101]
15:14:32.484 [Forwarding findElement on session 318d2b5e0bac94d7bdd0a2c19dd6b882 to remote] DEBUG org.asynchttpclient.netty.request.NettyRequestSender - Using pooled Channel '[id: 0x29191541, L:/127.0.0.1:50899 - R:localhost/127.0.0.1:52101]' for 'POST' to 'http://localhost:52101/session/318d2b5e0bac94d7bdd0a2c19dd6b882/element'
15:14:32.484 [Forwarding findElement on session 318d2b5e0bac94d7bdd0a2c19dd6b882 to remote] DEBUG org.asynchttpclient.netty.request.NettyRequestSender - Using open Channel [id: 0x29191541, L:/127.0.0.1:50899 - R:localhost/127.0.0.1:52101] for POST '/session/318d2b5e0bac94d7bdd0a2c19dd6b882/element'
15:14:32.492 [AsyncHttpClient-1-5] DEBUG org.asynchttpclient.netty.handler.HttpHandler - 

Request DefaultHttpRequest(decodeResult: success, version: HTTP/1.1)
POST /session/318d2b5e0bac94d7bdd0a2c19dd6b882/element HTTP/1.1
User-Agent: selenium/4.1.2 (java mac)
Content-Length: 129
Content-Type: application/json; charset=utf-8
host: localhost:52101
accept: */*

Response DefaultHttpResponse(decodeResult: success, version: HTTP/1.1)
HTTP/1.1 200 OK
Content-Type: application/json; charset=utf-8
cache-control: no-cache
content-length: 88

15:14:32.492 [AsyncHttpClient-1-5] DEBUG org.asynchttpclient.netty.channel.ChannelManager - Adding key: http://localhost:52101 for channel [id: 0x29191541, L:/127.0.0.1:50899 - R:localhost/127.0.0.1:52101]
15:14:32.495 [Forwarding isElementDisplayed on session 318d2b5e0bac94d7bdd0a2c19dd6b882 to remote] DEBUG org.asynchttpclient.netty.request.NettyRequestSender - Using pooled Channel '[id: 0x29191541, L:/127.0.0.1:50899 - R:localhost/127.0.0.1:52101]' for 'POST' to 'http://localhost:52101/session/318d2b5e0bac94d7bdd0a2c19dd6b882/execute/sync'
15:14:32.495 [Forwarding isElementDisplayed on session 318d2b5e0bac94d7bdd0a2c19dd6b882 to remote] DEBUG org.asynchttpclient.netty.request.NettyRequestSender - Using open Channel [id: 0x29191541, L:/127.0.0.1:50899 - R:localhost/127.0.0.1:52101] for POST '/session/318d2b5e0bac94d7bdd0a2c19dd6b882/execute/sync'
15:14:32.504 [AsyncHttpClient-1-5] DEBUG org.asynchttpclient.netty.handler.HttpHandler - 

Request DefaultHttpRequest(decodeResult: success, version: HTTP/1.1)
POST /session/318d2b5e0bac94d7bdd0a2c19dd6b882/execute/sync HTTP/1.1
User-Agent: selenium/4.1.2 (java mac)
Content-Length: 48780
Content-Type: application/json; charset=utf-8
host: localhost:52101
accept: */*

Response DefaultHttpResponse(decodeResult: success, version: HTTP/1.1)
HTTP/1.1 200 OK
Content-Type: application/json; charset=utf-8
cache-control: no-cache
content-length: 14

15:14:32.504 [AsyncHttpClient-1-5] DEBUG org.asynchttpclient.netty.channel.ChannelManager - Adding key: http://localhost:52101 for channel [id: 0x29191541, L:/127.0.0.1:50899 - R:localhost/127.0.0.1:52101]
15:14:32.508 [Forwarding isElementDisplayed on session 318d2b5e0bac94d7bdd0a2c19dd6b882 to remote] DEBUG org.asynchttpclient.netty.request.NettyRequestSender - Using pooled Channel '[id: 0x29191541, L:/127.0.0.1:50899 - R:localhost/127.0.0.1:52101]' for 'POST' to 'http://localhost:52101/session/318d2b5e0bac94d7bdd0a2c19dd6b882/execute/sync'
15:14:32.508 [Forwarding isElementDisplayed on session 318d2b5e0bac94d7bdd0a2c19dd6b882 to remote] DEBUG org.asynchttpclient.netty.request.NettyRequestSender - Using open Channel [id: 0x29191541, L:/127.0.0.1:50899 - R:localhost/127.0.0.1:52101] for POST '/session/318d2b5e0bac94d7bdd0a2c19dd6b882/execute/sync'
15:14:32.514 [AsyncHttpClient-1-5] DEBUG org.asynchttpclient.netty.handler.HttpHandler - 

Request DefaultHttpRequest(decodeResult: success, version: HTTP/1.1)
POST /session/318d2b5e0bac94d7bdd0a2c19dd6b882/execute/sync HTTP/1.1
User-Agent: selenium/4.1.2 (java mac)
Content-Length: 48780
Content-Type: application/json; charset=utf-8
host: localhost:52101
accept: */*

Response DefaultHttpResponse(decodeResult: success, version: HTTP/1.1)
HTTP/1.1 200 OK
Content-Type: application/json; charset=utf-8
cache-control: no-cache
content-length: 14

15:14:32.514 [AsyncHttpClient-1-5] DEBUG org.asynchttpclient.netty.channel.ChannelManager - Adding key: http://localhost:52101 for channel [id: 0x29191541, L:/127.0.0.1:50899 - R:localhost/127.0.0.1:52101]
15:14:32.516 [Forwarding isElementDisplayed on session 318d2b5e0bac94d7bdd0a2c19dd6b882 to remote] DEBUG org.asynchttpclient.netty.request.NettyRequestSender - Using pooled Channel '[id: 0x29191541, L:/127.0.0.1:50899 - R:localhost/127.0.0.1:52101]' for 'POST' to 'http://localhost:52101/session/318d2b5e0bac94d7bdd0a2c19dd6b882/execute/sync'
15:14:32.516 [Forwarding isElementDisplayed on session 318d2b5e0bac94d7bdd0a2c19dd6b882 to remote] DEBUG org.asynchttpclient.netty.request.NettyRequestSender - Using open Channel [id: 0x29191541, L:/127.0.0.1:50899 - R:localhost/127.0.0.1:52101] for POST '/session/318d2b5e0bac94d7bdd0a2c19dd6b882/execute/sync'
15:14:32.557 [AsyncHttpClient-1-5] DEBUG org.asynchttpclient.netty.handler.HttpHandler - 

Request DefaultHttpRequest(decodeResult: success, version: HTTP/1.1)
POST /session/318d2b5e0bac94d7bdd0a2c19dd6b882/execute/sync HTTP/1.1
User-Agent: selenium/4.1.2 (java mac)
Content-Length: 48780
Content-Type: application/json; charset=utf-8
host: localhost:52101
accept: */*

Response DefaultHttpResponse(decodeResult: success, version: HTTP/1.1)
HTTP/1.1 200 OK
Content-Type: application/json; charset=utf-8
cache-control: no-cache
content-length: 14

15:14:32.558 [AsyncHttpClient-1-5] DEBUG org.asynchttpclient.netty.channel.ChannelManager - Adding key: http://localhost:52101 for channel [id: 0x29191541, L:/127.0.0.1:50899 - R:localhost/127.0.0.1:52101]
15:14:32.560 [Forwarding getElementAttribute on session 318d2b5e0bac94d7bdd0a2c19dd6b882 to remote] DEBUG org.asynchttpclient.netty.request.NettyRequestSender - Using pooled Channel '[id: 0x29191541, L:/127.0.0.1:50899 - R:localhost/127.0.0.1:52101]' for 'POST' to 'http://localhost:52101/session/318d2b5e0bac94d7bdd0a2c19dd6b882/execute/sync'
15:14:32.560 [Forwarding getElementAttribute on session 318d2b5e0bac94d7bdd0a2c19dd6b882 to remote] DEBUG org.asynchttpclient.netty.request.NettyRequestSender - Using open Channel [id: 0x29191541, L:/127.0.0.1:50899 - R:localhost/127.0.0.1:52101] for POST '/session/318d2b5e0bac94d7bdd0a2c19dd6b882/execute/sync'
15:14:32.567 [AsyncHttpClient-1-5] DEBUG org.asynchttpclient.netty.handler.HttpHandler - 

Request DefaultHttpRequest(decodeResult: success, version: HTTP/1.1)
POST /session/318d2b5e0bac94d7bdd0a2c19dd6b882/execute/sync HTTP/1.1
User-Agent: selenium/4.1.2 (java mac)
Content-Length: 47340
Content-Type: application/json; charset=utf-8
host: localhost:52101
accept: */*

Response DefaultHttpResponse(decodeResult: success, version: HTTP/1.1)
HTTP/1.1 200 OK
Content-Type: application/json; charset=utf-8
cache-control: no-cache
content-length: 14

15:14:32.567 [AsyncHttpClient-1-5] DEBUG org.asynchttpclient.netty.channel.ChannelManager - Adding key: http://localhost:52101 for channel [id: 0x29191541, L:/127.0.0.1:50899 - R:localhost/127.0.0.1:52101]
15:14:32.568 [Forwarding getElementText on session 318d2b5e0bac94d7bdd0a2c19dd6b882 to remote] DEBUG org.asynchttpclient.netty.request.NettyRequestSender - Using pooled Channel '[id: 0x29191541, L:/127.0.0.1:50899 - R:localhost/127.0.0.1:52101]' for 'GET' to 'http://localhost:52101/session/318d2b5e0bac94d7bdd0a2c19dd6b882/element/9a54747d-d99d-4a26-b3a3-8133733ceb46/text'
15:14:32.568 [Forwarding getElementText on session 318d2b5e0bac94d7bdd0a2c19dd6b882 to remote] DEBUG org.asynchttpclient.netty.request.NettyRequestSender - Using open Channel [id: 0x29191541, L:/127.0.0.1:50899 - R:localhost/127.0.0.1:52101] for GET '/session/318d2b5e0bac94d7bdd0a2c19dd6b882/element/9a54747d-d99d-4a26-b3a3-8133733ceb46/text'
15:14:32.577 [AsyncHttpClient-1-5] DEBUG org.asynchttpclient.netty.handler.HttpHandler - 

Request DefaultFullHttpRequest(decodeResult: success, version: HTTP/1.1, content: EmptyByteBufBE)
GET /session/318d2b5e0bac94d7bdd0a2c19dd6b882/element/9a54747d-d99d-4a26-b3a3-8133733ceb46/text HTTP/1.1
User-Agent: selenium/4.1.2 (java mac)
Cache-Control: no-cache
Content-Type: application/json; charset=utf-8
host: localhost:52101
accept: */*

Response DefaultHttpResponse(decodeResult: success, version: HTTP/1.1)
HTTP/1.1 200 OK
Content-Type: application/json; charset=utf-8
cache-control: no-cache
content-length: 18

15:14:32.577 [AsyncHttpClient-1-5] DEBUG org.asynchttpclient.netty.channel.ChannelManager - Adding key: http://localhost:52101 for channel [id: 0x29191541, L:/127.0.0.1:50899 - R:localhost/127.0.0.1:52101]
15:14:32.578 [Forwarding getElementText on session 318d2b5e0bac94d7bdd0a2c19dd6b882 to remote] DEBUG org.asynchttpclient.netty.request.NettyRequestSender - Using pooled Channel '[id: 0x29191541, L:/127.0.0.1:50899 - R:localhost/127.0.0.1:52101]' for 'GET' to 'http://localhost:52101/session/318d2b5e0bac94d7bdd0a2c19dd6b882/element/9a54747d-d99d-4a26-b3a3-8133733ceb46/text'
15:14:32.578 [Forwarding getElementText on session 318d2b5e0bac94d7bdd0a2c19dd6b882 to remote] DEBUG org.asynchttpclient.netty.request.NettyRequestSender - Using open Channel [id: 0x29191541, L:/127.0.0.1:50899 - R:localhost/127.0.0.1:52101] for GET '/session/318d2b5e0bac94d7bdd0a2c19dd6b882/element/9a54747d-d99d-4a26-b3a3-8133733ceb46/text'
15:14:32.582 [AsyncHttpClient-1-5] DEBUG org.asynchttpclient.netty.handler.HttpHandler - 

Request DefaultFullHttpRequest(decodeResult: success, version: HTTP/1.1, content: EmptyByteBufBE)
GET /session/318d2b5e0bac94d7bdd0a2c19dd6b882/element/9a54747d-d99d-4a26-b3a3-8133733ceb46/text HTTP/1.1
User-Agent: selenium/4.1.2 (java mac)
Cache-Control: no-cache
Content-Type: application/json; charset=utf-8
host: localhost:52101
accept: */*

Response DefaultHttpResponse(decodeResult: success, version: HTTP/1.1)
HTTP/1.1 200 OK
Content-Type: application/json; charset=utf-8
cache-control: no-cache
content-length: 18

15:14:32.583 [AsyncHttpClient-1-5] DEBUG org.asynchttpclient.netty.channel.ChannelManager - Adding key: http://localhost:52101 for channel [id: 0x29191541, L:/127.0.0.1:50899 - R:localhost/127.0.0.1:52101]
15:14:32.585 [Forwarding findElement on session 318d2b5e0bac94d7bdd0a2c19dd6b882 to remote] DEBUG org.asynchttpclient.netty.request.NettyRequestSender - Using pooled Channel '[id: 0x29191541, L:/127.0.0.1:50899 - R:localhost/127.0.0.1:52101]' for 'POST' to 'http://localhost:52101/session/318d2b5e0bac94d7bdd0a2c19dd6b882/element'
15:14:32.585 [Forwarding findElement on session 318d2b5e0bac94d7bdd0a2c19dd6b882 to remote] DEBUG org.asynchttpclient.netty.request.NettyRequestSender - Using open Channel [id: 0x29191541, L:/127.0.0.1:50899 - R:localhost/127.0.0.1:52101] for POST '/session/318d2b5e0bac94d7bdd0a2c19dd6b882/element'
15:14:32.592 [AsyncHttpClient-1-5] DEBUG org.asynchttpclient.netty.handler.HttpHandler - 

Request DefaultHttpRequest(decodeResult: success, version: HTTP/1.1)
POST /session/318d2b5e0bac94d7bdd0a2c19dd6b882/element HTTP/1.1
User-Agent: selenium/4.1.2 (java mac)
Content-Length: 129
Content-Type: application/json; charset=utf-8
host: localhost:52101
accept: */*

Response DefaultHttpResponse(decodeResult: success, version: HTTP/1.1)
HTTP/1.1 200 OK
Content-Type: application/json; charset=utf-8
cache-control: no-cache
content-length: 88

15:14:32.592 [AsyncHttpClient-1-5] DEBUG org.asynchttpclient.netty.channel.ChannelManager - Adding key: http://localhost:52101 for channel [id: 0x29191541, L:/127.0.0.1:50899 - R:localhost/127.0.0.1:52101]
15:14:32.596 [Forwarding isElementDisplayed on session 318d2b5e0bac94d7bdd0a2c19dd6b882 to remote] DEBUG org.asynchttpclient.netty.request.NettyRequestSender - Using pooled Channel '[id: 0x29191541, L:/127.0.0.1:50899 - R:localhost/127.0.0.1:52101]' for 'POST' to 'http://localhost:52101/session/318d2b5e0bac94d7bdd0a2c19dd6b882/execute/sync'
15:14:32.596 [Forwarding isElementDisplayed on session 318d2b5e0bac94d7bdd0a2c19dd6b882 to remote] DEBUG org.asynchttpclient.netty.request.NettyRequestSender - Using open Channel [id: 0x29191541, L:/127.0.0.1:50899 - R:localhost/127.0.0.1:52101] for POST '/session/318d2b5e0bac94d7bdd0a2c19dd6b882/execute/sync'
15:14:32.606 [AsyncHttpClient-1-5] DEBUG org.asynchttpclient.netty.handler.HttpHandler - 

Request DefaultHttpRequest(decodeResult: success, version: HTTP/1.1)
POST /session/318d2b5e0bac94d7bdd0a2c19dd6b882/execute/sync HTTP/1.1
User-Agent: selenium/4.1.2 (java mac)
Content-Length: 48780
Content-Type: application/json; charset=utf-8
host: localhost:52101
accept: */*

Response DefaultHttpResponse(decodeResult: success, version: HTTP/1.1)
HTTP/1.1 200 OK
Content-Type: application/json; charset=utf-8
cache-control: no-cache
content-length: 14

15:14:32.606 [AsyncHttpClient-1-5] DEBUG org.asynchttpclient.netty.channel.ChannelManager - Adding key: http://localhost:52101 for channel [id: 0x29191541, L:/127.0.0.1:50899 - R:localhost/127.0.0.1:52101]
15:14:32.610 [Forwarding isElementDisplayed on session 318d2b5e0bac94d7bdd0a2c19dd6b882 to remote] DEBUG org.asynchttpclient.netty.request.NettyRequestSender - Using pooled Channel '[id: 0x29191541, L:/127.0.0.1:50899 - R:localhost/127.0.0.1:52101]' for 'POST' to 'http://localhost:52101/session/318d2b5e0bac94d7bdd0a2c19dd6b882/execute/sync'
15:14:32.610 [Forwarding isElementDisplayed on session 318d2b5e0bac94d7bdd0a2c19dd6b882 to remote] DEBUG org.asynchttpclient.netty.request.NettyRequestSender - Using open Channel [id: 0x29191541, L:/127.0.0.1:50899 - R:localhost/127.0.0.1:52101] for POST '/session/318d2b5e0bac94d7bdd0a2c19dd6b882/execute/sync'
15:14:32.615 [AsyncHttpClient-1-5] DEBUG org.asynchttpclient.netty.handler.HttpHandler - 

Request DefaultHttpRequest(decodeResult: success, version: HTTP/1.1)
POST /session/318d2b5e0bac94d7bdd0a2c19dd6b882/execute/sync HTTP/1.1
User-Agent: selenium/4.1.2 (java mac)
Content-Length: 48780
Content-Type: application/json; charset=utf-8
host: localhost:52101
accept: */*

Response DefaultHttpResponse(decodeResult: success, version: HTTP/1.1)
HTTP/1.1 200 OK
Content-Type: application/json; charset=utf-8
cache-control: no-cache
content-length: 14

15:14:32.615 [AsyncHttpClient-1-5] DEBUG org.asynchttpclient.netty.channel.ChannelManager - Adding key: http://localhost:52101 for channel [id: 0x29191541, L:/127.0.0.1:50899 - R:localhost/127.0.0.1:52101]
15:14:32.617 [Forwarding isElementDisplayed on session 318d2b5e0bac94d7bdd0a2c19dd6b882 to remote] DEBUG org.asynchttpclient.netty.request.NettyRequestSender - Using pooled Channel '[id: 0x29191541, L:/127.0.0.1:50899 - R:localhost/127.0.0.1:52101]' for 'POST' to 'http://localhost:52101/session/318d2b5e0bac94d7bdd0a2c19dd6b882/execute/sync'
15:14:32.617 [Forwarding isElementDisplayed on session 318d2b5e0bac94d7bdd0a2c19dd6b882 to remote] DEBUG org.asynchttpclient.netty.request.NettyRequestSender - Using open Channel [id: 0x29191541, L:/127.0.0.1:50899 - R:localhost/127.0.0.1:52101] for POST '/session/318d2b5e0bac94d7bdd0a2c19dd6b882/execute/sync'
15:14:32.627 [AsyncHttpClient-1-5] DEBUG org.asynchttpclient.netty.handler.HttpHandler - 

Request DefaultHttpRequest(decodeResult: success, version: HTTP/1.1)
POST /session/318d2b5e0bac94d7bdd0a2c19dd6b882/execute/sync HTTP/1.1
User-Agent: selenium/4.1.2 (java mac)
Content-Length: 48780
Content-Type: application/json; charset=utf-8
host: localhost:52101
accept: */*

Response DefaultHttpResponse(decodeResult: success, version: HTTP/1.1)
HTTP/1.1 200 OK
Content-Type: application/json; charset=utf-8
cache-control: no-cache
content-length: 14

15:14:32.627 [AsyncHttpClient-1-5] DEBUG org.asynchttpclient.netty.channel.ChannelManager - Adding key: http://localhost:52101 for channel [id: 0x29191541, L:/127.0.0.1:50899 - R:localhost/127.0.0.1:52101]
15:14:32.636 [Forwarding getElementAttribute on session 318d2b5e0bac94d7bdd0a2c19dd6b882 to remote] DEBUG org.asynchttpclient.netty.request.NettyRequestSender - Using pooled Channel '[id: 0x29191541, L:/127.0.0.1:50899 - R:localhost/127.0.0.1:52101]' for 'POST' to 'http://localhost:52101/session/318d2b5e0bac94d7bdd0a2c19dd6b882/execute/sync'
15:14:32.637 [Forwarding getElementAttribute on session 318d2b5e0bac94d7bdd0a2c19dd6b882 to remote] DEBUG org.asynchttpclient.netty.request.NettyRequestSender - Using open Channel [id: 0x29191541, L:/127.0.0.1:50899 - R:localhost/127.0.0.1:52101] for POST '/session/318d2b5e0bac94d7bdd0a2c19dd6b882/execute/sync'
15:14:32.649 [AsyncHttpClient-1-5] DEBUG org.asynchttpclient.netty.handler.HttpHandler - 

Request DefaultHttpRequest(decodeResult: success, version: HTTP/1.1)
POST /session/318d2b5e0bac94d7bdd0a2c19dd6b882/execute/sync HTTP/1.1
User-Agent: selenium/4.1.2 (java mac)
Content-Length: 47340
Content-Type: application/json; charset=utf-8
host: localhost:52101
accept: */*

Response DefaultHttpResponse(decodeResult: success, version: HTTP/1.1)
HTTP/1.1 200 OK
Content-Type: application/json; charset=utf-8
cache-control: no-cache
content-length: 14

15:14:32.650 [AsyncHttpClient-1-5] DEBUG org.asynchttpclient.netty.channel.ChannelManager - Adding key: http://localhost:52101 for channel [id: 0x29191541, L:/127.0.0.1:50899 - R:localhost/127.0.0.1:52101]
15:14:32.653 [Forwarding getElementText on session 318d2b5e0bac94d7bdd0a2c19dd6b882 to remote] DEBUG org.asynchttpclient.netty.request.NettyRequestSender - Using pooled Channel '[id: 0x29191541, L:/127.0.0.1:50899 - R:localhost/127.0.0.1:52101]' for 'GET' to 'http://localhost:52101/session/318d2b5e0bac94d7bdd0a2c19dd6b882/element/56c3b3db-5119-4adc-b4e2-a21b5bb32e6a/text'
15:14:32.653 [Forwarding getElementText on session 318d2b5e0bac94d7bdd0a2c19dd6b882 to remote] DEBUG org.asynchttpclient.netty.request.NettyRequestSender - Using open Channel [id: 0x29191541, L:/127.0.0.1:50899 - R:localhost/127.0.0.1:52101] for GET '/session/318d2b5e0bac94d7bdd0a2c19dd6b882/element/56c3b3db-5119-4adc-b4e2-a21b5bb32e6a/text'
15:14:32.664 [AsyncHttpClient-1-5] DEBUG org.asynchttpclient.netty.handler.HttpHandler - 

Request DefaultFullHttpRequest(decodeResult: success, version: HTTP/1.1, content: EmptyByteBufBE)
GET /session/318d2b5e0bac94d7bdd0a2c19dd6b882/element/56c3b3db-5119-4adc-b4e2-a21b5bb32e6a/text HTTP/1.1
User-Agent: selenium/4.1.2 (java mac)
Cache-Control: no-cache
Content-Type: application/json; charset=utf-8
host: localhost:52101
accept: */*

Response DefaultHttpResponse(decodeResult: success, version: HTTP/1.1)
HTTP/1.1 200 OK
Content-Type: application/json; charset=utf-8
cache-control: no-cache
content-length: 15

15:14:32.664 [AsyncHttpClient-1-5] DEBUG org.asynchttpclient.netty.channel.ChannelManager - Adding key: http://localhost:52101 for channel [id: 0x29191541, L:/127.0.0.1:50899 - R:localhost/127.0.0.1:52101]
15:14:32.665 [Forwarding getElementText on session 318d2b5e0bac94d7bdd0a2c19dd6b882 to remote] DEBUG org.asynchttpclient.netty.request.NettyRequestSender - Using pooled Channel '[id: 0x29191541, L:/127.0.0.1:50899 - R:localhost/127.0.0.1:52101]' for 'GET' to 'http://localhost:52101/session/318d2b5e0bac94d7bdd0a2c19dd6b882/element/56c3b3db-5119-4adc-b4e2-a21b5bb32e6a/text'
15:14:32.665 [Forwarding getElementText on session 318d2b5e0bac94d7bdd0a2c19dd6b882 to remote] DEBUG org.asynchttpclient.netty.request.NettyRequestSender - Using open Channel [id: 0x29191541, L:/127.0.0.1:50899 - R:localhost/127.0.0.1:52101] for GET '/session/318d2b5e0bac94d7bdd0a2c19dd6b882/element/56c3b3db-5119-4adc-b4e2-a21b5bb32e6a/text'
15:14:32.670 [AsyncHttpClient-1-5] DEBUG org.asynchttpclient.netty.handler.HttpHandler - 

Request DefaultFullHttpRequest(decodeResult: success, version: HTTP/1.1, content: EmptyByteBufBE)
GET /session/318d2b5e0bac94d7bdd0a2c19dd6b882/element/56c3b3db-5119-4adc-b4e2-a21b5bb32e6a/text HTTP/1.1
User-Agent: selenium/4.1.2 (java mac)
Cache-Control: no-cache
Content-Type: application/json; charset=utf-8
host: localhost:52101
accept: */*

Response DefaultHttpResponse(decodeResult: success, version: HTTP/1.1)
HTTP/1.1 200 OK
Content-Type: application/json; charset=utf-8
cache-control: no-cache
content-length: 15

15:14:32.670 [AsyncHttpClient-1-5] DEBUG org.asynchttpclient.netty.channel.ChannelManager - Adding key: http://localhost:52101 for channel [id: 0x29191541, L:/127.0.0.1:50899 - R:localhost/127.0.0.1:52101]
15:14:32.674 [Forwarding screenshot on session 318d2b5e0bac94d7bdd0a2c19dd6b882 to remote] DEBUG org.asynchttpclient.netty.request.NettyRequestSender - Using pooled Channel '[id: 0x29191541, L:/127.0.0.1:50899 - R:localhost/127.0.0.1:52101]' for 'GET' to 'http://localhost:52101/session/318d2b5e0bac94d7bdd0a2c19dd6b882/screenshot'
15:14:32.674 [Forwarding screenshot on session 318d2b5e0bac94d7bdd0a2c19dd6b882 to remote] DEBUG org.asynchttpclient.netty.request.NettyRequestSender - Using open Channel [id: 0x29191541, L:/127.0.0.1:50899 - R:localhost/127.0.0.1:52101] for GET '/session/318d2b5e0bac94d7bdd0a2c19dd6b882/screenshot'
15:14:32.747 [AsyncHttpClient-1-1] DEBUG org.asynchttpclient.netty.channel.DefaultChannelPool - Entry count for : http://localhost:50904 : 1
15:14:32.826 [AsyncHttpClient-1-5] DEBUG org.asynchttpclient.netty.handler.HttpHandler - 

Request DefaultFullHttpRequest(decodeResult: success, version: HTTP/1.1, content: EmptyByteBufBE)
GET /session/318d2b5e0bac94d7bdd0a2c19dd6b882/screenshot HTTP/1.1
User-Agent: selenium/4.1.2 (java mac)
Cache-Control: no-cache
Content-Type: application/json; charset=utf-8
host: localhost:52101
accept: */*

Response DefaultHttpResponse(decodeResult: success, version: HTTP/1.1)
HTTP/1.1 200 OK
Content-Type: application/json; charset=utf-8
cache-control: no-cache
content-length: 64376

15:14:32.828 [AsyncHttpClient-1-5] DEBUG org.asynchttpclient.netty.channel.ChannelManager - Adding key: http://localhost:52101 for channel [id: 0x29191541, L:/127.0.0.1:50899 - R:localhost/127.0.0.1:52101]
15:14:32.832 [main] DEBUG net.serenitybdd.core.photography.Darkroom - Send negative for processing for target/site/serenity/0b1d3b86f1fc5f556bf1bd5a701e323bf326c0c61e7d2b68d15eb175cc059cde.png
15:14:32.832 [Darkroom Processing Line] DEBUG net.serenitybdd.core.photography.DarkroomProcessingLine - Processing screenshot image in /var/screenshots/screenshot-18092158824912909554
15:14:32.832 [Darkroom Processing Line] DEBUG net.serenitybdd.core.photography.DarkroomProcessingLine - Saving screenshot to target/site/serenity/0b1d3b86f1fc5f556bf1bd5a701e323bf326c0c61e7d2b68d15eb175cc059cde.png
15:14:32.832 [main] DEBUG net.thucydides.core.steps.StepInterceptor - STEP DONE: scoreOnPage
  &amp#27;[32mThen &amp#27;[0m&amp#27;[32mverify that score in leaderboard is correct&amp#27;[0m                                           &amp#27;[90m# starter.stepdefinitions.Challenges.verify_that_score_in_leaderboard_is_correct()&amp#27;[0m
15:14:32.837 [main] INFO  - 
  _____   ___   ___   _____     ___     _     ___   ___   ___   ___  
 |_   _| | __| / __| |_   _|   | _ \   /_\   / __| / __| | __| |   \ 
   | |   | _|  \__ \   | |     |  _/  / _ \  \__ \ \__ \ | _|  | |) |
   |_|   |___| |___/   |_|     |_|   /_/ \_\ |___/ |___/ |___| |___/ 

Login into application to complete some challenges and verify score in leaderboard
----------------------------------------------------------------------
15:14:32.841 [Driver Command Executor] DEBUG org.asynchttpclient.netty.request.NettyRequestSender - Using pooled Channel '[id: 0x29191541, L:/127.0.0.1:50899 - R:localhost/127.0.0.1:52101]' for 'DELETE' to 'http://localhost:52101/session/318d2b5e0bac94d7bdd0a2c19dd6b882'
15:14:32.841 [Driver Command Executor] DEBUG org.asynchttpclient.netty.request.NettyRequestSender - Using open Channel [id: 0x29191541, L:/127.0.0.1:50899 - R:localhost/127.0.0.1:52101] for DELETE '/session/318d2b5e0bac94d7bdd0a2c19dd6b882'
15:14:32.845 [AsyncHttpClient-1-7] DEBUG org.asynchttpclient.netty.handler.WebSocketHandler - Channel Closed: [id: 0x0fb80e7b, L:/127.0.0.1:50918 ! R:localhost/127.0.0.1:50904] with attribute NettyResponseFuture{currentRetry=5,
	isDone=1,
	isCancelled=0,
	asyncHandler=org.asynchttpclient.ws.WebSocketUpgradeHandler@453bed94,
	nettyRequest=org.asynchttpclient.netty.request.NettyRequest@397b57,
	future=java.util.concurrent.CompletableFuture@539e3912[Completed normally],
	uri=ws://localhost:50904/devtools/browser/36f104e8-8acb-43c4-b5cd-6a1657901598,
	keepAlive=true,
	redirectCount=0,
	timeoutsHolder=null,
	inAuth=0,
	touch=1653110051052}
15:14:32.860 [AsyncHttpClient-1-7] DEBUG org.asynchttpclient.netty.channel.ChannelManager - Closing Channel [id: 0x0fb80e7b, L:/127.0.0.1:50918 ! R:localhost/127.0.0.1:50904] 
15:14:32.864 [AsyncHttpClient-1-6] DEBUG org.asynchttpclient.netty.handler.HttpHandler - Channel Closed: [id: 0x25e7881c, L:/127.0.0.1:50917 ! R:localhost/127.0.0.1:50904] with attribute DISCARD
15:14:32.899 [AsyncHttpClient-1-5] DEBUG org.asynchttpclient.netty.handler.HttpHandler - 

Request DefaultFullHttpRequest(decodeResult: success, version: HTTP/1.1, content: EmptyByteBufBE)
DELETE /session/318d2b5e0bac94d7bdd0a2c19dd6b882 HTTP/1.1
User-Agent: selenium/4.1.2 (java mac)
Content-Type: application/json; charset=utf-8
host: localhost:52101
accept: */*

Response DefaultHttpResponse(decodeResult: success, version: HTTP/1.1)
HTTP/1.1 200 OK
Content-Type: application/json; charset=utf-8
cache-control: no-cache
content-length: 14

15:14:32.899 [AsyncHttpClient-1-5] DEBUG org.asynchttpclient.netty.channel.ChannelManager - Adding key: http://localhost:52101 for channel [id: 0x29191541, L:/127.0.0.1:50899 - R:localhost/127.0.0.1:52101]
15:14:32.936 [AsyncHttpClient-1-5] DEBUG org.asynchttpclient.netty.handler.HttpHandler - Channel Closed: [id: 0x29191541, L:/127.0.0.1:50899 ! R:localhost/127.0.0.1:52101] with attribute DISCARD
15:14:33.848 [AsyncHttpClient-1-1] DEBUG org.asynchttpclient.netty.channel.DefaultChannelPool - Entry count for : http://localhost:50904 : 1
15:14:33.848 [AsyncHttpClient-1-1] DEBUG org.asynchttpclient.netty.channel.DefaultChannelPool - Entry count for : http://localhost:52101 : 1
15:14:33.848 [AsyncHttpClient-1-1] DEBUG org.asynchttpclient.netty.channel.DefaultChannelPool - Adding Candidate expired Channel [id: 0x25e7881c, L:/127.0.0.1:50917 ! R:localhost/127.0.0.1:50904] isIdleTimeoutExpired=false isRemotelyClosed=true isTtlExpired=false
15:14:33.848 [AsyncHttpClient-1-1] DEBUG org.asynchttpclient.netty.channel.DefaultChannelPool - Closing Idle Channel [id: 0x25e7881c, L:/127.0.0.1:50917 ! R:localhost/127.0.0.1:50904]
15:14:33.848 [AsyncHttpClient-1-1] DEBUG org.asynchttpclient.netty.channel.DefaultChannelPool - Adding Candidate expired Channel [id: 0x29191541, L:/127.0.0.1:50899 ! R:localhost/127.0.0.1:52101] isIdleTimeoutExpired=false isRemotelyClosed=true isTtlExpired=false
15:14:33.848 [AsyncHttpClient-1-1] DEBUG org.asynchttpclient.netty.channel.DefaultChannelPool - Closing Idle Channel [id: 0x29191541, L:/127.0.0.1:50899 ! R:localhost/127.0.0.1:52101]
15:14:33.848 [AsyncHttpClient-1-1] DEBUG org.asynchttpclient.netty.channel.DefaultChannelPool - Closed 2 connections out of 2 in 0 ms
]]></system-out>
    <system-err><![CDATA[Starting ChromeDriver 101.0.4951.41 (93c720db8323b3ec10d056025ab95c23a31997c9-refs/branch-heads/4951@{#904}) on port 52101
Only local connections are allowed.
Please see https://chromedriver.chromium.org/security-considerations for suggestions on keeping ChromeDriver safe.
ChromeDriver was started successfully.
May 21, 2022 3:14:10 PM org.openqa.selenium.remote.ProtocolHandshake createSession
INFO: Detected dialect: W3C
May 21, 2022 3:14:11 PM org.openqa.selenium.devtools.CdpVersionFinder findNearestMatch
WARNING: Unable to find an exact match for CDP version 101, so returning the closest version found: 97
May 21, 2022 3:14:11 PM org.openqa.selenium.devtools.CdpVersionFinder findNearestMatch
INFO: Found CDP implementation for version 101 of 97
]]></system-err>
  </testcase>
</testsuite>